<testsuites>
	<testsuite name="GCSpaceTest" tests="2">
		<testcase classname="GCSpaceTest" name="Bee::GCSpaceTest::testAllocate">
			<failure message="..\Tests\GCSpaceTest.cpp:18 testAllocate: init wrong">
testAllocate: init wrong
			</failure>
		</testcase>
		<testcase classname="GCSpaceTest" name="Bee::GCSpaceTest::testAllocate">
			<failure message="..\Tests\GCSpaceTest.cpp:18 testAllocate: init wrong">
testAllocate: init wrong
			</failure>
		</testcase>
	</testsuite>
</testsuites>
