13:48:34 **** Incremental Build of configuration Debug for project beevmTests ****
Info: Internal Builder is used for build
g++ "-ID:\\CPPEnv\\Workspace\\beevmTests\\cute" "-ID:\\CPPEnv\\Workspace\\beevmTests\\boost" -O0 -g3 -Wall -c -fmessage-length=0 -o "Tests\\VMMemoryTest.o" "..\\Tests\\VMMemoryTest.cpp" 
..\Tests\VMMemoryTest.cpp:16:1: warning: multi-line comment [-Wcomment]
 // .data:10026058         ObjectFlag_reserved1 or ObjectFlag_zeroTermOrNamed or ObjectFlag_notIndexed,\
 ^
In file included from D:\CPPEnv\Workspace\beevmTests\boost/boost/bind/bind.hpp:29:0,
                 from D:\CPPEnv\Workspace\beevmTests\boost/boost/bind.hpp:22,
                 from D:\CPPEnv\Workspace\beevmTests\cute/cute_determine_library.h:37,
                 from D:\CPPEnv\Workspace\beevmTests\cute/cute_test.h:23,
                 from D:\CPPEnv\Workspace\beevmTests\cute/cute_suite.h:22,
                 from D:\CPPEnv\Workspace\beevmTests\cute/cute.h:29,
                 from ..\Tests\VMMemoryTest.cpp:2:
D:\CPPEnv\Workspace\beevmTests\boost/boost/bind/arg.hpp: In constructor 'boost::arg<I>::arg(const T&)':
D:\CPPEnv\Workspace\beevmTests\boost/boost/bind/arg.hpp:37:22: warning: typedef 'T_must_be_placeholder' locally defined but not used [-Wunused-local-typedefs]
         typedef char T_must_be_placeholder[ I == is_placeholder<T>::value? 1: -1 ];
                      ^
g++ -static-libgcc -static-libstdc++ -o beevmTests.exe "DataStructures\\GCSpace.o" "DataStructures\\GCSpaceInfo.o" "DataStructures\\ReferencedVMArray.o" "DataStructures\\VMArray.o" "DataStructures\\VMMemory.o" "Tests\\GCSpaceTest.o" "Tests\\GCSpaceTestInfo.o" "Tests\\VMArrayTest.o" "Tests\\VMMemoryTest.o" "src\\Test.o" 
Info: Nothing to build for beevmTests
13:52:24 **** Incremental Build of configuration Debug for project beevmTests ****
Info: Internal Builder is used for build
g++ "-ID:\\CPPEnv\\Workspace\\beevmTests\\cute" "-ID:\\CPPEnv\\Workspace\\beevmTests\\boost" -O0 -g3 -Wall -c -fmessage-length=0 -o "Tests\\VMMemoryTest.o" "..\\Tests\\VMMemoryTest.cpp" 
..\Tests\VMMemoryTest.cpp:16:1: warning: multi-line comment [-Wcomment]
 // .data:10026058         ObjectFlag_reserved1 or ObjectFlag_zeroTermOrNamed or ObjectFlag_notIndexed,\
 ^
In file included from D:\CPPEnv\Workspace\beevmTests\boost/boost/bind/bind.hpp:29:0,
                 from D:\CPPEnv\Workspace\beevmTests\boost/boost/bind.hpp:22,
                 from D:\CPPEnv\Workspace\beevmTests\cute/cute_determine_library.h:37,
                 from D:\CPPEnv\Workspace\beevmTests\cute/cute_test.h:23,
                 from D:\CPPEnv\Workspace\beevmTests\cute/cute_suite.h:22,
                 from D:\CPPEnv\Workspace\beevmTests\cute/cute.h:29,
                 from ..\Tests\VMMemoryTest.cpp:2:
D:\CPPEnv\Workspace\beevmTests\boost/boost/bind/arg.hpp: In constructor 'boost::arg<I>::arg(const T&)':
D:\CPPEnv\Workspace\beevmTests\boost/boost/bind/arg.hpp:37:22: warning: typedef 'T_must_be_placeholder' locally defined but not used [-Wunused-local-typedefs]
         typedef char T_must_be_placeholder[ I == is_placeholder<T>::value? 1: -1 ];
                      ^
g++ -static-libgcc -static-libstdc++ -o beevmTests.exe "DataStructures\\GCSpace.o" "DataStructures\\GCSpaceInfo.o" "DataStructures\\ReferencedVMArray.o" "DataStructures\\VMArray.o" "DataStructures\\VMMemory.o" "Tests\\GCSpaceTest.o" "Tests\\GCSpaceTestInfo.o" "Tests\\VMArrayTest.o" "Tests\\VMMemoryTest.o" "src\\Test.o" 
Info: Nothing to build for beevmTests
13:52:46 **** Incremental Build of configuration Debug for project beevmTests ****
Info: Internal Builder is used for build
g++ "-ID:\\CPPEnv\\Workspace\\beevmTests\\cute" "-ID:\\CPPEnv\\Workspace\\beevmTests\\boost" -O0 -g3 -Wall -c -fmessage-length=0 -o "Tests\\VMMemoryTest.o" "..\\Tests\\VMMemoryTest.cpp" 
..\Tests\VMMemoryTest.cpp:16:1: warning: multi-line comment [-Wcomment]
 // .data:10026058         ObjectFlag_reserved1 or ObjectFlag_zeroTermOrNamed or ObjectFlag_notIndexed,\
 ^
In file included from D:\CPPEnv\Workspace\beevmTests\boost/boost/bind/bind.hpp:29:0,
                 from D:\CPPEnv\Workspace\beevmTests\boost/boost/bind.hpp:22,
                 from D:\CPPEnv\Workspace\beevmTests\cute/cute_determine_library.h:37,
                 from D:\CPPEnv\Workspace\beevmTests\cute/cute_test.h:23,
                 from D:\CPPEnv\Workspace\beevmTests\cute/cute_suite.h:22,
                 from D:\CPPEnv\Workspace\beevmTests\cute/cute.h:29,
                 from ..\Tests\VMMemoryTest.cpp:2:
D:\CPPEnv\Workspace\beevmTests\boost/boost/bind/arg.hpp: In constructor 'boost::arg<I>::arg(const T&)':
D:\CPPEnv\Workspace\beevmTests\boost/boost/bind/arg.hpp:37:22: warning: typedef 'T_must_be_placeholder' locally defined but not used [-Wunused-local-typedefs]
         typedef char T_must_be_placeholder[ I == is_placeholder<T>::value? 1: -1 ];
                      ^
g++ -static-libgcc -static-libstdc++ -o beevmTests.exe "DataStructures\\GCSpace.o" "DataStructures\\GCSpaceInfo.o" "DataStructures\\ReferencedVMArray.o" "DataStructures\\VMArray.o" "DataStructures\\VMMemory.o" "Tests\\GCSpaceTest.o" "Tests\\GCSpaceTestInfo.o" "Tests\\VMArrayTest.o" "Tests\\VMMemoryTest.o" "src\\Test.o" 
Info: Nothing to build for beevmTests
14:12:53 **** Incremental Build of configuration Debug for project beevmTests ****
Info: Internal Builder is used for build
g++ "-ID:\\CPPEnv\\Workspace\\beevmTests\\cute" "-ID:\\CPPEnv\\Workspace\\beevmTests\\boost" -O0 -g3 -Wall -c -fmessage-length=0 -o "DataStructures\\GCSpace.o" "..\\DataStructures\\GCSpace.cpp" 
In file included from ..\DataStructures\GCSpace.h:10:0,
                 from ..\DataStructures\GCSpace.cpp:9:
..\DataStructures\GCSpaceInfo.h:25:28: warning: non-static data member initializers only available with -std=c++11 or -std=gnu++11 [enabled by default]
  const ulong sizeInBytes = 24;
                            ^
..\DataStructures\GCSpace.cpp: In member function 'ulong* Bee::GCSpace::shallowCopyGrowingTo(ulong*, ulong)':
..\DataStructures\GCSpace.cpp:135:43: warning: comparison between signed and unsigned integer expressions [-Wsign-compare]
  for (int index = -1; index <= _size(array); index++) {
                                           ^
..\DataStructures\GCSpace.cpp:143:48: warning: comparison between signed and unsigned integer expressions [-Wsign-compare]
  for (int index = (_size(array) + 1); index <= newSize; index++) {
                                                ^
g++ "-ID:\\CPPEnv\\Workspace\\beevmTests\\cute" "-ID:\\CPPEnv\\Workspace\\beevmTests\\boost" -O0 -g3 -Wall -c -fmessage-length=0 -o "DataStructures\\VMMemory.o" "..\\DataStructures\\VMMemory.cpp" 
..\DataStructures\VMMemory.cpp:34:2: warning: multi-line comment [-Wcomment]
  // .data:10026058         ObjectFlag_reserved1 or ObjectFlag_zeroTermOrNamed or ObjectFlag_notIndexed,\
  ^
..\DataStructures\VMMemory.cpp: In function 'long unsigned int memoryAt(long unsigned int)':
..\DataStructures\VMMemory.cpp:23:1: warning: no return statement in function returning non-void [-Wreturn-type]
 }
 ^
..\DataStructures\VMMemory.cpp: In function 'ulong _basicSetSize(ulong*, ulong)':
..\DataStructures\VMMemory.cpp:135:1: warning: no return statement in function returning non-void [-Wreturn-type]
 }
 ^
..\DataStructures\VMMemory.cpp: In function 'bool _isProxy(ulong*)':
..\DataStructures\VMMemory.cpp:138:1: warning: no return statement in function returning non-void [-Wreturn-type]
 }
 ^
..\DataStructures\VMMemory.cpp: In function 'ulong* _proxee(ulong*)':
..\DataStructures\VMMemory.cpp:140:1: warning: no return statement in function returning non-void [-Wreturn-type]
 }
 ^
..\DataStructures\VMMemory.cpp: In function 'ulong _size(ulong*)':
..\DataStructures\VMMemory.cpp:142:1: warning: no return statement in function returning non-void [-Wreturn-type]
 }
 ^
..\DataStructures\VMMemory.cpp: In function 'ulong* _asObject(ulong*)':
..\DataStructures\VMMemory.cpp:146:1: warning: no return statement in function returning non-void [-Wreturn-type]
 }
 ^
..\DataStructures\VMMemory.cpp: In function 'ulong* _asPointer(ulong)':
..\DataStructures\VMMemory.cpp:148:1: warning: no return statement in function returning non-void [-Wreturn-type]
 }
 ^
..\DataStructures\VMMemory.cpp: In function 'ulong _basicSize(ulong*, ulong)':
..\DataStructures\VMMemory.cpp:150:1: warning: no return statement in function returning non-void [-Wreturn-type]
 }
 ^
..\DataStructures\VMMemory.cpp: In function 'ulong _beExtended(ulong*)':
..\DataStructures\VMMemory.cpp:152:1: warning: no return statement in function returning non-void [-Wreturn-type]
 }
 ^
..\DataStructures\VMMemory.cpp: In function 'ulong _decommit(ulong, ulong)':
..\DataStructures\VMMemory.cpp:155:1: warning: no return statement in function returning non-void [-Wreturn-type]
 }
 ^
..\DataStructures\VMMemory.cpp: In function 'ulong _extendedSize(ulong*, ulong)':
..\DataStructures\VMMemory.cpp:157:1: warning: no return statement in function returning non-void [-Wreturn-type]
 }
 ^
..\DataStructures\VMMemory.cpp: In function 'ulong _sizeInBytes(ulong*)':
..\DataStructures\VMMemory.cpp:159:1: warning: no return statement in function returning non-void [-Wreturn-type]
 }
 ^
..\DataStructures\VMMemory.cpp: In function 'ulong _headerSizeInBytes(ulong*)':
..\DataStructures\VMMemory.cpp:161:1: warning: no return statement in function returning non-void [-Wreturn-type]
 }
 ^
..\DataStructures\VMMemory.cpp: In function 'ulong _framePointer()':
..\DataStructures\VMMemory.cpp:163:1: warning: no return statement in function returning non-void [-Wreturn-type]
 }
 ^
..\DataStructures\VMMemory.cpp: In function 'bool isArray(ulong*)':
..\DataStructures\VMMemory.cpp:165:1: warning: no return statement in function returning non-void [-Wreturn-type]
 }
 ^
..\DataStructures\VMMemory.cpp: In function 'ulong size(ulong*)':
..\DataStructures\VMMemory.cpp:167:1: warning: no return statement in function returning non-void [-Wreturn-type]
 }
 ^
..\DataStructures\VMMemory.cpp: In function 'ulong asOop(ulong*)':
..\DataStructures\VMMemory.cpp:170:1: warning: no return statement in function returning non-void [-Wreturn-type]
 }
 ^
..\DataStructures\VMMemory.cpp: In function 'ulong oop(ulong*)':
..\DataStructures\VMMemory.cpp:173:1: warning: no return statement in function returning non-void [-Wreturn-type]
 }
 ^
g++ "-ID:\\CPPEnv\\Workspace\\beevmTests\\cute" "-ID:\\CPPEnv\\Workspace\\beevmTests\\boost" -O0 -g3 -Wall -c -fmessage-length=0 -o "Tests\\GCSpaceTest.o" "..\\Tests\\GCSpaceTest.cpp" 
In file included from ..\Tests\../DataStructures/GCSpace.h:10:0,
                 from ..\Tests\GCSpaceTest.cpp:1:
..\Tests\../DataStructures/GCSpaceInfo.h:25:28: warning: non-static data member initializers only available with -std=c++11 or -std=gnu++11 [enabled by default]
  const ulong sizeInBytes = 24;
                            ^
In file included from D:\CPPEnv\Workspace\beevmTests\boost/boost/bind/bind.hpp:29:0,
                 from D:\CPPEnv\Workspace\beevmTests\boost/boost/bind.hpp:22,
                 from D:\CPPEnv\Workspace\beevmTests\cute/cute_determine_library.h:37,
                 from D:\CPPEnv\Workspace\beevmTests\cute/cute_test.h:23,
                 from D:\CPPEnv\Workspace\beevmTests\cute/cute_suite.h:22,
                 from D:\CPPEnv\Workspace\beevmTests\cute/cute.h:29,
                 from ..\Tests\GCSpaceTest.cpp:2:
D:\CPPEnv\Workspace\beevmTests\boost/boost/bind/arg.hpp: In constructor 'boost::arg<I>::arg(const T&)':
D:\CPPEnv\Workspace\beevmTests\boost/boost/bind/arg.hpp:37:22: warning: typedef 'T_must_be_placeholder' locally defined but not used [-Wunused-local-typedefs]
         typedef char T_must_be_placeholder[ I == is_placeholder<T>::value? 1: -1 ];
                      ^
..\Tests\GCSpaceTest.cpp: In function 'ulong* mockArray()':
..\Tests\GCSpaceTest.cpp:91:21: warning: no return statement in function returning non-void [-Wreturn-type]
 ulong * mockArray(){}
                     ^
g++ "-ID:\\CPPEnv\\Workspace\\beevmTests\\cute" "-ID:\\CPPEnv\\Workspace\\beevmTests\\boost" -O0 -g3 -Wall -c -fmessage-length=0 -o "Tests\\VMMemoryTest.o" "..\\Tests\\VMMemoryTest.cpp" 
..\Tests\VMMemoryTest.cpp:16:1: warning: multi-line comment [-Wcomment]
 // .data:10026058         ObjectFlag_reserved1 or ObjectFlag_zeroTermOrNamed or ObjectFlag_notIndexed,\
 ^
In file included from D:\CPPEnv\Workspace\beevmTests\boost/boost/bind/bind.hpp:29:0,
                 from D:\CPPEnv\Workspace\beevmTests\boost/boost/bind.hpp:22,
                 from D:\CPPEnv\Workspace\beevmTests\cute/cute_determine_library.h:37,
                 from D:\CPPEnv\Workspace\beevmTests\cute/cute_test.h:23,
                 from D:\CPPEnv\Workspace\beevmTests\cute/cute_suite.h:22,
                 from D:\CPPEnv\Workspace\beevmTests\cute/cute.h:29,
                 from ..\Tests\VMMemoryTest.cpp:2:
D:\CPPEnv\Workspace\beevmTests\boost/boost/bind/arg.hpp: In constructor 'boost::arg<I>::arg(const T&)':
D:\CPPEnv\Workspace\beevmTests\boost/boost/bind/arg.hpp:37:22: warning: typedef 'T_must_be_placeholder' locally defined but not used [-Wunused-local-typedefs]
         typedef char T_must_be_placeholder[ I == is_placeholder<T>::value? 1: -1 ];
                      ^
g++ -static-libgcc -static-libstdc++ -o beevmTests.exe "DataStructures\\GCSpace.o" "DataStructures\\GCSpaceInfo.o" "DataStructures\\ReferencedVMArray.o" "DataStructures\\VMArray.o" "DataStructures\\VMMemory.o" "Tests\\GCSpaceTest.o" "Tests\\GCSpaceTestInfo.o" "Tests\\VMArrayTest.o" "Tests\\VMMemoryTest.o" "src\\Test.o" 
Info: Nothing to build for beevmTests
14:15:30 **** Incremental Build of configuration Debug for project beevmTests ****
Info: Internal Builder is used for build
g++ "-ID:\\CPPEnv\\Workspace\\beevmTests\\cute" "-ID:\\CPPEnv\\Workspace\\beevmTests\\boost" -O0 -g3 -Wall -c -fmessage-length=0 -o "DataStructures\\VMMemory.o" "..\\DataStructures\\VMMemory.cpp" 
..\DataStructures\VMMemory.cpp:34:2: warning: multi-line comment [-Wcomment]
  // .data:10026058         ObjectFlag_reserved1 or ObjectFlag_zeroTermOrNamed or ObjectFlag_notIndexed,\
  ^
..\DataStructures\VMMemory.cpp: In function 'long unsigned int memoryAt(long unsigned int)':
..\DataStructures\VMMemory.cpp:23:1: warning: no return statement in function returning non-void [-Wreturn-type]
 }
 ^
..\DataStructures\VMMemory.cpp: In function 'ulong _basicSetSize(ulong*, ulong)':
..\DataStructures\VMMemory.cpp:135:1: warning: no return statement in function returning non-void [-Wreturn-type]
 }
 ^
..\DataStructures\VMMemory.cpp: In function 'bool _isProxy(ulong*)':
..\DataStructures\VMMemory.cpp:138:1: warning: no return statement in function returning non-void [-Wreturn-type]
 }
 ^
..\DataStructures\VMMemory.cpp: In function 'ulong* _proxee(ulong*)':
..\DataStructures\VMMemory.cpp:140:1: warning: no return statement in function returning non-void [-Wreturn-type]
 }
 ^
..\DataStructures\VMMemory.cpp: In function 'ulong _size(ulong*)':
..\DataStructures\VMMemory.cpp:142:1: warning: no return statement in function returning non-void [-Wreturn-type]
 }
 ^
..\DataStructures\VMMemory.cpp: In function 'ulong* _asObject(ulong*)':
..\DataStructures\VMMemory.cpp:146:1: warning: no return statement in function returning non-void [-Wreturn-type]
 }
 ^
..\DataStructures\VMMemory.cpp: In function 'ulong* _asPointer(ulong)':
..\DataStructures\VMMemory.cpp:148:1: warning: no return statement in function returning non-void [-Wreturn-type]
 }
 ^
..\DataStructures\VMMemory.cpp: In function 'ulong _basicSize(ulong*, ulong)':
..\DataStructures\VMMemory.cpp:150:1: warning: no return statement in function returning non-void [-Wreturn-type]
 }
 ^
..\DataStructures\VMMemory.cpp: In function 'ulong _beExtended(ulong*)':
..\DataStructures\VMMemory.cpp:152:1: warning: no return statement in function returning non-void [-Wreturn-type]
 }
 ^
..\DataStructures\VMMemory.cpp: In function 'ulong _decommit(ulong, ulong)':
..\DataStructures\VMMemory.cpp:155:1: warning: no return statement in function returning non-void [-Wreturn-type]
 }
 ^
..\DataStructures\VMMemory.cpp: In function 'ulong _extendedSize(ulong*, ulong)':
..\DataStructures\VMMemory.cpp:157:1: warning: no return statement in function returning non-void [-Wreturn-type]
 }
 ^
..\DataStructures\VMMemory.cpp: In function 'ulong _sizeInBytes(ulong*)':
..\DataStructures\VMMemory.cpp:159:1: warning: no return statement in function returning non-void [-Wreturn-type]
 }
 ^
..\DataStructures\VMMemory.cpp: In function 'ulong _headerSizeInBytes(ulong*)':
..\DataStructures\VMMemory.cpp:161:1: warning: no return statement in function returning non-void [-Wreturn-type]
 }
 ^
..\DataStructures\VMMemory.cpp: In function 'ulong _framePointer()':
..\DataStructures\VMMemory.cpp:163:1: warning: no return statement in function returning non-void [-Wreturn-type]
 }
 ^
..\DataStructures\VMMemory.cpp: In function 'bool isArray(ulong*)':
..\DataStructures\VMMemory.cpp:165:1: warning: no return statement in function returning non-void [-Wreturn-type]
 }
 ^
..\DataStructures\VMMemory.cpp: In function 'ulong size(ulong*)':
..\DataStructures\VMMemory.cpp:167:1: warning: no return statement in function returning non-void [-Wreturn-type]
 }
 ^
..\DataStructures\VMMemory.cpp: In function 'ulong asOop(ulong*)':
..\DataStructures\VMMemory.cpp:170:1: warning: no return statement in function returning non-void [-Wreturn-type]
 }
 ^
..\DataStructures\VMMemory.cpp: In function 'ulong oop(ulong*)':
..\DataStructures\VMMemory.cpp:173:1: warning: no return statement in function returning non-void [-Wreturn-type]
 }
 ^
g++ -static-libgcc -static-libstdc++ -o beevmTests.exe "DataStructures\\GCSpace.o" "DataStructures\\GCSpaceInfo.o" "DataStructures\\ReferencedVMArray.o" "DataStructures\\VMArray.o" "DataStructures\\VMMemory.o" "Tests\\GCSpaceTest.o" "Tests\\GCSpaceTestInfo.o" "Tests\\VMArrayTest.o" "Tests\\VMMemoryTest.o" "src\\Test.o" 
14:16:30 **** Incremental Build of configuration Debug for project beevmTests ****
Info: Internal Builder is used for build
g++ "-ID:\\CPPEnv\\Workspace\\beevmTests\\cute" "-ID:\\CPPEnv\\Workspace\\beevmTests\\boost" -O0 -g3 -Wall -c -fmessage-length=0 -o "Tests\\VMMemoryTest.o" "..\\Tests\\VMMemoryTest.cpp" 
..\Tests\VMMemoryTest.cpp:16:1: warning: multi-line comment [-Wcomment]
 // .data:10026058         ObjectFlag_reserved1 or ObjectFlag_zeroTermOrNamed or ObjectFlag_notIndexed,\
 ^
..\Tests\VMMemoryTest.cpp:94:0: error: unterminated argument list invoking macro "ASSERTM"
..\Tests\VMMemoryTest.cpp: In function 'void headerOf()':
..\Tests\VMMemoryTest.cpp:52:2: error: 'ASSERTM' was not declared in this scope
  ASSERTM("Array 2 : Flags", (h->flags == (unsigned char) 1);
  ^
..\Tests\VMMemoryTest.cpp:52:2: error: expected ';' at end of input
..\Tests\VMMemoryTest.cpp:52:2: error: expected '}' at end of input
14:16:52 **** Incremental Build of configuration Debug for project beevmTests ****
Info: Internal Builder is used for build
g++ "-ID:\\CPPEnv\\Workspace\\beevmTests\\cute" "-ID:\\CPPEnv\\Workspace\\beevmTests\\boost" -O0 -g3 -Wall -c -fmessage-length=0 -o "Tests\\VMMemoryTest.o" "..\\Tests\\VMMemoryTest.cpp" 
..\Tests\VMMemoryTest.cpp:16:1: warning: multi-line comment [-Wcomment]
 // .data:10026058         ObjectFlag_reserved1 or ObjectFlag_zeroTermOrNamed or ObjectFlag_notIndexed,\
 ^
..\Tests\VMMemoryTest.cpp:94:0: error: unterminated argument list invoking macro "ASSERTM"
..\Tests\VMMemoryTest.cpp: In function 'void headerOf()':
..\Tests\VMMemoryTest.cpp:52:2: error: 'ASSERTM' was not declared in this scope
  ASSERTM("Array 2 : Flags", (h->flags == 1);
  ^
..\Tests\VMMemoryTest.cpp:52:2: error: expected ';' at end of input
..\Tests\VMMemoryTest.cpp:52:2: error: expected '}' at end of input
14:17:04 **** Incremental Build of configuration Debug for project beevmTests ****
Info: Internal Builder is used for build
g++ "-ID:\\CPPEnv\\Workspace\\beevmTests\\cute" "-ID:\\CPPEnv\\Workspace\\beevmTests\\boost" -O0 -g3 -Wall -c -fmessage-length=0 -o "Tests\\VMMemoryTest.o" "..\\Tests\\VMMemoryTest.cpp" 
..\Tests\VMMemoryTest.cpp:16:1: warning: multi-line comment [-Wcomment]
 // .data:10026058         ObjectFlag_reserved1 or ObjectFlag_zeroTermOrNamed or ObjectFlag_notIndexed,\
 ^
In file included from D:\CPPEnv\Workspace\beevmTests\boost/boost/bind/bind.hpp:29:0,
                 from D:\CPPEnv\Workspace\beevmTests\boost/boost/bind.hpp:22,
                 from D:\CPPEnv\Workspace\beevmTests\cute/cute_determine_library.h:37,
                 from D:\CPPEnv\Workspace\beevmTests\cute/cute_test.h:23,
                 from D:\CPPEnv\Workspace\beevmTests\cute/cute_suite.h:22,
                 from D:\CPPEnv\Workspace\beevmTests\cute/cute.h:29,
                 from ..\Tests\VMMemoryTest.cpp:2:
D:\CPPEnv\Workspace\beevmTests\boost/boost/bind/arg.hpp: In constructor 'boost::arg<I>::arg(const T&)':
D:\CPPEnv\Workspace\beevmTests\boost/boost/bind/arg.hpp:37:22: warning: typedef 'T_must_be_placeholder' locally defined but not used [-Wunused-local-typedefs]
         typedef char T_must_be_placeholder[ I == is_placeholder<T>::value? 1: -1 ];
                      ^
g++ -static-libgcc -static-libstdc++ -o beevmTests.exe "DataStructures\\GCSpace.o" "DataStructures\\GCSpaceInfo.o" "DataStructures\\ReferencedVMArray.o" "DataStructures\\VMArray.o" "DataStructures\\VMMemory.o" "Tests\\GCSpaceTest.o" "Tests\\GCSpaceTestInfo.o" "Tests\\VMArrayTest.o" "Tests\\VMMemoryTest.o" "src\\Test.o" 
Info: Nothing to build for beevmTests
14:17:27 **** Incremental Build of configuration Debug for project beevmTests ****
Info: Internal Builder is used for build
g++ "-ID:\\CPPEnv\\Workspace\\beevmTests\\cute" "-ID:\\CPPEnv\\Workspace\\beevmTests\\boost" -O0 -g3 -Wall -c -fmessage-length=0 -o "Tests\\VMMemoryTest.o" "..\\Tests\\VMMemoryTest.cpp" 
..\Tests\VMMemoryTest.cpp:16:1: warning: multi-line comment [-Wcomment]
 // .data:10026058         ObjectFlag_reserved1 or ObjectFlag_zeroTermOrNamed or ObjectFlag_notIndexed,\
 ^
In file included from D:\CPPEnv\Workspace\beevmTests\boost/boost/bind/bind.hpp:29:0,
                 from D:\CPPEnv\Workspace\beevmTests\boost/boost/bind.hpp:22,
                 from D:\CPPEnv\Workspace\beevmTests\cute/cute_determine_library.h:37,
                 from D:\CPPEnv\Workspace\beevmTests\cute/cute_test.h:23,
                 from D:\CPPEnv\Workspace\beevmTests\cute/cute_suite.h:22,
                 from D:\CPPEnv\Workspace\beevmTests\cute/cute.h:29,
                 from ..\Tests\VMMemoryTest.cpp:2:
D:\CPPEnv\Workspace\beevmTests\boost/boost/bind/arg.hpp: In constructor 'boost::arg<I>::arg(const T&)':
D:\CPPEnv\Workspace\beevmTests\boost/boost/bind/arg.hpp:37:22: warning: typedef 'T_must_be_placeholder' locally defined but not used [-Wunused-local-typedefs]
         typedef char T_must_be_placeholder[ I == is_placeholder<T>::value? 1: -1 ];
                      ^
g++ -static-libgcc -static-libstdc++ -o beevmTests.exe "DataStructures\\GCSpace.o" "DataStructures\\GCSpaceInfo.o" "DataStructures\\ReferencedVMArray.o" "DataStructures\\VMArray.o" "DataStructures\\VMMemory.o" "Tests\\GCSpaceTest.o" "Tests\\GCSpaceTestInfo.o" "Tests\\VMArrayTest.o" "Tests\\VMMemoryTest.o" "src\\Test.o" 
14:24:54 **** Incremental Build of configuration Debug for project beevmTests ****
Info: Internal Builder is used for build
g++ "-ID:\\CPPEnv\\Workspace\\beevmTests\\cute" "-ID:\\CPPEnv\\Workspace\\beevmTests\\boost" -O0 -g3 -Wall -c -fmessage-length=0 -o "Tests\\VMMemoryTest.o" "..\\Tests\\VMMemoryTest.cpp" 
..\Tests\VMMemoryTest.cpp:16:1: warning: multi-line comment [-Wcomment]
 // .data:10026058         ObjectFlag_reserved1 or ObjectFlag_zeroTermOrNamed or ObjectFlag_notIndexed,\
 ^
..\Tests\VMMemoryTest.cpp:94:0: error: unterminated argument list invoking macro "ASSERTM"
..\Tests\VMMemoryTest.cpp: In function 'void headerOf()':
..\Tests\VMMemoryTest.cpp:45:2: error: 'ASSERTM' was not declared in this scope
  ASSERTM("Array 1 : Flags", (fromChar(h->flags)  == 1);
  ^
..\Tests\VMMemoryTest.cpp:45:2: error: expected ';' at end of input
..\Tests\VMMemoryTest.cpp:45:2: error: expected '}' at end of input
14:25:02 **** Incremental Build of configuration Debug for project beevmTests ****
Info: Internal Builder is used for build
g++ "-ID:\\CPPEnv\\Workspace\\beevmTests\\cute" "-ID:\\CPPEnv\\Workspace\\beevmTests\\boost" -O0 -g3 -Wall -c -fmessage-length=0 -o "Tests\\VMMemoryTest.o" "..\\Tests\\VMMemoryTest.cpp" 
..\Tests\VMMemoryTest.cpp:16:1: warning: multi-line comment [-Wcomment]
 // .data:10026058         ObjectFlag_reserved1 or ObjectFlag_zeroTermOrNamed or ObjectFlag_notIndexed,\
 ^
In file included from D:\CPPEnv\Workspace\beevmTests\boost/boost/bind/bind.hpp:29:0,
                 from D:\CPPEnv\Workspace\beevmTests\boost/boost/bind.hpp:22,
                 from D:\CPPEnv\Workspace\beevmTests\cute/cute_determine_library.h:37,
                 from D:\CPPEnv\Workspace\beevmTests\cute/cute_test.h:23,
                 from D:\CPPEnv\Workspace\beevmTests\cute/cute_suite.h:22,
                 from D:\CPPEnv\Workspace\beevmTests\cute/cute.h:29,
                 from ..\Tests\VMMemoryTest.cpp:2:
D:\CPPEnv\Workspace\beevmTests\boost/boost/bind/arg.hpp: In constructor 'boost::arg<I>::arg(const T&)':
D:\CPPEnv\Workspace\beevmTests\boost/boost/bind/arg.hpp:37:22: warning: typedef 'T_must_be_placeholder' locally defined but not used [-Wunused-local-typedefs]
         typedef char T_must_be_placeholder[ I == is_placeholder<T>::value? 1: -1 ];
                      ^
g++ -static-libgcc -static-libstdc++ -o beevmTests.exe "DataStructures\\GCSpace.o" "DataStructures\\GCSpaceInfo.o" "DataStructures\\ReferencedVMArray.o" "DataStructures\\VMArray.o" "DataStructures\\VMMemory.o" "Tests\\GCSpaceTest.o" "Tests\\GCSpaceTestInfo.o" "Tests\\VMArrayTest.o" "Tests\\VMMemoryTest.o" "src\\Test.o" 
Info: Nothing to build for beevmTests
14:25:48 **** Incremental Build of configuration Debug for project beevmTests ****
Info: Internal Builder is used for build
g++ "-ID:\\CPPEnv\\Workspace\\beevmTests\\cute" "-ID:\\CPPEnv\\Workspace\\beevmTests\\boost" -O0 -g3 -Wall -c -fmessage-length=0 -o "Tests\\VMMemoryTest.o" "..\\Tests\\VMMemoryTest.cpp" 
..\Tests\VMMemoryTest.cpp:16:1: warning: multi-line comment [-Wcomment]
 // .data:10026058         ObjectFlag_reserved1 or ObjectFlag_zeroTermOrNamed or ObjectFlag_notIndexed,\
 ^
In file included from D:\CPPEnv\Workspace\beevmTests\boost/boost/bind/bind.hpp:29:0,
                 from D:\CPPEnv\Workspace\beevmTests\boost/boost/bind.hpp:22,
                 from D:\CPPEnv\Workspace\beevmTests\cute/cute_determine_library.h:37,
                 from D:\CPPEnv\Workspace\beevmTests\cute/cute_test.h:23,
                 from D:\CPPEnv\Workspace\beevmTests\cute/cute_suite.h:22,
                 from D:\CPPEnv\Workspace\beevmTests\cute/cute.h:29,
                 from ..\Tests\VMMemoryTest.cpp:2:
D:\CPPEnv\Workspace\beevmTests\boost/boost/bind/arg.hpp: In constructor 'boost::arg<I>::arg(const T&)':
D:\CPPEnv\Workspace\beevmTests\boost/boost/bind/arg.hpp:37:22: warning: typedef 'T_must_be_placeholder' locally defined but not used [-Wunused-local-typedefs]
         typedef char T_must_be_placeholder[ I == is_placeholder<T>::value? 1: -1 ];
                      ^
g++ -static-libgcc -static-libstdc++ -o beevmTests.exe "DataStructures\\GCSpace.o" "DataStructures\\GCSpaceInfo.o" "DataStructures\\ReferencedVMArray.o" "DataStructures\\VMArray.o" "DataStructures\\VMMemory.o" "Tests\\GCSpaceTest.o" "Tests\\GCSpaceTestInfo.o" "Tests\\VMArrayTest.o" "Tests\\VMMemoryTest.o" "src\\Test.o" 
Info: Nothing to build for beevmTests
14:26:06 **** Incremental Build of configuration Debug for project beevmTests ****
Info: Internal Builder is used for build
g++ "-ID:\\CPPEnv\\Workspace\\beevmTests\\cute" "-ID:\\CPPEnv\\Workspace\\beevmTests\\boost" -O0 -g3 -Wall -c -fmessage-length=0 -o "Tests\\VMMemoryTest.o" "..\\Tests\\VMMemoryTest.cpp" 
..\Tests\VMMemoryTest.cpp:16:1: warning: multi-line comment [-Wcomment]
 // .data:10026058         ObjectFlag_reserved1 or ObjectFlag_zeroTermOrNamed or ObjectFlag_notIndexed,\
 ^
In file included from D:\CPPEnv\Workspace\beevmTests\boost/boost/bind/bind.hpp:29:0,
                 from D:\CPPEnv\Workspace\beevmTests\boost/boost/bind.hpp:22,
                 from D:\CPPEnv\Workspace\beevmTests\cute/cute_determine_library.h:37,
                 from D:\CPPEnv\Workspace\beevmTests\cute/cute_test.h:23,
                 from D:\CPPEnv\Workspace\beevmTests\cute/cute_suite.h:22,
                 from D:\CPPEnv\Workspace\beevmTests\cute/cute.h:29,
                 from ..\Tests\VMMemoryTest.cpp:2:
D:\CPPEnv\Workspace\beevmTests\boost/boost/bind/arg.hpp: In constructor 'boost::arg<I>::arg(const T&)':
D:\CPPEnv\Workspace\beevmTests\boost/boost/bind/arg.hpp:37:22: warning: typedef 'T_must_be_placeholder' locally defined but not used [-Wunused-local-typedefs]
         typedef char T_must_be_placeholder[ I == is_placeholder<T>::value? 1: -1 ];
                      ^
g++ -static-libgcc -static-libstdc++ -o beevmTests.exe "DataStructures\\GCSpace.o" "DataStructures\\GCSpaceInfo.o" "DataStructures\\ReferencedVMArray.o" "DataStructures\\VMArray.o" "DataStructures\\VMMemory.o" "Tests\\GCSpaceTest.o" "Tests\\GCSpaceTestInfo.o" "Tests\\VMArrayTest.o" "Tests\\VMMemoryTest.o" "src\\Test.o" 
Info: Nothing to build for beevmTests
14:34:24 **** Incremental Build of configuration Debug for project beevmTests ****
Info: Internal Builder is used for build
g++ "-ID:\\CPPEnv\\Workspace\\beevmTests\\cute" "-ID:\\CPPEnv\\Workspace\\beevmTests\\boost" -O0 -g3 -Wall -c -fmessage-length=0 -o "Tests\\VMMemoryTest.o" "..\\Tests\\VMMemoryTest.cpp" 
..\Tests\VMMemoryTest.cpp:16:1: warning: multi-line comment [-Wcomment]
 // .data:10026058         ObjectFlag_reserved1 or ObjectFlag_zeroTermOrNamed or ObjectFlag_notIndexed,\
 ^
In file included from D:\CPPEnv\Workspace\beevmTests\boost/boost/bind/bind.hpp:29:0,
                 from D:\CPPEnv\Workspace\beevmTests\boost/boost/bind.hpp:22,
                 from D:\CPPEnv\Workspace\beevmTests\cute/cute_determine_library.h:37,
                 from D:\CPPEnv\Workspace\beevmTests\cute/cute_test.h:23,
                 from D:\CPPEnv\Workspace\beevmTests\cute/cute_suite.h:22,
                 from D:\CPPEnv\Workspace\beevmTests\cute/cute.h:29,
                 from ..\Tests\VMMemoryTest.cpp:2:
D:\CPPEnv\Workspace\beevmTests\boost/boost/bind/arg.hpp: In constructor 'boost::arg<I>::arg(const T&)':
D:\CPPEnv\Workspace\beevmTests\boost/boost/bind/arg.hpp:37:22: warning: typedef 'T_must_be_placeholder' locally defined but not used [-Wunused-local-typedefs]
         typedef char T_must_be_placeholder[ I == is_placeholder<T>::value? 1: -1 ];
                      ^
g++ -static-libgcc -static-libstdc++ -o beevmTests.exe "DataStructures\\GCSpace.o" "DataStructures\\GCSpaceInfo.o" "DataStructures\\ReferencedVMArray.o" "DataStructures\\VMArray.o" "DataStructures\\VMMemory.o" "Tests\\GCSpaceTest.o" "Tests\\GCSpaceTestInfo.o" "Tests\\VMArrayTest.o" "Tests\\VMMemoryTest.o" "src\\Test.o" 
Info: Nothing to build for beevmTests
14:34:49 **** Incremental Build of configuration Debug for project beevmTests ****
Info: Internal Builder is used for build
g++ "-ID:\\CPPEnv\\Workspace\\beevmTests\\cute" "-ID:\\CPPEnv\\Workspace\\beevmTests\\boost" -O0 -g3 -Wall -c -fmessage-length=0 -o "Tests\\VMMemoryTest.o" "..\\Tests\\VMMemoryTest.cpp" 
..\Tests\VMMemoryTest.cpp:16:1: warning: multi-line comment [-Wcomment]
 // .data:10026058         ObjectFlag_reserved1 or ObjectFlag_zeroTermOrNamed or ObjectFlag_notIndexed,\
 ^
In file included from D:\CPPEnv\Workspace\beevmTests\boost/boost/bind/bind.hpp:29:0,
                 from D:\CPPEnv\Workspace\beevmTests\boost/boost/bind.hpp:22,
                 from D:\CPPEnv\Workspace\beevmTests\cute/cute_determine_library.h:37,
                 from D:\CPPEnv\Workspace\beevmTests\cute/cute_test.h:23,
                 from D:\CPPEnv\Workspace\beevmTests\cute/cute_suite.h:22,
                 from D:\CPPEnv\Workspace\beevmTests\cute/cute.h:29,
                 from ..\Tests\VMMemoryTest.cpp:2:
D:\CPPEnv\Workspace\beevmTests\boost/boost/bind/arg.hpp: In constructor 'boost::arg<I>::arg(const T&)':
D:\CPPEnv\Workspace\beevmTests\boost/boost/bind/arg.hpp:37:22: warning: typedef 'T_must_be_placeholder' locally defined but not used [-Wunused-local-typedefs]
         typedef char T_must_be_placeholder[ I == is_placeholder<T>::value? 1: -1 ];
                      ^
g++ -static-libgcc -static-libstdc++ -o beevmTests.exe "DataStructures\\GCSpace.o" "DataStructures\\GCSpaceInfo.o" "DataStructures\\ReferencedVMArray.o" "DataStructures\\VMArray.o" "DataStructures\\VMMemory.o" "Tests\\GCSpaceTest.o" "Tests\\GCSpaceTestInfo.o" "Tests\\VMArrayTest.o" "Tests\\VMMemoryTest.o" "src\\Test.o" 
14:34:56 **** Incremental Build of configuration Debug for project beevmTests ****
Info: Internal Builder is used for build
g++ "-ID:\\CPPEnv\\Workspace\\beevmTests\\cute" "-ID:\\CPPEnv\\Workspace\\beevmTests\\boost" -O0 -g3 -Wall -c -fmessage-length=0 -o "Tests\\VMMemoryTest.o" "..\\Tests\\VMMemoryTest.cpp" 
..\Tests\VMMemoryTest.cpp:16:1: warning: multi-line comment [-Wcomment]
 // .data:10026058         ObjectFlag_reserved1 or ObjectFlag_zeroTermOrNamed or ObjectFlag_notIndexed,\
 ^
In file included from D:\CPPEnv\Workspace\beevmTests\boost/boost/bind/bind.hpp:29:0,
                 from D:\CPPEnv\Workspace\beevmTests\boost/boost/bind.hpp:22,
                 from D:\CPPEnv\Workspace\beevmTests\cute/cute_determine_library.h:37,
                 from D:\CPPEnv\Workspace\beevmTests\cute/cute_test.h:23,
                 from D:\CPPEnv\Workspace\beevmTests\cute/cute_suite.h:22,
                 from D:\CPPEnv\Workspace\beevmTests\cute/cute.h:29,
                 from ..\Tests\VMMemoryTest.cpp:2:
D:\CPPEnv\Workspace\beevmTests\boost/boost/bind/arg.hpp: In constructor 'boost::arg<I>::arg(const T&)':
D:\CPPEnv\Workspace\beevmTests\boost/boost/bind/arg.hpp:37:22: warning: typedef 'T_must_be_placeholder' locally defined but not used [-Wunused-local-typedefs]
         typedef char T_must_be_placeholder[ I == is_placeholder<T>::value? 1: -1 ];
                      ^
g++ -static-libgcc -static-libstdc++ -o beevmTests.exe "DataStructures\\GCSpace.o" "DataStructures\\GCSpaceInfo.o" "DataStructures\\ReferencedVMArray.o" "DataStructures\\VMArray.o" "DataStructures\\VMMemory.o" "Tests\\GCSpaceTest.o" "Tests\\GCSpaceTestInfo.o" "Tests\\VMArrayTest.o" "Tests\\VMMemoryTest.o" "src\\Test.o" 
Info: Nothing to build for beevmTests
14:36:16 **** Incremental Build of configuration Debug for project beevmTests ****
Info: Internal Builder is used for build
g++ "-ID:\\CPPEnv\\Workspace\\beevmTests\\cute" "-ID:\\CPPEnv\\Workspace\\beevmTests\\boost" -O0 -g3 -Wall -c -fmessage-length=0 -o "Tests\\VMMemoryTest.o" "..\\Tests\\VMMemoryTest.cpp" 
..\Tests\VMMemoryTest.cpp:16:1: warning: multi-line comment [-Wcomment]
 // .data:10026058         ObjectFlag_reserved1 or ObjectFlag_zeroTermOrNamed or ObjectFlag_notIndexed,\
 ^
In file included from D:\CPPEnv\Workspace\beevmTests\boost/boost/bind/bind.hpp:29:0,
                 from D:\CPPEnv\Workspace\beevmTests\boost/boost/bind.hpp:22,
                 from D:\CPPEnv\Workspace\beevmTests\cute/cute_determine_library.h:37,
                 from D:\CPPEnv\Workspace\beevmTests\cute/cute_test.h:23,
                 from D:\CPPEnv\Workspace\beevmTests\cute/cute_suite.h:22,
                 from D:\CPPEnv\Workspace\beevmTests\cute/cute.h:29,
                 from ..\Tests\VMMemoryTest.cpp:2:
D:\CPPEnv\Workspace\beevmTests\boost/boost/bind/arg.hpp: In constructor 'boost::arg<I>::arg(const T&)':
D:\CPPEnv\Workspace\beevmTests\boost/boost/bind/arg.hpp:37:22: warning: typedef 'T_must_be_placeholder' locally defined but not used [-Wunused-local-typedefs]
         typedef char T_must_be_placeholder[ I == is_placeholder<T>::value? 1: -1 ];
                      ^
g++ -static-libgcc -static-libstdc++ -o beevmTests.exe "DataStructures\\GCSpace.o" "DataStructures\\GCSpaceInfo.o" "DataStructures\\ReferencedVMArray.o" "DataStructures\\VMArray.o" "DataStructures\\VMMemory.o" "Tests\\GCSpaceTest.o" "Tests\\GCSpaceTestInfo.o" "Tests\\VMArrayTest.o" "Tests\\VMMemoryTest.o" "src\\Test.o" 
Info: Nothing to build for beevmTests
15:05:52 **** Incremental Build of configuration Debug for project beevmTests ****
Info: Internal Builder is used for build
g++ "-ID:\\CPPEnv\\Workspace\\beevmTests\\cute" "-ID:\\CPPEnv\\Workspace\\beevmTests\\boost" -O0 -g3 -Wall -c -fmessage-length=0 -o "DataStructures\\VMMemory.o" "..\\DataStructures\\VMMemory.cpp" 
..\DataStructures\VMMemory.cpp:34:2: warning: multi-line comment [-Wcomment]
  // .data:10026058         ObjectFlag_reserved1 or ObjectFlag_zeroTermOrNamed or ObjectFlag_notIndexed,\
  ^
In file included from ..\DataStructures\VMMemory.cpp:7:0:
..\DataStructures\VMMemory.h:16:14: warning: missing '(' after '#pragma pack' - ignored [-Wpragmas]
 #pragma pack 1
              ^
..\DataStructures\VMMemory.cpp: In function 'long unsigned int memoryAt(long unsigned int)':
..\DataStructures\VMMemory.cpp:23:1: warning: no return statement in function returning non-void [-Wreturn-type]
 }
 ^
..\DataStructures\VMMemory.cpp: In function 'ulong _basicSetSize(ulong*, ulong)':
..\DataStructures\VMMemory.cpp:135:1: warning: no return statement in function returning non-void [-Wreturn-type]
 }
 ^
..\DataStructures\VMMemory.cpp: In function 'bool _isProxy(ulong*)':
..\DataStructures\VMMemory.cpp:138:1: warning: no return statement in function returning non-void [-Wreturn-type]
 }
 ^
..\DataStructures\VMMemory.cpp: In function 'ulong* _proxee(ulong*)':
..\DataStructures\VMMemory.cpp:140:1: warning: no return statement in function returning non-void [-Wreturn-type]
 }
 ^
..\DataStructures\VMMemory.cpp: In function 'ulong _size(ulong*)':
..\DataStructures\VMMemory.cpp:142:1: warning: no return statement in function returning non-void [-Wreturn-type]
 }
 ^
..\DataStructures\VMMemory.cpp: In function 'ulong* _asObject(ulong*)':
..\DataStructures\VMMemory.cpp:146:1: warning: no return statement in function returning non-void [-Wreturn-type]
 }
 ^
..\DataStructures\VMMemory.cpp: In function 'ulong* _asPointer(ulong)':
..\DataStructures\VMMemory.cpp:148:1: warning: no return statement in function returning non-void [-Wreturn-type]
 }
 ^
..\DataStructures\VMMemory.cpp: In function 'ulong _basicSize(ulong*, ulong)':
..\DataStructures\VMMemory.cpp:150:1: warning: no return statement in function returning non-void [-Wreturn-type]
 }
 ^
..\DataStructures\VMMemory.cpp: In function 'ulong _beExtended(ulong*)':
..\DataStructures\VMMemory.cpp:152:1: warning: no return statement in function returning non-void [-Wreturn-type]
 }
 ^
..\DataStructures\VMMemory.cpp: In function 'ulong _decommit(ulong, ulong)':
..\DataStructures\VMMemory.cpp:155:1: warning: no return statement in function returning non-void [-Wreturn-type]
 }
 ^
..\DataStructures\VMMemory.cpp: In function 'ulong _extendedSize(ulong*, ulong)':
..\DataStructures\VMMemory.cpp:157:1: warning: no return statement in function returning non-void [-Wreturn-type]
 }
 ^
..\DataStructures\VMMemory.cpp: In function 'ulong _sizeInBytes(ulong*)':
..\DataStructures\VMMemory.cpp:159:1: warning: no return statement in function returning non-void [-Wreturn-type]
 }
 ^
..\DataStructures\VMMemory.cpp: In function 'ulong _headerSizeInBytes(ulong*)':
..\DataStructures\VMMemory.cpp:161:1: warning: no return statement in function returning non-void [-Wreturn-type]
 }
 ^
..\DataStructures\VMMemory.cpp: In function 'ulong _framePointer()':
..\DataStructures\VMMemory.cpp:163:1: warning: no return statement in function returning non-void [-Wreturn-type]
 }
 ^
..\DataStructures\VMMemory.cpp: In function 'bool isArray(ulong*)':
..\DataStructures\VMMemory.cpp:165:1: warning: no return statement in function returning non-void [-Wreturn-type]
 }
 ^
..\DataStructures\VMMemory.cpp: In function 'ulong size(ulong*)':
..\DataStructures\VMMemory.cpp:167:1: warning: no return statement in function returning non-void [-Wreturn-type]
 }
 ^
..\DataStructures\VMMemory.cpp: In function 'ulong asOop(ulong*)':
..\DataStructures\VMMemory.cpp:170:1: warning: no return statement in function returning non-void [-Wreturn-type]
 }
 ^
..\DataStructures\VMMemory.cpp: In function 'ulong oop(ulong*)':
..\DataStructures\VMMemory.cpp:173:1: warning: no return statement in function returning non-void [-Wreturn-type]
 }
 ^
g++ "-ID:\\CPPEnv\\Workspace\\beevmTests\\cute" "-ID:\\CPPEnv\\Workspace\\beevmTests\\boost" -O0 -g3 -Wall -c -fmessage-length=0 -o "Tests\\VMMemoryTest.o" "..\\Tests\\VMMemoryTest.cpp" 
..\Tests\VMMemoryTest.cpp:16:1: warning: multi-line comment [-Wcomment]
 // .data:10026058         ObjectFlag_reserved1 or ObjectFlag_zeroTermOrNamed or ObjectFlag_notIndexed,\
 ^
In file included from ..\Tests\VMMemoryTest.cpp:1:0:
..\Tests\../DataStructures/VMMemory.h:16:14: warning: missing '(' after '#pragma pack' - ignored [-Wpragmas]
 #pragma pack 1
              ^
In file included from D:\CPPEnv\Workspace\beevmTests\boost/boost/bind/bind.hpp:29:0,
                 from D:\CPPEnv\Workspace\beevmTests\boost/boost/bind.hpp:22,
                 from D:\CPPEnv\Workspace\beevmTests\cute/cute_determine_library.h:37,
                 from D:\CPPEnv\Workspace\beevmTests\cute/cute_test.h:23,
                 from D:\CPPEnv\Workspace\beevmTests\cute/cute_suite.h:22,
                 from D:\CPPEnv\Workspace\beevmTests\cute/cute.h:29,
                 from ..\Tests\VMMemoryTest.cpp:2:
D:\CPPEnv\Workspace\beevmTests\boost/boost/bind/arg.hpp: In constructor 'boost::arg<I>::arg(const T&)':
D:\CPPEnv\Workspace\beevmTests\boost/boost/bind/arg.hpp:37:22: warning: typedef 'T_must_be_placeholder' locally defined but not used [-Wunused-local-typedefs]
         typedef char T_must_be_placeholder[ I == is_placeholder<T>::value? 1: -1 ];
                      ^
g++ "-ID:\\CPPEnv\\Workspace\\beevmTests\\cute" "-ID:\\CPPEnv\\Workspace\\beevmTests\\boost" -O0 -g3 -Wall -c -fmessage-length=0 -o "DataStructures\\GCSpace.o" "..\\DataStructures\\GCSpace.cpp" 
In file included from ..\DataStructures\GCSpace.h:10:0,
                 from ..\DataStructures\GCSpace.cpp:9:
..\DataStructures\GCSpaceInfo.h:25:28: warning: non-static data member initializers only available with -std=c++11 or -std=gnu++11 [enabled by default]
  const ulong sizeInBytes = 24;
                            ^
In file included from ..\DataStructures\GCSpace.h:11:0,
                 from ..\DataStructures\GCSpace.cpp:9:
..\DataStructures\VMMemory.h:16:14: warning: missing '(' after '#pragma pack' - ignored [-Wpragmas]
 #pragma pack 1
              ^
..\DataStructures\GCSpace.cpp: In member function 'ulong* Bee::GCSpace::shallowCopyGrowingTo(ulong*, ulong)':
..\DataStructures\GCSpace.cpp:135:43: warning: comparison between signed and unsigned integer expressions [-Wsign-compare]
  for (int index = -1; index <= _size(array); index++) {
                                           ^
..\DataStructures\GCSpace.cpp:143:48: warning: comparison between signed and unsigned integer expressions [-Wsign-compare]
  for (int index = (_size(array) + 1); index <= newSize; index++) {
                                                ^
g++ "-ID:\\CPPEnv\\Workspace\\beevmTests\\cute" "-ID:\\CPPEnv\\Workspace\\beevmTests\\boost" -O0 -g3 -Wall -c -fmessage-length=0 -o "Tests\\GCSpaceTest.o" "..\\Tests\\GCSpaceTest.cpp" 
In file included from ..\Tests\../DataStructures/GCSpace.h:10:0,
                 from ..\Tests\GCSpaceTest.cpp:1:
..\Tests\../DataStructures/GCSpaceInfo.h:25:28: warning: non-static data member initializers only available with -std=c++11 or -std=gnu++11 [enabled by default]
  const ulong sizeInBytes = 24;
                            ^
In file included from ..\Tests\../DataStructures/GCSpace.h:11:0,
                 from ..\Tests\GCSpaceTest.cpp:1:
..\Tests\../DataStructures/VMMemory.h:16:14: warning: missing '(' after '#pragma pack' - ignored [-Wpragmas]
 #pragma pack 1
              ^
In file included from D:\CPPEnv\Workspace\beevmTests\boost/boost/bind/bind.hpp:29:0,
                 from D:\CPPEnv\Workspace\beevmTests\boost/boost/bind.hpp:22,
                 from D:\CPPEnv\Workspace\beevmTests\cute/cute_determine_library.h:37,
                 from D:\CPPEnv\Workspace\beevmTests\cute/cute_test.h:23,
                 from D:\CPPEnv\Workspace\beevmTests\cute/cute_suite.h:22,
                 from D:\CPPEnv\Workspace\beevmTests\cute/cute.h:29,
                 from ..\Tests\GCSpaceTest.cpp:2:
D:\CPPEnv\Workspace\beevmTests\boost/boost/bind/arg.hpp: In constructor 'boost::arg<I>::arg(const T&)':
D:\CPPEnv\Workspace\beevmTests\boost/boost/bind/arg.hpp:37:22: warning: typedef 'T_must_be_placeholder' locally defined but not used [-Wunused-local-typedefs]
         typedef char T_must_be_placeholder[ I == is_placeholder<T>::value? 1: -1 ];
                      ^
..\Tests\GCSpaceTest.cpp: In function 'ulong* mockArray()':
..\Tests\GCSpaceTest.cpp:91:21: warning: no return statement in function returning non-void [-Wreturn-type]
 ulong * mockArray(){}
                     ^
g++ -static-libgcc -static-libstdc++ -o beevmTests.exe "DataStructures\\GCSpace.o" "DataStructures\\GCSpaceInfo.o" "DataStructures\\ReferencedVMArray.o" "DataStructures\\VMArray.o" "DataStructures\\VMMemory.o" "Tests\\GCSpaceTest.o" "Tests\\GCSpaceTestInfo.o" "Tests\\VMArrayTest.o" "Tests\\VMMemoryTest.o" "src\\Test.o" 
Info: Nothing to build for beevmTests
15:06:33 **** Incremental Build of configuration Debug for project beevmTests ****
Info: Internal Builder is used for build
g++ "-ID:\\CPPEnv\\Workspace\\beevmTests\\cute" "-ID:\\CPPEnv\\Workspace\\beevmTests\\boost" -O0 -g3 -Wall -c -fmessage-length=0 -o "Tests\\VMMemoryTest.o" "..\\Tests\\VMMemoryTest.cpp" 
..\Tests\VMMemoryTest.cpp:16:1: warning: multi-line comment [-Wcomment]
 // .data:10026058         ObjectFlag_reserved1 or ObjectFlag_zeroTermOrNamed or ObjectFlag_notIndexed,\
 ^
In file included from ..\Tests\VMMemoryTest.cpp:1:0:
..\Tests\../DataStructures/VMMemory.h:16:14: warning: missing '(' after '#pragma pack' - ignored [-Wpragmas]
 #pragma pack 1
              ^
In file included from D:\CPPEnv\Workspace\beevmTests\boost/boost/bind/bind.hpp:29:0,
                 from D:\CPPEnv\Workspace\beevmTests\boost/boost/bind.hpp:22,
                 from D:\CPPEnv\Workspace\beevmTests\cute/cute_determine_library.h:37,
                 from D:\CPPEnv\Workspace\beevmTests\cute/cute_test.h:23,
                 from D:\CPPEnv\Workspace\beevmTests\cute/cute_suite.h:22,
                 from D:\CPPEnv\Workspace\beevmTests\cute/cute.h:29,
                 from ..\Tests\VMMemoryTest.cpp:2:
D:\CPPEnv\Workspace\beevmTests\boost/boost/bind/arg.hpp: In constructor 'boost::arg<I>::arg(const T&)':
D:\CPPEnv\Workspace\beevmTests\boost/boost/bind/arg.hpp:37:22: warning: typedef 'T_must_be_placeholder' locally defined but not used [-Wunused-local-typedefs]
         typedef char T_must_be_placeholder[ I == is_placeholder<T>::value? 1: -1 ];
                      ^
g++ "-ID:\\CPPEnv\\Workspace\\beevmTests\\cute" "-ID:\\CPPEnv\\Workspace\\beevmTests\\boost" -O0 -g3 -Wall -c -fmessage-length=0 -o "DataStructures\\VMMemory.o" "..\\DataStructures\\VMMemory.cpp" 
..\DataStructures\VMMemory.cpp:34:2: warning: multi-line comment [-Wcomment]
  // .data:10026058         ObjectFlag_reserved1 or ObjectFlag_zeroTermOrNamed or ObjectFlag_notIndexed,\
  ^
In file included from ..\DataStructures\VMMemory.cpp:7:0:
..\DataStructures\VMMemory.h:16:14: warning: missing '(' after '#pragma pack' - ignored [-Wpragmas]
 #pragma pack 1
              ^
..\DataStructures\VMMemory.cpp: In function 'long unsigned int memoryAt(long unsigned int)':
..\DataStructures\VMMemory.cpp:23:1: warning: no return statement in function returning non-void [-Wreturn-type]
 }
 ^
..\DataStructures\VMMemory.cpp: In function 'ulong _basicSetSize(ulong*, ulong)':
..\DataStructures\VMMemory.cpp:135:1: warning: no return statement in function returning non-void [-Wreturn-type]
 }
 ^
..\DataStructures\VMMemory.cpp: In function 'bool _isProxy(ulong*)':
..\DataStructures\VMMemory.cpp:138:1: warning: no return statement in function returning non-void [-Wreturn-type]
 }
 ^
..\DataStructures\VMMemory.cpp: In function 'ulong* _proxee(ulong*)':
..\DataStructures\VMMemory.cpp:140:1: warning: no return statement in function returning non-void [-Wreturn-type]
 }
 ^
..\DataStructures\VMMemory.cpp: In function 'ulong _size(ulong*)':
..\DataStructures\VMMemory.cpp:142:1: warning: no return statement in function returning non-void [-Wreturn-type]
 }
 ^
..\DataStructures\VMMemory.cpp: In function 'ulong* _asObject(ulong*)':
..\DataStructures\VMMemory.cpp:146:1: warning: no return statement in function returning non-void [-Wreturn-type]
 }
 ^
..\DataStructures\VMMemory.cpp: In function 'ulong* _asPointer(ulong)':
..\DataStructures\VMMemory.cpp:148:1: warning: no return statement in function returning non-void [-Wreturn-type]
 }
 ^
..\DataStructures\VMMemory.cpp: In function 'ulong _basicSize(ulong*, ulong)':
..\DataStructures\VMMemory.cpp:150:1: warning: no return statement in function returning non-void [-Wreturn-type]
 }
 ^
..\DataStructures\VMMemory.cpp: In function 'ulong _beExtended(ulong*)':
..\DataStructures\VMMemory.cpp:152:1: warning: no return statement in function returning non-void [-Wreturn-type]
 }
 ^
..\DataStructures\VMMemory.cpp: In function 'ulong _decommit(ulong, ulong)':
..\DataStructures\VMMemory.cpp:155:1: warning: no return statement in function returning non-void [-Wreturn-type]
 }
 ^
..\DataStructures\VMMemory.cpp: In function 'ulong _extendedSize(ulong*, ulong)':
..\DataStructures\VMMemory.cpp:157:1: warning: no return statement in function returning non-void [-Wreturn-type]
 }
 ^
..\DataStructures\VMMemory.cpp: In function 'ulong _sizeInBytes(ulong*)':
..\DataStructures\VMMemory.cpp:159:1: warning: no return statement in function returning non-void [-Wreturn-type]
 }
 ^
..\DataStructures\VMMemory.cpp: In function 'ulong _headerSizeInBytes(ulong*)':
..\DataStructures\VMMemory.cpp:161:1: warning: no return statement in function returning non-void [-Wreturn-type]
 }
 ^
..\DataStructures\VMMemory.cpp: In function 'ulong _framePointer()':
..\DataStructures\VMMemory.cpp:163:1: warning: no return statement in function returning non-void [-Wreturn-type]
 }
 ^
..\DataStructures\VMMemory.cpp: In function 'bool isArray(ulong*)':
..\DataStructures\VMMemory.cpp:165:1: warning: no return statement in function returning non-void [-Wreturn-type]
 }
 ^
..\DataStructures\VMMemory.cpp: In function 'ulong size(ulong*)':
..\DataStructures\VMMemory.cpp:167:1: warning: no return statement in function returning non-void [-Wreturn-type]
 }
 ^
..\DataStructures\VMMemory.cpp: In function 'ulong asOop(ulong*)':
..\DataStructures\VMMemory.cpp:170:1: warning: no return statement in function returning non-void [-Wreturn-type]
 }
 ^
..\DataStructures\VMMemory.cpp: In function 'ulong oop(ulong*)':
..\DataStructures\VMMemory.cpp:173:1: warning: no return statement in function returning non-void [-Wreturn-type]
 }
 ^
g++ "-ID:\\CPPEnv\\Workspace\\beevmTests\\cute" "-ID:\\CPPEnv\\Workspace\\beevmTests\\boost" -O0 -g3 -Wall -c -fmessage-length=0 -o "Tests\\GCSpaceTest.o" "..\\Tests\\GCSpaceTest.cpp" 
In file included from ..\Tests\../DataStructures/GCSpace.h:10:0,
                 from ..\Tests\GCSpaceTest.cpp:1:
..\Tests\../DataStructures/GCSpaceInfo.h:25:28: warning: non-static data member initializers only available with -std=c++11 or -std=gnu++11 [enabled by default]
  const ulong sizeInBytes = 24;
                            ^
In file included from ..\Tests\../DataStructures/GCSpace.h:11:0,
                 from ..\Tests\GCSpaceTest.cpp:1:
..\Tests\../DataStructures/VMMemory.h:16:14: warning: missing '(' after '#pragma pack' - ignored [-Wpragmas]
 #pragma pack 1
              ^
In file included from D:\CPPEnv\Workspace\beevmTests\boost/boost/bind/bind.hpp:29:0,
                 from D:\CPPEnv\Workspace\beevmTests\boost/boost/bind.hpp:22,
                 from D:\CPPEnv\Workspace\beevmTests\cute/cute_determine_library.h:37,
                 from D:\CPPEnv\Workspace\beevmTests\cute/cute_test.h:23,
                 from D:\CPPEnv\Workspace\beevmTests\cute/cute_suite.h:22,
                 from D:\CPPEnv\Workspace\beevmTests\cute/cute.h:29,
                 from ..\Tests\GCSpaceTest.cpp:2:
D:\CPPEnv\Workspace\beevmTests\boost/boost/bind/arg.hpp: In constructor 'boost::arg<I>::arg(const T&)':
D:\CPPEnv\Workspace\beevmTests\boost/boost/bind/arg.hpp:37:22: warning: typedef 'T_must_be_placeholder' locally defined but not used [-Wunused-local-typedefs]
         typedef char T_must_be_placeholder[ I == is_placeholder<T>::value? 1: -1 ];
                      ^
..\Tests\GCSpaceTest.cpp: In function 'ulong* mockArray()':
..\Tests\GCSpaceTest.cpp:91:21: warning: no return statement in function returning non-void [-Wreturn-type]
 ulong * mockArray(){}
                     ^
g++ "-ID:\\CPPEnv\\Workspace\\beevmTests\\cute" "-ID:\\CPPEnv\\Workspace\\beevmTests\\boost" -O0 -g3 -Wall -c -fmessage-length=0 -o "DataStructures\\GCSpace.o" "..\\DataStructures\\GCSpace.cpp" 
In file included from ..\DataStructures\GCSpace.h:10:0,
                 from ..\DataStructures\GCSpace.cpp:9:
..\DataStructures\GCSpaceInfo.h:25:28: warning: non-static data member initializers only available with -std=c++11 or -std=gnu++11 [enabled by default]
  const ulong sizeInBytes = 24;
                            ^
In file included from ..\DataStructures\GCSpace.h:11:0,
                 from ..\DataStructures\GCSpace.cpp:9:
..\DataStructures\VMMemory.h:16:14: warning: missing '(' after '#pragma pack' - ignored [-Wpragmas]
 #pragma pack 1
              ^
..\DataStructures\GCSpace.cpp: In member function 'ulong* Bee::GCSpace::shallowCopyGrowingTo(ulong*, ulong)':
..\DataStructures\GCSpace.cpp:135:43: warning: comparison between signed and unsigned integer expressions [-Wsign-compare]
  for (int index = -1; index <= _size(array); index++) {
                                           ^
..\DataStructures\GCSpace.cpp:143:48: warning: comparison between signed and unsigned integer expressions [-Wsign-compare]
  for (int index = (_size(array) + 1); index <= newSize; index++) {
                                                ^
g++ -static-libgcc -static-libstdc++ -o beevmTests.exe "DataStructures\\GCSpace.o" "DataStructures\\GCSpaceInfo.o" "DataStructures\\ReferencedVMArray.o" "DataStructures\\VMArray.o" "DataStructures\\VMMemory.o" "Tests\\GCSpaceTest.o" "Tests\\GCSpaceTestInfo.o" "Tests\\VMArrayTest.o" "Tests\\VMMemoryTest.o" "src\\Test.o" 
Info: Nothing to build for beevmTests
15:07:03 **** Incremental Build of configuration Debug for project beevmTests ****
Info: Internal Builder is used for build
g++ "-ID:\\CPPEnv\\Workspace\\beevmTests\\cute" "-ID:\\CPPEnv\\Workspace\\beevmTests\\boost" -O0 -g3 -Wall -c -fmessage-length=0 -o "DataStructures\\GCSpace.o" "..\\DataStructures\\GCSpace.cpp" 
In file included from ..\DataStructures\GCSpace.h:10:0,
                 from ..\DataStructures\GCSpace.cpp:9:
..\DataStructures\GCSpaceInfo.h:25:28: warning: non-static data member initializers only available with -std=c++11 or -std=gnu++11 [enabled by default]
  const ulong sizeInBytes = 24;
                            ^
..\DataStructures\GCSpace.cpp: In member function 'ulong* Bee::GCSpace::shallowCopyGrowingTo(ulong*, ulong)':
..\DataStructures\GCSpace.cpp:135:43: warning: comparison between signed and unsigned integer expressions [-Wsign-compare]
  for (int index = -1; index <= _size(array); index++) {
                                           ^
..\DataStructures\GCSpace.cpp:143:48: warning: comparison between signed and unsigned integer expressions [-Wsign-compare]
  for (int index = (_size(array) + 1); index <= newSize; index++) {
                                                ^
g++ "-ID:\\CPPEnv\\Workspace\\beevmTests\\cute" "-ID:\\CPPEnv\\Workspace\\beevmTests\\boost" -O0 -g3 -Wall -c -fmessage-length=0 -o "Tests\\GCSpaceTest.o" "..\\Tests\\GCSpaceTest.cpp" 
In file included from ..\Tests\../DataStructures/GCSpace.h:10:0,
                 from ..\Tests\GCSpaceTest.cpp:1:
..\Tests\../DataStructures/GCSpaceInfo.h:25:28: warning: non-static data member initializers only available with -std=c++11 or -std=gnu++11 [enabled by default]
  const ulong sizeInBytes = 24;
                            ^
In file included from D:\CPPEnv\Workspace\beevmTests\boost/boost/bind/bind.hpp:29:0,
                 from D:\CPPEnv\Workspace\beevmTests\boost/boost/bind.hpp:22,
                 from D:\CPPEnv\Workspace\beevmTests\cute/cute_determine_library.h:37,
                 from D:\CPPEnv\Workspace\beevmTests\cute/cute_test.h:23,
                 from D:\CPPEnv\Workspace\beevmTests\cute/cute_suite.h:22,
                 from D:\CPPEnv\Workspace\beevmTests\cute/cute.h:29,
                 from ..\Tests\GCSpaceTest.cpp:2:
D:\CPPEnv\Workspace\beevmTests\boost/boost/bind/arg.hpp: In constructor 'boost::arg<I>::arg(const T&)':
D:\CPPEnv\Workspace\beevmTests\boost/boost/bind/arg.hpp:37:22: warning: typedef 'T_must_be_placeholder' locally defined but not used [-Wunused-local-typedefs]
         typedef char T_must_be_placeholder[ I == is_placeholder<T>::value? 1: -1 ];
                      ^
..\Tests\GCSpaceTest.cpp: In function 'ulong* mockArray()':
..\Tests\GCSpaceTest.cpp:91:21: warning: no return statement in function returning non-void [-Wreturn-type]
 ulong * mockArray(){}
                     ^
g++ "-ID:\\CPPEnv\\Workspace\\beevmTests\\cute" "-ID:\\CPPEnv\\Workspace\\beevmTests\\boost" -O0 -g3 -Wall -c -fmessage-length=0 -o "DataStructures\\VMMemory.o" "..\\DataStructures\\VMMemory.cpp" 
..\DataStructures\VMMemory.cpp:34:2: warning: multi-line comment [-Wcomment]
  // .data:10026058         ObjectFlag_reserved1 or ObjectFlag_zeroTermOrNamed or ObjectFlag_notIndexed,\
  ^
..\DataStructures\VMMemory.cpp: In function 'long unsigned int memoryAt(long unsigned int)':
..\DataStructures\VMMemory.cpp:23:1: warning: no return statement in function returning non-void [-Wreturn-type]
 }
 ^
..\DataStructures\VMMemory.cpp: In function 'ulong _basicSetSize(ulong*, ulong)':
..\DataStructures\VMMemory.cpp:135:1: warning: no return statement in function returning non-void [-Wreturn-type]
 }
 ^
..\DataStructures\VMMemory.cpp: In function 'bool _isProxy(ulong*)':
..\DataStructures\VMMemory.cpp:138:1: warning: no return statement in function returning non-void [-Wreturn-type]
 }
 ^
..\DataStructures\VMMemory.cpp: In function 'ulong* _proxee(ulong*)':
..\DataStructures\VMMemory.cpp:140:1: warning: no return statement in function returning non-void [-Wreturn-type]
 }
 ^
..\DataStructures\VMMemory.cpp: In function 'ulong _size(ulong*)':
..\DataStructures\VMMemory.cpp:142:1: warning: no return statement in function returning non-void [-Wreturn-type]
 }
 ^
..\DataStructures\VMMemory.cpp: In function 'ulong* _asObject(ulong*)':
..\DataStructures\VMMemory.cpp:146:1: warning: no return statement in function returning non-void [-Wreturn-type]
 }
 ^
..\DataStructures\VMMemory.cpp: In function 'ulong* _asPointer(ulong)':
..\DataStructures\VMMemory.cpp:148:1: warning: no return statement in function returning non-void [-Wreturn-type]
 }
 ^
..\DataStructures\VMMemory.cpp: In function 'ulong _basicSize(ulong*, ulong)':
..\DataStructures\VMMemory.cpp:150:1: warning: no return statement in function returning non-void [-Wreturn-type]
 }
 ^
..\DataStructures\VMMemory.cpp: In function 'ulong _beExtended(ulong*)':
..\DataStructures\VMMemory.cpp:152:1: warning: no return statement in function returning non-void [-Wreturn-type]
 }
 ^
..\DataStructures\VMMemory.cpp: In function 'ulong _decommit(ulong, ulong)':
..\DataStructures\VMMemory.cpp:155:1: warning: no return statement in function returning non-void [-Wreturn-type]
 }
 ^
..\DataStructures\VMMemory.cpp: In function 'ulong _extendedSize(ulong*, ulong)':
..\DataStructures\VMMemory.cpp:157:1: warning: no return statement in function returning non-void [-Wreturn-type]
 }
 ^
..\DataStructures\VMMemory.cpp: In function 'ulong _sizeInBytes(ulong*)':
..\DataStructures\VMMemory.cpp:159:1: warning: no return statement in function returning non-void [-Wreturn-type]
 }
 ^
..\DataStructures\VMMemory.cpp: In function 'ulong _headerSizeInBytes(ulong*)':
..\DataStructures\VMMemory.cpp:161:1: warning: no return statement in function returning non-void [-Wreturn-type]
 }
 ^
..\DataStructures\VMMemory.cpp: In function 'ulong _framePointer()':
..\DataStructures\VMMemory.cpp:163:1: warning: no return statement in function returning non-void [-Wreturn-type]
 }
 ^
..\DataStructures\VMMemory.cpp: In function 'bool isArray(ulong*)':
..\DataStructures\VMMemory.cpp:165:1: warning: no return statement in function returning non-void [-Wreturn-type]
 }
 ^
..\DataStructures\VMMemory.cpp: In function 'ulong size(ulong*)':
..\DataStructures\VMMemory.cpp:167:1: warning: no return statement in function returning non-void [-Wreturn-type]
 }
 ^
..\DataStructures\VMMemory.cpp: In function 'ulong asOop(ulong*)':
..\DataStructures\VMMemory.cpp:170:1: warning: no return statement in function returning non-void [-Wreturn-type]
 }
 ^
..\DataStructures\VMMemory.cpp: In function 'ulong oop(ulong*)':
..\DataStructures\VMMemory.cpp:173:1: warning: no return statement in function returning non-void [-Wreturn-type]
 }
 ^
g++ "-ID:\\CPPEnv\\Workspace\\beevmTests\\cute" "-ID:\\CPPEnv\\Workspace\\beevmTests\\boost" -O0 -g3 -Wall -c -fmessage-length=0 -o "Tests\\VMMemoryTest.o" "..\\Tests\\VMMemoryTest.cpp" 
..\Tests\VMMemoryTest.cpp:16:1: warning: multi-line comment [-Wcomment]
 // .data:10026058         ObjectFlag_reserved1 or ObjectFlag_zeroTermOrNamed or ObjectFlag_notIndexed,\
 ^
In file included from D:\CPPEnv\Workspace\beevmTests\boost/boost/bind/bind.hpp:29:0,
                 from D:\CPPEnv\Workspace\beevmTests\boost/boost/bind.hpp:22,
                 from D:\CPPEnv\Workspace\beevmTests\cute/cute_determine_library.h:37,
                 from D:\CPPEnv\Workspace\beevmTests\cute/cute_test.h:23,
                 from D:\CPPEnv\Workspace\beevmTests\cute/cute_suite.h:22,
                 from D:\CPPEnv\Workspace\beevmTests\cute/cute.h:29,
                 from ..\Tests\VMMemoryTest.cpp:2:
D:\CPPEnv\Workspace\beevmTests\boost/boost/bind/arg.hpp: In constructor 'boost::arg<I>::arg(const T&)':
D:\CPPEnv\Workspace\beevmTests\boost/boost/bind/arg.hpp:37:22: warning: typedef 'T_must_be_placeholder' locally defined but not used [-Wunused-local-typedefs]
         typedef char T_must_be_placeholder[ I == is_placeholder<T>::value? 1: -1 ];
                      ^
g++ -static-libgcc -static-libstdc++ -o beevmTests.exe "DataStructures\\GCSpace.o" "DataStructures\\GCSpaceInfo.o" "DataStructures\\ReferencedVMArray.o" "DataStructures\\VMArray.o" "DataStructures\\VMMemory.o" "Tests\\GCSpaceTest.o" "Tests\\GCSpaceTestInfo.o" "Tests\\VMArrayTest.o" "Tests\\VMMemoryTest.o" "src\\Test.o" 
Info: Nothing to build for beevmTests
15:07:38 **** Incremental Build of configuration Debug for project beevmTests ****
Info: Internal Builder is used for build
g++ "-ID:\\CPPEnv\\Workspace\\beevmTests\\cute" "-ID:\\CPPEnv\\Workspace\\beevmTests\\boost" -O0 -g3 -Wall -c -fmessage-length=0 -o "DataStructures\\VMMemory.o" "..\\DataStructures\\VMMemory.cpp" 
..\DataStructures\VMMemory.cpp:34:2: warning: multi-line comment [-Wcomment]
  // .data:10026058         ObjectFlag_reserved1 or ObjectFlag_zeroTermOrNamed or ObjectFlag_notIndexed,\
  ^
..\DataStructures\VMMemory.cpp: In function 'long unsigned int memoryAt(long unsigned int)':
..\DataStructures\VMMemory.cpp:23:1: warning: no return statement in function returning non-void [-Wreturn-type]
 }
 ^
..\DataStructures\VMMemory.cpp: In function 'ulong _basicSetSize(ulong*, ulong)':
..\DataStructures\VMMemory.cpp:135:1: warning: no return statement in function returning non-void [-Wreturn-type]
 }
 ^
..\DataStructures\VMMemory.cpp: In function 'bool _isProxy(ulong*)':
..\DataStructures\VMMemory.cpp:138:1: warning: no return statement in function returning non-void [-Wreturn-type]
 }
 ^
..\DataStructures\VMMemory.cpp: In function 'ulong* _proxee(ulong*)':
..\DataStructures\VMMemory.cpp:140:1: warning: no return statement in function returning non-void [-Wreturn-type]
 }
 ^
..\DataStructures\VMMemory.cpp: In function 'ulong _size(ulong*)':
..\DataStructures\VMMemory.cpp:142:1: warning: no return statement in function returning non-void [-Wreturn-type]
 }
 ^
..\DataStructures\VMMemory.cpp: In function 'ulong* _asObject(ulong*)':
..\DataStructures\VMMemory.cpp:146:1: warning: no return statement in function returning non-void [-Wreturn-type]
 }
 ^
..\DataStructures\VMMemory.cpp: In function 'ulong* _asPointer(ulong)':
..\DataStructures\VMMemory.cpp:148:1: warning: no return statement in function returning non-void [-Wreturn-type]
 }
 ^
..\DataStructures\VMMemory.cpp: In function 'ulong _basicSize(ulong*, ulong)':
..\DataStructures\VMMemory.cpp:150:1: warning: no return statement in function returning non-void [-Wreturn-type]
 }
 ^
..\DataStructures\VMMemory.cpp: In function 'ulong _beExtended(ulong*)':
..\DataStructures\VMMemory.cpp:152:1: warning: no return statement in function returning non-void [-Wreturn-type]
 }
 ^
..\DataStructures\VMMemory.cpp: In function 'ulong _decommit(ulong, ulong)':
..\DataStructures\VMMemory.cpp:155:1: warning: no return statement in function returning non-void [-Wreturn-type]
 }
 ^
..\DataStructures\VMMemory.cpp: In function 'ulong _extendedSize(ulong*, ulong)':
..\DataStructures\VMMemory.cpp:157:1: warning: no return statement in function returning non-void [-Wreturn-type]
 }
 ^
..\DataStructures\VMMemory.cpp: In function 'ulong _sizeInBytes(ulong*)':
..\DataStructures\VMMemory.cpp:159:1: warning: no return statement in function returning non-void [-Wreturn-type]
 }
 ^
..\DataStructures\VMMemory.cpp: In function 'ulong _headerSizeInBytes(ulong*)':
..\DataStructures\VMMemory.cpp:161:1: warning: no return statement in function returning non-void [-Wreturn-type]
 }
 ^
..\DataStructures\VMMemory.cpp: In function 'ulong _framePointer()':
..\DataStructures\VMMemory.cpp:163:1: warning: no return statement in function returning non-void [-Wreturn-type]
 }
 ^
..\DataStructures\VMMemory.cpp: In function 'bool isArray(ulong*)':
..\DataStructures\VMMemory.cpp:165:1: warning: no return statement in function returning non-void [-Wreturn-type]
 }
 ^
..\DataStructures\VMMemory.cpp: In function 'ulong size(ulong*)':
..\DataStructures\VMMemory.cpp:167:1: warning: no return statement in function returning non-void [-Wreturn-type]
 }
 ^
..\DataStructures\VMMemory.cpp: In function 'ulong asOop(ulong*)':
..\DataStructures\VMMemory.cpp:170:1: warning: no return statement in function returning non-void [-Wreturn-type]
 }
 ^
..\DataStructures\VMMemory.cpp: In function 'ulong oop(ulong*)':
..\DataStructures\VMMemory.cpp:173:1: warning: no return statement in function returning non-void [-Wreturn-type]
 }
 ^
g++ "-ID:\\CPPEnv\\Workspace\\beevmTests\\cute" "-ID:\\CPPEnv\\Workspace\\beevmTests\\boost" -O0 -g3 -Wall -c -fmessage-length=0 -o "Tests\\GCSpaceTest.o" "..\\Tests\\GCSpaceTest.cpp" 
In file included from ..\Tests\../DataStructures/GCSpace.h:10:0,
                 from ..\Tests\GCSpaceTest.cpp:1:
..\Tests\../DataStructures/GCSpaceInfo.h:25:28: warning: non-static data member initializers only available with -std=c++11 or -std=gnu++11 [enabled by default]
  const ulong sizeInBytes = 24;
                            ^
In file included from D:\CPPEnv\Workspace\beevmTests\boost/boost/bind/bind.hpp:29:0,
                 from D:\CPPEnv\Workspace\beevmTests\boost/boost/bind.hpp:22,
                 from D:\CPPEnv\Workspace\beevmTests\cute/cute_determine_library.h:37,
                 from D:\CPPEnv\Workspace\beevmTests\cute/cute_test.h:23,
                 from D:\CPPEnv\Workspace\beevmTests\cute/cute_suite.h:22,
                 from D:\CPPEnv\Workspace\beevmTests\cute/cute.h:29,
                 from ..\Tests\GCSpaceTest.cpp:2:
D:\CPPEnv\Workspace\beevmTests\boost/boost/bind/arg.hpp: In constructor 'boost::arg<I>::arg(const T&)':
D:\CPPEnv\Workspace\beevmTests\boost/boost/bind/arg.hpp:37:22: warning: typedef 'T_must_be_placeholder' locally defined but not used [-Wunused-local-typedefs]
         typedef char T_must_be_placeholder[ I == is_placeholder<T>::value? 1: -1 ];
                      ^
..\Tests\GCSpaceTest.cpp: In function 'ulong* mockArray()':
..\Tests\GCSpaceTest.cpp:91:21: warning: no return statement in function returning non-void [-Wreturn-type]
 ulong * mockArray(){}
                     ^
g++ "-ID:\\CPPEnv\\Workspace\\beevmTests\\cute" "-ID:\\CPPEnv\\Workspace\\beevmTests\\boost" -O0 -g3 -Wall -c -fmessage-length=0 -o "Tests\\VMMemoryTest.o" "..\\Tests\\VMMemoryTest.cpp" 
..\Tests\VMMemoryTest.cpp:16:1: warning: multi-line comment [-Wcomment]
 // .data:10026058         ObjectFlag_reserved1 or ObjectFlag_zeroTermOrNamed or ObjectFlag_notIndexed,\
 ^
In file included from D:\CPPEnv\Workspace\beevmTests\boost/boost/bind/bind.hpp:29:0,
                 from D:\CPPEnv\Workspace\beevmTests\boost/boost/bind.hpp:22,
                 from D:\CPPEnv\Workspace\beevmTests\cute/cute_determine_library.h:37,
                 from D:\CPPEnv\Workspace\beevmTests\cute/cute_test.h:23,
                 from D:\CPPEnv\Workspace\beevmTests\cute/cute_suite.h:22,
                 from D:\CPPEnv\Workspace\beevmTests\cute/cute.h:29,
                 from ..\Tests\VMMemoryTest.cpp:2:
D:\CPPEnv\Workspace\beevmTests\boost/boost/bind/arg.hpp: In constructor 'boost::arg<I>::arg(const T&)':
D:\CPPEnv\Workspace\beevmTests\boost/boost/bind/arg.hpp:37:22: warning: typedef 'T_must_be_placeholder' locally defined but not used [-Wunused-local-typedefs]
         typedef char T_must_be_placeholder[ I == is_placeholder<T>::value? 1: -1 ];
                      ^
g++ "-ID:\\CPPEnv\\Workspace\\beevmTests\\cute" "-ID:\\CPPEnv\\Workspace\\beevmTests\\boost" -O0 -g3 -Wall -c -fmessage-length=0 -o "DataStructures\\GCSpace.o" "..\\DataStructures\\GCSpace.cpp" 
In file included from ..\DataStructures\GCSpace.h:10:0,
                 from ..\DataStructures\GCSpace.cpp:9:
..\DataStructures\GCSpaceInfo.h:25:28: warning: non-static data member initializers only available with -std=c++11 or -std=gnu++11 [enabled by default]
  const ulong sizeInBytes = 24;
                            ^
..\DataStructures\GCSpace.cpp: In member function 'ulong* Bee::GCSpace::shallowCopyGrowingTo(ulong*, ulong)':
..\DataStructures\GCSpace.cpp:135:43: warning: comparison between signed and unsigned integer expressions [-Wsign-compare]
  for (int index = -1; index <= _size(array); index++) {
                                           ^
..\DataStructures\GCSpace.cpp:143:48: warning: comparison between signed and unsigned integer expressions [-Wsign-compare]
  for (int index = (_size(array) + 1); index <= newSize; index++) {
                                                ^
g++ -static-libgcc -static-libstdc++ -o beevmTests.exe "DataStructures\\GCSpace.o" "DataStructures\\GCSpaceInfo.o" "DataStructures\\ReferencedVMArray.o" "DataStructures\\VMArray.o" "DataStructures\\VMMemory.o" "Tests\\GCSpaceTest.o" "Tests\\GCSpaceTestInfo.o" "Tests\\VMArrayTest.o" "Tests\\VMMemoryTest.o" "src\\Test.o" 
Info: Nothing to build for beevmTests
15:07:56 **** Incremental Build of configuration Debug for project beevmTests ****
Info: Internal Builder is used for build
g++ "-ID:\\CPPEnv\\Workspace\\beevmTests\\cute" "-ID:\\CPPEnv\\Workspace\\beevmTests\\boost" -O0 -g3 -Wall -c -fmessage-length=0 -o "Tests\\GCSpaceTest.o" "..\\Tests\\GCSpaceTest.cpp" 
In file included from ..\Tests\../DataStructures/GCSpace.h:10:0,
                 from ..\Tests\GCSpaceTest.cpp:1:
..\Tests\../DataStructures/GCSpaceInfo.h:25:28: warning: non-static data member initializers only available with -std=c++11 or -std=gnu++11 [enabled by default]
  const ulong sizeInBytes = 24;
                            ^
In file included from D:\CPPEnv\Workspace\beevmTests\boost/boost/bind/bind.hpp:29:0,
                 from D:\CPPEnv\Workspace\beevmTests\boost/boost/bind.hpp:22,
                 from D:\CPPEnv\Workspace\beevmTests\cute/cute_determine_library.h:37,
                 from D:\CPPEnv\Workspace\beevmTests\cute/cute_test.h:23,
                 from D:\CPPEnv\Workspace\beevmTests\cute/cute_suite.h:22,
                 from D:\CPPEnv\Workspace\beevmTests\cute/cute.h:29,
                 from ..\Tests\GCSpaceTest.cpp:2:
D:\CPPEnv\Workspace\beevmTests\boost/boost/bind/arg.hpp: In constructor 'boost::arg<I>::arg(const T&)':
D:\CPPEnv\Workspace\beevmTests\boost/boost/bind/arg.hpp:37:22: warning: typedef 'T_must_be_placeholder' locally defined but not used [-Wunused-local-typedefs]
         typedef char T_must_be_placeholder[ I == is_placeholder<T>::value? 1: -1 ];
                      ^
..\Tests\GCSpaceTest.cpp: In function 'ulong* mockArray()':
..\Tests\GCSpaceTest.cpp:91:21: warning: no return statement in function returning non-void [-Wreturn-type]
 ulong * mockArray(){}
                     ^
g++ "-ID:\\CPPEnv\\Workspace\\beevmTests\\cute" "-ID:\\CPPEnv\\Workspace\\beevmTests\\boost" -O0 -g3 -Wall -c -fmessage-length=0 -o "DataStructures\\VMMemory.o" "..\\DataStructures\\VMMemory.cpp" 
..\DataStructures\VMMemory.cpp:34:2: warning: multi-line comment [-Wcomment]
  // .data:10026058         ObjectFlag_reserved1 or ObjectFlag_zeroTermOrNamed or ObjectFlag_notIndexed,\
  ^
..\DataStructures\VMMemory.cpp: In function 'long unsigned int memoryAt(long unsigned int)':
..\DataStructures\VMMemory.cpp:23:1: warning: no return statement in function returning non-void [-Wreturn-type]
 }
 ^
..\DataStructures\VMMemory.cpp: In function 'ulong _basicSetSize(ulong*, ulong)':
..\DataStructures\VMMemory.cpp:135:1: warning: no return statement in function returning non-void [-Wreturn-type]
 }
 ^
..\DataStructures\VMMemory.cpp: In function 'bool _isProxy(ulong*)':
..\DataStructures\VMMemory.cpp:138:1: warning: no return statement in function returning non-void [-Wreturn-type]
 }
 ^
..\DataStructures\VMMemory.cpp: In function 'ulong* _proxee(ulong*)':
..\DataStructures\VMMemory.cpp:140:1: warning: no return statement in function returning non-void [-Wreturn-type]
 }
 ^
..\DataStructures\VMMemory.cpp: In function 'ulong _size(ulong*)':
..\DataStructures\VMMemory.cpp:142:1: warning: no return statement in function returning non-void [-Wreturn-type]
 }
 ^
..\DataStructures\VMMemory.cpp: In function 'ulong* _asObject(ulong*)':
..\DataStructures\VMMemory.cpp:146:1: warning: no return statement in function returning non-void [-Wreturn-type]
 }
 ^
..\DataStructures\VMMemory.cpp: In function 'ulong* _asPointer(ulong)':
..\DataStructures\VMMemory.cpp:148:1: warning: no return statement in function returning non-void [-Wreturn-type]
 }
 ^
..\DataStructures\VMMemory.cpp: In function 'ulong _basicSize(ulong*, ulong)':
..\DataStructures\VMMemory.cpp:150:1: warning: no return statement in function returning non-void [-Wreturn-type]
 }
 ^
..\DataStructures\VMMemory.cpp: In function 'ulong _beExtended(ulong*)':
..\DataStructures\VMMemory.cpp:152:1: warning: no return statement in function returning non-void [-Wreturn-type]
 }
 ^
..\DataStructures\VMMemory.cpp: In function 'ulong _decommit(ulong, ulong)':
..\DataStructures\VMMemory.cpp:155:1: warning: no return statement in function returning non-void [-Wreturn-type]
 }
 ^
..\DataStructures\VMMemory.cpp: In function 'ulong _extendedSize(ulong*, ulong)':
..\DataStructures\VMMemory.cpp:157:1: warning: no return statement in function returning non-void [-Wreturn-type]
 }
 ^
..\DataStructures\VMMemory.cpp: In function 'ulong _sizeInBytes(ulong*)':
..\DataStructures\VMMemory.cpp:159:1: warning: no return statement in function returning non-void [-Wreturn-type]
 }
 ^
..\DataStructures\VMMemory.cpp: In function 'ulong _headerSizeInBytes(ulong*)':
..\DataStructures\VMMemory.cpp:161:1: warning: no return statement in function returning non-void [-Wreturn-type]
 }
 ^
..\DataStructures\VMMemory.cpp: In function 'ulong _framePointer()':
..\DataStructures\VMMemory.cpp:163:1: warning: no return statement in function returning non-void [-Wreturn-type]
 }
 ^
..\DataStructures\VMMemory.cpp: In function 'bool isArray(ulong*)':
..\DataStructures\VMMemory.cpp:165:1: warning: no return statement in function returning non-void [-Wreturn-type]
 }
 ^
..\DataStructures\VMMemory.cpp: In function 'ulong size(ulong*)':
..\DataStructures\VMMemory.cpp:167:1: warning: no return statement in function returning non-void [-Wreturn-type]
 }
 ^
..\DataStructures\VMMemory.cpp: In function 'ulong asOop(ulong*)':
..\DataStructures\VMMemory.cpp:170:1: warning: no return statement in function returning non-void [-Wreturn-type]
 }
 ^
..\DataStructures\VMMemory.cpp: In function 'ulong oop(ulong*)':
..\DataStructures\VMMemory.cpp:173:1: warning: no return statement in function returning non-void [-Wreturn-type]
 }
 ^
g++ "-ID:\\CPPEnv\\Workspace\\beevmTests\\cute" "-ID:\\CPPEnv\\Workspace\\beevmTests\\boost" -O0 -g3 -Wall -c -fmessage-length=0 -o "DataStructures\\GCSpace.o" "..\\DataStructures\\GCSpace.cpp" 
In file included from ..\DataStructures\GCSpace.h:10:0,
                 from ..\DataStructures\GCSpace.cpp:9:
..\DataStructures\GCSpaceInfo.h:25:28: warning: non-static data member initializers only available with -std=c++11 or -std=gnu++11 [enabled by default]
  const ulong sizeInBytes = 24;
                            ^
..\DataStructures\GCSpace.cpp: In member function 'ulong* Bee::GCSpace::shallowCopyGrowingTo(ulong*, ulong)':
..\DataStructures\GCSpace.cpp:135:43: warning: comparison between signed and unsigned integer expressions [-Wsign-compare]
  for (int index = -1; index <= _size(array); index++) {
                                           ^
..\DataStructures\GCSpace.cpp:143:48: warning: comparison between signed and unsigned integer expressions [-Wsign-compare]
  for (int index = (_size(array) + 1); index <= newSize; index++) {
                                                ^
g++ "-ID:\\CPPEnv\\Workspace\\beevmTests\\cute" "-ID:\\CPPEnv\\Workspace\\beevmTests\\boost" -O0 -g3 -Wall -c -fmessage-length=0 -o "Tests\\VMMemoryTest.o" "..\\Tests\\VMMemoryTest.cpp" 
..\Tests\VMMemoryTest.cpp:16:1: warning: multi-line comment [-Wcomment]
 // .data:10026058         ObjectFlag_reserved1 or ObjectFlag_zeroTermOrNamed or ObjectFlag_notIndexed,\
 ^
In file included from D:\CPPEnv\Workspace\beevmTests\boost/boost/bind/bind.hpp:29:0,
                 from D:\CPPEnv\Workspace\beevmTests\boost/boost/bind.hpp:22,
                 from D:\CPPEnv\Workspace\beevmTests\cute/cute_determine_library.h:37,
                 from D:\CPPEnv\Workspace\beevmTests\cute/cute_test.h:23,
                 from D:\CPPEnv\Workspace\beevmTests\cute/cute_suite.h:22,
                 from D:\CPPEnv\Workspace\beevmTests\cute/cute.h:29,
                 from ..\Tests\VMMemoryTest.cpp:2:
D:\CPPEnv\Workspace\beevmTests\boost/boost/bind/arg.hpp: In constructor 'boost::arg<I>::arg(const T&)':
D:\CPPEnv\Workspace\beevmTests\boost/boost/bind/arg.hpp:37:22: warning: typedef 'T_must_be_placeholder' locally defined but not used [-Wunused-local-typedefs]
         typedef char T_must_be_placeholder[ I == is_placeholder<T>::value? 1: -1 ];
                      ^
g++ -static-libgcc -static-libstdc++ -o beevmTests.exe "DataStructures\\GCSpace.o" "DataStructures\\GCSpaceInfo.o" "DataStructures\\ReferencedVMArray.o" "DataStructures\\VMArray.o" "DataStructures\\VMMemory.o" "Tests\\GCSpaceTest.o" "Tests\\GCSpaceTestInfo.o" "Tests\\VMArrayTest.o" "Tests\\VMMemoryTest.o" "src\\Test.o" 
Info: Nothing to build for beevmTests
15:11:38 **** Incremental Build of configuration Debug for project beevmTests ****
Info: Internal Builder is used for build
g++ "-ID:\\CPPEnv\\Workspace\\beevmTests\\cute" "-ID:\\CPPEnv\\Workspace\\beevmTests\\boost" -O0 -g3 -Wall -c -fmessage-length=0 -o "DataStructures\\GCSpace.o" "..\\DataStructures\\GCSpace.cpp" 
In file included from ..\DataStructures\GCSpace.h:10:0,
                 from ..\DataStructures\GCSpace.cpp:9:
..\DataStructures\GCSpaceInfo.h:25:28: warning: non-static data member initializers only available with -std=c++11 or -std=gnu++11 [enabled by default]
  const ulong sizeInBytes = 24;
                            ^
..\DataStructures\GCSpace.cpp: In member function 'ulong* Bee::GCSpace::shallowCopyGrowingTo(ulong*, ulong)':
..\DataStructures\GCSpace.cpp:135:43: warning: comparison between signed and unsigned integer expressions [-Wsign-compare]
  for (int index = -1; index <= _size(array); index++) {
                                           ^
..\DataStructures\GCSpace.cpp:143:48: warning: comparison between signed and unsigned integer expressions [-Wsign-compare]
  for (int index = (_size(array) + 1); index <= newSize; index++) {
                                                ^
g++ "-ID:\\CPPEnv\\Workspace\\beevmTests\\cute" "-ID:\\CPPEnv\\Workspace\\beevmTests\\boost" -O0 -g3 -Wall -c -fmessage-length=0 -o "DataStructures\\VMMemory.o" "..\\DataStructures\\VMMemory.cpp" 
..\DataStructures\VMMemory.cpp:34:2: warning: multi-line comment [-Wcomment]
  // .data:10026058         ObjectFlag_reserved1 or ObjectFlag_zeroTermOrNamed or ObjectFlag_notIndexed,\
  ^
..\DataStructures\VMMemory.cpp: In function 'long unsigned int memoryAt(long unsigned int)':
..\DataStructures\VMMemory.cpp:23:1: warning: no return statement in function returning non-void [-Wreturn-type]
 }
 ^
..\DataStructures\VMMemory.cpp: In function 'ulong _basicSetSize(ulong*, ulong)':
..\DataStructures\VMMemory.cpp:135:1: warning: no return statement in function returning non-void [-Wreturn-type]
 }
 ^
..\DataStructures\VMMemory.cpp: In function 'bool _isProxy(ulong*)':
..\DataStructures\VMMemory.cpp:138:1: warning: no return statement in function returning non-void [-Wreturn-type]
 }
 ^
..\DataStructures\VMMemory.cpp: In function 'ulong* _proxee(ulong*)':
..\DataStructures\VMMemory.cpp:140:1: warning: no return statement in function returning non-void [-Wreturn-type]
 }
 ^
..\DataStructures\VMMemory.cpp: In function 'ulong _size(ulong*)':
..\DataStructures\VMMemory.cpp:142:1: warning: no return statement in function returning non-void [-Wreturn-type]
 }
 ^
..\DataStructures\VMMemory.cpp: In function 'ulong* _asObject(ulong*)':
..\DataStructures\VMMemory.cpp:146:1: warning: no return statement in function returning non-void [-Wreturn-type]
 }
 ^
..\DataStructures\VMMemory.cpp: In function 'ulong* _asPointer(ulong)':
..\DataStructures\VMMemory.cpp:148:1: warning: no return statement in function returning non-void [-Wreturn-type]
 }
 ^
..\DataStructures\VMMemory.cpp: In function 'ulong _basicSize(ulong*, ulong)':
..\DataStructures\VMMemory.cpp:150:1: warning: no return statement in function returning non-void [-Wreturn-type]
 }
 ^
..\DataStructures\VMMemory.cpp: In function 'ulong _beExtended(ulong*)':
..\DataStructures\VMMemory.cpp:152:1: warning: no return statement in function returning non-void [-Wreturn-type]
 }
 ^
..\DataStructures\VMMemory.cpp: In function 'ulong _decommit(ulong, ulong)':
..\DataStructures\VMMemory.cpp:155:1: warning: no return statement in function returning non-void [-Wreturn-type]
 }
 ^
..\DataStructures\VMMemory.cpp: In function 'ulong _extendedSize(ulong*, ulong)':
..\DataStructures\VMMemory.cpp:157:1: warning: no return statement in function returning non-void [-Wreturn-type]
 }
 ^
..\DataStructures\VMMemory.cpp: In function 'ulong _sizeInBytes(ulong*)':
..\DataStructures\VMMemory.cpp:159:1: warning: no return statement in function returning non-void [-Wreturn-type]
 }
 ^
..\DataStructures\VMMemory.cpp: In function 'ulong _headerSizeInBytes(ulong*)':
..\DataStructures\VMMemory.cpp:161:1: warning: no return statement in function returning non-void [-Wreturn-type]
 }
 ^
..\DataStructures\VMMemory.cpp: In function 'ulong _framePointer()':
..\DataStructures\VMMemory.cpp:163:1: warning: no return statement in function returning non-void [-Wreturn-type]
 }
 ^
..\DataStructures\VMMemory.cpp: In function 'bool isArray(ulong*)':
..\DataStructures\VMMemory.cpp:165:1: warning: no return statement in function returning non-void [-Wreturn-type]
 }
 ^
..\DataStructures\VMMemory.cpp: In function 'ulong size(ulong*)':
..\DataStructures\VMMemory.cpp:167:1: warning: no return statement in function returning non-void [-Wreturn-type]
 }
 ^
..\DataStructures\VMMemory.cpp: In function 'ulong asOop(ulong*)':
..\DataStructures\VMMemory.cpp:170:1: warning: no return statement in function returning non-void [-Wreturn-type]
 }
 ^
..\DataStructures\VMMemory.cpp: In function 'ulong oop(ulong*)':
..\DataStructures\VMMemory.cpp:173:1: warning: no return statement in function returning non-void [-Wreturn-type]
 }
 ^
g++ "-ID:\\CPPEnv\\Workspace\\beevmTests\\cute" "-ID:\\CPPEnv\\Workspace\\beevmTests\\boost" -O0 -g3 -Wall -c -fmessage-length=0 -o "Tests\\GCSpaceTest.o" "..\\Tests\\GCSpaceTest.cpp" 
In file included from ..\Tests\../DataStructures/GCSpace.h:10:0,
                 from ..\Tests\GCSpaceTest.cpp:1:
..\Tests\../DataStructures/GCSpaceInfo.h:25:28: warning: non-static data member initializers only available with -std=c++11 or -std=gnu++11 [enabled by default]
  const ulong sizeInBytes = 24;
                            ^
In file included from D:\CPPEnv\Workspace\beevmTests\boost/boost/bind/bind.hpp:29:0,
                 from D:\CPPEnv\Workspace\beevmTests\boost/boost/bind.hpp:22,
                 from D:\CPPEnv\Workspace\beevmTests\cute/cute_determine_library.h:37,
                 from D:\CPPEnv\Workspace\beevmTests\cute/cute_test.h:23,
                 from D:\CPPEnv\Workspace\beevmTests\cute/cute_suite.h:22,
                 from D:\CPPEnv\Workspace\beevmTests\cute/cute.h:29,
                 from ..\Tests\GCSpaceTest.cpp:2:
D:\CPPEnv\Workspace\beevmTests\boost/boost/bind/arg.hpp: In constructor 'boost::arg<I>::arg(const T&)':
D:\CPPEnv\Workspace\beevmTests\boost/boost/bind/arg.hpp:37:22: warning: typedef 'T_must_be_placeholder' locally defined but not used [-Wunused-local-typedefs]
         typedef char T_must_be_placeholder[ I == is_placeholder<T>::value? 1: -1 ];
                      ^
..\Tests\GCSpaceTest.cpp: In function 'ulong* mockArray()':
..\Tests\GCSpaceTest.cpp:91:21: warning: no return statement in function returning non-void [-Wreturn-type]
 ulong * mockArray(){}
                     ^
g++ "-ID:\\CPPEnv\\Workspace\\beevmTests\\cute" "-ID:\\CPPEnv\\Workspace\\beevmTests\\boost" -O0 -g3 -Wall -c -fmessage-length=0 -o "Tests\\VMMemoryTest.o" "..\\Tests\\VMMemoryTest.cpp" 
..\Tests\VMMemoryTest.cpp:16:1: warning: multi-line comment [-Wcomment]
 // .data:10026058         ObjectFlag_reserved1 or ObjectFlag_zeroTermOrNamed or ObjectFlag_notIndexed,\
 ^
In file included from D:\CPPEnv\Workspace\beevmTests\boost/boost/bind/bind.hpp:29:0,
                 from D:\CPPEnv\Workspace\beevmTests\boost/boost/bind.hpp:22,
                 from D:\CPPEnv\Workspace\beevmTests\cute/cute_determine_library.h:37,
                 from D:\CPPEnv\Workspace\beevmTests\cute/cute_test.h:23,
                 from D:\CPPEnv\Workspace\beevmTests\cute/cute_suite.h:22,
                 from D:\CPPEnv\Workspace\beevmTests\cute/cute.h:29,
                 from ..\Tests\VMMemoryTest.cpp:2:
D:\CPPEnv\Workspace\beevmTests\boost/boost/bind/arg.hpp: In constructor 'boost::arg<I>::arg(const T&)':
D:\CPPEnv\Workspace\beevmTests\boost/boost/bind/arg.hpp:37:22: warning: typedef 'T_must_be_placeholder' locally defined but not used [-Wunused-local-typedefs]
         typedef char T_must_be_placeholder[ I == is_placeholder<T>::value? 1: -1 ];
                      ^
g++ -static-libgcc -static-libstdc++ -o beevmTests.exe "DataStructures\\GCSpace.o" "DataStructures\\GCSpaceInfo.o" "DataStructures\\ReferencedVMArray.o" "DataStructures\\VMArray.o" "DataStructures\\VMMemory.o" "Tests\\GCSpaceTest.o" "Tests\\GCSpaceTestInfo.o" "Tests\\VMArrayTest.o" "Tests\\VMMemoryTest.o" "src\\Test.o" 
Info: Nothing to build for beevmTests
15:36:59 **** Incremental Build of configuration Debug for project beevmTests ****
Info: Internal Builder is used for build
g++ "-ID:\\CPPEnv\\Workspace\\beevmTests\\cute" "-ID:\\CPPEnv\\Workspace\\beevmTests\\boost" -O0 -g3 -Wall -c -fmessage-length=0 -o "Tests\\VMMemoryTest.o" "..\\Tests\\VMMemoryTest.cpp" 
..\Tests\VMMemoryTest.cpp:16:1: warning: multi-line comment [-Wcomment]
 // .data:10026058         ObjectFlag_reserved1 or ObjectFlag_zeroTermOrNamed or ObjectFlag_notIndexed,\
 ^
In file included from D:\CPPEnv\Workspace\beevmTests\boost/boost/bind/bind.hpp:29:0,
                 from D:\CPPEnv\Workspace\beevmTests\boost/boost/bind.hpp:22,
                 from D:\CPPEnv\Workspace\beevmTests\cute/cute_determine_library.h:37,
                 from D:\CPPEnv\Workspace\beevmTests\cute/cute_test.h:23,
                 from D:\CPPEnv\Workspace\beevmTests\cute/cute_suite.h:22,
                 from D:\CPPEnv\Workspace\beevmTests\cute/cute.h:29,
                 from ..\Tests\VMMemoryTest.cpp:2:
D:\CPPEnv\Workspace\beevmTests\boost/boost/bind/arg.hpp: In constructor 'boost::arg<I>::arg(const T&)':
D:\CPPEnv\Workspace\beevmTests\boost/boost/bind/arg.hpp:37:22: warning: typedef 'T_must_be_placeholder' locally defined but not used [-Wunused-local-typedefs]
         typedef char T_must_be_placeholder[ I == is_placeholder<T>::value? 1: -1 ];
                      ^
g++ -static-libgcc -static-libstdc++ -o beevmTests.exe "DataStructures\\GCSpace.o" "DataStructures\\GCSpaceInfo.o" "DataStructures\\ReferencedVMArray.o" "DataStructures\\VMArray.o" "DataStructures\\VMMemory.o" "Tests\\GCSpaceTest.o" "Tests\\GCSpaceTestInfo.o" "Tests\\VMArrayTest.o" "Tests\\VMMemoryTest.o" "src\\Test.o" 
Info: Nothing to build for beevmTests
15:38:34 **** Incremental Build of configuration Debug for project beevmTests ****
Info: Internal Builder is used for build
g++ "-ID:\\CPPEnv\\Workspace\\beevmTests\\cute" "-ID:\\CPPEnv\\Workspace\\beevmTests\\boost" -O0 -g3 -Wall -c -fmessage-length=0 -o "Tests\\VMMemoryTest.o" "..\\Tests\\VMMemoryTest.cpp" 
..\Tests\VMMemoryTest.cpp:16:1: warning: multi-line comment [-Wcomment]
 // .data:10026058         ObjectFlag_reserved1 or ObjectFlag_zeroTermOrNamed or ObjectFlag_notIndexed,\
 ^
In file included from D:\CPPEnv\Workspace\beevmTests\boost/boost/bind/bind.hpp:29:0,
                 from D:\CPPEnv\Workspace\beevmTests\boost/boost/bind.hpp:22,
                 from D:\CPPEnv\Workspace\beevmTests\cute/cute_determine_library.h:37,
                 from D:\CPPEnv\Workspace\beevmTests\cute/cute_test.h:23,
                 from D:\CPPEnv\Workspace\beevmTests\cute/cute_suite.h:22,
                 from D:\CPPEnv\Workspace\beevmTests\cute/cute.h:29,
                 from ..\Tests\VMMemoryTest.cpp:2:
D:\CPPEnv\Workspace\beevmTests\boost/boost/bind/arg.hpp: In constructor 'boost::arg<I>::arg(const T&)':
D:\CPPEnv\Workspace\beevmTests\boost/boost/bind/arg.hpp:37:22: warning: typedef 'T_must_be_placeholder' locally defined but not used [-Wunused-local-typedefs]
         typedef char T_must_be_placeholder[ I == is_placeholder<T>::value? 1: -1 ];
                      ^
g++ -static-libgcc -static-libstdc++ -o beevmTests.exe "DataStructures\\GCSpace.o" "DataStructures\\GCSpaceInfo.o" "DataStructures\\ReferencedVMArray.o" "DataStructures\\VMArray.o" "DataStructures\\VMMemory.o" "Tests\\GCSpaceTest.o" "Tests\\GCSpaceTestInfo.o" "Tests\\VMArrayTest.o" "Tests\\VMMemoryTest.o" "src\\Test.o" 
Info: Nothing to build for beevmTests
15:39:22 **** Incremental Build of configuration Debug for project beevmTests ****
Info: Internal Builder is used for build
g++ "-ID:\\CPPEnv\\Workspace\\beevmTests\\cute" "-ID:\\CPPEnv\\Workspace\\beevmTests\\boost" -O0 -g3 -Wall -c -fmessage-length=0 -o "Tests\\VMMemoryTest.o" "..\\Tests\\VMMemoryTest.cpp" 
..\Tests\VMMemoryTest.cpp:16:1: warning: multi-line comment [-Wcomment]
 // .data:10026058         ObjectFlag_reserved1 or ObjectFlag_zeroTermOrNamed or ObjectFlag_notIndexed,\
 ^
In file included from D:\CPPEnv\Workspace\beevmTests\boost/boost/bind/bind.hpp:29:0,
                 from D:\CPPEnv\Workspace\beevmTests\boost/boost/bind.hpp:22,
                 from D:\CPPEnv\Workspace\beevmTests\cute/cute_determine_library.h:37,
                 from D:\CPPEnv\Workspace\beevmTests\cute/cute_test.h:23,
                 from D:\CPPEnv\Workspace\beevmTests\cute/cute_suite.h:22,
                 from D:\CPPEnv\Workspace\beevmTests\cute/cute.h:29,
                 from ..\Tests\VMMemoryTest.cpp:2:
D:\CPPEnv\Workspace\beevmTests\boost/boost/bind/arg.hpp: In constructor 'boost::arg<I>::arg(const T&)':
D:\CPPEnv\Workspace\beevmTests\boost/boost/bind/arg.hpp:37:22: warning: typedef 'T_must_be_placeholder' locally defined but not used [-Wunused-local-typedefs]
         typedef char T_must_be_placeholder[ I == is_placeholder<T>::value? 1: -1 ];
                      ^
g++ -static-libgcc -static-libstdc++ -o beevmTests.exe "DataStructures\\GCSpace.o" "DataStructures\\GCSpaceInfo.o" "DataStructures\\ReferencedVMArray.o" "DataStructures\\VMArray.o" "DataStructures\\VMMemory.o" "Tests\\GCSpaceTest.o" "Tests\\GCSpaceTestInfo.o" "Tests\\VMArrayTest.o" "Tests\\VMMemoryTest.o" "src\\Test.o" 
Info: Nothing to build for beevmTests
15:43:16 **** Incremental Build of configuration Debug for project beevmTests ****
Info: Internal Builder is used for build
g++ "-ID:\\CPPEnv\\Workspace\\beevmTests\\cute" "-ID:\\CPPEnv\\Workspace\\beevmTests\\boost" -O0 -g3 -Wall -c -fmessage-length=0 -o "DataStructures\\VMMemory.o" "..\\DataStructures\\VMMemory.cpp" 
..\DataStructures\VMMemory.cpp:34:2: warning: multi-line comment [-Wcomment]
  // .data:10026058         ObjectFlag_reserved1 or ObjectFlag_zeroTermOrNamed or ObjectFlag_notIndexed,\
  ^
In file included from ..\DataStructures\VMMemory.cpp:7:0:
..\DataStructures\VMMemory.h:16:15: warning: unknown action 'psuh' for '#pragma pack' - ignored [-Wpragmas]
 #pragma pack (psuh,1)
               ^
..\DataStructures\VMMemory.h:23:18: warning: #pragma pack (pop) encountered without matching #pragma pack (push) [-Wpragmas]
 #pragma pack (pop)
                  ^
..\DataStructures\VMMemory.cpp: In function 'long unsigned int memoryAt(long unsigned int)':
..\DataStructures\VMMemory.cpp:23:1: warning: no return statement in function returning non-void [-Wreturn-type]
 }
 ^
..\DataStructures\VMMemory.cpp: In function 'ulong _basicSetSize(ulong*, ulong)':
..\DataStructures\VMMemory.cpp:135:1: warning: no return statement in function returning non-void [-Wreturn-type]
 }
 ^
..\DataStructures\VMMemory.cpp: In function 'bool _isProxy(ulong*)':
..\DataStructures\VMMemory.cpp:138:1: warning: no return statement in function returning non-void [-Wreturn-type]
 }
 ^
..\DataStructures\VMMemory.cpp: In function 'ulong* _proxee(ulong*)':
..\DataStructures\VMMemory.cpp:140:1: warning: no return statement in function returning non-void [-Wreturn-type]
 }
 ^
..\DataStructures\VMMemory.cpp: In function 'ulong _size(ulong*)':
..\DataStructures\VMMemory.cpp:142:1: warning: no return statement in function returning non-void [-Wreturn-type]
 }
 ^
..\DataStructures\VMMemory.cpp: In function 'ulong* _asObject(ulong*)':
..\DataStructures\VMMemory.cpp:146:1: warning: no return statement in function returning non-void [-Wreturn-type]
 }
 ^
..\DataStructures\VMMemory.cpp: In function 'ulong* _asPointer(ulong)':
..\DataStructures\VMMemory.cpp:148:1: warning: no return statement in function returning non-void [-Wreturn-type]
 }
 ^
..\DataStructures\VMMemory.cpp: In function 'ulong _basicSize(ulong*, ulong)':
..\DataStructures\VMMemory.cpp:150:1: warning: no return statement in function returning non-void [-Wreturn-type]
 }
 ^
..\DataStructures\VMMemory.cpp: In function 'ulong _beExtended(ulong*)':
..\DataStructures\VMMemory.cpp:152:1: warning: no return statement in function returning non-void [-Wreturn-type]
 }
 ^
..\DataStructures\VMMemory.cpp: In function 'ulong _decommit(ulong, ulong)':
..\DataStructures\VMMemory.cpp:155:1: warning: no return statement in function returning non-void [-Wreturn-type]
 }
 ^
..\DataStructures\VMMemory.cpp: In function 'ulong _extendedSize(ulong*, ulong)':
..\DataStructures\VMMemory.cpp:157:1: warning: no return statement in function returning non-void [-Wreturn-type]
 }
 ^
..\DataStructures\VMMemory.cpp: In function 'ulong _sizeInBytes(ulong*)':
..\DataStructures\VMMemory.cpp:159:1: warning: no return statement in function returning non-void [-Wreturn-type]
 }
 ^
..\DataStructures\VMMemory.cpp: In function 'ulong _headerSizeInBytes(ulong*)':
..\DataStructures\VMMemory.cpp:161:1: warning: no return statement in function returning non-void [-Wreturn-type]
 }
 ^
..\DataStructures\VMMemory.cpp: In function 'ulong _framePointer()':
..\DataStructures\VMMemory.cpp:163:1: warning: no return statement in function returning non-void [-Wreturn-type]
 }
 ^
..\DataStructures\VMMemory.cpp: In function 'bool isArray(ulong*)':
..\DataStructures\VMMemory.cpp:165:1: warning: no return statement in function returning non-void [-Wreturn-type]
 }
 ^
..\DataStructures\VMMemory.cpp: In function 'ulong size(ulong*)':
..\DataStructures\VMMemory.cpp:167:1: warning: no return statement in function returning non-void [-Wreturn-type]
 }
 ^
..\DataStructures\VMMemory.cpp: In function 'ulong asOop(ulong*)':
..\DataStructures\VMMemory.cpp:170:1: warning: no return statement in function returning non-void [-Wreturn-type]
 }
 ^
..\DataStructures\VMMemory.cpp: In function 'ulong oop(ulong*)':
..\DataStructures\VMMemory.cpp:173:1: warning: no return statement in function returning non-void [-Wreturn-type]
 }
 ^
g++ "-ID:\\CPPEnv\\Workspace\\beevmTests\\cute" "-ID:\\CPPEnv\\Workspace\\beevmTests\\boost" -O0 -g3 -Wall -c -fmessage-length=0 -o "Tests\\VMMemoryTest.o" "..\\Tests\\VMMemoryTest.cpp" 
..\Tests\VMMemoryTest.cpp:16:1: warning: multi-line comment [-Wcomment]
 // .data:10026058         ObjectFlag_reserved1 or ObjectFlag_zeroTermOrNamed or ObjectFlag_notIndexed,\
 ^
In file included from ..\Tests\VMMemoryTest.cpp:1:0:
..\Tests\../DataStructures/VMMemory.h:16:15: warning: unknown action 'psuh' for '#pragma pack' - ignored [-Wpragmas]
 #pragma pack (psuh,1)
               ^
..\Tests\../DataStructures/VMMemory.h:23:18: warning: #pragma pack (pop) encountered without matching #pragma pack (push) [-Wpragmas]
 #pragma pack (pop)
                  ^
In file included from D:\CPPEnv\Workspace\beevmTests\boost/boost/bind/bind.hpp:29:0,
                 from D:\CPPEnv\Workspace\beevmTests\boost/boost/bind.hpp:22,
                 from D:\CPPEnv\Workspace\beevmTests\cute/cute_determine_library.h:37,
                 from D:\CPPEnv\Workspace\beevmTests\cute/cute_test.h:23,
                 from D:\CPPEnv\Workspace\beevmTests\cute/cute_suite.h:22,
                 from D:\CPPEnv\Workspace\beevmTests\cute/cute.h:29,
                 from ..\Tests\VMMemoryTest.cpp:2:
D:\CPPEnv\Workspace\beevmTests\boost/boost/bind/arg.hpp: In constructor 'boost::arg<I>::arg(const T&)':
D:\CPPEnv\Workspace\beevmTests\boost/boost/bind/arg.hpp:37:22: warning: typedef 'T_must_be_placeholder' locally defined but not used [-Wunused-local-typedefs]
         typedef char T_must_be_placeholder[ I == is_placeholder<T>::value? 1: -1 ];
                      ^
In file included from D:\CPPEnv\Workspace\beevmTests\cute/cute.h:24:0,
                 from ..\Tests\VMMemoryTest.cpp:2:
..\Tests\VMMemoryTest.cpp: In function 'void headerOf()':
..\Tests\VMMemoryTest.cpp:52:58: error: expected primary-expression before ')' token
  ASSERTM("Array 2 : Flags", ((unsigned short) h->flags ==) 1));
                                                          ^
D:\CPPEnv\Workspace\beevmTests\cute/cute_base.h:55:38: note: in definition of macro 'ASSERTM'
 #define ASSERTM(msg,cond) do { if (!(cond)) throw cute::test_failure(CUTE_FUNCNAME_PREFIX+cute::cute_to_string::backslashQuoteTabNewline(msg),__FILE__,__LINE__);} while(false)
                                      ^
..\Tests\VMMemoryTest.cpp:52:60: error: expected ')' before numeric constant
  ASSERTM("Array 2 : Flags", ((unsigned short) h->flags ==) 1));
                                                            ^
D:\CPPEnv\Workspace\beevmTests\cute/cute_base.h:55:38: note: in definition of macro 'ASSERTM'
 #define ASSERTM(msg,cond) do { if (!(cond)) throw cute::test_failure(CUTE_FUNCNAME_PREFIX+cute::cute_to_string::backslashQuoteTabNewline(msg),__FILE__,__LINE__);} while(false)
                                      ^
In file included from D:\CPPEnv\Workspace\beevmTests\cute/cute.h:24:0,
                 from ..\Tests\VMMemoryTest.cpp:2:
D:\CPPEnv\Workspace\beevmTests\cute/cute_base.h:55:161: error: expected ')' before ';' token
 #define ASSERTM(msg,cond) do { if (!(cond)) throw cute::test_failure(CUTE_FUNCNAME_PREFIX+cute::cute_to_string::backslashQuoteTabNewline(msg),__FILE__,__LINE__);} while(false)
                                                                                                                                                                 ^
..\Tests\VMMemoryTest.cpp:52:2: note: in expansion of macro 'ASSERTM'
  ASSERTM("Array 2 : Flags", ((unsigned short) h->flags ==) 1));
  ^
..\Tests\VMMemoryTest.cpp:52:62: error: expected ';' before ')' token
  ASSERTM("Array 2 : Flags", ((unsigned short) h->flags ==) 1));
                                                              ^
..\Tests\VMMemoryTest.cpp:52:62: error: expected primary-expression before ')' token
..\Tests\VMMemoryTest.cpp:52:62: error: expected ';' before ')' token
In file included from D:\CPPEnv\Workspace\beevmTests\cute/cute.h:24:0,
                 from ..\Tests\VMMemoryTest.cpp:2:
D:\CPPEnv\Workspace\beevmTests\cute/cute_base.h:55:27: error: expected primary-expression before 'do'
 #define ASSERTM(msg,cond) do { if (!(cond)) throw cute::test_failure(CUTE_FUNCNAME_PREFIX+cute::cute_to_string::backslashQuoteTabNewline(msg),__FILE__,__LINE__);} while(false)
                           ^
..\Tests\VMMemoryTest.cpp:59:2: note: in expansion of macro 'ASSERTM'
  ASSERTM("True : Size", ((unsigned short) h->size) == 0);
  ^
D:\CPPEnv\Workspace\beevmTests\cute/cute_base.h:55:27: error: expected ';' before 'do'
 #define ASSERTM(msg,cond) do { if (!(cond)) throw cute::test_failure(CUTE_FUNCNAME_PREFIX+cute::cute_to_string::backslashQuoteTabNewline(msg),__FILE__,__LINE__);} while(false)
                           ^
..\Tests\VMMemoryTest.cpp:59:2: note: in expansion of macro 'ASSERTM'
  ASSERTM("True : Size", ((unsigned short) h->size) == 0);
  ^
15:43:21 **** Incremental Build of configuration Debug for project beevmTests ****
Info: Internal Builder is used for build
g++ "-ID:\\CPPEnv\\Workspace\\beevmTests\\cute" "-ID:\\CPPEnv\\Workspace\\beevmTests\\boost" -O0 -g3 -Wall -c -fmessage-length=0 -o "Tests\\GCSpaceTest.o" "..\\Tests\\GCSpaceTest.cpp" 
In file included from ..\Tests\../DataStructures/GCSpace.h:10:0,
                 from ..\Tests\GCSpaceTest.cpp:1:
..\Tests\../DataStructures/GCSpaceInfo.h:25:28: warning: non-static data member initializers only available with -std=c++11 or -std=gnu++11 [enabled by default]
  const ulong sizeInBytes = 24;
                            ^
In file included from ..\Tests\../DataStructures/GCSpace.h:11:0,
                 from ..\Tests\GCSpaceTest.cpp:1:
..\Tests\../DataStructures/VMMemory.h:16:15: warning: unknown action 'psuh' for '#pragma pack' - ignored [-Wpragmas]
 #pragma pack (psuh,1)
               ^
..\Tests\../DataStructures/VMMemory.h:23:18: warning: #pragma pack (pop) encountered without matching #pragma pack (push) [-Wpragmas]
 #pragma pack (pop)
                  ^
In file included from D:\CPPEnv\Workspace\beevmTests\boost/boost/bind/bind.hpp:29:0,
                 from D:\CPPEnv\Workspace\beevmTests\boost/boost/bind.hpp:22,
                 from D:\CPPEnv\Workspace\beevmTests\cute/cute_determine_library.h:37,
                 from D:\CPPEnv\Workspace\beevmTests\cute/cute_test.h:23,
                 from D:\CPPEnv\Workspace\beevmTests\cute/cute_suite.h:22,
                 from D:\CPPEnv\Workspace\beevmTests\cute/cute.h:29,
                 from ..\Tests\GCSpaceTest.cpp:2:
D:\CPPEnv\Workspace\beevmTests\boost/boost/bind/arg.hpp: In constructor 'boost::arg<I>::arg(const T&)':
D:\CPPEnv\Workspace\beevmTests\boost/boost/bind/arg.hpp:37:22: warning: typedef 'T_must_be_placeholder' locally defined but not used [-Wunused-local-typedefs]
         typedef char T_must_be_placeholder[ I == is_placeholder<T>::value? 1: -1 ];
                      ^
..\Tests\GCSpaceTest.cpp: In function 'ulong* mockArray()':
..\Tests\GCSpaceTest.cpp:91:21: warning: no return statement in function returning non-void [-Wreturn-type]
 ulong * mockArray(){}
                     ^
g++ "-ID:\\CPPEnv\\Workspace\\beevmTests\\cute" "-ID:\\CPPEnv\\Workspace\\beevmTests\\boost" -O0 -g3 -Wall -c -fmessage-length=0 -o "DataStructures\\GCSpace.o" "..\\DataStructures\\GCSpace.cpp" 
In file included from ..\DataStructures\GCSpace.h:10:0,
                 from ..\DataStructures\GCSpace.cpp:9:
..\DataStructures\GCSpaceInfo.h:25:28: warning: non-static data member initializers only available with -std=c++11 or -std=gnu++11 [enabled by default]
  const ulong sizeInBytes = 24;
                            ^
In file included from ..\DataStructures\GCSpace.h:11:0,
                 from ..\DataStructures\GCSpace.cpp:9:
..\DataStructures\VMMemory.h:16:15: warning: unknown action 'psuh' for '#pragma pack' - ignored [-Wpragmas]
 #pragma pack (psuh,1)
               ^
..\DataStructures\VMMemory.h:23:18: warning: #pragma pack (pop) encountered without matching #pragma pack (push) [-Wpragmas]
 #pragma pack (pop)
                  ^
..\DataStructures\GCSpace.cpp: In member function 'ulong* Bee::GCSpace::shallowCopyGrowingTo(ulong*, ulong)':
..\DataStructures\GCSpace.cpp:135:43: warning: comparison between signed and unsigned integer expressions [-Wsign-compare]
  for (int index = -1; index <= _size(array); index++) {
                                           ^
..\DataStructures\GCSpace.cpp:143:48: warning: comparison between signed and unsigned integer expressions [-Wsign-compare]
  for (int index = (_size(array) + 1); index <= newSize; index++) {
                                                ^
g++ "-ID:\\CPPEnv\\Workspace\\beevmTests\\cute" "-ID:\\CPPEnv\\Workspace\\beevmTests\\boost" -O0 -g3 -Wall -c -fmessage-length=0 -o "Tests\\VMMemoryTest.o" "..\\Tests\\VMMemoryTest.cpp" 
..\Tests\VMMemoryTest.cpp:16:1: warning: multi-line comment [-Wcomment]
 // .data:10026058         ObjectFlag_reserved1 or ObjectFlag_zeroTermOrNamed or ObjectFlag_notIndexed,\
 ^
In file included from ..\Tests\VMMemoryTest.cpp:1:0:
..\Tests\../DataStructures/VMMemory.h:16:15: warning: unknown action 'psuh' for '#pragma pack' - ignored [-Wpragmas]
 #pragma pack (psuh,1)
               ^
..\Tests\../DataStructures/VMMemory.h:23:18: warning: #pragma pack (pop) encountered without matching #pragma pack (push) [-Wpragmas]
 #pragma pack (pop)
                  ^
In file included from D:\CPPEnv\Workspace\beevmTests\boost/boost/bind/bind.hpp:29:0,
                 from D:\CPPEnv\Workspace\beevmTests\boost/boost/bind.hpp:22,
                 from D:\CPPEnv\Workspace\beevmTests\cute/cute_determine_library.h:37,
                 from D:\CPPEnv\Workspace\beevmTests\cute/cute_test.h:23,
                 from D:\CPPEnv\Workspace\beevmTests\cute/cute_suite.h:22,
                 from D:\CPPEnv\Workspace\beevmTests\cute/cute.h:29,
                 from ..\Tests\VMMemoryTest.cpp:2:
D:\CPPEnv\Workspace\beevmTests\boost/boost/bind/arg.hpp: In constructor 'boost::arg<I>::arg(const T&)':
D:\CPPEnv\Workspace\beevmTests\boost/boost/bind/arg.hpp:37:22: warning: typedef 'T_must_be_placeholder' locally defined but not used [-Wunused-local-typedefs]
         typedef char T_must_be_placeholder[ I == is_placeholder<T>::value? 1: -1 ];
                      ^
In file included from D:\CPPEnv\Workspace\beevmTests\cute/cute.h:24:0,
                 from ..\Tests\VMMemoryTest.cpp:2:
..\Tests\VMMemoryTest.cpp: In function 'void headerOf()':
..\Tests\VMMemoryTest.cpp:52:58: error: expected primary-expression before ')' token
  ASSERTM("Array 2 : Flags", ((unsigned short) h->flags ==) 1));
                                                          ^
D:\CPPEnv\Workspace\beevmTests\cute/cute_base.h:55:38: note: in definition of macro 'ASSERTM'
 #define ASSERTM(msg,cond) do { if (!(cond)) throw cute::test_failure(CUTE_FUNCNAME_PREFIX+cute::cute_to_string::backslashQuoteTabNewline(msg),__FILE__,__LINE__);} while(false)
                                      ^
..\Tests\VMMemoryTest.cpp:52:60: error: expected ')' before numeric constant
  ASSERTM("Array 2 : Flags", ((unsigned short) h->flags ==) 1));
                                                            ^
D:\CPPEnv\Workspace\beevmTests\cute/cute_base.h:55:38: note: in definition of macro 'ASSERTM'
 #define ASSERTM(msg,cond) do { if (!(cond)) throw cute::test_failure(CUTE_FUNCNAME_PREFIX+cute::cute_to_string::backslashQuoteTabNewline(msg),__FILE__,__LINE__);} while(false)
                                      ^
In file included from D:\CPPEnv\Workspace\beevmTests\cute/cute.h:24:0,
                 from ..\Tests\VMMemoryTest.cpp:2:
D:\CPPEnv\Workspace\beevmTests\cute/cute_base.h:55:161: error: expected ')' before ';' token
 #define ASSERTM(msg,cond) do { if (!(cond)) throw cute::test_failure(CUTE_FUNCNAME_PREFIX+cute::cute_to_string::backslashQuoteTabNewline(msg),__FILE__,__LINE__);} while(false)
                                                                                                                                                                 ^
..\Tests\VMMemoryTest.cpp:52:2: note: in expansion of macro 'ASSERTM'
  ASSERTM("Array 2 : Flags", ((unsigned short) h->flags ==) 1));
  ^
..\Tests\VMMemoryTest.cpp:52:62: error: expected ';' before ')' token
  ASSERTM("Array 2 : Flags", ((unsigned short) h->flags ==) 1));
                                                              ^
..\Tests\VMMemoryTest.cpp:52:62: error: expected primary-expression before ')' token
..\Tests\VMMemoryTest.cpp:52:62: error: expected ';' before ')' token
In file included from D:\CPPEnv\Workspace\beevmTests\cute/cute.h:24:0,
                 from ..\Tests\VMMemoryTest.cpp:2:
D:\CPPEnv\Workspace\beevmTests\cute/cute_base.h:55:27: error: expected primary-expression before 'do'
 #define ASSERTM(msg,cond) do { if (!(cond)) throw cute::test_failure(CUTE_FUNCNAME_PREFIX+cute::cute_to_string::backslashQuoteTabNewline(msg),__FILE__,__LINE__);} while(false)
                           ^
..\Tests\VMMemoryTest.cpp:59:2: note: in expansion of macro 'ASSERTM'
  ASSERTM("True : Size", ((unsigned short) h->size) == 0);
  ^
D:\CPPEnv\Workspace\beevmTests\cute/cute_base.h:55:27: error: expected ';' before 'do'
 #define ASSERTM(msg,cond) do { if (!(cond)) throw cute::test_failure(CUTE_FUNCNAME_PREFIX+cute::cute_to_string::backslashQuoteTabNewline(msg),__FILE__,__LINE__);} while(false)
                           ^
..\Tests\VMMemoryTest.cpp:59:2: note: in expansion of macro 'ASSERTM'
  ASSERTM("True : Size", ((unsigned short) h->size) == 0);
  ^
15:43:29 **** Incremental Build of configuration Debug for project beevmTests ****
Info: Internal Builder is used for build
g++ "-ID:\\CPPEnv\\Workspace\\beevmTests\\cute" "-ID:\\CPPEnv\\Workspace\\beevmTests\\boost" -O0 -g3 -Wall -c -fmessage-length=0 -o "Tests\\VMMemoryTest.o" "..\\Tests\\VMMemoryTest.cpp" 
..\Tests\VMMemoryTest.cpp:16:1: warning: multi-line comment [-Wcomment]
 // .data:10026058         ObjectFlag_reserved1 or ObjectFlag_zeroTermOrNamed or ObjectFlag_notIndexed,\
 ^
In file included from ..\Tests\VMMemoryTest.cpp:1:0:
..\Tests\../DataStructures/VMMemory.h:16:15: warning: unknown action 'psuh' for '#pragma pack' - ignored [-Wpragmas]
 #pragma pack (psuh,1)
               ^
..\Tests\../DataStructures/VMMemory.h:23:18: warning: #pragma pack (pop) encountered without matching #pragma pack (push) [-Wpragmas]
 #pragma pack (pop)
                  ^
In file included from D:\CPPEnv\Workspace\beevmTests\boost/boost/bind/bind.hpp:29:0,
                 from D:\CPPEnv\Workspace\beevmTests\boost/boost/bind.hpp:22,
                 from D:\CPPEnv\Workspace\beevmTests\cute/cute_determine_library.h:37,
                 from D:\CPPEnv\Workspace\beevmTests\cute/cute_test.h:23,
                 from D:\CPPEnv\Workspace\beevmTests\cute/cute_suite.h:22,
                 from D:\CPPEnv\Workspace\beevmTests\cute/cute.h:29,
                 from ..\Tests\VMMemoryTest.cpp:2:
D:\CPPEnv\Workspace\beevmTests\boost/boost/bind/arg.hpp: In constructor 'boost::arg<I>::arg(const T&)':
D:\CPPEnv\Workspace\beevmTests\boost/boost/bind/arg.hpp:37:22: warning: typedef 'T_must_be_placeholder' locally defined but not used [-Wunused-local-typedefs]
         typedef char T_must_be_placeholder[ I == is_placeholder<T>::value? 1: -1 ];
                      ^
In file included from D:\CPPEnv\Workspace\beevmTests\cute/cute.h:24:0,
                 from ..\Tests\VMMemoryTest.cpp:2:
..\Tests\VMMemoryTest.cpp: In function 'void headerOf()':
D:\CPPEnv\Workspace\beevmTests\cute/cute_base.h:55:27: error: expected primary-expression before 'do'
 #define ASSERTM(msg,cond) do { if (!(cond)) throw cute::test_failure(CUTE_FUNCNAME_PREFIX+cute::cute_to_string::backslashQuoteTabNewline(msg),__FILE__,__LINE__);} while(false)
                           ^
..\Tests\VMMemoryTest.cpp:59:2: note: in expansion of macro 'ASSERTM'
  ASSERTM("True : Size", ((unsigned short) h->size) == 0);
  ^
D:\CPPEnv\Workspace\beevmTests\cute/cute_base.h:55:27: error: expected ';' before 'do'
 #define ASSERTM(msg,cond) do { if (!(cond)) throw cute::test_failure(CUTE_FUNCNAME_PREFIX+cute::cute_to_string::backslashQuoteTabNewline(msg),__FILE__,__LINE__);} while(false)
                           ^
..\Tests\VMMemoryTest.cpp:59:2: note: in expansion of macro 'ASSERTM'
  ASSERTM("True : Size", ((unsigned short) h->size) == 0);
  ^
15:43:40 **** Incremental Build of configuration Debug for project beevmTests ****
Info: Internal Builder is used for build
g++ "-ID:\\CPPEnv\\Workspace\\beevmTests\\cute" "-ID:\\CPPEnv\\Workspace\\beevmTests\\boost" -O0 -g3 -Wall -c -fmessage-length=0 -o "Tests\\GCSpaceTest.o" "..\\Tests\\GCSpaceTest.cpp" 
In file included from ..\Tests\../DataStructures/GCSpace.h:10:0,
                 from ..\Tests\GCSpaceTest.cpp:1:
..\Tests\../DataStructures/GCSpaceInfo.h:25:28: warning: non-static data member initializers only available with -std=c++11 or -std=gnu++11 [enabled by default]
  const ulong sizeInBytes = 24;
                            ^
In file included from D:\CPPEnv\Workspace\beevmTests\boost/boost/bind/bind.hpp:29:0,
                 from D:\CPPEnv\Workspace\beevmTests\boost/boost/bind.hpp:22,
                 from D:\CPPEnv\Workspace\beevmTests\cute/cute_determine_library.h:37,
                 from D:\CPPEnv\Workspace\beevmTests\cute/cute_test.h:23,
                 from D:\CPPEnv\Workspace\beevmTests\cute/cute_suite.h:22,
                 from D:\CPPEnv\Workspace\beevmTests\cute/cute.h:29,
                 from ..\Tests\GCSpaceTest.cpp:2:
D:\CPPEnv\Workspace\beevmTests\boost/boost/bind/arg.hpp: In constructor 'boost::arg<I>::arg(const T&)':
D:\CPPEnv\Workspace\beevmTests\boost/boost/bind/arg.hpp:37:22: warning: typedef 'T_must_be_placeholder' locally defined but not used [-Wunused-local-typedefs]
         typedef char T_must_be_placeholder[ I == is_placeholder<T>::value? 1: -1 ];
                      ^
..\Tests\GCSpaceTest.cpp: In function 'ulong* mockArray()':
..\Tests\GCSpaceTest.cpp:91:21: warning: no return statement in function returning non-void [-Wreturn-type]
 ulong * mockArray(){}
                     ^
g++ "-ID:\\CPPEnv\\Workspace\\beevmTests\\cute" "-ID:\\CPPEnv\\Workspace\\beevmTests\\boost" -O0 -g3 -Wall -c -fmessage-length=0 -o "DataStructures\\VMMemory.o" "..\\DataStructures\\VMMemory.cpp" 
..\DataStructures\VMMemory.cpp:34:2: warning: multi-line comment [-Wcomment]
  // .data:10026058         ObjectFlag_reserved1 or ObjectFlag_zeroTermOrNamed or ObjectFlag_notIndexed,\
  ^
..\DataStructures\VMMemory.cpp: In function 'long unsigned int memoryAt(long unsigned int)':
..\DataStructures\VMMemory.cpp:23:1: warning: no return statement in function returning non-void [-Wreturn-type]
 }
 ^
..\DataStructures\VMMemory.cpp: In function 'ulong _basicSetSize(ulong*, ulong)':
..\DataStructures\VMMemory.cpp:135:1: warning: no return statement in function returning non-void [-Wreturn-type]
 }
 ^
..\DataStructures\VMMemory.cpp: In function 'bool _isProxy(ulong*)':
..\DataStructures\VMMemory.cpp:138:1: warning: no return statement in function returning non-void [-Wreturn-type]
 }
 ^
..\DataStructures\VMMemory.cpp: In function 'ulong* _proxee(ulong*)':
..\DataStructures\VMMemory.cpp:140:1: warning: no return statement in function returning non-void [-Wreturn-type]
 }
 ^
..\DataStructures\VMMemory.cpp: In function 'ulong _size(ulong*)':
..\DataStructures\VMMemory.cpp:142:1: warning: no return statement in function returning non-void [-Wreturn-type]
 }
 ^
..\DataStructures\VMMemory.cpp: In function 'ulong* _asObject(ulong*)':
..\DataStructures\VMMemory.cpp:146:1: warning: no return statement in function returning non-void [-Wreturn-type]
 }
 ^
..\DataStructures\VMMemory.cpp: In function 'ulong* _asPointer(ulong)':
..\DataStructures\VMMemory.cpp:148:1: warning: no return statement in function returning non-void [-Wreturn-type]
 }
 ^
..\DataStructures\VMMemory.cpp: In function 'ulong _basicSize(ulong*, ulong)':
..\DataStructures\VMMemory.cpp:150:1: warning: no return statement in function returning non-void [-Wreturn-type]
 }
 ^
..\DataStructures\VMMemory.cpp: In function 'ulong _beExtended(ulong*)':
..\DataStructures\VMMemory.cpp:152:1: warning: no return statement in function returning non-void [-Wreturn-type]
 }
 ^
..\DataStructures\VMMemory.cpp: In function 'ulong _decommit(ulong, ulong)':
..\DataStructures\VMMemory.cpp:155:1: warning: no return statement in function returning non-void [-Wreturn-type]
 }
 ^
..\DataStructures\VMMemory.cpp: In function 'ulong _extendedSize(ulong*, ulong)':
..\DataStructures\VMMemory.cpp:157:1: warning: no return statement in function returning non-void [-Wreturn-type]
 }
 ^
..\DataStructures\VMMemory.cpp: In function 'ulong _sizeInBytes(ulong*)':
..\DataStructures\VMMemory.cpp:159:1: warning: no return statement in function returning non-void [-Wreturn-type]
 }
 ^
..\DataStructures\VMMemory.cpp: In function 'ulong _headerSizeInBytes(ulong*)':
..\DataStructures\VMMemory.cpp:161:1: warning: no return statement in function returning non-void [-Wreturn-type]
 }
 ^
..\DataStructures\VMMemory.cpp: In function 'ulong _framePointer()':
..\DataStructures\VMMemory.cpp:163:1: warning: no return statement in function returning non-void [-Wreturn-type]
 }
 ^
..\DataStructures\VMMemory.cpp: In function 'bool isArray(ulong*)':
..\DataStructures\VMMemory.cpp:165:1: warning: no return statement in function returning non-void [-Wreturn-type]
 }
 ^
..\DataStructures\VMMemory.cpp: In function 'ulong size(ulong*)':
..\DataStructures\VMMemory.cpp:167:1: warning: no return statement in function returning non-void [-Wreturn-type]
 }
 ^
..\DataStructures\VMMemory.cpp: In function 'ulong asOop(ulong*)':
..\DataStructures\VMMemory.cpp:170:1: warning: no return statement in function returning non-void [-Wreturn-type]
 }
 ^
..\DataStructures\VMMemory.cpp: In function 'ulong oop(ulong*)':
..\DataStructures\VMMemory.cpp:173:1: warning: no return statement in function returning non-void [-Wreturn-type]
 }
 ^
g++ "-ID:\\CPPEnv\\Workspace\\beevmTests\\cute" "-ID:\\CPPEnv\\Workspace\\beevmTests\\boost" -O0 -g3 -Wall -c -fmessage-length=0 -o "DataStructures\\GCSpace.o" "..\\DataStructures\\GCSpace.cpp" 
In file included from ..\DataStructures\GCSpace.h:10:0,
                 from ..\DataStructures\GCSpace.cpp:9:
..\DataStructures\GCSpaceInfo.h:25:28: warning: non-static data member initializers only available with -std=c++11 or -std=gnu++11 [enabled by default]
  const ulong sizeInBytes = 24;
                            ^
..\DataStructures\GCSpace.cpp: In member function 'ulong* Bee::GCSpace::shallowCopyGrowingTo(ulong*, ulong)':
..\DataStructures\GCSpace.cpp:135:43: warning: comparison between signed and unsigned integer expressions [-Wsign-compare]
  for (int index = -1; index <= _size(array); index++) {
                                           ^
..\DataStructures\GCSpace.cpp:143:48: warning: comparison between signed and unsigned integer expressions [-Wsign-compare]
  for (int index = (_size(array) + 1); index <= newSize; index++) {
                                                ^
g++ "-ID:\\CPPEnv\\Workspace\\beevmTests\\cute" "-ID:\\CPPEnv\\Workspace\\beevmTests\\boost" -O0 -g3 -Wall -c -fmessage-length=0 -o "Tests\\VMMemoryTest.o" "..\\Tests\\VMMemoryTest.cpp" 
..\Tests\VMMemoryTest.cpp:16:1: warning: multi-line comment [-Wcomment]
 // .data:10026058         ObjectFlag_reserved1 or ObjectFlag_zeroTermOrNamed or ObjectFlag_notIndexed,\
 ^
In file included from D:\CPPEnv\Workspace\beevmTests\boost/boost/bind/bind.hpp:29:0,
                 from D:\CPPEnv\Workspace\beevmTests\boost/boost/bind.hpp:22,
                 from D:\CPPEnv\Workspace\beevmTests\cute/cute_determine_library.h:37,
                 from D:\CPPEnv\Workspace\beevmTests\cute/cute_test.h:23,
                 from D:\CPPEnv\Workspace\beevmTests\cute/cute_suite.h:22,
                 from D:\CPPEnv\Workspace\beevmTests\cute/cute.h:29,
                 from ..\Tests\VMMemoryTest.cpp:2:
D:\CPPEnv\Workspace\beevmTests\boost/boost/bind/arg.hpp: In constructor 'boost::arg<I>::arg(const T&)':
D:\CPPEnv\Workspace\beevmTests\boost/boost/bind/arg.hpp:37:22: warning: typedef 'T_must_be_placeholder' locally defined but not used [-Wunused-local-typedefs]
         typedef char T_must_be_placeholder[ I == is_placeholder<T>::value? 1: -1 ];
                      ^
In file included from D:\CPPEnv\Workspace\beevmTests\cute/cute.h:24:0,
                 from ..\Tests\VMMemoryTest.cpp:2:
..\Tests\VMMemoryTest.cpp: In function 'void headerOf()':
D:\CPPEnv\Workspace\beevmTests\cute/cute_base.h:55:27: error: expected primary-expression before 'do'
 #define ASSERTM(msg,cond) do { if (!(cond)) throw cute::test_failure(CUTE_FUNCNAME_PREFIX+cute::cute_to_string::backslashQuoteTabNewline(msg),__FILE__,__LINE__);} while(false)
                           ^
..\Tests\VMMemoryTest.cpp:59:2: note: in expansion of macro 'ASSERTM'
  ASSERTM("True : Size", ((unsigned short) h->size) == 0);
  ^
D:\CPPEnv\Workspace\beevmTests\cute/cute_base.h:55:27: error: expected ';' before 'do'
 #define ASSERTM(msg,cond) do { if (!(cond)) throw cute::test_failure(CUTE_FUNCNAME_PREFIX+cute::cute_to_string::backslashQuoteTabNewline(msg),__FILE__,__LINE__);} while(false)
                           ^
..\Tests\VMMemoryTest.cpp:59:2: note: in expansion of macro 'ASSERTM'
  ASSERTM("True : Size", ((unsigned short) h->size) == 0);
  ^
15:43:47 **** Incremental Build of configuration Debug for project beevmTests ****
Info: Internal Builder is used for build
g++ "-ID:\\CPPEnv\\Workspace\\beevmTests\\cute" "-ID:\\CPPEnv\\Workspace\\beevmTests\\boost" -O0 -g3 -Wall -c -fmessage-length=0 -o "Tests\\VMMemoryTest.o" "..\\Tests\\VMMemoryTest.cpp" 
..\Tests\VMMemoryTest.cpp:16:1: warning: multi-line comment [-Wcomment]
 // .data:10026058         ObjectFlag_reserved1 or ObjectFlag_zeroTermOrNamed or ObjectFlag_notIndexed,\
 ^
In file included from D:\CPPEnv\Workspace\beevmTests\boost/boost/bind/bind.hpp:29:0,
                 from D:\CPPEnv\Workspace\beevmTests\boost/boost/bind.hpp:22,
                 from D:\CPPEnv\Workspace\beevmTests\cute/cute_determine_library.h:37,
                 from D:\CPPEnv\Workspace\beevmTests\cute/cute_test.h:23,
                 from D:\CPPEnv\Workspace\beevmTests\cute/cute_suite.h:22,
                 from D:\CPPEnv\Workspace\beevmTests\cute/cute.h:29,
                 from ..\Tests\VMMemoryTest.cpp:2:
D:\CPPEnv\Workspace\beevmTests\boost/boost/bind/arg.hpp: In constructor 'boost::arg<I>::arg(const T&)':
D:\CPPEnv\Workspace\beevmTests\boost/boost/bind/arg.hpp:37:22: warning: typedef 'T_must_be_placeholder' locally defined but not used [-Wunused-local-typedefs]
         typedef char T_must_be_placeholder[ I == is_placeholder<T>::value? 1: -1 ];
                      ^
In file included from D:\CPPEnv\Workspace\beevmTests\cute/cute.h:24:0,
                 from ..\Tests\VMMemoryTest.cpp:2:
..\Tests\VMMemoryTest.cpp: In function 'void headerOf()':
D:\CPPEnv\Workspace\beevmTests\cute/cute_base.h:55:27: error: expected primary-expression before 'do'
 #define ASSERTM(msg,cond) do { if (!(cond)) throw cute::test_failure(CUTE_FUNCNAME_PREFIX+cute::cute_to_string::backslashQuoteTabNewline(msg),__FILE__,__LINE__);} while(false)
                           ^
..\Tests\VMMemoryTest.cpp:59:2: note: in expansion of macro 'ASSERTM'
  ASSERTM("True : Size", ((unsigned short) h->size) == 0);
  ^
D:\CPPEnv\Workspace\beevmTests\cute/cute_base.h:55:27: error: expected ';' before 'do'
 #define ASSERTM(msg,cond) do { if (!(cond)) throw cute::test_failure(CUTE_FUNCNAME_PREFIX+cute::cute_to_string::backslashQuoteTabNewline(msg),__FILE__,__LINE__);} while(false)
                           ^
..\Tests\VMMemoryTest.cpp:59:2: note: in expansion of macro 'ASSERTM'
  ASSERTM("True : Size", ((unsigned short) h->size) == 0);
  ^
15:44:13 **** Clean-only build of configuration Debug for project beevmTests ****
rm -rf Tests/VMMemoryTest.d Tests/VMMemoryTest.o DataStructures/VMMemory.d DataStructures/VMMemory.o src/Test.d src/Test.o Tests/VMArrayTest.o Tests/VMArrayTest.d DataStructures/GCSpaceInfo.o DataStructures/GCSpace.o DataStructures/GCSpaceInfo.d DataStructures/GCSpace.d DataStructures/VMArray.d DataStructures/VMArray.o Tests/GCSpaceTest.d Tests/GCSpaceTest.o DataStructures/ReferencedVMArray.d DataStructures/ReferencedVMArray.o Tests/GCSpaceTestInfo.d beevmTests.exe Tests/GCSpaceTestInfo.o 
15:44:15 **** Rebuild of configuration Debug for project beevmTests ****
Info: Internal Builder is used for build
g++ "-ID:\\CPPEnv\\Workspace\\beevmTests\\cute" "-ID:\\CPPEnv\\Workspace\\beevmTests\\boost" -O0 -g3 -Wall -c -fmessage-length=0 -o "DataStructures\\VMArray.o" "..\\DataStructures\\VMArray.cpp" 
..\DataStructures\VMArray.cpp: In member function 'long int Bee::VMArray::nextFree(long unsigned int)':
..\DataStructures\VMArray.cpp:34:1: warning: no return statement in function returning non-void [-Wreturn-type]
 }
 ^
..\DataStructures\VMArray.cpp: In member function 'long int Bee::VMArray::size(long unsigned int)':
..\DataStructures\VMArray.cpp:40:1: warning: no return statement in function returning non-void [-Wreturn-type]
 }
 ^
g++ "-ID:\\CPPEnv\\Workspace\\beevmTests\\cute" "-ID:\\CPPEnv\\Workspace\\beevmTests\\boost" -O0 -g3 -Wall -c -fmessage-length=0 -o "DataStructures\\VMMemory.o" "..\\DataStructures\\VMMemory.cpp" 
..\DataStructures\VMMemory.cpp:34:2: warning: multi-line comment [-Wcomment]
  // .data:10026058         ObjectFlag_reserved1 or ObjectFlag_zeroTermOrNamed or ObjectFlag_notIndexed,\
  ^
..\DataStructures\VMMemory.cpp: In function 'long unsigned int memoryAt(long unsigned int)':
..\DataStructures\VMMemory.cpp:23:1: warning: no return statement in function returning non-void [-Wreturn-type]
 }
 ^
..\DataStructures\VMMemory.cpp: In function 'ulong _basicSetSize(ulong*, ulong)':
..\DataStructures\VMMemory.cpp:135:1: warning: no return statement in function returning non-void [-Wreturn-type]
 }
 ^
..\DataStructures\VMMemory.cpp: In function 'bool _isProxy(ulong*)':
..\DataStructures\VMMemory.cpp:138:1: warning: no return statement in function returning non-void [-Wreturn-type]
 }
 ^
..\DataStructures\VMMemory.cpp: In function 'ulong* _proxee(ulong*)':
..\DataStructures\VMMemory.cpp:140:1: warning: no return statement in function returning non-void [-Wreturn-type]
 }
 ^
..\DataStructures\VMMemory.cpp: In function 'ulong _size(ulong*)':
..\DataStructures\VMMemory.cpp:142:1: warning: no return statement in function returning non-void [-Wreturn-type]
 }
 ^
..\DataStructures\VMMemory.cpp: In function 'ulong* _asObject(ulong*)':
..\DataStructures\VMMemory.cpp:146:1: warning: no return statement in function returning non-void [-Wreturn-type]
 }
 ^
..\DataStructures\VMMemory.cpp: In function 'ulong* _asPointer(ulong)':
..\DataStructures\VMMemory.cpp:148:1: warning: no return statement in function returning non-void [-Wreturn-type]
 }
 ^
..\DataStructures\VMMemory.cpp: In function 'ulong _basicSize(ulong*, ulong)':
..\DataStructures\VMMemory.cpp:150:1: warning: no return statement in function returning non-void [-Wreturn-type]
 }
 ^
..\DataStructures\VMMemory.cpp: In function 'ulong _beExtended(ulong*)':
..\DataStructures\VMMemory.cpp:152:1: warning: no return statement in function returning non-void [-Wreturn-type]
 }
 ^
..\DataStructures\VMMemory.cpp: In function 'ulong _decommit(ulong, ulong)':
..\DataStructures\VMMemory.cpp:155:1: warning: no return statement in function returning non-void [-Wreturn-type]
 }
 ^
..\DataStructures\VMMemory.cpp: In function 'ulong _extendedSize(ulong*, ulong)':
..\DataStructures\VMMemory.cpp:157:1: warning: no return statement in function returning non-void [-Wreturn-type]
 }
 ^
..\DataStructures\VMMemory.cpp: In function 'ulong _sizeInBytes(ulong*)':
..\DataStructures\VMMemory.cpp:159:1: warning: no return statement in function returning non-void [-Wreturn-type]
 }
 ^
..\DataStructures\VMMemory.cpp: In function 'ulong _headerSizeInBytes(ulong*)':
..\DataStructures\VMMemory.cpp:161:1: warning: no return statement in function returning non-void [-Wreturn-type]
 }
 ^
..\DataStructures\VMMemory.cpp: In function 'ulong _framePointer()':
..\DataStructures\VMMemory.cpp:163:1: warning: no return statement in function returning non-void [-Wreturn-type]
 }
 ^
..\DataStructures\VMMemory.cpp: In function 'bool isArray(ulong*)':
..\DataStructures\VMMemory.cpp:165:1: warning: no return statement in function returning non-void [-Wreturn-type]
 }
 ^
..\DataStructures\VMMemory.cpp: In function 'ulong size(ulong*)':
..\DataStructures\VMMemory.cpp:167:1: warning: no return statement in function returning non-void [-Wreturn-type]
 }
 ^
..\DataStructures\VMMemory.cpp: In function 'ulong asOop(ulong*)':
..\DataStructures\VMMemory.cpp:170:1: warning: no return statement in function returning non-void [-Wreturn-type]
 }
 ^
..\DataStructures\VMMemory.cpp: In function 'ulong oop(ulong*)':
..\DataStructures\VMMemory.cpp:173:1: warning: no return statement in function returning non-void [-Wreturn-type]
 }
 ^
g++ "-ID:\\CPPEnv\\Workspace\\beevmTests\\cute" "-ID:\\CPPEnv\\Workspace\\beevmTests\\boost" -O0 -g3 -Wall -c -fmessage-length=0 -o "Tests\\GCSpaceTestInfo.o" "..\\Tests\\GCSpaceTestInfo.cpp" 
In file included from ..\Tests\GCSpaceTestInfo.cpp:1:0:
..\Tests\../DataStructures/GCSpaceInfo.h:25:28: warning: non-static data member initializers only available with -std=c++11 or -std=gnu++11 [enabled by default]
  const ulong sizeInBytes = 24;
                            ^
In file included from D:\CPPEnv\Workspace\beevmTests\boost/boost/bind/bind.hpp:29:0,
                 from D:\CPPEnv\Workspace\beevmTests\boost/boost/bind.hpp:22,
                 from D:\CPPEnv\Workspace\beevmTests\cute/cute_determine_library.h:37,
                 from D:\CPPEnv\Workspace\beevmTests\cute/cute_test.h:23,
                 from D:\CPPEnv\Workspace\beevmTests\cute/cute_suite.h:22,
                 from D:\CPPEnv\Workspace\beevmTests\cute/cute.h:29,
                 from ..\Tests\GCSpaceTestInfo.cpp:2:
D:\CPPEnv\Workspace\beevmTests\boost/boost/bind/arg.hpp: In constructor 'boost::arg<I>::arg(const T&)':
D:\CPPEnv\Workspace\beevmTests\boost/boost/bind/arg.hpp:37:22: warning: typedef 'T_must_be_placeholder' locally defined but not used [-Wunused-local-typedefs]
         typedef char T_must_be_placeholder[ I == is_placeholder<T>::value? 1: -1 ];
                      ^
g++ "-ID:\\CPPEnv\\Workspace\\beevmTests\\cute" "-ID:\\CPPEnv\\Workspace\\beevmTests\\boost" -O0 -g3 -Wall -c -fmessage-length=0 -o "DataStructures\\ReferencedVMArray.o" "..\\DataStructures\\ReferencedVMArray.cpp" 
g++ "-ID:\\CPPEnv\\Workspace\\beevmTests\\cute" "-ID:\\CPPEnv\\Workspace\\beevmTests\\boost" -O0 -g3 -Wall -c -fmessage-length=0 -o "src\\Test.o" "..\\src\\Test.cpp" 
In file included from D:\CPPEnv\Workspace\beevmTests\boost/boost/bind/bind.hpp:29:0,
                 from D:\CPPEnv\Workspace\beevmTests\boost/boost/bind.hpp:22,
                 from D:\CPPEnv\Workspace\beevmTests\cute/cute_determine_library.h:37,
                 from D:\CPPEnv\Workspace\beevmTests\cute/cute_test.h:23,
                 from D:\CPPEnv\Workspace\beevmTests\cute/cute_suite.h:22,
                 from D:\CPPEnv\Workspace\beevmTests\cute/cute.h:29,
                 from ..\src\Test.cpp:1:
D:\CPPEnv\Workspace\beevmTests\boost/boost/bind/arg.hpp: In constructor 'boost::arg<I>::arg(const T&)':
D:\CPPEnv\Workspace\beevmTests\boost/boost/bind/arg.hpp:37:22: warning: typedef 'T_must_be_placeholder' locally defined but not used [-Wunused-local-typedefs]
         typedef char T_must_be_placeholder[ I == is_placeholder<T>::value? 1: -1 ];
                      ^
g++ "-ID:\\CPPEnv\\Workspace\\beevmTests\\cute" "-ID:\\CPPEnv\\Workspace\\beevmTests\\boost" -O0 -g3 -Wall -c -fmessage-length=0 -o "DataStructures\\GCSpaceInfo.o" "..\\DataStructures\\GCSpaceInfo.cpp" 
In file included from ..\DataStructures\GCSpaceInfo.cpp:8:0:
..\DataStructures\GCSpaceInfo.h:25:28: warning: non-static data member initializers only available with -std=c++11 or -std=gnu++11 [enabled by default]
  const ulong sizeInBytes = 24;
                            ^
g++ "-ID:\\CPPEnv\\Workspace\\beevmTests\\cute" "-ID:\\CPPEnv\\Workspace\\beevmTests\\boost" -O0 -g3 -Wall -c -fmessage-length=0 -o "Tests\\VMMemoryTest.o" "..\\Tests\\VMMemoryTest.cpp" 
..\Tests\VMMemoryTest.cpp:16:1: warning: multi-line comment [-Wcomment]
 // .data:10026058         ObjectFlag_reserved1 or ObjectFlag_zeroTermOrNamed or ObjectFlag_notIndexed,\
 ^
In file included from D:\CPPEnv\Workspace\beevmTests\boost/boost/bind/bind.hpp:29:0,
                 from D:\CPPEnv\Workspace\beevmTests\boost/boost/bind.hpp:22,
                 from D:\CPPEnv\Workspace\beevmTests\cute/cute_determine_library.h:37,
                 from D:\CPPEnv\Workspace\beevmTests\cute/cute_test.h:23,
                 from D:\CPPEnv\Workspace\beevmTests\cute/cute_suite.h:22,
                 from D:\CPPEnv\Workspace\beevmTests\cute/cute.h:29,
                 from ..\Tests\VMMemoryTest.cpp:2:
D:\CPPEnv\Workspace\beevmTests\boost/boost/bind/arg.hpp: In constructor 'boost::arg<I>::arg(const T&)':
D:\CPPEnv\Workspace\beevmTests\boost/boost/bind/arg.hpp:37:22: warning: typedef 'T_must_be_placeholder' locally defined but not used [-Wunused-local-typedefs]
         typedef char T_must_be_placeholder[ I == is_placeholder<T>::value? 1: -1 ];
                      ^
In file included from D:\CPPEnv\Workspace\beevmTests\cute/cute.h:24:0,
                 from ..\Tests\VMMemoryTest.cpp:2:
..\Tests\VMMemoryTest.cpp: In function 'void headerOf()':
D:\CPPEnv\Workspace\beevmTests\cute/cute_base.h:55:27: error: expected primary-expression before 'do'
 #define ASSERTM(msg,cond) do { if (!(cond)) throw cute::test_failure(CUTE_FUNCNAME_PREFIX+cute::cute_to_string::backslashQuoteTabNewline(msg),__FILE__,__LINE__);} while(false)
                           ^
..\Tests\VMMemoryTest.cpp:59:2: note: in expansion of macro 'ASSERTM'
  ASSERTM("True : Size", ((unsigned short) h->size) == 0);
  ^
D:\CPPEnv\Workspace\beevmTests\cute/cute_base.h:55:27: error: expected ';' before 'do'
 #define ASSERTM(msg,cond) do { if (!(cond)) throw cute::test_failure(CUTE_FUNCNAME_PREFIX+cute::cute_to_string::backslashQuoteTabNewline(msg),__FILE__,__LINE__);} while(false)
                           ^
..\Tests\VMMemoryTest.cpp:59:2: note: in expansion of macro 'ASSERTM'
  ASSERTM("True : Size", ((unsigned short) h->size) == 0);
  ^
15:44:47 **** Incremental Build of configuration Debug for project beevmTests ****
Info: Internal Builder is used for build
g++ "-ID:\\CPPEnv\\Workspace\\beevmTests\\cute" "-ID:\\CPPEnv\\Workspace\\beevmTests\\boost" -O0 -g3 -Wall -c -fmessage-length=0 -o "DataStructures\\GCSpace.o" "..\\DataStructures\\GCSpace.cpp" 
In file included from ..\DataStructures\GCSpace.h:10:0,
                 from ..\DataStructures\GCSpace.cpp:9:
..\DataStructures\GCSpaceInfo.h:25:28: warning: non-static data member initializers only available with -std=c++11 or -std=gnu++11 [enabled by default]
  const ulong sizeInBytes = 24;
                            ^
..\DataStructures\GCSpace.cpp: In member function 'ulong* Bee::GCSpace::shallowCopyGrowingTo(ulong*, ulong)':
..\DataStructures\GCSpace.cpp:135:43: warning: comparison between signed and unsigned integer expressions [-Wsign-compare]
  for (int index = -1; index <= _size(array); index++) {
                                           ^
..\DataStructures\GCSpace.cpp:143:48: warning: comparison between signed and unsigned integer expressions [-Wsign-compare]
  for (int index = (_size(array) + 1); index <= newSize; index++) {
                                                ^
g++ "-ID:\\CPPEnv\\Workspace\\beevmTests\\cute" "-ID:\\CPPEnv\\Workspace\\beevmTests\\boost" -O0 -g3 -Wall -c -fmessage-length=0 -o "Tests\\VMMemoryTest.o" "..\\Tests\\VMMemoryTest.cpp" 
..\Tests\VMMemoryTest.cpp:16:1: warning: multi-line comment [-Wcomment]
 // .data:10026058         ObjectFlag_reserved1 or ObjectFlag_zeroTermOrNamed or ObjectFlag_notIndexed,\
 ^
In file included from D:\CPPEnv\Workspace\beevmTests\boost/boost/bind/bind.hpp:29:0,
                 from D:\CPPEnv\Workspace\beevmTests\boost/boost/bind.hpp:22,
                 from D:\CPPEnv\Workspace\beevmTests\cute/cute_determine_library.h:37,
                 from D:\CPPEnv\Workspace\beevmTests\cute/cute_test.h:23,
                 from D:\CPPEnv\Workspace\beevmTests\cute/cute_suite.h:22,
                 from D:\CPPEnv\Workspace\beevmTests\cute/cute.h:29,
                 from ..\Tests\VMMemoryTest.cpp:2:
D:\CPPEnv\Workspace\beevmTests\boost/boost/bind/arg.hpp: In constructor 'boost::arg<I>::arg(const T&)':
D:\CPPEnv\Workspace\beevmTests\boost/boost/bind/arg.hpp:37:22: warning: typedef 'T_must_be_placeholder' locally defined but not used [-Wunused-local-typedefs]
         typedef char T_must_be_placeholder[ I == is_placeholder<T>::value? 1: -1 ];
                      ^
In file included from D:\CPPEnv\Workspace\beevmTests\cute/cute.h:24:0,
                 from ..\Tests\VMMemoryTest.cpp:2:
..\Tests\VMMemoryTest.cpp: In function 'void headerOf()':
D:\CPPEnv\Workspace\beevmTests\cute/cute_base.h:55:27: error: expected primary-expression before 'do'
 #define ASSERTM(msg,cond) do { if (!(cond)) throw cute::test_failure(CUTE_FUNCNAME_PREFIX+cute::cute_to_string::backslashQuoteTabNewline(msg),__FILE__,__LINE__);} while(false)
                           ^
..\Tests\VMMemoryTest.cpp:59:2: note: in expansion of macro 'ASSERTM'
  ASSERTM("True : Size", ((unsigned short) h->size) == 0);
  ^
D:\CPPEnv\Workspace\beevmTests\cute/cute_base.h:55:27: error: expected ';' before 'do'
 #define ASSERTM(msg,cond) do { if (!(cond)) throw cute::test_failure(CUTE_FUNCNAME_PREFIX+cute::cute_to_string::backslashQuoteTabNewline(msg),__FILE__,__LINE__);} while(false)
                           ^
..\Tests\VMMemoryTest.cpp:59:2: note: in expansion of macro 'ASSERTM'
  ASSERTM("True : Size", ((unsigned short) h->size) == 0);
  ^
15:45:23 **** Incremental Build of configuration Debug for project beevmTests ****
Info: Internal Builder is used for build
g++ "-ID:\\CPPEnv\\Workspace\\beevmTests\\cute" "-ID:\\CPPEnv\\Workspace\\beevmTests\\boost" -O0 -g3 -Wall -c -fmessage-length=0 -o "Tests\\VMArrayTest.o" "..\\Tests\\VMArrayTest.cpp" 
In file included from D:\CPPEnv\Workspace\beevmTests\boost/boost/bind/bind.hpp:29:0,
                 from D:\CPPEnv\Workspace\beevmTests\boost/boost/bind.hpp:22,
                 from D:\CPPEnv\Workspace\beevmTests\cute/cute_determine_library.h:37,
                 from D:\CPPEnv\Workspace\beevmTests\cute/cute_test.h:23,
                 from D:\CPPEnv\Workspace\beevmTests\cute/cute_suite.h:22,
                 from D:\CPPEnv\Workspace\beevmTests\cute/cute.h:29,
                 from ..\Tests\VMArrayTest.cpp:2:
D:\CPPEnv\Workspace\beevmTests\boost/boost/bind/arg.hpp: In constructor 'boost::arg<I>::arg(const T&)':
D:\CPPEnv\Workspace\beevmTests\boost/boost/bind/arg.hpp:37:22: warning: typedef 'T_must_be_placeholder' locally defined but not used [-Wunused-local-typedefs]
         typedef char T_must_be_placeholder[ I == is_placeholder<T>::value? 1: -1 ];
                      ^
g++ "-ID:\\CPPEnv\\Workspace\\beevmTests\\cute" "-ID:\\CPPEnv\\Workspace\\beevmTests\\boost" -O0 -g3 -Wall -c -fmessage-length=0 -o "DataStructures\\VMMemory.o" "..\\DataStructures\\VMMemory.cpp" 
..\DataStructures\VMMemory.cpp:34:2: warning: multi-line comment [-Wcomment]
  // .data:10026058         ObjectFlag_reserved1 or ObjectFlag_zeroTermOrNamed or ObjectFlag_notIndexed,\
  ^
..\DataStructures\VMMemory.cpp: In function 'long unsigned int memoryAt(long unsigned int)':
..\DataStructures\VMMemory.cpp:23:1: warning: no return statement in function returning non-void [-Wreturn-type]
 }
 ^
..\DataStructures\VMMemory.cpp: In function 'ulong _basicSetSize(ulong*, ulong)':
..\DataStructures\VMMemory.cpp:135:1: warning: no return statement in function returning non-void [-Wreturn-type]
 }
 ^
..\DataStructures\VMMemory.cpp: In function 'bool _isProxy(ulong*)':
..\DataStructures\VMMemory.cpp:138:1: warning: no return statement in function returning non-void [-Wreturn-type]
 }
 ^
..\DataStructures\VMMemory.cpp: In function 'ulong* _proxee(ulong*)':
..\DataStructures\VMMemory.cpp:140:1: warning: no return statement in function returning non-void [-Wreturn-type]
 }
 ^
..\DataStructures\VMMemory.cpp: In function 'ulong _size(ulong*)':
..\DataStructures\VMMemory.cpp:142:1: warning: no return statement in function returning non-void [-Wreturn-type]
 }
 ^
..\DataStructures\VMMemory.cpp: In function 'ulong* _asObject(ulong*)':
..\DataStructures\VMMemory.cpp:146:1: warning: no return statement in function returning non-void [-Wreturn-type]
 }
 ^
..\DataStructures\VMMemory.cpp: In function 'ulong* _asPointer(ulong)':
..\DataStructures\VMMemory.cpp:148:1: warning: no return statement in function returning non-void [-Wreturn-type]
 }
 ^
..\DataStructures\VMMemory.cpp: In function 'ulong _basicSize(ulong*, ulong)':
..\DataStructures\VMMemory.cpp:150:1: warning: no return statement in function returning non-void [-Wreturn-type]
 }
 ^
..\DataStructures\VMMemory.cpp: In function 'ulong _beExtended(ulong*)':
..\DataStructures\VMMemory.cpp:152:1: warning: no return statement in function returning non-void [-Wreturn-type]
 }
 ^
..\DataStructures\VMMemory.cpp: In function 'ulong _decommit(ulong, ulong)':
..\DataStructures\VMMemory.cpp:155:1: warning: no return statement in function returning non-void [-Wreturn-type]
 }
 ^
..\DataStructures\VMMemory.cpp: In function 'ulong _extendedSize(ulong*, ulong)':
..\DataStructures\VMMemory.cpp:157:1: warning: no return statement in function returning non-void [-Wreturn-type]
 }
 ^
..\DataStructures\VMMemory.cpp: In function 'ulong _sizeInBytes(ulong*)':
..\DataStructures\VMMemory.cpp:159:1: warning: no return statement in function returning non-void [-Wreturn-type]
 }
 ^
..\DataStructures\VMMemory.cpp: In function 'ulong _headerSizeInBytes(ulong*)':
..\DataStructures\VMMemory.cpp:161:1: warning: no return statement in function returning non-void [-Wreturn-type]
 }
 ^
..\DataStructures\VMMemory.cpp: In function 'ulong _framePointer()':
..\DataStructures\VMMemory.cpp:163:1: warning: no return statement in function returning non-void [-Wreturn-type]
 }
 ^
..\DataStructures\VMMemory.cpp: In function 'bool isArray(ulong*)':
..\DataStructures\VMMemory.cpp:165:1: warning: no return statement in function returning non-void [-Wreturn-type]
 }
 ^
..\DataStructures\VMMemory.cpp: In function 'ulong size(ulong*)':
..\DataStructures\VMMemory.cpp:167:1: warning: no return statement in function returning non-void [-Wreturn-type]
 }
 ^
..\DataStructures\VMMemory.cpp: In function 'ulong asOop(ulong*)':
..\DataStructures\VMMemory.cpp:170:1: warning: no return statement in function returning non-void [-Wreturn-type]
 }
 ^
..\DataStructures\VMMemory.cpp: In function 'ulong oop(ulong*)':
..\DataStructures\VMMemory.cpp:173:1: warning: no return statement in function returning non-void [-Wreturn-type]
 }
 ^
g++ "-ID:\\CPPEnv\\Workspace\\beevmTests\\cute" "-ID:\\CPPEnv\\Workspace\\beevmTests\\boost" -O0 -g3 -Wall -c -fmessage-length=0 -o "Tests\\VMMemoryTest.o" "..\\Tests\\VMMemoryTest.cpp" 
..\Tests\VMMemoryTest.cpp:16:1: warning: multi-line comment [-Wcomment]
 // .data:10026058         ObjectFlag_reserved1 or ObjectFlag_zeroTermOrNamed or ObjectFlag_notIndexed,\
 ^
In file included from D:\CPPEnv\Workspace\beevmTests\boost/boost/bind/bind.hpp:29:0,
                 from D:\CPPEnv\Workspace\beevmTests\boost/boost/bind.hpp:22,
                 from D:\CPPEnv\Workspace\beevmTests\cute/cute_determine_library.h:37,
                 from D:\CPPEnv\Workspace\beevmTests\cute/cute_test.h:23,
                 from D:\CPPEnv\Workspace\beevmTests\cute/cute_suite.h:22,
                 from D:\CPPEnv\Workspace\beevmTests\cute/cute.h:29,
                 from ..\Tests\VMMemoryTest.cpp:2:
D:\CPPEnv\Workspace\beevmTests\boost/boost/bind/arg.hpp: In constructor 'boost::arg<I>::arg(const T&)':
D:\CPPEnv\Workspace\beevmTests\boost/boost/bind/arg.hpp:37:22: warning: typedef 'T_must_be_placeholder' locally defined but not used [-Wunused-local-typedefs]
         typedef char T_must_be_placeholder[ I == is_placeholder<T>::value? 1: -1 ];
                      ^
g++ "-ID:\\CPPEnv\\Workspace\\beevmTests\\cute" "-ID:\\CPPEnv\\Workspace\\beevmTests\\boost" -O0 -g3 -Wall -c -fmessage-length=0 -o "Tests\\GCSpaceTest.o" "..\\Tests\\GCSpaceTest.cpp" 
In file included from ..\Tests\../DataStructures/GCSpace.h:10:0,
                 from ..\Tests\GCSpaceTest.cpp:1:
..\Tests\../DataStructures/GCSpaceInfo.h:25:28: warning: non-static data member initializers only available with -std=c++11 or -std=gnu++11 [enabled by default]
  const ulong sizeInBytes = 24;
                            ^
In file included from D:\CPPEnv\Workspace\beevmTests\boost/boost/bind/bind.hpp:29:0,
                 from D:\CPPEnv\Workspace\beevmTests\boost/boost/bind.hpp:22,
                 from D:\CPPEnv\Workspace\beevmTests\cute/cute_determine_library.h:37,
                 from D:\CPPEnv\Workspace\beevmTests\cute/cute_test.h:23,
                 from D:\CPPEnv\Workspace\beevmTests\cute/cute_suite.h:22,
                 from D:\CPPEnv\Workspace\beevmTests\cute/cute.h:29,
                 from ..\Tests\GCSpaceTest.cpp:2:
D:\CPPEnv\Workspace\beevmTests\boost/boost/bind/arg.hpp: In constructor 'boost::arg<I>::arg(const T&)':
D:\CPPEnv\Workspace\beevmTests\boost/boost/bind/arg.hpp:37:22: warning: typedef 'T_must_be_placeholder' locally defined but not used [-Wunused-local-typedefs]
         typedef char T_must_be_placeholder[ I == is_placeholder<T>::value? 1: -1 ];
                      ^
..\Tests\GCSpaceTest.cpp: In function 'ulong* mockArray()':
..\Tests\GCSpaceTest.cpp:91:21: warning: no return statement in function returning non-void [-Wreturn-type]
 ulong * mockArray(){}
                     ^
g++ -static-libgcc -static-libstdc++ -o beevmTests.exe "DataStructures\\GCSpace.o" "DataStructures\\GCSpaceInfo.o" "DataStructures\\ReferencedVMArray.o" "DataStructures\\VMArray.o" "DataStructures\\VMMemory.o" "Tests\\GCSpaceTest.o" "Tests\\GCSpaceTestInfo.o" "Tests\\VMArrayTest.o" "Tests\\VMMemoryTest.o" "src\\Test.o" 
15:45:41 **** Incremental Build of configuration Debug for project beevmTests ****
Info: Internal Builder is used for build
g++ "-ID:\\CPPEnv\\Workspace\\beevmTests\\cute" "-ID:\\CPPEnv\\Workspace\\beevmTests\\boost" -O0 -g3 -Wall -c -fmessage-length=0 -o "Tests\\VMMemoryTest.o" "..\\Tests\\VMMemoryTest.cpp" 
..\Tests\VMMemoryTest.cpp:16:1: warning: multi-line comment [-Wcomment]
 // .data:10026058         ObjectFlag_reserved1 or ObjectFlag_zeroTermOrNamed or ObjectFlag_notIndexed,\
 ^
In file included from ..\Tests\VMMemoryTest.cpp:1:0:
..\Tests\../DataStructures/VMMemory.h:18:1: error: 'type1def' does not name a type
 type1def struct header_t {
 ^
..\Tests\../DataStructures/VMMemory.h:23:2: error: 'header_t' does not name a type
 }header_t;
  ^
..\Tests\VMMemoryTest.cpp: In function 'void headerOf()':
..\Tests\VMMemoryTest.cpp:38:2: error: 'header_t' was not declared in this scope
  header_t * h;
  ^
..\Tests\VMMemoryTest.cpp:38:13: error: 'h' was not declared in this scope
  header_t * h;
             ^
In file included from ..\Tests\VMMemoryTest.cpp:1:0:
..\Tests\../DataStructures/VMMemory.h:26:37: error: expected primary-expression before ')' token
 #define HEADER_OF(object) (header_t*)(((ulong)&object)-8)
                                     ^
..\Tests\VMMemoryTest.cpp:42:6: note: in expansion of macro 'HEADER_OF'
  h = HEADER_OF(header[8]);
      ^
..\Tests\../DataStructures/VMMemory.h:26:37: error: expected primary-expression before ')' token
 #define HEADER_OF(object) (header_t*)(((ulong)&object)-8)
                                     ^
..\Tests\VMMemoryTest.cpp:49:6: note: in expansion of macro 'HEADER_OF'
  h = HEADER_OF(header[8]);
      ^
..\Tests\../DataStructures/VMMemory.h:26:37: error: expected primary-expression before ')' token
 #define HEADER_OF(object) (header_t*)(((ulong)&object)-8)
                                     ^
..\Tests\VMMemoryTest.cpp:57:6: note: in expansion of macro 'HEADER_OF'
  h = HEADER_OF(header[8]);
      ^
..\Tests\../DataStructures/VMMemory.h:26:37: error: expected primary-expression before ')' token
 #define HEADER_OF(object) (header_t*)(((ulong)&object)-8)
                                     ^
..\Tests\VMMemoryTest.cpp:65:6: note: in expansion of macro 'HEADER_OF'
  h = HEADER_OF(header[8]);
      ^
15:45:48 **** Incremental Build of configuration Debug for project beevmTests ****
Info: Internal Builder is used for build
g++ "-ID:\\CPPEnv\\Workspace\\beevmTests\\cute" "-ID:\\CPPEnv\\Workspace\\beevmTests\\boost" -O0 -g3 -Wall -c -fmessage-length=0 -o "Tests\\GCSpaceTest.o" "..\\Tests\\GCSpaceTest.cpp" 
In file included from ..\Tests\../DataStructures/GCSpace.h:10:0,
                 from ..\Tests\GCSpaceTest.cpp:1:
..\Tests\../DataStructures/GCSpaceInfo.h:25:28: warning: non-static data member initializers only available with -std=c++11 or -std=gnu++11 [enabled by default]
  const ulong sizeInBytes = 24;
                            ^
In file included from D:\CPPEnv\Workspace\beevmTests\boost/boost/bind/bind.hpp:29:0,
                 from D:\CPPEnv\Workspace\beevmTests\boost/boost/bind.hpp:22,
                 from D:\CPPEnv\Workspace\beevmTests\cute/cute_determine_library.h:37,
                 from D:\CPPEnv\Workspace\beevmTests\cute/cute_test.h:23,
                 from D:\CPPEnv\Workspace\beevmTests\cute/cute_suite.h:22,
                 from D:\CPPEnv\Workspace\beevmTests\cute/cute.h:29,
                 from ..\Tests\GCSpaceTest.cpp:2:
D:\CPPEnv\Workspace\beevmTests\boost/boost/bind/arg.hpp: In constructor 'boost::arg<I>::arg(const T&)':
D:\CPPEnv\Workspace\beevmTests\boost/boost/bind/arg.hpp:37:22: warning: typedef 'T_must_be_placeholder' locally defined but not used [-Wunused-local-typedefs]
         typedef char T_must_be_placeholder[ I == is_placeholder<T>::value? 1: -1 ];
                      ^
..\Tests\GCSpaceTest.cpp: In function 'ulong* mockArray()':
..\Tests\GCSpaceTest.cpp:91:21: warning: no return statement in function returning non-void [-Wreturn-type]
 ulong * mockArray(){}
                     ^
g++ "-ID:\\CPPEnv\\Workspace\\beevmTests\\cute" "-ID:\\CPPEnv\\Workspace\\beevmTests\\boost" -O0 -g3 -Wall -c -fmessage-length=0 -o "DataStructures\\VMMemory.o" "..\\DataStructures\\VMMemory.cpp" 
..\DataStructures\VMMemory.cpp:34:2: warning: multi-line comment [-Wcomment]
  // .data:10026058         ObjectFlag_reserved1 or ObjectFlag_zeroTermOrNamed or ObjectFlag_notIndexed,\
  ^
..\DataStructures\VMMemory.cpp: In function 'long unsigned int memoryAt(long unsigned int)':
..\DataStructures\VMMemory.cpp:23:1: warning: no return statement in function returning non-void [-Wreturn-type]
 }
 ^
..\DataStructures\VMMemory.cpp: In function 'ulong _basicSetSize(ulong*, ulong)':
..\DataStructures\VMMemory.cpp:135:1: warning: no return statement in function returning non-void [-Wreturn-type]
 }
 ^
..\DataStructures\VMMemory.cpp: In function 'bool _isProxy(ulong*)':
..\DataStructures\VMMemory.cpp:138:1: warning: no return statement in function returning non-void [-Wreturn-type]
 }
 ^
..\DataStructures\VMMemory.cpp: In function 'ulong* _proxee(ulong*)':
..\DataStructures\VMMemory.cpp:140:1: warning: no return statement in function returning non-void [-Wreturn-type]
 }
 ^
..\DataStructures\VMMemory.cpp: In function 'ulong _size(ulong*)':
..\DataStructures\VMMemory.cpp:142:1: warning: no return statement in function returning non-void [-Wreturn-type]
 }
 ^
..\DataStructures\VMMemory.cpp: In function 'ulong* _asObject(ulong*)':
..\DataStructures\VMMemory.cpp:146:1: warning: no return statement in function returning non-void [-Wreturn-type]
 }
 ^
..\DataStructures\VMMemory.cpp: In function 'ulong* _asPointer(ulong)':
..\DataStructures\VMMemory.cpp:148:1: warning: no return statement in function returning non-void [-Wreturn-type]
 }
 ^
..\DataStructures\VMMemory.cpp: In function 'ulong _basicSize(ulong*, ulong)':
..\DataStructures\VMMemory.cpp:150:1: warning: no return statement in function returning non-void [-Wreturn-type]
 }
 ^
..\DataStructures\VMMemory.cpp: In function 'ulong _beExtended(ulong*)':
..\DataStructures\VMMemory.cpp:152:1: warning: no return statement in function returning non-void [-Wreturn-type]
 }
 ^
..\DataStructures\VMMemory.cpp: In function 'ulong _decommit(ulong, ulong)':
..\DataStructures\VMMemory.cpp:155:1: warning: no return statement in function returning non-void [-Wreturn-type]
 }
 ^
..\DataStructures\VMMemory.cpp: In function 'ulong _extendedSize(ulong*, ulong)':
..\DataStructures\VMMemory.cpp:157:1: warning: no return statement in function returning non-void [-Wreturn-type]
 }
 ^
..\DataStructures\VMMemory.cpp: In function 'ulong _sizeInBytes(ulong*)':
..\DataStructures\VMMemory.cpp:159:1: warning: no return statement in function returning non-void [-Wreturn-type]
 }
 ^
..\DataStructures\VMMemory.cpp: In function 'ulong _headerSizeInBytes(ulong*)':
..\DataStructures\VMMemory.cpp:161:1: warning: no return statement in function returning non-void [-Wreturn-type]
 }
 ^
..\DataStructures\VMMemory.cpp: In function 'ulong _framePointer()':
..\DataStructures\VMMemory.cpp:163:1: warning: no return statement in function returning non-void [-Wreturn-type]
 }
 ^
..\DataStructures\VMMemory.cpp: In function 'bool isArray(ulong*)':
..\DataStructures\VMMemory.cpp:165:1: warning: no return statement in function returning non-void [-Wreturn-type]
 }
 ^
..\DataStructures\VMMemory.cpp: In function 'ulong size(ulong*)':
..\DataStructures\VMMemory.cpp:167:1: warning: no return statement in function returning non-void [-Wreturn-type]
 }
 ^
..\DataStructures\VMMemory.cpp: In function 'ulong asOop(ulong*)':
..\DataStructures\VMMemory.cpp:170:1: warning: no return statement in function returning non-void [-Wreturn-type]
 }
 ^
..\DataStructures\VMMemory.cpp: In function 'ulong oop(ulong*)':
..\DataStructures\VMMemory.cpp:173:1: warning: no return statement in function returning non-void [-Wreturn-type]
 }
 ^
g++ "-ID:\\CPPEnv\\Workspace\\beevmTests\\cute" "-ID:\\CPPEnv\\Workspace\\beevmTests\\boost" -O0 -g3 -Wall -c -fmessage-length=0 -o "Tests\\VMMemoryTest.o" "..\\Tests\\VMMemoryTest.cpp" 
..\Tests\VMMemoryTest.cpp:16:1: warning: multi-line comment [-Wcomment]
 // .data:10026058         ObjectFlag_reserved1 or ObjectFlag_zeroTermOrNamed or ObjectFlag_notIndexed,\
 ^
In file included from D:\CPPEnv\Workspace\beevmTests\boost/boost/bind/bind.hpp:29:0,
                 from D:\CPPEnv\Workspace\beevmTests\boost/boost/bind.hpp:22,
                 from D:\CPPEnv\Workspace\beevmTests\cute/cute_determine_library.h:37,
                 from D:\CPPEnv\Workspace\beevmTests\cute/cute_test.h:23,
                 from D:\CPPEnv\Workspace\beevmTests\cute/cute_suite.h:22,
                 from D:\CPPEnv\Workspace\beevmTests\cute/cute.h:29,
                 from ..\Tests\VMMemoryTest.cpp:2:
D:\CPPEnv\Workspace\beevmTests\boost/boost/bind/arg.hpp: In constructor 'boost::arg<I>::arg(const T&)':
D:\CPPEnv\Workspace\beevmTests\boost/boost/bind/arg.hpp:37:22: warning: typedef 'T_must_be_placeholder' locally defined but not used [-Wunused-local-typedefs]
         typedef char T_must_be_placeholder[ I == is_placeholder<T>::value? 1: -1 ];
                      ^
g++ "-ID:\\CPPEnv\\Workspace\\beevmTests\\cute" "-ID:\\CPPEnv\\Workspace\\beevmTests\\boost" -O0 -g3 -Wall -c -fmessage-length=0 -o "DataStructures\\GCSpace.o" "..\\DataStructures\\GCSpace.cpp" 
In file included from ..\DataStructures\GCSpace.h:10:0,
                 from ..\DataStructures\GCSpace.cpp:9:
..\DataStructures\GCSpaceInfo.h:25:28: warning: non-static data member initializers only available with -std=c++11 or -std=gnu++11 [enabled by default]
  const ulong sizeInBytes = 24;
                            ^
..\DataStructures\GCSpace.cpp: In member function 'ulong* Bee::GCSpace::shallowCopyGrowingTo(ulong*, ulong)':
..\DataStructures\GCSpace.cpp:135:43: warning: comparison between signed and unsigned integer expressions [-Wsign-compare]
  for (int index = -1; index <= _size(array); index++) {
                                           ^
..\DataStructures\GCSpace.cpp:143:48: warning: comparison between signed and unsigned integer expressions [-Wsign-compare]
  for (int index = (_size(array) + 1); index <= newSize; index++) {
                                                ^
g++ -static-libgcc -static-libstdc++ -o beevmTests.exe "DataStructures\\GCSpace.o" "DataStructures\\GCSpaceInfo.o" "DataStructures\\ReferencedVMArray.o" "DataStructures\\VMArray.o" "DataStructures\\VMMemory.o" "Tests\\GCSpaceTest.o" "Tests\\GCSpaceTestInfo.o" "Tests\\VMArrayTest.o" "Tests\\VMMemoryTest.o" "src\\Test.o" 
Info: Nothing to build for beevmTests
15:49:36 **** Incremental Build of configuration Debug for project beevmTests ****
Info: Internal Builder is used for build
g++ "-ID:\\CPPEnv\\Workspace\\beevmTests\\cute" "-ID:\\CPPEnv\\Workspace\\beevmTests\\boost" -O0 -g3 -Wall -c -fmessage-length=0 -o "Tests\\VMMemoryTest.o" "..\\Tests\\VMMemoryTest.cpp" 
..\Tests\VMMemoryTest.cpp:15:1: warning: multi-line comment [-Wcomment]
 // .data:10026058         ObjectFlag_reserved1 or ObjectFlag_zeroTermOrNamed or ObjectFlag_notIndexed,\
 ^
In file included from D:\CPPEnv\Workspace\beevmTests\boost/boost/bind/bind.hpp:29:0,
                 from D:\CPPEnv\Workspace\beevmTests\boost/boost/bind.hpp:22,
                 from D:\CPPEnv\Workspace\beevmTests\cute/cute_determine_library.h:37,
                 from D:\CPPEnv\Workspace\beevmTests\cute/cute_test.h:23,
                 from D:\CPPEnv\Workspace\beevmTests\cute/cute_suite.h:22,
                 from D:\CPPEnv\Workspace\beevmTests\cute/cute.h:29,
                 from ..\Tests\VMMemoryTest.cpp:2:
D:\CPPEnv\Workspace\beevmTests\boost/boost/bind/arg.hpp: In constructor 'boost::arg<I>::arg(const T&)':
D:\CPPEnv\Workspace\beevmTests\boost/boost/bind/arg.hpp:37:22: warning: typedef 'T_must_be_placeholder' locally defined but not used [-Wunused-local-typedefs]
         typedef char T_must_be_placeholder[ I == is_placeholder<T>::value? 1: -1 ];
                      ^
g++ -static-libgcc -static-libstdc++ -o beevmTests.exe "DataStructures\\GCSpace.o" "DataStructures\\GCSpaceInfo.o" "DataStructures\\ReferencedVMArray.o" "DataStructures\\VMArray.o" "DataStructures\\VMMemory.o" "Tests\\GCSpaceTest.o" "Tests\\GCSpaceTestInfo.o" "Tests\\VMArrayTest.o" "Tests\\VMMemoryTest.o" "src\\Test.o" 
Info: Nothing to build for beevmTests
15:49:56 **** Incremental Build of configuration Debug for project beevmTests ****
Info: Internal Builder is used for build
g++ "-ID:\\CPPEnv\\Workspace\\beevmTests\\cute" "-ID:\\CPPEnv\\Workspace\\beevmTests\\boost" -O0 -g3 -Wall -c -fmessage-length=0 -o "Tests\\VMMemoryTest.o" "..\\Tests\\VMMemoryTest.cpp" 
..\Tests\VMMemoryTest.cpp:15:1: warning: multi-line comment [-Wcomment]
 // .data:10026058         ObjectFlag_reserved1 or ObjectFlag_zeroTermOrNamed or ObjectFlag_notIndexed,\
 ^
In file included from D:\CPPEnv\Workspace\beevmTests\boost/boost/bind/bind.hpp:29:0,
                 from D:\CPPEnv\Workspace\beevmTests\boost/boost/bind.hpp:22,
                 from D:\CPPEnv\Workspace\beevmTests\cute/cute_determine_library.h:37,
                 from D:\CPPEnv\Workspace\beevmTests\cute/cute_test.h:23,
                 from D:\CPPEnv\Workspace\beevmTests\cute/cute_suite.h:22,
                 from D:\CPPEnv\Workspace\beevmTests\cute/cute.h:29,
                 from ..\Tests\VMMemoryTest.cpp:2:
D:\CPPEnv\Workspace\beevmTests\boost/boost/bind/arg.hpp: In constructor 'boost::arg<I>::arg(const T&)':
D:\CPPEnv\Workspace\beevmTests\boost/boost/bind/arg.hpp:37:22: warning: typedef 'T_must_be_placeholder' locally defined but not used [-Wunused-local-typedefs]
         typedef char T_must_be_placeholder[ I == is_placeholder<T>::value? 1: -1 ];
                      ^
g++ -static-libgcc -static-libstdc++ -o beevmTests.exe "DataStructures\\GCSpace.o" "DataStructures\\GCSpaceInfo.o" "DataStructures\\ReferencedVMArray.o" "DataStructures\\VMArray.o" "DataStructures\\VMMemory.o" "Tests\\GCSpaceTest.o" "Tests\\GCSpaceTestInfo.o" "Tests\\VMArrayTest.o" "Tests\\VMMemoryTest.o" "src\\Test.o" 
Info: Nothing to build for beevmTests
15:55:48 **** Incremental Build of configuration Debug for project beevmTests ****
Info: Internal Builder is used for build
g++ "-ID:\\CPPEnv\\Workspace\\beevmTests\\cute" "-ID:\\CPPEnv\\Workspace\\beevmTests\\boost" -O0 -g3 -Wall -c -fmessage-length=0 -o "Tests\\GCSpaceTest.o" "..\\Tests\\GCSpaceTest.cpp" 
In file included from ..\Tests\../DataStructures/GCSpace.h:10:0,
                 from ..\Tests\GCSpaceTest.cpp:1:
..\Tests\../DataStructures/GCSpaceInfo.h:25:28: warning: non-static data member initializers only available with -std=c++11 or -std=gnu++11 [enabled by default]
  const ulong sizeInBytes = 24;
                            ^
In file included from D:\CPPEnv\Workspace\beevmTests\boost/boost/bind/bind.hpp:29:0,
                 from D:\CPPEnv\Workspace\beevmTests\boost/boost/bind.hpp:22,
                 from D:\CPPEnv\Workspace\beevmTests\cute/cute_determine_library.h:37,
                 from D:\CPPEnv\Workspace\beevmTests\cute/cute_test.h:23,
                 from D:\CPPEnv\Workspace\beevmTests\cute/cute_suite.h:22,
                 from D:\CPPEnv\Workspace\beevmTests\cute/cute.h:29,
                 from ..\Tests\GCSpaceTest.cpp:2:
D:\CPPEnv\Workspace\beevmTests\boost/boost/bind/arg.hpp: In constructor 'boost::arg<I>::arg(const T&)':
D:\CPPEnv\Workspace\beevmTests\boost/boost/bind/arg.hpp:37:22: warning: typedef 'T_must_be_placeholder' locally defined but not used [-Wunused-local-typedefs]
         typedef char T_must_be_placeholder[ I == is_placeholder<T>::value? 1: -1 ];
                      ^
..\Tests\GCSpaceTest.cpp: In function 'ulong* mockArray()':
..\Tests\GCSpaceTest.cpp:91:21: warning: no return statement in function returning non-void [-Wreturn-type]
 ulong * mockArray(){}
                     ^
g++ "-ID:\\CPPEnv\\Workspace\\beevmTests\\cute" "-ID:\\CPPEnv\\Workspace\\beevmTests\\boost" -O0 -g3 -Wall -c -fmessage-length=0 -o "Tests\\VMMemoryTest.o" "..\\Tests\\VMMemoryTest.cpp" 
..\Tests\VMMemoryTest.cpp:15:1: warning: multi-line comment [-Wcomment]
 // .data:10026058         ObjectFlag_reserved1 or ObjectFlag_zeroTermOrNamed or ObjectFlag_notIndexed,\
 ^
..\Tests\VMMemoryTest.cpp:98:0: error: unterminated argument list invoking macro "ASSERTM"
..\Tests\VMMemoryTest.cpp: In function 'void basicSize()':
..\Tests\VMMemoryTest.cpp:75:28: error: cannot convert 'unsigned char*' to 'ulong* {aka long unsigned int*}' in initialization
  ulong * object = &header[8];
                            ^
..\Tests\VMMemoryTest.cpp:76:2: error: 'ASSERTM' was not declared in this scope
  ASSERTM("size ", (_basicGetSize(object) == 3);
  ^
..\Tests\VMMemoryTest.cpp:76:2: error: expected ';' at end of input
..\Tests\VMMemoryTest.cpp:75:10: warning: unused variable 'object' [-Wunused-variable]
  ulong * object = &header[8];
          ^
..\Tests\VMMemoryTest.cpp:76:2: error: expected '}' at end of input
  ASSERTM("size ", (_basicGetSize(object) == 3);
  ^
15:56:16 **** Incremental Build of configuration Debug for project beevmTests ****
Info: Internal Builder is used for build
g++ "-ID:\\CPPEnv\\Workspace\\beevmTests\\cute" "-ID:\\CPPEnv\\Workspace\\beevmTests\\boost" -O0 -g3 -Wall -c -fmessage-length=0 -o "Tests\\VMMemoryTest.o" "..\\Tests\\VMMemoryTest.cpp" 
..\Tests\VMMemoryTest.cpp:15:1: warning: multi-line comment [-Wcomment]
 // .data:10026058         ObjectFlag_reserved1 or ObjectFlag_zeroTermOrNamed or ObjectFlag_notIndexed,\
 ^
In file included from D:\CPPEnv\Workspace\beevmTests\boost/boost/bind/bind.hpp:29:0,
                 from D:\CPPEnv\Workspace\beevmTests\boost/boost/bind.hpp:22,
                 from D:\CPPEnv\Workspace\beevmTests\cute/cute_determine_library.h:37,
                 from D:\CPPEnv\Workspace\beevmTests\cute/cute_test.h:23,
                 from D:\CPPEnv\Workspace\beevmTests\cute/cute_suite.h:22,
                 from D:\CPPEnv\Workspace\beevmTests\cute/cute.h:29,
                 from ..\Tests\VMMemoryTest.cpp:2:
D:\CPPEnv\Workspace\beevmTests\boost/boost/bind/arg.hpp: In constructor 'boost::arg<I>::arg(const T&)':
D:\CPPEnv\Workspace\beevmTests\boost/boost/bind/arg.hpp:37:22: warning: typedef 'T_must_be_placeholder' locally defined but not used [-Wunused-local-typedefs]
         typedef char T_must_be_placeholder[ I == is_placeholder<T>::value? 1: -1 ];
                      ^
..\Tests\VMMemoryTest.cpp: In function 'void basicSize()':
..\Tests\VMMemoryTest.cpp:75:28: error: cannot convert 'unsigned char*' to 'ulong* {aka long unsigned int*}' in initialization
  ulong * object = &header[8];
                            ^
15:56:36 **** Incremental Build of configuration Debug for project beevmTests ****
Info: Internal Builder is used for build
g++ "-ID:\\CPPEnv\\Workspace\\beevmTests\\cute" "-ID:\\CPPEnv\\Workspace\\beevmTests\\boost" -O0 -g3 -Wall -c -fmessage-length=0 -o "Tests\\VMMemoryTest.o" "..\\Tests\\VMMemoryTest.cpp" 
..\Tests\VMMemoryTest.cpp:15:1: warning: multi-line comment [-Wcomment]
 // .data:10026058         ObjectFlag_reserved1 or ObjectFlag_zeroTermOrNamed or ObjectFlag_notIndexed,\
 ^
In file included from D:\CPPEnv\Workspace\beevmTests\boost/boost/bind/bind.hpp:29:0,
                 from D:\CPPEnv\Workspace\beevmTests\boost/boost/bind.hpp:22,
                 from D:\CPPEnv\Workspace\beevmTests\cute/cute_determine_library.h:37,
                 from D:\CPPEnv\Workspace\beevmTests\cute/cute_test.h:23,
                 from D:\CPPEnv\Workspace\beevmTests\cute/cute_suite.h:22,
                 from D:\CPPEnv\Workspace\beevmTests\cute/cute.h:29,
                 from ..\Tests\VMMemoryTest.cpp:2:
D:\CPPEnv\Workspace\beevmTests\boost/boost/bind/arg.hpp: In constructor 'boost::arg<I>::arg(const T&)':
D:\CPPEnv\Workspace\beevmTests\boost/boost/bind/arg.hpp:37:22: warning: typedef 'T_must_be_placeholder' locally defined but not used [-Wunused-local-typedefs]
         typedef char T_must_be_placeholder[ I == is_placeholder<T>::value? 1: -1 ];
                      ^
..\Tests\VMMemoryTest.cpp: In function 'void basicSize()':
..\Tests\VMMemoryTest.cpp:75:26: error: invalid conversion from 'unsigned char*' to 'ulong {aka long unsigned int}' [-fpermissive]
  ulong object = &header[8];
                          ^
In file included from D:\CPPEnv\Workspace\beevmTests\cute/cute.h:24:0,
                 from ..\Tests\VMMemoryTest.cpp:2:
..\Tests\VMMemoryTest.cpp:76:40: error: invalid conversion from 'ulong {aka long unsigned int}' to 'ulong* {aka long unsigned int*}' [-fpermissive]
  ASSERTM("size ", (_basicGetSize(object) == 3));
                                        ^
D:\CPPEnv\Workspace\beevmTests\cute/cute_base.h:55:38: note: in definition of macro 'ASSERTM'
 #define ASSERTM(msg,cond) do { if (!(cond)) throw cute::test_failure(CUTE_FUNCNAME_PREFIX+cute::cute_to_string::backslashQuoteTabNewline(msg),__FILE__,__LINE__);} while(false)
                                      ^
In file included from ..\Tests\VMMemoryTest.cpp:1:0:
..\Tests\../DataStructures/VMMemory.h:53:7: error:   initializing argument 1 of 'ulong _basicGetSize(ulong*)' [-fpermissive]
 ulong _basicGetSize(ulong *object);
       ^
15:56:58 **** Incremental Build of configuration Debug for project beevmTests ****
Info: Internal Builder is used for build
g++ "-ID:\\CPPEnv\\Workspace\\beevmTests\\cute" "-ID:\\CPPEnv\\Workspace\\beevmTests\\boost" -O0 -g3 -Wall -c -fmessage-length=0 -o "DataStructures\\GCSpace.o" "..\\DataStructures\\GCSpace.cpp" 
In file included from ..\DataStructures\GCSpace.h:10:0,
                 from ..\DataStructures\GCSpace.cpp:9:
..\DataStructures\GCSpaceInfo.h:25:28: warning: non-static data member initializers only available with -std=c++11 or -std=gnu++11 [enabled by default]
  const ulong sizeInBytes = 24;
                            ^
..\DataStructures\GCSpace.cpp: In member function 'ulong* Bee::GCSpace::shallowCopyGrowingTo(ulong*, ulong)':
..\DataStructures\GCSpace.cpp:135:43: warning: comparison between signed and unsigned integer expressions [-Wsign-compare]
  for (int index = -1; index <= _size(array); index++) {
                                           ^
..\DataStructures\GCSpace.cpp:143:48: warning: comparison between signed and unsigned integer expressions [-Wsign-compare]
  for (int index = (_size(array) + 1); index <= newSize; index++) {
                                                ^
g++ "-ID:\\CPPEnv\\Workspace\\beevmTests\\cute" "-ID:\\CPPEnv\\Workspace\\beevmTests\\boost" -O0 -g3 -Wall -c -fmessage-length=0 -o "DataStructures\\VMMemory.o" "..\\DataStructures\\VMMemory.cpp" 
..\DataStructures\VMMemory.cpp:34:2: warning: multi-line comment [-Wcomment]
  // .data:10026058         ObjectFlag_reserved1 or ObjectFlag_zeroTermOrNamed or ObjectFlag_notIndexed,\
  ^
..\DataStructures\VMMemory.cpp: In function 'long unsigned int memoryAt(long unsigned int)':
..\DataStructures\VMMemory.cpp:23:1: warning: no return statement in function returning non-void [-Wreturn-type]
 }
 ^
..\DataStructures\VMMemory.cpp: In function 'bool _isProxy(ulong*)':
..\DataStructures\VMMemory.cpp:143:1: warning: no return statement in function returning non-void [-Wreturn-type]
 }
 ^
..\DataStructures\VMMemory.cpp: In function 'ulong* _proxee(ulong*)':
..\DataStructures\VMMemory.cpp:145:1: warning: no return statement in function returning non-void [-Wreturn-type]
 }
 ^
..\DataStructures\VMMemory.cpp: In function 'ulong _size(ulong*)':
..\DataStructures\VMMemory.cpp:147:1: warning: no return statement in function returning non-void [-Wreturn-type]
 }
 ^
..\DataStructures\VMMemory.cpp: In function 'ulong* _asObject(ulong*)':
..\DataStructures\VMMemory.cpp:151:1: warning: no return statement in function returning non-void [-Wreturn-type]
 }
 ^
..\DataStructures\VMMemory.cpp: In function 'ulong* _asPointer(ulong)':
..\DataStructures\VMMemory.cpp:153:1: warning: no return statement in function returning non-void [-Wreturn-type]
 }
 ^
..\DataStructures\VMMemory.cpp: In function 'ulong _basicSize(ulong*, ulong)':
..\DataStructures\VMMemory.cpp:155:1: warning: no return statement in function returning non-void [-Wreturn-type]
 }
 ^
..\DataStructures\VMMemory.cpp: In function 'ulong _beExtended(ulong*)':
..\DataStructures\VMMemory.cpp:157:1: warning: no return statement in function returning non-void [-Wreturn-type]
 }
 ^
..\DataStructures\VMMemory.cpp: In function 'ulong _decommit(ulong, ulong)':
..\DataStructures\VMMemory.cpp:160:1: warning: no return statement in function returning non-void [-Wreturn-type]
 }
 ^
..\DataStructures\VMMemory.cpp: In function 'ulong _extendedSize(ulong*, ulong)':
..\DataStructures\VMMemory.cpp:162:1: warning: no return statement in function returning non-void [-Wreturn-type]
 }
 ^
..\DataStructures\VMMemory.cpp: In function 'ulong _sizeInBytes(ulong*)':
..\DataStructures\VMMemory.cpp:164:1: warning: no return statement in function returning non-void [-Wreturn-type]
 }
 ^
..\DataStructures\VMMemory.cpp: In function 'ulong _headerSizeInBytes(ulong*)':
..\DataStructures\VMMemory.cpp:166:1: warning: no return statement in function returning non-void [-Wreturn-type]
 }
 ^
..\DataStructures\VMMemory.cpp: In function 'ulong _framePointer()':
..\DataStructures\VMMemory.cpp:168:1: warning: no return statement in function returning non-void [-Wreturn-type]
 }
 ^
..\DataStructures\VMMemory.cpp: In function 'bool isArray(ulong*)':
..\DataStructures\VMMemory.cpp:170:1: warning: no return statement in function returning non-void [-Wreturn-type]
 }
 ^
..\DataStructures\VMMemory.cpp: In function 'ulong size(ulong*)':
..\DataStructures\VMMemory.cpp:172:1: warning: no return statement in function returning non-void [-Wreturn-type]
 }
 ^
..\DataStructures\VMMemory.cpp: In function 'ulong asOop(ulong*)':
..\DataStructures\VMMemory.cpp:175:1: warning: no return statement in function returning non-void [-Wreturn-type]
 }
 ^
..\DataStructures\VMMemory.cpp: In function 'ulong oop(ulong*)':
..\DataStructures\VMMemory.cpp:178:1: warning: no return statement in function returning non-void [-Wreturn-type]
 }
 ^
g++ "-ID:\\CPPEnv\\Workspace\\beevmTests\\cute" "-ID:\\CPPEnv\\Workspace\\beevmTests\\boost" -O0 -g3 -Wall -c -fmessage-length=0 -o "Tests\\VMMemoryTest.o" "..\\Tests\\VMMemoryTest.cpp" 
..\Tests\VMMemoryTest.cpp:15:1: warning: multi-line comment [-Wcomment]
 // .data:10026058         ObjectFlag_reserved1 or ObjectFlag_zeroTermOrNamed or ObjectFlag_notIndexed,\
 ^
In file included from D:\CPPEnv\Workspace\beevmTests\boost/boost/bind/bind.hpp:29:0,
                 from D:\CPPEnv\Workspace\beevmTests\boost/boost/bind.hpp:22,
                 from D:\CPPEnv\Workspace\beevmTests\cute/cute_determine_library.h:37,
                 from D:\CPPEnv\Workspace\beevmTests\cute/cute_test.h:23,
                 from D:\CPPEnv\Workspace\beevmTests\cute/cute_suite.h:22,
                 from D:\CPPEnv\Workspace\beevmTests\cute/cute.h:29,
                 from ..\Tests\VMMemoryTest.cpp:2:
D:\CPPEnv\Workspace\beevmTests\boost/boost/bind/arg.hpp: In constructor 'boost::arg<I>::arg(const T&)':
D:\CPPEnv\Workspace\beevmTests\boost/boost/bind/arg.hpp:37:22: warning: typedef 'T_must_be_placeholder' locally defined but not used [-Wunused-local-typedefs]
         typedef char T_must_be_placeholder[ I == is_placeholder<T>::value? 1: -1 ];
                      ^
g++ -static-libgcc -static-libstdc++ -o beevmTests.exe "DataStructures\\GCSpace.o" "DataStructures\\GCSpaceInfo.o" "DataStructures\\ReferencedVMArray.o" "DataStructures\\VMArray.o" "DataStructures\\VMMemory.o" "Tests\\GCSpaceTest.o" "Tests\\GCSpaceTestInfo.o" "Tests\\VMArrayTest.o" "Tests\\VMMemoryTest.o" "src\\Test.o" 
Info: Nothing to build for beevmTests
15:57:56 **** Incremental Build of configuration Debug for project beevmTests ****
Info: Internal Builder is used for build
g++ "-ID:\\CPPEnv\\Workspace\\beevmTests\\cute" "-ID:\\CPPEnv\\Workspace\\beevmTests\\boost" -O0 -g3 -Wall -c -fmessage-length=0 -o "Tests\\VMMemoryTest.o" "..\\Tests\\VMMemoryTest.cpp" 
..\Tests\VMMemoryTest.cpp:15:1: warning: multi-line comment [-Wcomment]
 // .data:10026058         ObjectFlag_reserved1 or ObjectFlag_zeroTermOrNamed or ObjectFlag_notIndexed,\
 ^
In file included from D:\CPPEnv\Workspace\beevmTests\boost/boost/bind/bind.hpp:29:0,
                 from D:\CPPEnv\Workspace\beevmTests\boost/boost/bind.hpp:22,
                 from D:\CPPEnv\Workspace\beevmTests\cute/cute_determine_library.h:37,
                 from D:\CPPEnv\Workspace\beevmTests\cute/cute_test.h:23,
                 from D:\CPPEnv\Workspace\beevmTests\cute/cute_suite.h:22,
                 from D:\CPPEnv\Workspace\beevmTests\cute/cute.h:29,
                 from ..\Tests\VMMemoryTest.cpp:2:
D:\CPPEnv\Workspace\beevmTests\boost/boost/bind/arg.hpp: In constructor 'boost::arg<I>::arg(const T&)':
D:\CPPEnv\Workspace\beevmTests\boost/boost/bind/arg.hpp:37:22: warning: typedef 'T_must_be_placeholder' locally defined but not used [-Wunused-local-typedefs]
         typedef char T_must_be_placeholder[ I == is_placeholder<T>::value? 1: -1 ];
                      ^
g++ -static-libgcc -static-libstdc++ -o beevmTests.exe "DataStructures\\GCSpace.o" "DataStructures\\GCSpaceInfo.o" "DataStructures\\ReferencedVMArray.o" "DataStructures\\VMArray.o" "DataStructures\\VMMemory.o" "Tests\\GCSpaceTest.o" "Tests\\GCSpaceTestInfo.o" "Tests\\VMArrayTest.o" "Tests\\VMMemoryTest.o" "src\\Test.o" 
Info: Nothing to build for beevmTests
16:24:02 **** Incremental Build of configuration Debug for project beevmTests ****
Info: Internal Builder is used for build
g++ "-ID:\\CPPEnv\\Workspace\\beevmTests\\cute" "-ID:\\CPPEnv\\Workspace\\beevmTests\\boost" -O0 -g3 -Wall -c -fmessage-length=0 -o "DataStructures\\VMMemory.o" "..\\DataStructures\\VMMemory.cpp" 
..\DataStructures\VMMemory.cpp:48:2: warning: multi-line comment [-Wcomment]
  // .data:10026058         ObjectFlag_reserved1 or ObjectFlag_zeroTermOrNamed or ObjectFlag_notIndexed,\
  ^
..\DataStructures\VMMemory.cpp: In function 'long unsigned int memoryAt(long unsigned int)':
..\DataStructures\VMMemory.cpp:37:1: warning: no return statement in function returning non-void [-Wreturn-type]
 }
 ^
..\DataStructures\VMMemory.cpp: In function 'bool _isProxy(ulong*)':
..\DataStructures\VMMemory.cpp:161:1: warning: no return statement in function returning non-void [-Wreturn-type]
 }
 ^
..\DataStructures\VMMemory.cpp: In function 'ulong* _proxee(ulong*)':
..\DataStructures\VMMemory.cpp:163:1: warning: no return statement in function returning non-void [-Wreturn-type]
 }
 ^
..\DataStructures\VMMemory.cpp: In function 'ulong* _asPointer(ulong)':
..\DataStructures\VMMemory.cpp:172:38: error: invalid conversion from 'long unsigned int' to 'ulong* {aka long unsigned int*}' [-fpermissive]
  if (object & 1) { return object >>1 & 1; } else {return object & 1}
                                      ^
..\DataStructures\VMMemory.cpp:172:65: error: invalid conversion from 'long unsigned int' to 'ulong* {aka long unsigned int*}' [-fpermissive]
  if (object & 1) { return object >>1 & 1; } else {return object & 1}
                                                                 ^
..\DataStructures\VMMemory.cpp:172:68: error: expected ';' before '}' token
  if (object & 1) { return object >>1 & 1; } else {return object & 1}
                                                                    ^
..\DataStructures\VMMemory.cpp: In function 'ulong _beExtended(ulong*)':
..\DataStructures\VMMemory.cpp:179:1: warning: no return statement in function returning non-void [-Wreturn-type]
 }
 ^
..\DataStructures\VMMemory.cpp: In function 'ulong _decommit(ulong, ulong)':
..\DataStructures\VMMemory.cpp:182:1: warning: no return statement in function returning non-void [-Wreturn-type]
 }
 ^
..\DataStructures\VMMemory.cpp: In function 'ulong _extendedSize(ulong*, ulong)':
..\DataStructures\VMMemory.cpp:184:1: warning: no return statement in function returning non-void [-Wreturn-type]
 }
 ^
..\DataStructures\VMMemory.cpp: In function 'ulong _sizeInBytes(ulong*)':
..\DataStructures\VMMemory.cpp:186:1: warning: no return statement in function returning non-void [-Wreturn-type]
 }
 ^
..\DataStructures\VMMemory.cpp: In function 'ulong _headerSizeInBytes(ulong*)':
..\DataStructures\VMMemory.cpp:188:1: warning: no return statement in function returning non-void [-Wreturn-type]
 }
 ^
..\DataStructures\VMMemory.cpp: In function 'ulong _framePointer()':
..\DataStructures\VMMemory.cpp:190:1: warning: no return statement in function returning non-void [-Wreturn-type]
 }
 ^
..\DataStructures\VMMemory.cpp: In function 'bool isArray(ulong*)':
..\DataStructures\VMMemory.cpp:192:1: warning: no return statement in function returning non-void [-Wreturn-type]
 }
 ^
..\DataStructures\VMMemory.cpp: In function 'ulong size(ulong*)':
..\DataStructures\VMMemory.cpp:194:1: warning: no return statement in function returning non-void [-Wreturn-type]
 }
 ^
..\DataStructures\VMMemory.cpp: In function 'ulong asOop(ulong*)':
..\DataStructures\VMMemory.cpp:197:1: warning: no return statement in function returning non-void [-Wreturn-type]
 }
 ^
..\DataStructures\VMMemory.cpp: In function 'ulong oop(ulong*)':
..\DataStructures\VMMemory.cpp:200:1: warning: no return statement in function returning non-void [-Wreturn-type]
 }
 ^
16:25:06 **** Incremental Build of configuration Debug for project beevmTests ****
Info: Internal Builder is used for build
g++ "-ID:\\CPPEnv\\Workspace\\beevmTests\\cute" "-ID:\\CPPEnv\\Workspace\\beevmTests\\boost" -O0 -g3 -Wall -c -fmessage-length=0 -o "Tests\\VMMemoryTest.o" "..\\Tests\\VMMemoryTest.cpp" 
..\Tests\VMMemoryTest.cpp:15:1: warning: multi-line comment [-Wcomment]
 // .data:10026058         ObjectFlag_reserved1 or ObjectFlag_zeroTermOrNamed or ObjectFlag_notIndexed,\
 ^
In file included from D:\CPPEnv\Workspace\beevmTests\boost/boost/bind/bind.hpp:29:0,
                 from D:\CPPEnv\Workspace\beevmTests\boost/boost/bind.hpp:22,
                 from D:\CPPEnv\Workspace\beevmTests\cute/cute_determine_library.h:37,
                 from D:\CPPEnv\Workspace\beevmTests\cute/cute_test.h:23,
                 from D:\CPPEnv\Workspace\beevmTests\cute/cute_suite.h:22,
                 from D:\CPPEnv\Workspace\beevmTests\cute/cute.h:29,
                 from ..\Tests\VMMemoryTest.cpp:2:
D:\CPPEnv\Workspace\beevmTests\boost/boost/bind/arg.hpp: In constructor 'boost::arg<I>::arg(const T&)':
D:\CPPEnv\Workspace\beevmTests\boost/boost/bind/arg.hpp:37:22: warning: typedef 'T_must_be_placeholder' locally defined but not used [-Wunused-local-typedefs]
         typedef char T_must_be_placeholder[ I == is_placeholder<T>::value? 1: -1 ];
                      ^
g++ "-ID:\\CPPEnv\\Workspace\\beevmTests\\cute" "-ID:\\CPPEnv\\Workspace\\beevmTests\\boost" -O0 -g3 -Wall -c -fmessage-length=0 -o "Tests\\GCSpaceTest.o" "..\\Tests\\GCSpaceTest.cpp" 
In file included from ..\Tests\../DataStructures/GCSpace.h:10:0,
                 from ..\Tests\GCSpaceTest.cpp:1:
..\Tests\../DataStructures/GCSpaceInfo.h:25:28: warning: non-static data member initializers only available with -std=c++11 or -std=gnu++11 [enabled by default]
  const ulong sizeInBytes = 24;
                            ^
In file included from D:\CPPEnv\Workspace\beevmTests\boost/boost/bind/bind.hpp:29:0,
                 from D:\CPPEnv\Workspace\beevmTests\boost/boost/bind.hpp:22,
                 from D:\CPPEnv\Workspace\beevmTests\cute/cute_determine_library.h:37,
                 from D:\CPPEnv\Workspace\beevmTests\cute/cute_test.h:23,
                 from D:\CPPEnv\Workspace\beevmTests\cute/cute_suite.h:22,
                 from D:\CPPEnv\Workspace\beevmTests\cute/cute.h:29,
                 from ..\Tests\GCSpaceTest.cpp:2:
D:\CPPEnv\Workspace\beevmTests\boost/boost/bind/arg.hpp: In constructor 'boost::arg<I>::arg(const T&)':
D:\CPPEnv\Workspace\beevmTests\boost/boost/bind/arg.hpp:37:22: warning: typedef 'T_must_be_placeholder' locally defined but not used [-Wunused-local-typedefs]
         typedef char T_must_be_placeholder[ I == is_placeholder<T>::value? 1: -1 ];
                      ^
..\Tests\GCSpaceTest.cpp: In function 'ulong* mockArray()':
..\Tests\GCSpaceTest.cpp:91:21: warning: no return statement in function returning non-void [-Wreturn-type]
 ulong * mockArray(){}
                     ^
g++ "-ID:\\CPPEnv\\Workspace\\beevmTests\\cute" "-ID:\\CPPEnv\\Workspace\\beevmTests\\boost" -O0 -g3 -Wall -c -fmessage-length=0 -o "DataStructures\\VMMemory.o" "..\\DataStructures\\VMMemory.cpp" 
..\DataStructures\VMMemory.cpp:43:2: warning: multi-line comment [-Wcomment]
  // .data:10026058         ObjectFlag_reserved1 or ObjectFlag_zeroTermOrNamed or ObjectFlag_notIndexed,\
  ^
..\DataStructures\VMMemory.cpp:169:2: error: stray '\340' in program
  return (object & 1)}
  ^
..\DataStructures\VMMemory.cpp: In function 'long unsigned int memoryAt(long unsigned int)':
..\DataStructures\VMMemory.cpp:32:1: warning: no return statement in function returning non-void [-Wreturn-type]
 }
 ^
..\DataStructures\VMMemory.cpp: In function 'bool _isProxy(ulong*)':
..\DataStructures\VMMemory.cpp:155:1: warning: no return statement in function returning non-void [-Wreturn-type]
 }
 ^
..\DataStructures\VMMemory.cpp: In function 'ulong* _proxee(ulong*)':
..\DataStructures\VMMemory.cpp:157:1: warning: no return statement in function returning non-void [-Wreturn-type]
 }
 ^
..\DataStructures\VMMemory.cpp: In function 'ulong* _asPointer(ulong)':
..\DataStructures\VMMemory.cpp:167:23: error: invalid conversion from 'long unsigned int' to 'ulong* {aka long unsigned int*}' [-fpermissive]
   return (object >> 1 & 1);
                       ^
..\DataStructures\VMMemory.cpp:169:17: error: invalid conversion from 'long unsigned int' to 'ulong* {aka long unsigned int*}' [-fpermissive]
  return (object & 1)}
                 ^
..\DataStructures\VMMemory.cpp:169:22: error: expected ';' before '}' token
  return (object & 1)}
                      ^
..\DataStructures\VMMemory.cpp: In function 'ulong _beExtended(ulong*)':
..\DataStructures\VMMemory.cpp:175:1: warning: no return statement in function returning non-void [-Wreturn-type]
 }
 ^
..\DataStructures\VMMemory.cpp: In function 'ulong _decommit(ulong, ulong)':
..\DataStructures\VMMemory.cpp:178:1: warning: no return statement in function returning non-void [-Wreturn-type]
 }
 ^
..\DataStructures\VMMemory.cpp: In function 'ulong _extendedSize(ulong*, ulong)':
..\DataStructures\VMMemory.cpp:180:1: warning: no return statement in function returning non-void [-Wreturn-type]
 }
 ^
..\DataStructures\VMMemory.cpp: In function 'ulong _sizeInBytes(ulong*)':
..\DataStructures\VMMemory.cpp:182:1: warning: no return statement in function returning non-void [-Wreturn-type]
 }
 ^
..\DataStructures\VMMemory.cpp: In function 'ulong _headerSizeInBytes(ulong*)':
..\DataStructures\VMMemory.cpp:184:1: warning: no return statement in function returning non-void [-Wreturn-type]
 }
 ^
..\DataStructures\VMMemory.cpp: In function 'ulong _framePointer()':
..\DataStructures\VMMemory.cpp:186:1: warning: no return statement in function returning non-void [-Wreturn-type]
 }
 ^
..\DataStructures\VMMemory.cpp: In function 'bool isArray(ulong*)':
..\DataStructures\VMMemory.cpp:188:1: warning: no return statement in function returning non-void [-Wreturn-type]
 }
 ^
..\DataStructures\VMMemory.cpp: In function 'ulong size(ulong*)':
..\DataStructures\VMMemory.cpp:190:1: warning: no return statement in function returning non-void [-Wreturn-type]
 }
 ^
..\DataStructures\VMMemory.cpp: In function 'ulong asOop(ulong*)':
..\DataStructures\VMMemory.cpp:193:1: warning: no return statement in function returning non-void [-Wreturn-type]
 }
 ^
..\DataStructures\VMMemory.cpp: In function 'ulong oop(ulong*)':
..\DataStructures\VMMemory.cpp:196:1: warning: no return statement in function returning non-void [-Wreturn-type]
 }
 ^
16:25:12 **** Incremental Build of configuration Debug for project beevmTests ****
Info: Internal Builder is used for build
g++ "-ID:\\CPPEnv\\Workspace\\beevmTests\\cute" "-ID:\\CPPEnv\\Workspace\\beevmTests\\boost" -O0 -g3 -Wall -c -fmessage-length=0 -o "DataStructures\\GCSpace.o" "..\\DataStructures\\GCSpace.cpp" 
In file included from ..\DataStructures\GCSpace.h:10:0,
                 from ..\DataStructures\GCSpace.cpp:9:
..\DataStructures\GCSpaceInfo.h:25:28: warning: non-static data member initializers only available with -std=c++11 or -std=gnu++11 [enabled by default]
  const ulong sizeInBytes = 24;
                            ^
..\DataStructures\GCSpace.cpp: In member function 'ulong* Bee::GCSpace::shallowCopy(ulong*)':
..\DataStructures\GCSpace.cpp:114:42: error: invalid conversion from 'ulong {aka long unsigned int}' to 'ulong* {aka long unsigned int*}' [-fpermissive]
  ulong * answer = _asObject(objectPointer);
                                          ^
..\DataStructures\GCSpace.cpp: In member function 'ulong* Bee::GCSpace::shallowCopyGrowingTo(ulong*, ulong)':
..\DataStructures\GCSpace.cpp:134:58: error: invalid conversion from 'ulong {aka long unsigned int}' to 'ulong* {aka long unsigned int*}' [-fpermissive]
  ulong * copy = _asObject(_asPointer((ulong) buffer + 16));
                                                          ^
..\DataStructures\GCSpace.cpp:135:43: warning: comparison between signed and unsigned integer expressions [-Wsign-compare]
  for (int index = -1; index <= _size(array); index++) {
                                           ^
..\DataStructures\GCSpace.cpp:143:48: warning: comparison between signed and unsigned integer expressions [-Wsign-compare]
  for (int index = (_size(array) + 1); index <= newSize; index++) {
                                                ^
16:25:56 **** Incremental Build of configuration Debug for project beevmTests ****
Info: Internal Builder is used for build
g++ "-ID:\\CPPEnv\\Workspace\\beevmTests\\cute" "-ID:\\CPPEnv\\Workspace\\beevmTests\\boost" -O0 -g3 -Wall -c -fmessage-length=0 -o "DataStructures\\VMMemory.o" "..\\DataStructures\\VMMemory.cpp" 
..\DataStructures\VMMemory.cpp:43:2: warning: multi-line comment [-Wcomment]
  // .data:10026058         ObjectFlag_reserved1 or ObjectFlag_zeroTermOrNamed or ObjectFlag_notIndexed,\
  ^
..\DataStructures\VMMemory.cpp: In function 'long unsigned int memoryAt(long unsigned int)':
..\DataStructures\VMMemory.cpp:32:1: warning: no return statement in function returning non-void [-Wreturn-type]
 }
 ^
..\DataStructures\VMMemory.cpp: In function 'bool _isProxy(ulong*)':
..\DataStructures\VMMemory.cpp:155:1: warning: no return statement in function returning non-void [-Wreturn-type]
 }
 ^
..\DataStructures\VMMemory.cpp: In function 'ulong* _proxee(ulong*)':
..\DataStructures\VMMemory.cpp:157:1: warning: no return statement in function returning non-void [-Wreturn-type]
 }
 ^
..\DataStructures\VMMemory.cpp: In function 'ulong* _asPointer(ulong)':
..\DataStructures\VMMemory.cpp:167:23: error: invalid conversion from 'long unsigned int' to 'ulong* {aka long unsigned int*}' [-fpermissive]
   return (object >> 1 & 1);
                       ^
..\DataStructures\VMMemory.cpp:169:17: error: invalid conversion from 'long unsigned int' to 'ulong* {aka long unsigned int*}' [-fpermissive]
  return (object & 1)}
                 ^
..\DataStructures\VMMemory.cpp:169:21: error: expected ';' before '}' token
  return (object & 1)}
                     ^
..\DataStructures\VMMemory.cpp: In function 'ulong _beExtended(ulong*)':
..\DataStructures\VMMemory.cpp:175:1: warning: no return statement in function returning non-void [-Wreturn-type]
 }
 ^
..\DataStructures\VMMemory.cpp: In function 'ulong _decommit(ulong, ulong)':
..\DataStructures\VMMemory.cpp:178:1: warning: no return statement in function returning non-void [-Wreturn-type]
 }
 ^
..\DataStructures\VMMemory.cpp: In function 'ulong _extendedSize(ulong*, ulong)':
..\DataStructures\VMMemory.cpp:180:1: warning: no return statement in function returning non-void [-Wreturn-type]
 }
 ^
..\DataStructures\VMMemory.cpp: In function 'ulong _sizeInBytes(ulong*)':
..\DataStructures\VMMemory.cpp:182:1: warning: no return statement in function returning non-void [-Wreturn-type]
 }
 ^
..\DataStructures\VMMemory.cpp: In function 'ulong _headerSizeInBytes(ulong*)':
..\DataStructures\VMMemory.cpp:184:1: warning: no return statement in function returning non-void [-Wreturn-type]
 }
 ^
..\DataStructures\VMMemory.cpp: In function 'ulong _framePointer()':
..\DataStructures\VMMemory.cpp:186:1: warning: no return statement in function returning non-void [-Wreturn-type]
 }
 ^
..\DataStructures\VMMemory.cpp: In function 'bool isArray(ulong*)':
..\DataStructures\VMMemory.cpp:188:1: warning: no return statement in function returning non-void [-Wreturn-type]
 }
 ^
..\DataStructures\VMMemory.cpp: In function 'ulong size(ulong*)':
..\DataStructures\VMMemory.cpp:190:1: warning: no return statement in function returning non-void [-Wreturn-type]
 }
 ^
..\DataStructures\VMMemory.cpp: In function 'ulong asOop(ulong*)':
..\DataStructures\VMMemory.cpp:193:1: warning: no return statement in function returning non-void [-Wreturn-type]
 }
 ^
..\DataStructures\VMMemory.cpp: In function 'ulong oop(ulong*)':
..\DataStructures\VMMemory.cpp:196:1: warning: no return statement in function returning non-void [-Wreturn-type]
 }
 ^
16:26:09 **** Incremental Build of configuration Debug for project beevmTests ****
Info: Internal Builder is used for build
g++ "-ID:\\CPPEnv\\Workspace\\beevmTests\\cute" "-ID:\\CPPEnv\\Workspace\\beevmTests\\boost" -O0 -g3 -Wall -c -fmessage-length=0 -o "DataStructures\\GCSpace.o" "..\\DataStructures\\GCSpace.cpp" 
In file included from ..\DataStructures\GCSpace.h:10:0,
                 from ..\DataStructures\GCSpace.cpp:9:
..\DataStructures\GCSpaceInfo.h:25:28: warning: non-static data member initializers only available with -std=c++11 or -std=gnu++11 [enabled by default]
  const ulong sizeInBytes = 24;
                            ^
..\DataStructures\GCSpace.cpp: In member function 'ulong* Bee::GCSpace::shallowCopyGrowingTo(ulong*, ulong)':
..\DataStructures\GCSpace.cpp:135:43: warning: comparison between signed and unsigned integer expressions [-Wsign-compare]
  for (int index = -1; index <= _size(array); index++) {
                                           ^
..\DataStructures\GCSpace.cpp:143:48: warning: comparison between signed and unsigned integer expressions [-Wsign-compare]
  for (int index = (_size(array) + 1); index <= newSize; index++) {
                                                ^
g++ "-ID:\\CPPEnv\\Workspace\\beevmTests\\cute" "-ID:\\CPPEnv\\Workspace\\beevmTests\\boost" -O0 -g3 -Wall -c -fmessage-length=0 -o "DataStructures\\VMMemory.o" "..\\DataStructures\\VMMemory.cpp" 
..\DataStructures\VMMemory.cpp:43:2: warning: multi-line comment [-Wcomment]
  // .data:10026058         ObjectFlag_reserved1 or ObjectFlag_zeroTermOrNamed or ObjectFlag_notIndexed,\
  ^
..\DataStructures\VMMemory.cpp: In function 'long unsigned int memoryAt(long unsigned int)':
..\DataStructures\VMMemory.cpp:32:1: warning: no return statement in function returning non-void [-Wreturn-type]
 }
 ^
..\DataStructures\VMMemory.cpp: In function 'bool _isProxy(ulong*)':
..\DataStructures\VMMemory.cpp:155:1: warning: no return statement in function returning non-void [-Wreturn-type]
 }
 ^
..\DataStructures\VMMemory.cpp: In function 'ulong* _proxee(ulong*)':
..\DataStructures\VMMemory.cpp:157:1: warning: no return statement in function returning non-void [-Wreturn-type]
 }
 ^
..\DataStructures\VMMemory.cpp: In function 'ulong* _asPointer(ulong)':
..\DataStructures\VMMemory.cpp:167:23: error: invalid conversion from 'long unsigned int' to 'ulong* {aka long unsigned int*}' [-fpermissive]
   return (object >> 1 & 1);
                       ^
..\DataStructures\VMMemory.cpp:169:17: error: invalid conversion from 'long unsigned int' to 'ulong* {aka long unsigned int*}' [-fpermissive]
  return (object & 1);}
                 ^
..\DataStructures\VMMemory.cpp: In function 'ulong _beExtended(ulong*)':
..\DataStructures\VMMemory.cpp:175:1: warning: no return statement in function returning non-void [-Wreturn-type]
 }
 ^
..\DataStructures\VMMemory.cpp: In function 'ulong _decommit(ulong, ulong)':
..\DataStructures\VMMemory.cpp:178:1: warning: no return statement in function returning non-void [-Wreturn-type]
 }
 ^
..\DataStructures\VMMemory.cpp: In function 'ulong _extendedSize(ulong*, ulong)':
..\DataStructures\VMMemory.cpp:180:1: warning: no return statement in function returning non-void [-Wreturn-type]
 }
 ^
..\DataStructures\VMMemory.cpp: In function 'ulong _sizeInBytes(ulong*)':
..\DataStructures\VMMemory.cpp:182:1: warning: no return statement in function returning non-void [-Wreturn-type]
 }
 ^
..\DataStructures\VMMemory.cpp: In function 'ulong _headerSizeInBytes(ulong*)':
..\DataStructures\VMMemory.cpp:184:1: warning: no return statement in function returning non-void [-Wreturn-type]
 }
 ^
..\DataStructures\VMMemory.cpp: In function 'ulong _framePointer()':
..\DataStructures\VMMemory.cpp:186:1: warning: no return statement in function returning non-void [-Wreturn-type]
 }
 ^
..\DataStructures\VMMemory.cpp: In function 'bool isArray(ulong*)':
..\DataStructures\VMMemory.cpp:188:1: warning: no return statement in function returning non-void [-Wreturn-type]
 }
 ^
..\DataStructures\VMMemory.cpp: In function 'ulong size(ulong*)':
..\DataStructures\VMMemory.cpp:190:1: warning: no return statement in function returning non-void [-Wreturn-type]
 }
 ^
..\DataStructures\VMMemory.cpp: In function 'ulong asOop(ulong*)':
..\DataStructures\VMMemory.cpp:193:1: warning: no return statement in function returning non-void [-Wreturn-type]
 }
 ^
..\DataStructures\VMMemory.cpp: In function 'ulong oop(ulong*)':
..\DataStructures\VMMemory.cpp:196:1: warning: no return statement in function returning non-void [-Wreturn-type]
 }
 ^
16:26:37 **** Incremental Build of configuration Debug for project beevmTests ****
Info: Internal Builder is used for build
g++ "-ID:\\CPPEnv\\Workspace\\beevmTests\\cute" "-ID:\\CPPEnv\\Workspace\\beevmTests\\boost" -O0 -g3 -Wall -c -fmessage-length=0 -o "DataStructures\\VMMemory.o" "..\\DataStructures\\VMMemory.cpp" 
..\DataStructures\VMMemory.cpp:43:2: warning: multi-line comment [-Wcomment]
  // .data:10026058         ObjectFlag_reserved1 or ObjectFlag_zeroTermOrNamed or ObjectFlag_notIndexed,\
  ^
..\DataStructures\VMMemory.cpp: In function 'long unsigned int memoryAt(long unsigned int)':
..\DataStructures\VMMemory.cpp:32:1: warning: no return statement in function returning non-void [-Wreturn-type]
 }
 ^
..\DataStructures\VMMemory.cpp: In function 'bool _isProxy(ulong*)':
..\DataStructures\VMMemory.cpp:155:1: warning: no return statement in function returning non-void [-Wreturn-type]
 }
 ^
..\DataStructures\VMMemory.cpp: In function 'ulong* _proxee(ulong*)':
..\DataStructures\VMMemory.cpp:157:1: warning: no return statement in function returning non-void [-Wreturn-type]
 }
 ^
..\DataStructures\VMMemory.cpp: In function 'ulong _beExtended(ulong*)':
..\DataStructures\VMMemory.cpp:175:1: warning: no return statement in function returning non-void [-Wreturn-type]
 }
 ^
..\DataStructures\VMMemory.cpp: In function 'ulong _decommit(ulong, ulong)':
..\DataStructures\VMMemory.cpp:178:1: warning: no return statement in function returning non-void [-Wreturn-type]
 }
 ^
..\DataStructures\VMMemory.cpp: In function 'ulong _extendedSize(ulong*, ulong)':
..\DataStructures\VMMemory.cpp:180:1: warning: no return statement in function returning non-void [-Wreturn-type]
 }
 ^
..\DataStructures\VMMemory.cpp: In function 'ulong _sizeInBytes(ulong*)':
..\DataStructures\VMMemory.cpp:182:1: warning: no return statement in function returning non-void [-Wreturn-type]
 }
 ^
..\DataStructures\VMMemory.cpp: In function 'ulong _headerSizeInBytes(ulong*)':
..\DataStructures\VMMemory.cpp:184:1: warning: no return statement in function returning non-void [-Wreturn-type]
 }
 ^
..\DataStructures\VMMemory.cpp: In function 'ulong _framePointer()':
..\DataStructures\VMMemory.cpp:186:1: warning: no return statement in function returning non-void [-Wreturn-type]
 }
 ^
..\DataStructures\VMMemory.cpp: In function 'bool isArray(ulong*)':
..\DataStructures\VMMemory.cpp:188:1: warning: no return statement in function returning non-void [-Wreturn-type]
 }
 ^
..\DataStructures\VMMemory.cpp: In function 'ulong size(ulong*)':
..\DataStructures\VMMemory.cpp:190:1: warning: no return statement in function returning non-void [-Wreturn-type]
 }
 ^
..\DataStructures\VMMemory.cpp: In function 'ulong asOop(ulong*)':
..\DataStructures\VMMemory.cpp:193:1: warning: no return statement in function returning non-void [-Wreturn-type]
 }
 ^
..\DataStructures\VMMemory.cpp: In function 'ulong oop(ulong*)':
..\DataStructures\VMMemory.cpp:196:1: warning: no return statement in function returning non-void [-Wreturn-type]
 }
 ^
g++ -static-libgcc -static-libstdc++ -o beevmTests.exe "DataStructures\\GCSpace.o" "DataStructures\\GCSpaceInfo.o" "DataStructures\\ReferencedVMArray.o" "DataStructures\\VMArray.o" "DataStructures\\VMMemory.o" "Tests\\GCSpaceTest.o" "Tests\\GCSpaceTestInfo.o" "Tests\\VMArrayTest.o" "Tests\\VMMemoryTest.o" "src\\Test.o" 
Info: Nothing to build for beevmTests
16:27:14 **** Incremental Build of configuration Debug for project beevmTests ****
Info: Internal Builder is used for build
g++ "-ID:\\CPPEnv\\Workspace\\beevmTests\\cute" "-ID:\\CPPEnv\\Workspace\\beevmTests\\boost" -O0 -g3 -Wall -c -fmessage-length=0 -o "Tests\\VMMemoryTest.o" "..\\Tests\\VMMemoryTest.cpp" 
..\Tests\VMMemoryTest.cpp:15:1: warning: multi-line comment [-Wcomment]
 // .data:10026058         ObjectFlag_reserved1 or ObjectFlag_zeroTermOrNamed or ObjectFlag_notIndexed,\
 ^
In file included from D:\CPPEnv\Workspace\beevmTests\boost/boost/bind/bind.hpp:29:0,
                 from D:\CPPEnv\Workspace\beevmTests\boost/boost/bind.hpp:22,
                 from D:\CPPEnv\Workspace\beevmTests\cute/cute_determine_library.h:37,
                 from D:\CPPEnv\Workspace\beevmTests\cute/cute_test.h:23,
                 from D:\CPPEnv\Workspace\beevmTests\cute/cute_suite.h:22,
                 from D:\CPPEnv\Workspace\beevmTests\cute/cute.h:29,
                 from ..\Tests\VMMemoryTest.cpp:2:
D:\CPPEnv\Workspace\beevmTests\boost/boost/bind/arg.hpp: In constructor 'boost::arg<I>::arg(const T&)':
D:\CPPEnv\Workspace\beevmTests\boost/boost/bind/arg.hpp:37:22: warning: typedef 'T_must_be_placeholder' locally defined but not used [-Wunused-local-typedefs]
         typedef char T_must_be_placeholder[ I == is_placeholder<T>::value? 1: -1 ];
                      ^
g++ -static-libgcc -static-libstdc++ -o beevmTests.exe "DataStructures\\GCSpace.o" "DataStructures\\GCSpaceInfo.o" "DataStructures\\ReferencedVMArray.o" "DataStructures\\VMArray.o" "DataStructures\\VMMemory.o" "Tests\\GCSpaceTest.o" "Tests\\GCSpaceTestInfo.o" "Tests\\VMArrayTest.o" "Tests\\VMMemoryTest.o" "src\\Test.o" 
Info: Nothing to build for beevmTests
16:27:42 **** Incremental Build of configuration Debug for project beevmTests ****
Info: Internal Builder is used for build
g++ "-ID:\\CPPEnv\\Workspace\\beevmTests\\cute" "-ID:\\CPPEnv\\Workspace\\beevmTests\\boost" -O0 -g3 -Wall -c -fmessage-length=0 -o "Tests\\VMMemoryTest.o" "..\\Tests\\VMMemoryTest.cpp" 
..\Tests\VMMemoryTest.cpp:15:1: warning: multi-line comment [-Wcomment]
 // .data:10026058         ObjectFlag_reserved1 or ObjectFlag_zeroTermOrNamed or ObjectFlag_notIndexed,\
 ^
In file included from D:\CPPEnv\Workspace\beevmTests\boost/boost/bind/bind.hpp:29:0,
                 from D:\CPPEnv\Workspace\beevmTests\boost/boost/bind.hpp:22,
                 from D:\CPPEnv\Workspace\beevmTests\cute/cute_determine_library.h:37,
                 from D:\CPPEnv\Workspace\beevmTests\cute/cute_test.h:23,
                 from D:\CPPEnv\Workspace\beevmTests\cute/cute_suite.h:22,
                 from D:\CPPEnv\Workspace\beevmTests\cute/cute.h:29,
                 from ..\Tests\VMMemoryTest.cpp:2:
D:\CPPEnv\Workspace\beevmTests\boost/boost/bind/arg.hpp: In constructor 'boost::arg<I>::arg(const T&)':
D:\CPPEnv\Workspace\beevmTests\boost/boost/bind/arg.hpp:37:22: warning: typedef 'T_must_be_placeholder' locally defined but not used [-Wunused-local-typedefs]
         typedef char T_must_be_placeholder[ I == is_placeholder<T>::value? 1: -1 ];
                      ^
g++ -static-libgcc -static-libstdc++ -o beevmTests.exe "DataStructures\\GCSpace.o" "DataStructures\\GCSpaceInfo.o" "DataStructures\\ReferencedVMArray.o" "DataStructures\\VMArray.o" "DataStructures\\VMMemory.o" "Tests\\GCSpaceTest.o" "Tests\\GCSpaceTestInfo.o" "Tests\\VMArrayTest.o" "Tests\\VMMemoryTest.o" "src\\Test.o" 
Info: Nothing to build for beevmTests
16:29:58 **** Incremental Build of configuration Debug for project beevmTests ****
Info: Internal Builder is used for build
g++ "-ID:\\CPPEnv\\Workspace\\beevmTests\\cute" "-ID:\\CPPEnv\\Workspace\\beevmTests\\boost" -O0 -g3 -Wall -c -fmessage-length=0 -o "DataStructures\\VMMemory.o" "..\\DataStructures\\VMMemory.cpp" 
..\DataStructures\VMMemory.cpp:43:2: warning: multi-line comment [-Wcomment]
  // .data:10026058         ObjectFlag_reserved1 or ObjectFlag_zeroTermOrNamed or ObjectFlag_notIndexed,\
  ^
..\DataStructures\VMMemory.cpp: In function 'long unsigned int memoryAt(long unsigned int)':
..\DataStructures\VMMemory.cpp:32:1: warning: no return statement in function returning non-void [-Wreturn-type]
 }
 ^
..\DataStructures\VMMemory.cpp: In function 'bool _isProxy(ulong*)':
..\DataStructures\VMMemory.cpp:155:1: warning: no return statement in function returning non-void [-Wreturn-type]
 }
 ^
..\DataStructures\VMMemory.cpp: In function 'ulong* _proxee(ulong*)':
..\DataStructures\VMMemory.cpp:157:1: warning: no return statement in function returning non-void [-Wreturn-type]
 }
 ^
..\DataStructures\VMMemory.cpp: In function 'ulong _beExtended(ulong*)':
..\DataStructures\VMMemory.cpp:175:1: warning: no return statement in function returning non-void [-Wreturn-type]
 }
 ^
..\DataStructures\VMMemory.cpp: In function 'ulong _decommit(ulong, ulong)':
..\DataStructures\VMMemory.cpp:178:1: warning: no return statement in function returning non-void [-Wreturn-type]
 }
 ^
..\DataStructures\VMMemory.cpp: In function 'ulong _extendedSize(ulong*, ulong)':
..\DataStructures\VMMemory.cpp:180:1: warning: no return statement in function returning non-void [-Wreturn-type]
 }
 ^
..\DataStructures\VMMemory.cpp: In function 'ulong _sizeInBytes(ulong*)':
..\DataStructures\VMMemory.cpp:182:1: warning: no return statement in function returning non-void [-Wreturn-type]
 }
 ^
..\DataStructures\VMMemory.cpp: In function 'ulong _headerSizeInBytes(ulong*)':
..\DataStructures\VMMemory.cpp:184:1: warning: no return statement in function returning non-void [-Wreturn-type]
 }
 ^
..\DataStructures\VMMemory.cpp: In function 'ulong _framePointer()':
..\DataStructures\VMMemory.cpp:186:1: warning: no return statement in function returning non-void [-Wreturn-type]
 }
 ^
..\DataStructures\VMMemory.cpp: In function 'bool isArray(ulong*)':
..\DataStructures\VMMemory.cpp:188:1: warning: no return statement in function returning non-void [-Wreturn-type]
 }
 ^
..\DataStructures\VMMemory.cpp: In function 'ulong size(ulong*)':
..\DataStructures\VMMemory.cpp:190:1: warning: no return statement in function returning non-void [-Wreturn-type]
 }
 ^
..\DataStructures\VMMemory.cpp: In function 'ulong asOop(ulong*)':
..\DataStructures\VMMemory.cpp:193:1: warning: no return statement in function returning non-void [-Wreturn-type]
 }
 ^
..\DataStructures\VMMemory.cpp: In function 'ulong oop(ulong*)':
..\DataStructures\VMMemory.cpp:196:1: warning: no return statement in function returning non-void [-Wreturn-type]
 }
 ^
g++ "-ID:\\CPPEnv\\Workspace\\beevmTests\\cute" "-ID:\\CPPEnv\\Workspace\\beevmTests\\boost" -O0 -g3 -Wall -c -fmessage-length=0 -o "Tests\\VMMemoryTest.o" "..\\Tests\\VMMemoryTest.cpp" 
..\Tests\VMMemoryTest.cpp:15:1: warning: multi-line comment [-Wcomment]
 // .data:10026058         ObjectFlag_reserved1 or ObjectFlag_zeroTermOrNamed or ObjectFlag_notIndexed,\
 ^
In file included from D:\CPPEnv\Workspace\beevmTests\boost/boost/bind/bind.hpp:29:0,
                 from D:\CPPEnv\Workspace\beevmTests\boost/boost/bind.hpp:22,
                 from D:\CPPEnv\Workspace\beevmTests\cute/cute_determine_library.h:37,
                 from D:\CPPEnv\Workspace\beevmTests\cute/cute_test.h:23,
                 from D:\CPPEnv\Workspace\beevmTests\cute/cute_suite.h:22,
                 from D:\CPPEnv\Workspace\beevmTests\cute/cute.h:29,
                 from ..\Tests\VMMemoryTest.cpp:2:
D:\CPPEnv\Workspace\beevmTests\boost/boost/bind/arg.hpp: In constructor 'boost::arg<I>::arg(const T&)':
D:\CPPEnv\Workspace\beevmTests\boost/boost/bind/arg.hpp:37:22: warning: typedef 'T_must_be_placeholder' locally defined but not used [-Wunused-local-typedefs]
         typedef char T_must_be_placeholder[ I == is_placeholder<T>::value? 1: -1 ];
                      ^
g++ -static-libgcc -static-libstdc++ -o beevmTests.exe "DataStructures\\GCSpace.o" "DataStructures\\GCSpaceInfo.o" "DataStructures\\ReferencedVMArray.o" "DataStructures\\VMArray.o" "DataStructures\\VMMemory.o" "Tests\\GCSpaceTest.o" "Tests\\GCSpaceTestInfo.o" "Tests\\VMArrayTest.o" "Tests\\VMMemoryTest.o" "src\\Test.o" 
Info: Nothing to build for beevmTests
16:35:08 **** Incremental Build of configuration Debug for project beevmTests ****
Info: Internal Builder is used for build
g++ "-ID:\\CPPEnv\\Workspace\\beevmTests\\cute" "-ID:\\CPPEnv\\Workspace\\beevmTests\\boost" -O0 -g3 -Wall -c -fmessage-length=0 -o "DataStructures\\VMMemory.o" "..\\DataStructures\\VMMemory.cpp" 
..\DataStructures\VMMemory.cpp:43:2: warning: multi-line comment [-Wcomment]
  // .data:10026058         ObjectFlag_reserved1 or ObjectFlag_zeroTermOrNamed or ObjectFlag_notIndexed,\
  ^
..\DataStructures\VMMemory.cpp: In function 'long unsigned int memoryAt(long unsigned int)':
..\DataStructures\VMMemory.cpp:32:1: warning: no return statement in function returning non-void [-Wreturn-type]
 }
 ^
..\DataStructures\VMMemory.cpp: In function 'bool _isProxy(ulong*)':
..\DataStructures\VMMemory.cpp:155:1: warning: no return statement in function returning non-void [-Wreturn-type]
 }
 ^
..\DataStructures\VMMemory.cpp: In function 'ulong* _proxee(ulong*)':
..\DataStructures\VMMemory.cpp:157:1: warning: no return statement in function returning non-void [-Wreturn-type]
 }
 ^
..\DataStructures\VMMemory.cpp: In function 'void _beExtended(ulong*)':
..\DataStructures\VMMemory.cpp:172:31: error: new declaration 'void _beExtended(ulong*)'
 void _beExtended(ulong *object) {
                               ^
In file included from ..\DataStructures\VMMemory.cpp:7:0:
..\DataStructures\VMMemory.h:82:7: error: ambiguates old declaration 'ulong _beExtended(ulong*)'
 ulong _beExtended(ulong *object);
       ^
..\DataStructures\VMMemory.cpp: In function 'ulong _decommit(ulong, ulong)':
..\DataStructures\VMMemory.cpp:178:1: warning: no return statement in function returning non-void [-Wreturn-type]
 }
 ^
..\DataStructures\VMMemory.cpp: In function 'ulong _extendedSize(ulong*, ulong)':
..\DataStructures\VMMemory.cpp:181:1: warning: no return statement in function returning non-void [-Wreturn-type]
 }
 ^
..\DataStructures\VMMemory.cpp: In function 'ulong _sizeInBytes(ulong*)':
..\DataStructures\VMMemory.cpp:184:1: warning: no return statement in function returning non-void [-Wreturn-type]
 }
 ^
..\DataStructures\VMMemory.cpp: In function 'ulong _headerSizeInBytes(ulong*)':
..\DataStructures\VMMemory.cpp:186:1: warning: no return statement in function returning non-void [-Wreturn-type]
 }
 ^
..\DataStructures\VMMemory.cpp: In function 'ulong _framePointer()':
..\DataStructures\VMMemory.cpp:188:1: warning: no return statement in function returning non-void [-Wreturn-type]
 }
 ^
..\DataStructures\VMMemory.cpp: In function 'bool isArray(ulong*)':
..\DataStructures\VMMemory.cpp:190:1: warning: no return statement in function returning non-void [-Wreturn-type]
 }
 ^
..\DataStructures\VMMemory.cpp: In function 'ulong size(ulong*)':
..\DataStructures\VMMemory.cpp:192:1: warning: no return statement in function returning non-void [-Wreturn-type]
 }
 ^
..\DataStructures\VMMemory.cpp: In function 'ulong asOop(ulong*)':
..\DataStructures\VMMemory.cpp:195:1: warning: no return statement in function returning non-void [-Wreturn-type]
 }
 ^
..\DataStructures\VMMemory.cpp: In function 'ulong oop(ulong*)':
..\DataStructures\VMMemory.cpp:198:1: warning: no return statement in function returning non-void [-Wreturn-type]
 }
 ^
16:35:21 **** Incremental Build of configuration Debug for project beevmTests ****
Info: Internal Builder is used for build
g++ "-ID:\\CPPEnv\\Workspace\\beevmTests\\cute" "-ID:\\CPPEnv\\Workspace\\beevmTests\\boost" -O0 -g3 -Wall -c -fmessage-length=0 -o "DataStructures\\GCSpace.o" "..\\DataStructures\\GCSpace.cpp" 
In file included from ..\DataStructures\GCSpace.h:10:0,
                 from ..\DataStructures\GCSpace.cpp:9:
..\DataStructures\GCSpaceInfo.h:25:28: warning: non-static data member initializers only available with -std=c++11 or -std=gnu++11 [enabled by default]
  const ulong sizeInBytes = 24;
                            ^
..\DataStructures\GCSpace.cpp: In member function 'ulong* Bee::GCSpace::shallowCopyGrowingTo(ulong*, ulong)':
..\DataStructures\GCSpace.cpp:135:43: warning: comparison between signed and unsigned integer expressions [-Wsign-compare]
  for (int index = -1; index <= _size(array); index++) {
                                           ^
..\DataStructures\GCSpace.cpp:143:48: warning: comparison between signed and unsigned integer expressions [-Wsign-compare]
  for (int index = (_size(array) + 1); index <= newSize; index++) {
                                                ^
g++ "-ID:\\CPPEnv\\Workspace\\beevmTests\\cute" "-ID:\\CPPEnv\\Workspace\\beevmTests\\boost" -O0 -g3 -Wall -c -fmessage-length=0 -o "Tests\\GCSpaceTest.o" "..\\Tests\\GCSpaceTest.cpp" 
In file included from ..\Tests\../DataStructures/GCSpace.h:10:0,
                 from ..\Tests\GCSpaceTest.cpp:1:
..\Tests\../DataStructures/GCSpaceInfo.h:25:28: warning: non-static data member initializers only available with -std=c++11 or -std=gnu++11 [enabled by default]
  const ulong sizeInBytes = 24;
                            ^
In file included from D:\CPPEnv\Workspace\beevmTests\boost/boost/bind/bind.hpp:29:0,
                 from D:\CPPEnv\Workspace\beevmTests\boost/boost/bind.hpp:22,
                 from D:\CPPEnv\Workspace\beevmTests\cute/cute_determine_library.h:37,
                 from D:\CPPEnv\Workspace\beevmTests\cute/cute_test.h:23,
                 from D:\CPPEnv\Workspace\beevmTests\cute/cute_suite.h:22,
                 from D:\CPPEnv\Workspace\beevmTests\cute/cute.h:29,
                 from ..\Tests\GCSpaceTest.cpp:2:
D:\CPPEnv\Workspace\beevmTests\boost/boost/bind/arg.hpp: In constructor 'boost::arg<I>::arg(const T&)':
D:\CPPEnv\Workspace\beevmTests\boost/boost/bind/arg.hpp:37:22: warning: typedef 'T_must_be_placeholder' locally defined but not used [-Wunused-local-typedefs]
         typedef char T_must_be_placeholder[ I == is_placeholder<T>::value? 1: -1 ];
                      ^
..\Tests\GCSpaceTest.cpp: In function 'ulong* mockArray()':
..\Tests\GCSpaceTest.cpp:91:21: warning: no return statement in function returning non-void [-Wreturn-type]
 ulong * mockArray(){}
                     ^
g++ "-ID:\\CPPEnv\\Workspace\\beevmTests\\cute" "-ID:\\CPPEnv\\Workspace\\beevmTests\\boost" -O0 -g3 -Wall -c -fmessage-length=0 -o "DataStructures\\VMMemory.o" "..\\DataStructures\\VMMemory.cpp" 
..\DataStructures\VMMemory.cpp:43:2: warning: multi-line comment [-Wcomment]
  // .data:10026058         ObjectFlag_reserved1 or ObjectFlag_zeroTermOrNamed or ObjectFlag_notIndexed,\
  ^
..\DataStructures\VMMemory.cpp: In function 'long unsigned int memoryAt(long unsigned int)':
..\DataStructures\VMMemory.cpp:32:1: warning: no return statement in function returning non-void [-Wreturn-type]
 }
 ^
..\DataStructures\VMMemory.cpp: In function 'bool _isProxy(ulong*)':
..\DataStructures\VMMemory.cpp:155:1: warning: no return statement in function returning non-void [-Wreturn-type]
 }
 ^
..\DataStructures\VMMemory.cpp: In function 'ulong* _proxee(ulong*)':
..\DataStructures\VMMemory.cpp:157:1: warning: no return statement in function returning non-void [-Wreturn-type]
 }
 ^
..\DataStructures\VMMemory.cpp: In function 'ulong _decommit(ulong, ulong)':
..\DataStructures\VMMemory.cpp:178:1: warning: no return statement in function returning non-void [-Wreturn-type]
 }
 ^
..\DataStructures\VMMemory.cpp: In function 'ulong _extendedSize(ulong*, ulong)':
..\DataStructures\VMMemory.cpp:181:1: warning: no return statement in function returning non-void [-Wreturn-type]
 }
 ^
..\DataStructures\VMMemory.cpp: In function 'ulong _sizeInBytes(ulong*)':
..\DataStructures\VMMemory.cpp:184:1: warning: no return statement in function returning non-void [-Wreturn-type]
 }
 ^
..\DataStructures\VMMemory.cpp: In function 'ulong _headerSizeInBytes(ulong*)':
..\DataStructures\VMMemory.cpp:186:1: warning: no return statement in function returning non-void [-Wreturn-type]
 }
 ^
..\DataStructures\VMMemory.cpp: In function 'ulong _framePointer()':
..\DataStructures\VMMemory.cpp:188:1: warning: no return statement in function returning non-void [-Wreturn-type]
 }
 ^
..\DataStructures\VMMemory.cpp: In function 'bool isArray(ulong*)':
..\DataStructures\VMMemory.cpp:190:1: warning: no return statement in function returning non-void [-Wreturn-type]
 }
 ^
..\DataStructures\VMMemory.cpp: In function 'ulong size(ulong*)':
..\DataStructures\VMMemory.cpp:192:1: warning: no return statement in function returning non-void [-Wreturn-type]
 }
 ^
..\DataStructures\VMMemory.cpp: In function 'ulong asOop(ulong*)':
..\DataStructures\VMMemory.cpp:195:1: warning: no return statement in function returning non-void [-Wreturn-type]
 }
 ^
..\DataStructures\VMMemory.cpp: In function 'ulong oop(ulong*)':
..\DataStructures\VMMemory.cpp:198:1: warning: no return statement in function returning non-void [-Wreturn-type]
 }
 ^
g++ "-ID:\\CPPEnv\\Workspace\\beevmTests\\cute" "-ID:\\CPPEnv\\Workspace\\beevmTests\\boost" -O0 -g3 -Wall -c -fmessage-length=0 -o "Tests\\VMMemoryTest.o" "..\\Tests\\VMMemoryTest.cpp" 
..\Tests\VMMemoryTest.cpp:15:1: warning: multi-line comment [-Wcomment]
 // .data:10026058         ObjectFlag_reserved1 or ObjectFlag_zeroTermOrNamed or ObjectFlag_notIndexed,\
 ^
In file included from D:\CPPEnv\Workspace\beevmTests\boost/boost/bind/bind.hpp:29:0,
                 from D:\CPPEnv\Workspace\beevmTests\boost/boost/bind.hpp:22,
                 from D:\CPPEnv\Workspace\beevmTests\cute/cute_determine_library.h:37,
                 from D:\CPPEnv\Workspace\beevmTests\cute/cute_test.h:23,
                 from D:\CPPEnv\Workspace\beevmTests\cute/cute_suite.h:22,
                 from D:\CPPEnv\Workspace\beevmTests\cute/cute.h:29,
                 from ..\Tests\VMMemoryTest.cpp:2:
D:\CPPEnv\Workspace\beevmTests\boost/boost/bind/arg.hpp: In constructor 'boost::arg<I>::arg(const T&)':
D:\CPPEnv\Workspace\beevmTests\boost/boost/bind/arg.hpp:37:22: warning: typedef 'T_must_be_placeholder' locally defined but not used [-Wunused-local-typedefs]
         typedef char T_must_be_placeholder[ I == is_placeholder<T>::value? 1: -1 ];
                      ^
..\Tests\VMMemoryTest.cpp: In function 'void headerOf()':
..\Tests\VMMemoryTest.cpp:57:11: error: conflicting declaration 'header_t h'
  header_t h = HEADER_OF(header[8]);
           ^
..\Tests\VMMemoryTest.cpp:29:13: error: 'h' has a previous declaration as 'header_t* h'
  header_t * h;
             ^
In file included from ..\Tests\VMMemoryTest.cpp:1:0:
..\Tests\VMMemoryTest.cpp: In function 'void beeExtended()':
..\Tests\../DataStructures/VMMemory.h:26:57: error: conversion from 'header_t*' to non-scalar type 'header_t' requested
 #define HEADER_OF(object) (header_t*)(((ulong)&object)-8)
                                                         ^
..\Tests\VMMemoryTest.cpp:81:15: note: in expansion of macro 'HEADER_OF'
  header_t h = HEADER_OF(header[8]);
               ^
In file included from D:\CPPEnv\Workspace\beevmTests\cute/cute.h:24:0,
                 from ..\Tests\VMMemoryTest.cpp:2:
..\Tests\VMMemoryTest.cpp:82:23: warning: suggest parentheses around comparison in operand of '|' [-Wparentheses]
  ASSERTM("", (h.flags == ObjectFlag_reserved1 | ObjectFlag_isExtended));
                       ^
D:\CPPEnv\Workspace\beevmTests\cute/cute_base.h:55:38: note: in definition of macro 'ASSERTM'
 #define ASSERTM(msg,cond) do { if (!(cond)) throw cute::test_failure(CUTE_FUNCNAME_PREFIX+cute::cute_to_string::backslashQuoteTabNewline(msg),__FILE__,__LINE__);} while(false)
                                      ^
16:36:17 **** Incremental Build of configuration Debug for project beevmTests ****
Info: Internal Builder is used for build
g++ "-ID:\\CPPEnv\\Workspace\\beevmTests\\cute" "-ID:\\CPPEnv\\Workspace\\beevmTests\\boost" -O0 -g3 -Wall -c -fmessage-length=0 -o "Tests\\VMMemoryTest.o" "..\\Tests\\VMMemoryTest.cpp" 
..\Tests\VMMemoryTest.cpp:15:1: warning: multi-line comment [-Wcomment]
 // .data:10026058         ObjectFlag_reserved1 or ObjectFlag_zeroTermOrNamed or ObjectFlag_notIndexed,\
 ^
In file included from D:\CPPEnv\Workspace\beevmTests\boost/boost/bind/bind.hpp:29:0,
                 from D:\CPPEnv\Workspace\beevmTests\boost/boost/bind.hpp:22,
                 from D:\CPPEnv\Workspace\beevmTests\cute/cute_determine_library.h:37,
                 from D:\CPPEnv\Workspace\beevmTests\cute/cute_test.h:23,
                 from D:\CPPEnv\Workspace\beevmTests\cute/cute_suite.h:22,
                 from D:\CPPEnv\Workspace\beevmTests\cute/cute.h:29,
                 from ..\Tests\VMMemoryTest.cpp:2:
D:\CPPEnv\Workspace\beevmTests\boost/boost/bind/arg.hpp: In constructor 'boost::arg<I>::arg(const T&)':
D:\CPPEnv\Workspace\beevmTests\boost/boost/bind/arg.hpp:37:22: warning: typedef 'T_must_be_placeholder' locally defined but not used [-Wunused-local-typedefs]
         typedef char T_must_be_placeholder[ I == is_placeholder<T>::value? 1: -1 ];
                      ^
..\Tests\VMMemoryTest.cpp: In function 'void headerOf()':
..\Tests\VMMemoryTest.cpp:57:11: error: conflicting declaration 'header_t h'
  header_t h = HEADER_OF(header[8]);
           ^
..\Tests\VMMemoryTest.cpp:29:13: error: 'h' has a previous declaration as 'header_t* h'
  header_t * h;
             ^
In file included from ..\Tests\VMMemoryTest.cpp:1:0:
..\Tests\VMMemoryTest.cpp: In function 'void beeExtended()':
..\Tests\../DataStructures/VMMemory.h:26:57: error: conversion from 'header_t*' to non-scalar type 'header_t' requested
 #define HEADER_OF(object) (header_t*)(((ulong)&object)-8)
                                                         ^
..\Tests\VMMemoryTest.cpp:81:15: note: in expansion of macro 'HEADER_OF'
  header_t h = HEADER_OF(header[8]);
               ^
16:36:53 **** Incremental Build of configuration Debug for project beevmTests ****
Info: Internal Builder is used for build
g++ "-ID:\\CPPEnv\\Workspace\\beevmTests\\cute" "-ID:\\CPPEnv\\Workspace\\beevmTests\\boost" -O0 -g3 -Wall -c -fmessage-length=0 -o "Tests\\VMMemoryTest.o" "..\\Tests\\VMMemoryTest.cpp" 
..\Tests\VMMemoryTest.cpp:15:1: warning: multi-line comment [-Wcomment]
 // .data:10026058         ObjectFlag_reserved1 or ObjectFlag_zeroTermOrNamed or ObjectFlag_notIndexed,\
 ^
In file included from D:\CPPEnv\Workspace\beevmTests\boost/boost/bind/bind.hpp:29:0,
                 from D:\CPPEnv\Workspace\beevmTests\boost/boost/bind.hpp:22,
                 from D:\CPPEnv\Workspace\beevmTests\cute/cute_determine_library.h:37,
                 from D:\CPPEnv\Workspace\beevmTests\cute/cute_test.h:23,
                 from D:\CPPEnv\Workspace\beevmTests\cute/cute_suite.h:22,
                 from D:\CPPEnv\Workspace\beevmTests\cute/cute.h:29,
                 from ..\Tests\VMMemoryTest.cpp:2:
D:\CPPEnv\Workspace\beevmTests\boost/boost/bind/arg.hpp: In constructor 'boost::arg<I>::arg(const T&)':
D:\CPPEnv\Workspace\beevmTests\boost/boost/bind/arg.hpp:37:22: warning: typedef 'T_must_be_placeholder' locally defined but not used [-Wunused-local-typedefs]
         typedef char T_must_be_placeholder[ I == is_placeholder<T>::value? 1: -1 ];
                      ^
In file included from D:\CPPEnv\Workspace\beevmTests\cute/cute.h:24:0,
                 from ..\Tests\VMMemoryTest.cpp:2:
..\Tests\VMMemoryTest.cpp: In function 'void beeExtended()':
..\Tests\VMMemoryTest.cpp:82:28: error: request for member 'flags' in 'h', which is of pointer type 'header_t*' (maybe you meant to use '->' ?)
  ASSERTM("beeExtended", (h.flags == (ObjectFlag_reserved1 | ObjectFlag_isExtended)));
                            ^
D:\CPPEnv\Workspace\beevmTests\cute/cute_base.h:55:38: note: in definition of macro 'ASSERTM'
 #define ASSERTM(msg,cond) do { if (!(cond)) throw cute::test_failure(CUTE_FUNCNAME_PREFIX+cute::cute_to_string::backslashQuoteTabNewline(msg),__FILE__,__LINE__);} while(false)
                                      ^
16:37:08 **** Incremental Build of configuration Debug for project beevmTests ****
Info: Internal Builder is used for build
g++ "-ID:\\CPPEnv\\Workspace\\beevmTests\\cute" "-ID:\\CPPEnv\\Workspace\\beevmTests\\boost" -O0 -g3 -Wall -c -fmessage-length=0 -o "Tests\\VMMemoryTest.o" "..\\Tests\\VMMemoryTest.cpp" 
..\Tests\VMMemoryTest.cpp:15:1: warning: multi-line comment [-Wcomment]
 // .data:10026058         ObjectFlag_reserved1 or ObjectFlag_zeroTermOrNamed or ObjectFlag_notIndexed,\
 ^
In file included from D:\CPPEnv\Workspace\beevmTests\boost/boost/bind/bind.hpp:29:0,
                 from D:\CPPEnv\Workspace\beevmTests\boost/boost/bind.hpp:22,
                 from D:\CPPEnv\Workspace\beevmTests\cute/cute_determine_library.h:37,
                 from D:\CPPEnv\Workspace\beevmTests\cute/cute_test.h:23,
                 from D:\CPPEnv\Workspace\beevmTests\cute/cute_suite.h:22,
                 from D:\CPPEnv\Workspace\beevmTests\cute/cute.h:29,
                 from ..\Tests\VMMemoryTest.cpp:2:
D:\CPPEnv\Workspace\beevmTests\boost/boost/bind/arg.hpp: In constructor 'boost::arg<I>::arg(const T&)':
D:\CPPEnv\Workspace\beevmTests\boost/boost/bind/arg.hpp:37:22: warning: typedef 'T_must_be_placeholder' locally defined but not used [-Wunused-local-typedefs]
         typedef char T_must_be_placeholder[ I == is_placeholder<T>::value? 1: -1 ];
                      ^
g++ -static-libgcc -static-libstdc++ -o beevmTests.exe "DataStructures\\GCSpace.o" "DataStructures\\GCSpaceInfo.o" "DataStructures\\ReferencedVMArray.o" "DataStructures\\VMArray.o" "DataStructures\\VMMemory.o" "Tests\\GCSpaceTest.o" "Tests\\GCSpaceTestInfo.o" "Tests\\VMArrayTest.o" "Tests\\VMMemoryTest.o" "src\\Test.o" 
Info: Nothing to build for beevmTests
16:39:12 **** Incremental Build of configuration Debug for project beevmTests ****
Info: Internal Builder is used for build
g++ "-ID:\\CPPEnv\\Workspace\\beevmTests\\cute" "-ID:\\CPPEnv\\Workspace\\beevmTests\\boost" -O0 -g3 -Wall -c -fmessage-length=0 -o "Tests\\VMMemoryTest.o" "..\\Tests\\VMMemoryTest.cpp" 
..\Tests\VMMemoryTest.cpp:15:1: warning: multi-line comment [-Wcomment]
 // .data:10026058         ObjectFlag_reserved1 or ObjectFlag_zeroTermOrNamed or ObjectFlag_notIndexed,\
 ^
In file included from D:\CPPEnv\Workspace\beevmTests\boost/boost/bind/bind.hpp:29:0,
                 from D:\CPPEnv\Workspace\beevmTests\boost/boost/bind.hpp:22,
                 from D:\CPPEnv\Workspace\beevmTests\cute/cute_determine_library.h:37,
                 from D:\CPPEnv\Workspace\beevmTests\cute/cute_test.h:23,
                 from D:\CPPEnv\Workspace\beevmTests\cute/cute_suite.h:22,
                 from D:\CPPEnv\Workspace\beevmTests\cute/cute.h:29,
                 from ..\Tests\VMMemoryTest.cpp:2:
D:\CPPEnv\Workspace\beevmTests\boost/boost/bind/arg.hpp: In constructor 'boost::arg<I>::arg(const T&)':
D:\CPPEnv\Workspace\beevmTests\boost/boost/bind/arg.hpp:37:22: warning: typedef 'T_must_be_placeholder' locally defined but not used [-Wunused-local-typedefs]
         typedef char T_must_be_placeholder[ I == is_placeholder<T>::value? 1: -1 ];
                      ^
g++ -static-libgcc -static-libstdc++ -o beevmTests.exe "DataStructures\\GCSpace.o" "DataStructures\\GCSpaceInfo.o" "DataStructures\\ReferencedVMArray.o" "DataStructures\\VMArray.o" "DataStructures\\VMMemory.o" "Tests\\GCSpaceTest.o" "Tests\\GCSpaceTestInfo.o" "Tests\\VMArrayTest.o" "Tests\\VMMemoryTest.o" "src\\Test.o" 
Info: Nothing to build for beevmTests
16:39:37 **** Incremental Build of configuration Debug for project beevmTests ****
Info: Internal Builder is used for build
g++ "-ID:\\CPPEnv\\Workspace\\beevmTests\\cute" "-ID:\\CPPEnv\\Workspace\\beevmTests\\boost" -O0 -g3 -Wall -c -fmessage-length=0 -o "Tests\\VMMemoryTest.o" "..\\Tests\\VMMemoryTest.cpp" 
..\Tests\VMMemoryTest.cpp:15:1: warning: multi-line comment [-Wcomment]
 // .data:10026058         ObjectFlag_reserved1 or ObjectFlag_zeroTermOrNamed or ObjectFlag_notIndexed,\
 ^
In file included from D:\CPPEnv\Workspace\beevmTests\boost/boost/bind/bind.hpp:29:0,
                 from D:\CPPEnv\Workspace\beevmTests\boost/boost/bind.hpp:22,
                 from D:\CPPEnv\Workspace\beevmTests\cute/cute_determine_library.h:37,
                 from D:\CPPEnv\Workspace\beevmTests\cute/cute_test.h:23,
                 from D:\CPPEnv\Workspace\beevmTests\cute/cute_suite.h:22,
                 from D:\CPPEnv\Workspace\beevmTests\cute/cute.h:29,
                 from ..\Tests\VMMemoryTest.cpp:2:
D:\CPPEnv\Workspace\beevmTests\boost/boost/bind/arg.hpp: In constructor 'boost::arg<I>::arg(const T&)':
D:\CPPEnv\Workspace\beevmTests\boost/boost/bind/arg.hpp:37:22: warning: typedef 'T_must_be_placeholder' locally defined but not used [-Wunused-local-typedefs]
         typedef char T_must_be_placeholder[ I == is_placeholder<T>::value? 1: -1 ];
                      ^
g++ -static-libgcc -static-libstdc++ -o beevmTests.exe "DataStructures\\GCSpace.o" "DataStructures\\GCSpaceInfo.o" "DataStructures\\ReferencedVMArray.o" "DataStructures\\VMArray.o" "DataStructures\\VMMemory.o" "Tests\\GCSpaceTest.o" "Tests\\GCSpaceTestInfo.o" "Tests\\VMArrayTest.o" "Tests\\VMMemoryTest.o" "src\\Test.o" 
Info: Nothing to build for beevmTests
16:40:00 **** Incremental Build of configuration Debug for project beevmTests ****
Info: Internal Builder is used for build
g++ "-ID:\\CPPEnv\\Workspace\\beevmTests\\cute" "-ID:\\CPPEnv\\Workspace\\beevmTests\\boost" -O0 -g3 -Wall -c -fmessage-length=0 -o "Tests\\VMMemoryTest.o" "..\\Tests\\VMMemoryTest.cpp" 
..\Tests\VMMemoryTest.cpp:15:1: warning: multi-line comment [-Wcomment]
 // .data:10026058         ObjectFlag_reserved1 or ObjectFlag_zeroTermOrNamed or ObjectFlag_notIndexed,\
 ^
In file included from D:\CPPEnv\Workspace\beevmTests\boost/boost/bind/bind.hpp:29:0,
                 from D:\CPPEnv\Workspace\beevmTests\boost/boost/bind.hpp:22,
                 from D:\CPPEnv\Workspace\beevmTests\cute/cute_determine_library.h:37,
                 from D:\CPPEnv\Workspace\beevmTests\cute/cute_test.h:23,
                 from D:\CPPEnv\Workspace\beevmTests\cute/cute_suite.h:22,
                 from D:\CPPEnv\Workspace\beevmTests\cute/cute.h:29,
                 from ..\Tests\VMMemoryTest.cpp:2:
D:\CPPEnv\Workspace\beevmTests\boost/boost/bind/arg.hpp: In constructor 'boost::arg<I>::arg(const T&)':
D:\CPPEnv\Workspace\beevmTests\boost/boost/bind/arg.hpp:37:22: warning: typedef 'T_must_be_placeholder' locally defined but not used [-Wunused-local-typedefs]
         typedef char T_must_be_placeholder[ I == is_placeholder<T>::value? 1: -1 ];
                      ^
g++ -static-libgcc -static-libstdc++ -o beevmTests.exe "DataStructures\\GCSpace.o" "DataStructures\\GCSpaceInfo.o" "DataStructures\\ReferencedVMArray.o" "DataStructures\\VMArray.o" "DataStructures\\VMMemory.o" "Tests\\GCSpaceTest.o" "Tests\\GCSpaceTestInfo.o" "Tests\\VMArrayTest.o" "Tests\\VMMemoryTest.o" "src\\Test.o" 
Info: Nothing to build for beevmTests
16:40:21 **** Incremental Build of configuration Debug for project beevmTests ****
Info: Internal Builder is used for build
g++ "-ID:\\CPPEnv\\Workspace\\beevmTests\\cute" "-ID:\\CPPEnv\\Workspace\\beevmTests\\boost" -O0 -g3 -Wall -c -fmessage-length=0 -o "Tests\\VMMemoryTest.o" "..\\Tests\\VMMemoryTest.cpp" 
..\Tests\VMMemoryTest.cpp:15:1: warning: multi-line comment [-Wcomment]
 // .data:10026058         ObjectFlag_reserved1 or ObjectFlag_zeroTermOrNamed or ObjectFlag_notIndexed,\
 ^
In file included from D:\CPPEnv\Workspace\beevmTests\boost/boost/bind/bind.hpp:29:0,
                 from D:\CPPEnv\Workspace\beevmTests\boost/boost/bind.hpp:22,
                 from D:\CPPEnv\Workspace\beevmTests\cute/cute_determine_library.h:37,
                 from D:\CPPEnv\Workspace\beevmTests\cute/cute_test.h:23,
                 from D:\CPPEnv\Workspace\beevmTests\cute/cute_suite.h:22,
                 from D:\CPPEnv\Workspace\beevmTests\cute/cute.h:29,
                 from ..\Tests\VMMemoryTest.cpp:2:
D:\CPPEnv\Workspace\beevmTests\boost/boost/bind/arg.hpp: In constructor 'boost::arg<I>::arg(const T&)':
D:\CPPEnv\Workspace\beevmTests\boost/boost/bind/arg.hpp:37:22: warning: typedef 'T_must_be_placeholder' locally defined but not used [-Wunused-local-typedefs]
         typedef char T_must_be_placeholder[ I == is_placeholder<T>::value? 1: -1 ];
                      ^
g++ -static-libgcc -static-libstdc++ -o beevmTests.exe "DataStructures\\GCSpace.o" "DataStructures\\GCSpaceInfo.o" "DataStructures\\ReferencedVMArray.o" "DataStructures\\VMArray.o" "DataStructures\\VMMemory.o" "Tests\\GCSpaceTest.o" "Tests\\GCSpaceTestInfo.o" "Tests\\VMArrayTest.o" "Tests\\VMMemoryTest.o" "src\\Test.o" 
Info: Nothing to build for beevmTests
16:40:57 **** Incremental Build of configuration Debug for project beevmTests ****
Info: Internal Builder is used for build
g++ "-ID:\\CPPEnv\\Workspace\\beevmTests\\cute" "-ID:\\CPPEnv\\Workspace\\beevmTests\\boost" -O0 -g3 -Wall -c -fmessage-length=0 -o "Tests\\VMMemoryTest.o" "..\\Tests\\VMMemoryTest.cpp" 
..\Tests\VMMemoryTest.cpp:15:1: warning: multi-line comment [-Wcomment]
 // .data:10026058         ObjectFlag_reserved1 or ObjectFlag_zeroTermOrNamed or ObjectFlag_notIndexed,\
 ^
In file included from D:\CPPEnv\Workspace\beevmTests\boost/boost/bind/bind.hpp:29:0,
                 from D:\CPPEnv\Workspace\beevmTests\boost/boost/bind.hpp:22,
                 from D:\CPPEnv\Workspace\beevmTests\cute/cute_determine_library.h:37,
                 from D:\CPPEnv\Workspace\beevmTests\cute/cute_test.h:23,
                 from D:\CPPEnv\Workspace\beevmTests\cute/cute_suite.h:22,
                 from D:\CPPEnv\Workspace\beevmTests\cute/cute.h:29,
                 from ..\Tests\VMMemoryTest.cpp:2:
D:\CPPEnv\Workspace\beevmTests\boost/boost/bind/arg.hpp: In constructor 'boost::arg<I>::arg(const T&)':
D:\CPPEnv\Workspace\beevmTests\boost/boost/bind/arg.hpp:37:22: warning: typedef 'T_must_be_placeholder' locally defined but not used [-Wunused-local-typedefs]
         typedef char T_must_be_placeholder[ I == is_placeholder<T>::value? 1: -1 ];
                      ^
g++ -static-libgcc -static-libstdc++ -o beevmTests.exe "DataStructures\\GCSpace.o" "DataStructures\\GCSpaceInfo.o" "DataStructures\\ReferencedVMArray.o" "DataStructures\\VMArray.o" "DataStructures\\VMMemory.o" "Tests\\GCSpaceTest.o" "Tests\\GCSpaceTestInfo.o" "Tests\\VMArrayTest.o" "Tests\\VMMemoryTest.o" "src\\Test.o" 
Info: Nothing to build for beevmTests
16:41:29 **** Incremental Build of configuration Debug for project beevmTests ****
Info: Internal Builder is used for build
g++ "-ID:\\CPPEnv\\Workspace\\beevmTests\\cute" "-ID:\\CPPEnv\\Workspace\\beevmTests\\boost" -O0 -g3 -Wall -c -fmessage-length=0 -o "Tests\\VMMemoryTest.o" "..\\Tests\\VMMemoryTest.cpp" 
..\Tests\VMMemoryTest.cpp:15:1: warning: multi-line comment [-Wcomment]
 // .data:10026058         ObjectFlag_reserved1 or ObjectFlag_zeroTermOrNamed or ObjectFlag_notIndexed,\
 ^
In file included from D:\CPPEnv\Workspace\beevmTests\boost/boost/bind/bind.hpp:29:0,
                 from D:\CPPEnv\Workspace\beevmTests\boost/boost/bind.hpp:22,
                 from D:\CPPEnv\Workspace\beevmTests\cute/cute_determine_library.h:37,
                 from D:\CPPEnv\Workspace\beevmTests\cute/cute_test.h:23,
                 from D:\CPPEnv\Workspace\beevmTests\cute/cute_suite.h:22,
                 from D:\CPPEnv\Workspace\beevmTests\cute/cute.h:29,
                 from ..\Tests\VMMemoryTest.cpp:2:
D:\CPPEnv\Workspace\beevmTests\boost/boost/bind/arg.hpp: In constructor 'boost::arg<I>::arg(const T&)':
D:\CPPEnv\Workspace\beevmTests\boost/boost/bind/arg.hpp:37:22: warning: typedef 'T_must_be_placeholder' locally defined but not used [-Wunused-local-typedefs]
         typedef char T_must_be_placeholder[ I == is_placeholder<T>::value? 1: -1 ];
                      ^
g++ -static-libgcc -static-libstdc++ -o beevmTests.exe "DataStructures\\GCSpace.o" "DataStructures\\GCSpaceInfo.o" "DataStructures\\ReferencedVMArray.o" "DataStructures\\VMArray.o" "DataStructures\\VMMemory.o" "Tests\\GCSpaceTest.o" "Tests\\GCSpaceTestInfo.o" "Tests\\VMArrayTest.o" "Tests\\VMMemoryTest.o" "src\\Test.o" 
Info: Nothing to build for beevmTests
16:41:52 **** Incremental Build of configuration Debug for project beevmTests ****
Info: Internal Builder is used for build
g++ "-ID:\\CPPEnv\\Workspace\\beevmTests\\cute" "-ID:\\CPPEnv\\Workspace\\beevmTests\\boost" -O0 -g3 -Wall -c -fmessage-length=0 -o "Tests\\VMMemoryTest.o" "..\\Tests\\VMMemoryTest.cpp" 
..\Tests\VMMemoryTest.cpp:15:1: warning: multi-line comment [-Wcomment]
 // .data:10026058         ObjectFlag_reserved1 or ObjectFlag_zeroTermOrNamed or ObjectFlag_notIndexed,\
 ^
In file included from D:\CPPEnv\Workspace\beevmTests\boost/boost/bind/bind.hpp:29:0,
                 from D:\CPPEnv\Workspace\beevmTests\boost/boost/bind.hpp:22,
                 from D:\CPPEnv\Workspace\beevmTests\cute/cute_determine_library.h:37,
                 from D:\CPPEnv\Workspace\beevmTests\cute/cute_test.h:23,
                 from D:\CPPEnv\Workspace\beevmTests\cute/cute_suite.h:22,
                 from D:\CPPEnv\Workspace\beevmTests\cute/cute.h:29,
                 from ..\Tests\VMMemoryTest.cpp:2:
D:\CPPEnv\Workspace\beevmTests\boost/boost/bind/arg.hpp: In constructor 'boost::arg<I>::arg(const T&)':
D:\CPPEnv\Workspace\beevmTests\boost/boost/bind/arg.hpp:37:22: warning: typedef 'T_must_be_placeholder' locally defined but not used [-Wunused-local-typedefs]
         typedef char T_must_be_placeholder[ I == is_placeholder<T>::value? 1: -1 ];
                      ^
g++ -static-libgcc -static-libstdc++ -o beevmTests.exe "DataStructures\\GCSpace.o" "DataStructures\\GCSpaceInfo.o" "DataStructures\\ReferencedVMArray.o" "DataStructures\\VMArray.o" "DataStructures\\VMMemory.o" "Tests\\GCSpaceTest.o" "Tests\\GCSpaceTestInfo.o" "Tests\\VMArrayTest.o" "Tests\\VMMemoryTest.o" "src\\Test.o" 
Info: Nothing to build for beevmTests
