10:49:37 **** Incremental Build of configuration Debug for project beevmTests ****
Info: Internal Builder is used for build
g++ "-ID:\\CPPEnv\\beevmTests\\beevmTests\\cute" "-ID:\\CPPEnv\\beevmTests\\beevmTests\\boost" -O0 -g3 -Wall -c -fmessage-length=0 -o "src\\Test.o" "..\\src\\Test.cpp" 
In file included from D:\CPPEnv\beevmTests\beevmTests\boost/boost/bind/bind.hpp:29:0,
                 from D:\CPPEnv\beevmTests\beevmTests\boost/boost/bind.hpp:22,
                 from D:\CPPEnv\beevmTests\beevmTests\cute/cute_determine_library.h:37,
                 from D:\CPPEnv\beevmTests\beevmTests\cute/cute_test.h:23,
                 from D:\CPPEnv\beevmTests\beevmTests\cute/cute_suite.h:22,
                 from D:\CPPEnv\beevmTests\beevmTests\cute/cute.h:29,
                 from ..\src\Test.cpp:1:
D:\CPPEnv\beevmTests\beevmTests\boost/boost/bind/arg.hpp: In constructor 'boost::arg<I>::arg(const T&)':
D:\CPPEnv\beevmTests\beevmTests\boost/boost/bind/arg.hpp:37:22: warning: typedef 'T_must_be_placeholder' locally defined but not used [-Wunused-local-typedefs]
         typedef char T_must_be_placeholder[ I == is_placeholder<T>::value? 1: -1 ];
                      ^
g++ -static-libgcc -static-libstdc++ -o beevmTests.exe "DataStructures\\GCSpace.o" "DataStructures\\GCSpaceInfo.o" "DataStructures\\Memory.o" "DataStructures\\ReferencedVMArray.o" "DataStructures\\VMArray.o" "DataStructures\\VMMemory.o" "Tests\\GCSpaceTest.o" "Tests\\GCSpaceTestInfo.o" "Tests\\MemoryTest.o" "Tests\\VMArrayTest.o" "Tests\\VMMemoryTest.o" "src\\Test.o" 
Info: Nothing to build for beevmTests
10:53:21 **** Incremental Build of configuration Debug for project beevmTests ****
Info: Internal Builder is used for build
g++ "-ID:\\CPPEnv\\beevmTests\\beevmTests\\cute" "-ID:\\CPPEnv\\beevmTests\\beevmTests\\boost" -O0 -g3 -Wall -c -fmessage-length=0 -o "DataStructures\\Memory.o" "..\\DataStructures\\Memory.cpp" 
..\DataStructures\Memory.cpp: In member function 'Bee::GCSpace* Bee::Memory::growIfNeeded(ulong)':
..\DataStructures\Memory.cpp:31:38: warning: comparison between signed and unsigned integer expressions [-Wsign-compare]
  if ((used / total) > 0.9 || (free < size))
                                      ^
..\DataStructures\Memory.cpp: In member function 'Bee::GCSpace* Bee::Memory::createNextSpace()':
..\DataStructures\Memory.cpp:75:1: warning: no return statement in function returning non-void [-Wreturn-type]
 }
 ^
g++ "-ID:\\CPPEnv\\beevmTests\\beevmTests\\cute" "-ID:\\CPPEnv\\beevmTests\\beevmTests\\boost" -O0 -g3 -Wall -c -fmessage-length=0 -o "DataStructures\\GCSpace.o" "..\\DataStructures\\GCSpace.cpp" 
..\DataStructures\GCSpace.cpp: In member function 'ulong* Bee::GCSpace::shallowCopyGrowingTo(ulong*, ulong)':
..\DataStructures\GCSpace.cpp:172:48: warning: comparison between signed and unsigned integer expressions [-Wsign-compare]
  for (int index = (_size(array) + 1); index <= newSize; index++) {
                                                ^
g++ "-ID:\\CPPEnv\\beevmTests\\beevmTests\\cute" "-ID:\\CPPEnv\\beevmTests\\beevmTests\\boost" -O0 -g3 -Wall -c -fmessage-length=0 -o "Tests\\MemoryTest.o" "..\\Tests\\MemoryTest.cpp" 
In file included from D:\CPPEnv\beevmTests\beevmTests\boost/boost/bind/bind.hpp:29:0,
                 from D:\CPPEnv\beevmTests\beevmTests\boost/boost/bind.hpp:22,
                 from D:\CPPEnv\beevmTests\beevmTests\cute/cute_determine_library.h:37,
                 from D:\CPPEnv\beevmTests\beevmTests\cute/cute_test.h:23,
                 from D:\CPPEnv\beevmTests\beevmTests\cute/cute_suite.h:22,
                 from D:\CPPEnv\beevmTests\beevmTests\cute/cute.h:29,
                 from ..\Tests\MemoryTest.cpp:2:
D:\CPPEnv\beevmTests\beevmTests\boost/boost/bind/arg.hpp: In constructor 'boost::arg<I>::arg(const T&)':
D:\CPPEnv\beevmTests\beevmTests\boost/boost/bind/arg.hpp:37:22: warning: typedef 'T_must_be_placeholder' locally defined but not used [-Wunused-local-typedefs]
         typedef char T_must_be_placeholder[ I == is_placeholder<T>::value? 1: -1 ];
                      ^
..\Tests\MemoryTest.cpp: In function 'void singleton()':
..\Tests\MemoryTest.cpp:18:16: error: no match for 'operator==' (operand types are 'Bee::GCSpace' and 'Bee::GCSpace')
  m2->nextSpace == m->nextSpace;
                ^
..\Tests\MemoryTest.cpp:18:16: note: candidates are:
In file included from c:\mingw\include\ole2.h:9:0,
                 from c:\mingw\include\windows.h:114,
                 from ..\Tests\MemoryTest.cpp:5:
c:\mingw\include\objbase.h:78:13: note: BOOL operator==(const GUID&, const GUID&)
 inline BOOL operator==(const GUID& guidOne, const GUID& guidOther)
             ^
c:\mingw\include\objbase.h:78:13: note:   no known conversion for argument 1 from 'Bee::GCSpace' to 'const GUID& {aka const _GUID&}'
In file included from c:\mingw\lib\gcc\mingw32\4.8.1\include\c++\vector:64:0,
                 from D:\CPPEnv\beevmTests\beevmTests\cute/cute_suite.h:23,
                 from D:\CPPEnv\beevmTests\beevmTests\cute/cute.h:29,
                 from ..\Tests\MemoryTest.cpp:2:
c:\mingw\lib\gcc\mingw32\4.8.1\include\c++\bits\stl_vector.h:1403:5: note: template<class _Tp, class _Alloc> bool std::operator==(const std::vector<_Tp, _Alloc>&, const std::vector<_Tp, _Alloc>&)
     operator==(const vector<_Tp, _Alloc>& __x, const vector<_Tp, _Alloc>& __y)
     ^
c:\mingw\lib\gcc\mingw32\4.8.1\include\c++\bits\stl_vector.h:1403:5: note:   template argument deduction/substitution failed:
..\Tests\MemoryTest.cpp:18:22: note:   'Bee::GCSpace' is not derived from 'const std::vector<_Tp, _Alloc>'
  m2->nextSpace == m->nextSpace;
                      ^
In file included from c:\mingw\lib\gcc\mingw32\4.8.1\include\c++\bits\locale_facets.h:48:0,
                 from c:\mingw\lib\gcc\mingw32\4.8.1\include\c++\bits\basic_ios.h:37,
                 from c:\mingw\lib\gcc\mingw32\4.8.1\include\c++\ios:44,
                 from c:\mingw\lib\gcc\mingw32\4.8.1\include\c++\ostream:38,
                 from D:\CPPEnv\beevmTests\beevmTests\cute/cute_to_string.h:61,
                 from D:\CPPEnv\beevmTests\beevmTests\cute/cute_base.h:24,
                 from D:\CPPEnv\beevmTests\beevmTests\cute/cute.h:24,
                 from ..\Tests\MemoryTest.cpp:2:
c:\mingw\lib\gcc\mingw32\4.8.1\include\c++\bits\streambuf_iterator.h:204:5: note: template<class _CharT, class _Traits> bool std::operator==(const std::istreambuf_iterator<_CharT, _Traits>&, const std::istreambuf_iterator<_CharT, _Traits>&)
     operator==(const istreambuf_iterator<_CharT, _Traits>& __a,
     ^
c:\mingw\lib\gcc\mingw32\4.8.1\include\c++\bits\streambuf_iterator.h:204:5: note:   template argument deduction/substitution failed:
..\Tests\MemoryTest.cpp:18:22: note:   'Bee::GCSpace' is not derived from 'const std::istreambuf_iterator<_CharT, _Traits>'
  m2->nextSpace == m->nextSpace;
                      ^
In file included from c:\mingw\lib\gcc\mingw32\4.8.1\include\c++\string:52:0,
                 from D:\CPPEnv\beevmTests\beevmTests\cute/cute_base.h:23,
                 from D:\CPPEnv\beevmTests\beevmTests\cute/cute.h:24,
                 from ..\Tests\MemoryTest.cpp:2:
c:\mingw\lib\gcc\mingw32\4.8.1\include\c++\bits\basic_string.h:2519:5: note: template<class _CharT, class _Traits, class _Alloc> bool std::operator==(const std::basic_string<_CharT, _Traits, _Alloc>&, const _CharT*)
     operator==(const basic_string<_CharT, _Traits, _Alloc>& __lhs,
     ^
c:\mingw\lib\gcc\mingw32\4.8.1\include\c++\bits\basic_string.h:2519:5: note:   template argument deduction/substitution failed:
..\Tests\MemoryTest.cpp:18:22: note:   'Bee::GCSpace' is not derived from 'const std::basic_string<_CharT, _Traits, _Alloc>'
  m2->nextSpace == m->nextSpace;
                      ^
In file included from c:\mingw\lib\gcc\mingw32\4.8.1\include\c++\string:52:0,
                 from D:\CPPEnv\beevmTests\beevmTests\cute/cute_base.h:23,
                 from D:\CPPEnv\beevmTests\beevmTests\cute/cute.h:24,
                 from ..\Tests\MemoryTest.cpp:2:
c:\mingw\lib\gcc\mingw32\4.8.1\include\c++\bits\basic_string.h:2507:5: note: template<class _CharT, class _Traits, class _Alloc> bool std::operator==(const _CharT*, const std::basic_string<_CharT, _Traits, _Alloc>&)
     operator==(const _CharT* __lhs,
     ^
c:\mingw\lib\gcc\mingw32\4.8.1\include\c++\bits\basic_string.h:2507:5: note:   template argument deduction/substitution failed:
..\Tests\MemoryTest.cpp:18:22: note:   mismatched types 'const _CharT*' and 'Bee::GCSpace'
  m2->nextSpace == m->nextSpace;
                      ^
In file included from c:\mingw\lib\gcc\mingw32\4.8.1\include\c++\string:52:0,
                 from D:\CPPEnv\beevmTests\beevmTests\cute/cute_base.h:23,
                 from D:\CPPEnv\beevmTests\beevmTests\cute/cute.h:24,
                 from ..\Tests\MemoryTest.cpp:2:
c:\mingw\lib\gcc\mingw32\4.8.1\include\c++\bits\basic_string.h:2493:5: note: template<class _CharT> typename __gnu_cxx::__enable_if<std::__is_char<_Tp>::__value, bool>::__type std::operator==(const std::basic_string<_CharT>&, const std::basic_string<_CharT>&)
     operator==(const basic_string<_CharT>& __lhs,
     ^
c:\mingw\lib\gcc\mingw32\4.8.1\include\c++\bits\basic_string.h:2493:5: note:   template argument deduction/substitution failed:
..\Tests\MemoryTest.cpp:18:22: note:   'Bee::GCSpace' is not derived from 'const std::basic_string<_CharT>'
  m2->nextSpace == m->nextSpace;
                      ^
In file included from c:\mingw\lib\gcc\mingw32\4.8.1\include\c++\string:52:0,
                 from D:\CPPEnv\beevmTests\beevmTests\cute/cute_base.h:23,
                 from D:\CPPEnv\beevmTests\beevmTests\cute/cute.h:24,
                 from ..\Tests\MemoryTest.cpp:2:
c:\mingw\lib\gcc\mingw32\4.8.1\include\c++\bits\basic_string.h:2486:5: note: template<class _CharT, class _Traits, class _Alloc> bool std::operator==(const std::basic_string<_CharT, _Traits, _Alloc>&, const std::basic_string<_CharT, _Traits, _Alloc>&)
     operator==(const basic_string<_CharT, _Traits, _Alloc>& __lhs,
     ^
c:\mingw\lib\gcc\mingw32\4.8.1\include\c++\bits\basic_string.h:2486:5: note:   template argument deduction/substitution failed:
..\Tests\MemoryTest.cpp:18:22: note:   'Bee::GCSpace' is not derived from 'const std::basic_string<_CharT, _Traits, _Alloc>'
  m2->nextSpace == m->nextSpace;
                      ^
In file included from c:\mingw\lib\gcc\mingw32\4.8.1\include\c++\string:41:0,
                 from D:\CPPEnv\beevmTests\beevmTests\cute/cute_base.h:23,
                 from D:\CPPEnv\beevmTests\beevmTests\cute/cute.h:24,
                 from ..\Tests\MemoryTest.cpp:2:
c:\mingw\lib\gcc\mingw32\4.8.1\include\c++\bits\allocator.h:133:5: note: template<class _Tp> bool std::operator==(const std::allocator<_CharT>&, const std::allocator<_CharT>&)
     operator==(const allocator<_Tp>&, const allocator<_Tp>&)
     ^
c:\mingw\lib\gcc\mingw32\4.8.1\include\c++\bits\allocator.h:133:5: note:   template argument deduction/substitution failed:
..\Tests\MemoryTest.cpp:18:22: note:   'Bee::GCSpace' is not derived from 'const std::allocator<_CharT>'
  m2->nextSpace == m->nextSpace;
                      ^
In file included from c:\mingw\lib\gcc\mingw32\4.8.1\include\c++\string:41:0,
                 from D:\CPPEnv\beevmTests\beevmTests\cute/cute_base.h:23,
                 from D:\CPPEnv\beevmTests\beevmTests\cute/cute.h:24,
                 from ..\Tests\MemoryTest.cpp:2:
c:\mingw\lib\gcc\mingw32\4.8.1\include\c++\bits\allocator.h:128:5: note: template<class _T1, class _T2> bool std::operator==(const std::allocator<_CharT>&, const std::allocator<_T2>&)
     operator==(const allocator<_T1>&, const allocator<_T2>&)
     ^
c:\mingw\lib\gcc\mingw32\4.8.1\include\c++\bits\allocator.h:128:5: note:   template argument deduction/substitution failed:
..\Tests\MemoryTest.cpp:18:22: note:   'Bee::GCSpace' is not derived from 'const std::allocator<_CharT>'
  m2->nextSpace == m->nextSpace;
                      ^
In file included from c:\mingw\lib\gcc\mingw32\4.8.1\include\c++\bits\char_traits.h:40:0,
                 from c:\mingw\lib\gcc\mingw32\4.8.1\include\c++\string:40,
                 from D:\CPPEnv\beevmTests\beevmTests\cute/cute_base.h:23,
                 from D:\CPPEnv\beevmTests\beevmTests\cute/cute.h:24,
                 from ..\Tests\MemoryTest.cpp:2:
c:\mingw\lib\gcc\mingw32\4.8.1\include\c++\bits\postypes.h:216:5: note: template<class _StateT> bool std::operator==(const std::fpos<_StateT>&, const std::fpos<_StateT>&)
     operator==(const fpos<_StateT>& __lhs, const fpos<_StateT>& __rhs)
     ^
c:\mingw\lib\gcc\mingw32\4.8.1\include\c++\bits\postypes.h:216:5: note:   template argument deduction/substitution failed:
..\Tests\MemoryTest.cpp:18:22: note:   'Bee::GCSpace' is not derived from 'const std::fpos<_StateT>'
  m2->nextSpace == m->nextSpace;
                      ^
In file included from c:\mingw\lib\gcc\mingw32\4.8.1\include\c++\bits\stl_algobase.h:67:0,
                 from c:\mingw\lib\gcc\mingw32\4.8.1\include\c++\bits\char_traits.h:39,
                 from c:\mingw\lib\gcc\mingw32\4.8.1\include\c++\string:40,
                 from D:\CPPEnv\beevmTests\beevmTests\cute/cute_base.h:23,
                 from D:\CPPEnv\beevmTests\beevmTests\cute/cute.h:24,
                 from ..\Tests\MemoryTest.cpp:2:
c:\mingw\lib\gcc\mingw32\4.8.1\include\c++\bits\stl_iterator.h:341:5: note: template<class _IteratorL, class _IteratorR> bool std::operator==(const std::reverse_iterator<_Iterator>&, const std::reverse_iterator<_IteratorR>&)
     operator==(const reverse_iterator<_IteratorL>& __x,
     ^
c:\mingw\lib\gcc\mingw32\4.8.1\include\c++\bits\stl_iterator.h:341:5: note:   template argument deduction/substitution failed:
..\Tests\MemoryTest.cpp:18:22: note:   'Bee::GCSpace' is not derived from 'const std::reverse_iterator<_Iterator>'
  m2->nextSpace == m->nextSpace;
                      ^
In file included from c:\mingw\lib\gcc\mingw32\4.8.1\include\c++\bits\stl_algobase.h:67:0,
                 from c:\mingw\lib\gcc\mingw32\4.8.1\include\c++\bits\char_traits.h:39,
                 from c:\mingw\lib\gcc\mingw32\4.8.1\include\c++\string:40,
                 from D:\CPPEnv\beevmTests\beevmTests\cute/cute_base.h:23,
                 from D:\CPPEnv\beevmTests\beevmTests\cute/cute.h:24,
                 from ..\Tests\MemoryTest.cpp:2:
c:\mingw\lib\gcc\mingw32\4.8.1\include\c++\bits\stl_iterator.h:291:5: note: template<class _Iterator> bool std::operator==(const std::reverse_iterator<_Iterator>&, const std::reverse_iterator<_Iterator>&)
     operator==(const reverse_iterator<_Iterator>& __x,
     ^
c:\mingw\lib\gcc\mingw32\4.8.1\include\c++\bits\stl_iterator.h:291:5: note:   template argument deduction/substitution failed:
..\Tests\MemoryTest.cpp:18:22: note:   'Bee::GCSpace' is not derived from 'const std::reverse_iterator<_Iterator>'
  m2->nextSpace == m->nextSpace;
                      ^
In file included from c:\mingw\lib\gcc\mingw32\4.8.1\include\c++\bits\stl_algobase.h:64:0,
                 from c:\mingw\lib\gcc\mingw32\4.8.1\include\c++\bits\char_traits.h:39,
                 from c:\mingw\lib\gcc\mingw32\4.8.1\include\c++\string:40,
                 from D:\CPPEnv\beevmTests\beevmTests\cute/cute_base.h:23,
                 from D:\CPPEnv\beevmTests\beevmTests\cute/cute.h:24,
                 from ..\Tests\MemoryTest.cpp:2:
c:\mingw\lib\gcc\mingw32\4.8.1\include\c++\bits\stl_pair.h:214:5: note: template<class _T1, class _T2> bool std::operator==(const std::pair<_T1, _T2>&, const std::pair<_T1, _T2>&)
     operator==(const pair<_T1, _T2>& __x, const pair<_T1, _T2>& __y)
     ^
c:\mingw\lib\gcc\mingw32\4.8.1\include\c++\bits\stl_pair.h:214:5: note:   template argument deduction/substitution failed:
..\Tests\MemoryTest.cpp:18:22: note:   'Bee::GCSpace' is not derived from 'const std::pair<_T1, _T2>'
  m2->nextSpace == m->nextSpace;
                      ^
10:53:54 **** Incremental Build of configuration Debug for project beevmTests ****
Info: Internal Builder is used for build
g++ "-ID:\\CPPEnv\\beevmTests\\beevmTests\\cute" "-ID:\\CPPEnv\\beevmTests\\beevmTests\\boost" -O0 -g3 -Wall -c -fmessage-length=0 -o "Tests\\MemoryTest.o" "..\\Tests\\MemoryTest.cpp" 
In file included from D:\CPPEnv\beevmTests\beevmTests\boost/boost/bind/bind.hpp:29:0,
                 from D:\CPPEnv\beevmTests\beevmTests\boost/boost/bind.hpp:22,
                 from D:\CPPEnv\beevmTests\beevmTests\cute/cute_determine_library.h:37,
                 from D:\CPPEnv\beevmTests\beevmTests\cute/cute_test.h:23,
                 from D:\CPPEnv\beevmTests\beevmTests\cute/cute_suite.h:22,
                 from D:\CPPEnv\beevmTests\beevmTests\cute/cute.h:29,
                 from ..\Tests\MemoryTest.cpp:2:
D:\CPPEnv\beevmTests\beevmTests\boost/boost/bind/arg.hpp: In constructor 'boost::arg<I>::arg(const T&)':
D:\CPPEnv\beevmTests\beevmTests\boost/boost/bind/arg.hpp:37:22: warning: typedef 'T_must_be_placeholder' locally defined but not used [-Wunused-local-typedefs]
         typedef char T_must_be_placeholder[ I == is_placeholder<T>::value? 1: -1 ];
                      ^
..\Tests\MemoryTest.cpp: In function 'void singleton()':
..\Tests\MemoryTest.cpp:18:40: error: invalid use of member function (did you forget the '()' ?)
  m2->nextSpace.getBase == m->nextSpace.getBase;
                                        ^
..\Tests\MemoryTest.cpp:18:40: error: invalid use of member function (did you forget the '()' ?)
10:54:56 **** Incremental Build of configuration Debug for project beevmTests ****
Info: Internal Builder is used for build
g++ "-ID:\\CPPEnv\\beevmTests\\beevmTests\\cute" "-ID:\\CPPEnv\\beevmTests\\beevmTests\\boost" -O0 -g3 -Wall -c -fmessage-length=0 -o "Tests\\MemoryTest.o" "..\\Tests\\MemoryTest.cpp" 
In file included from D:\CPPEnv\beevmTests\beevmTests\boost/boost/bind/bind.hpp:29:0,
                 from D:\CPPEnv\beevmTests\beevmTests\boost/boost/bind.hpp:22,
                 from D:\CPPEnv\beevmTests\beevmTests\cute/cute_determine_library.h:37,
                 from D:\CPPEnv\beevmTests\beevmTests\cute/cute_test.h:23,
                 from D:\CPPEnv\beevmTests\beevmTests\cute/cute_suite.h:22,
                 from D:\CPPEnv\beevmTests\beevmTests\cute/cute.h:29,
                 from ..\Tests\MemoryTest.cpp:2:
D:\CPPEnv\beevmTests\beevmTests\boost/boost/bind/arg.hpp: In constructor 'boost::arg<I>::arg(const T&)':
D:\CPPEnv\beevmTests\beevmTests\boost/boost/bind/arg.hpp:37:22: warning: typedef 'T_must_be_placeholder' locally defined but not used [-Wunused-local-typedefs]
         typedef char T_must_be_placeholder[ I == is_placeholder<T>::value? 1: -1 ];
                      ^
In file included from D:\CPPEnv\beevmTests\beevmTests\cute/cute.h:24:0,
                 from ..\Tests\MemoryTest.cpp:2:
..\Tests\MemoryTest.cpp: In function 'void singleton()':
..\Tests\MemoryTest.cpp:18:51: error: invalid use of member function (did you forget the '()' ?)
  ASSERTM("Not a singleton", (ulong) m2->nextSpace.getBase == (ulong) m->nextSpace.getBase);
                                                   ^
D:\CPPEnv\beevmTests\beevmTests\cute/cute_base.h:55:38: note: in definition of macro 'ASSERTM'
 #define ASSERTM(msg,cond) do { if (!(cond)) throw cute::test_failure(CUTE_FUNCNAME_PREFIX+cute::cute_to_string::backslashQuoteTabNewline(msg),__FILE__,__LINE__);} while(false)
                                      ^
..\Tests\MemoryTest.cpp:18:83: error: invalid use of member function (did you forget the '()' ?)
  ASSERTM("Not a singleton", (ulong) m2->nextSpace.getBase == (ulong) m->nextSpace.getBase);
                                                                                   ^
D:\CPPEnv\beevmTests\beevmTests\cute/cute_base.h:55:38: note: in definition of macro 'ASSERTM'
 #define ASSERTM(msg,cond) do { if (!(cond)) throw cute::test_failure(CUTE_FUNCNAME_PREFIX+cute::cute_to_string::backslashQuoteTabNewline(msg),__FILE__,__LINE__);} while(false)
                                      ^
10:55:13 **** Incremental Build of configuration Debug for project beevmTests ****
Info: Internal Builder is used for build
g++ "-ID:\\CPPEnv\\beevmTests\\beevmTests\\cute" "-ID:\\CPPEnv\\beevmTests\\beevmTests\\boost" -O0 -g3 -Wall -c -fmessage-length=0 -o "Tests\\MemoryTest.o" "..\\Tests\\MemoryTest.cpp" 
In file included from D:\CPPEnv\beevmTests\beevmTests\boost/boost/bind/bind.hpp:29:0,
                 from D:\CPPEnv\beevmTests\beevmTests\boost/boost/bind.hpp:22,
                 from D:\CPPEnv\beevmTests\beevmTests\cute/cute_determine_library.h:37,
                 from D:\CPPEnv\beevmTests\beevmTests\cute/cute_test.h:23,
                 from D:\CPPEnv\beevmTests\beevmTests\cute/cute_suite.h:22,
                 from D:\CPPEnv\beevmTests\beevmTests\cute/cute.h:29,
                 from ..\Tests\MemoryTest.cpp:2:
D:\CPPEnv\beevmTests\beevmTests\boost/boost/bind/arg.hpp: In constructor 'boost::arg<I>::arg(const T&)':
D:\CPPEnv\beevmTests\beevmTests\boost/boost/bind/arg.hpp:37:22: warning: typedef 'T_must_be_placeholder' locally defined but not used [-Wunused-local-typedefs]
         typedef char T_must_be_placeholder[ I == is_placeholder<T>::value? 1: -1 ];
                      ^
g++ -static-libgcc -static-libstdc++ -o beevmTests.exe "DataStructures\\GCSpace.o" "DataStructures\\GCSpaceInfo.o" "DataStructures\\Memory.o" "DataStructures\\ReferencedVMArray.o" "DataStructures\\VMArray.o" "DataStructures\\VMMemory.o" "Tests\\GCSpaceTest.o" "Tests\\GCSpaceTestInfo.o" "Tests\\MemoryTest.o" "Tests\\VMArrayTest.o" "Tests\\VMMemoryTest.o" "src\\Test.o" 
Info: Nothing to build for beevmTests
13:54:37 **** Incremental Build of configuration Debug for project beevmTests ****
Info: Internal Builder is used for build
g++ "-ID:\\CPPEnv\\beevmTests\\beevmTests\\cute" "-ID:\\CPPEnv\\beevmTests\\beevmTests\\boost" -O0 -g3 -Wall -c -fmessage-length=0 -o "src\\Test.o" "..\\src\\Test.cpp" 
In file included from D:\CPPEnv\beevmTests\beevmTests\boost/boost/bind/bind.hpp:29:0,
                 from D:\CPPEnv\beevmTests\beevmTests\boost/boost/bind.hpp:22,
                 from D:\CPPEnv\beevmTests\beevmTests\cute/cute_determine_library.h:37,
                 from D:\CPPEnv\beevmTests\beevmTests\cute/cute_test.h:23,
                 from D:\CPPEnv\beevmTests\beevmTests\cute/cute_suite.h:22,
                 from D:\CPPEnv\beevmTests\beevmTests\cute/cute.h:29,
                 from ..\src\Test.cpp:1:
D:\CPPEnv\beevmTests\beevmTests\boost/boost/bind/arg.hpp: In constructor 'boost::arg<I>::arg(const T&)':
D:\CPPEnv\beevmTests\beevmTests\boost/boost/bind/arg.hpp:37:22: warning: typedef 'T_must_be_placeholder' locally defined but not used [-Wunused-local-typedefs]
         typedef char T_must_be_placeholder[ I == is_placeholder<T>::value? 1: -1 ];
                      ^
g++ "-ID:\\CPPEnv\\beevmTests\\beevmTests\\cute" "-ID:\\CPPEnv\\beevmTests\\beevmTests\\boost" -O0 -g3 -Wall -c -fmessage-length=0 -o "DataStructures\\GCSpace.o" "..\\DataStructures\\GCSpace.cpp" 
..\DataStructures\GCSpace.cpp: In member function 'ulong* Bee::GCSpace::shallowCopyGrowingTo(ulong*, ulong)':
..\DataStructures\GCSpace.cpp:172:48: warning: comparison between signed and unsigned integer expressions [-Wsign-compare]
  for (int index = (_size(array) + 1); index <= newSize; index++) {
                                                ^
g++ "-ID:\\CPPEnv\\beevmTests\\beevmTests\\cute" "-ID:\\CPPEnv\\beevmTests\\beevmTests\\boost" -O0 -g3 -Wall -c -fmessage-length=0 -o "DataStructures\\Memory.o" "..\\DataStructures\\Memory.cpp" 
..\DataStructures\Memory.cpp: In member function 'Bee::GCSpace* Bee::Memory::growIfNeeded(ulong)':
..\DataStructures\Memory.cpp:31:38: warning: comparison between signed and unsigned integer expressions [-Wsign-compare]
  if ((used / total) > 0.9 || (free < size))
                                      ^
..\DataStructures\Memory.cpp: In member function 'Bee::GCSpace* Bee::Memory::createNextSpace()':
..\DataStructures\Memory.cpp:75:1: warning: no return statement in function returning non-void [-Wreturn-type]
 }
 ^
g++ "-ID:\\CPPEnv\\beevmTests\\beevmTests\\cute" "-ID:\\CPPEnv\\beevmTests\\beevmTests\\boost" -O0 -g3 -Wall -c -fmessage-length=0 -o "Tests\\MemoryTest.o" "..\\Tests\\MemoryTest.cpp" 
In file included from D:\CPPEnv\beevmTests\beevmTests\boost/boost/bind/bind.hpp:29:0,
                 from D:\CPPEnv\beevmTests\beevmTests\boost/boost/bind.hpp:22,
                 from D:\CPPEnv\beevmTests\beevmTests\cute/cute_determine_library.h:37,
                 from D:\CPPEnv\beevmTests\beevmTests\cute/cute_test.h:23,
                 from D:\CPPEnv\beevmTests\beevmTests\cute/cute_suite.h:22,
                 from D:\CPPEnv\beevmTests\beevmTests\cute/cute.h:29,
                 from ..\Tests\MemoryTest.cpp:2:
D:\CPPEnv\beevmTests\beevmTests\boost/boost/bind/arg.hpp: In constructor 'boost::arg<I>::arg(const T&)':
D:\CPPEnv\beevmTests\beevmTests\boost/boost/bind/arg.hpp:37:22: warning: typedef 'T_must_be_placeholder' locally defined but not used [-Wunused-local-typedefs]
         typedef char T_must_be_placeholder[ I == is_placeholder<T>::value? 1: -1 ];
                      ^
g++ -static-libgcc -static-libstdc++ -o beevmTests.exe "DataStructures\\GCSpace.o" "DataStructures\\GCSpaceInfo.o" "DataStructures\\Memory.o" "DataStructures\\ReferencedVMArray.o" "DataStructures\\VMArray.o" "DataStructures\\VMMemory.o" "Tests\\GCSpaceTest.o" "Tests\\GCSpaceTestInfo.o" "Tests\\MemoryTest.o" "Tests\\VMArrayTest.o" "Tests\\VMMemoryTest.o" "src\\Test.o" 
Info: Nothing to build for beevmTests
13:56:03 **** Incremental Build of configuration Debug for project beevmTests ****
Info: Internal Builder is used for build
g++ "-ID:\\CPPEnv\\beevmTests\\beevmTests\\cute" "-ID:\\CPPEnv\\beevmTests\\beevmTests\\boost" -O0 -g3 -Wall -c -fmessage-length=0 -o "Tests\\GCSpaceTest.o" "..\\Tests\\GCSpaceTest.cpp" 
In file included from D:\CPPEnv\beevmTests\beevmTests\boost/boost/bind/bind.hpp:29:0,
                 from D:\CPPEnv\beevmTests\beevmTests\boost/boost/bind.hpp:22,
                 from D:\CPPEnv\beevmTests\beevmTests\cute/cute_determine_library.h:37,
                 from D:\CPPEnv\beevmTests\beevmTests\cute/cute_test.h:23,
                 from D:\CPPEnv\beevmTests\beevmTests\cute/cute_suite.h:22,
                 from D:\CPPEnv\beevmTests\beevmTests\cute/cute.h:29,
                 from ..\Tests\GCSpaceTest.cpp:2:
D:\CPPEnv\beevmTests\beevmTests\boost/boost/bind/arg.hpp: In constructor 'boost::arg<I>::arg(const T&)':
D:\CPPEnv\beevmTests\beevmTests\boost/boost/bind/arg.hpp:37:22: warning: typedef 'T_must_be_placeholder' locally defined but not used [-Wunused-local-typedefs]
         typedef char T_must_be_placeholder[ I == is_placeholder<T>::value? 1: -1 ];
                      ^
..\Tests\GCSpaceTest.cpp: In function 'void extendedGrowingTo()':
..\Tests\GCSpaceTest.cpp:18:10: warning: unused variable 'object' [-Wunused-variable]
  ulong * object = localSpace.shallowCopy((ulong *) stTrue);
          ^
..\Tests\GCSpaceTest.cpp: In function 'ulong* mockArray()':
..\Tests\GCSpaceTest.cpp:102:1: warning: no return statement in function returning non-void [-Wreturn-type]
 }
 ^
..\Tests\GCSpaceTest.cpp: In function 'void growingTo()':
..\Tests\GCSpaceTest.cpp:107:74: warning: cast to pointer from integer of different size [-Wint-to-pointer-cast]
  ulong * copy = localSpace.shallowCopyGrowingTo((unsigned long *) array[8],
                                                                          ^
g++ -static-libgcc -static-libstdc++ -o beevmTests.exe "DataStructures\\GCSpace.o" "DataStructures\\GCSpaceInfo.o" "DataStructures\\Memory.o" "DataStructures\\ReferencedVMArray.o" "DataStructures\\VMArray.o" "DataStructures\\VMMemory.o" "Tests\\GCSpaceTest.o" "Tests\\GCSpaceTestInfo.o" "Tests\\MemoryTest.o" "Tests\\VMArrayTest.o" "Tests\\VMMemoryTest.o" "src\\Test.o" 
Info: Nothing to build for beevmTests
13:57:52 **** Incremental Build of configuration Debug for project beevmTests ****
Info: Internal Builder is used for build
g++ "-ID:\\CPPEnv\\beevmTests\\beevmTests\\cute" "-ID:\\CPPEnv\\beevmTests\\beevmTests\\boost" -O0 -g3 -Wall -c -fmessage-length=0 -o "Tests\\GCSpaceTest.o" "..\\Tests\\GCSpaceTest.cpp" 
In file included from D:\CPPEnv\beevmTests\beevmTests\boost/boost/bind/bind.hpp:29:0,
                 from D:\CPPEnv\beevmTests\beevmTests\boost/boost/bind.hpp:22,
                 from D:\CPPEnv\beevmTests\beevmTests\cute/cute_determine_library.h:37,
                 from D:\CPPEnv\beevmTests\beevmTests\cute/cute_test.h:23,
                 from D:\CPPEnv\beevmTests\beevmTests\cute/cute_suite.h:22,
                 from D:\CPPEnv\beevmTests\beevmTests\cute/cute.h:29,
                 from ..\Tests\GCSpaceTest.cpp:2:
D:\CPPEnv\beevmTests\beevmTests\boost/boost/bind/arg.hpp: In constructor 'boost::arg<I>::arg(const T&)':
D:\CPPEnv\beevmTests\beevmTests\boost/boost/bind/arg.hpp:37:22: warning: typedef 'T_must_be_placeholder' locally defined but not used [-Wunused-local-typedefs]
         typedef char T_must_be_placeholder[ I == is_placeholder<T>::value? 1: -1 ];
                      ^
..\Tests\GCSpaceTest.cpp: In function 'void extendedGrowingTo()':
..\Tests\GCSpaceTest.cpp:18:10: warning: unused variable 'object' [-Wunused-variable]
  ulong * object = localSpace.shallowCopy((ulong *) stTrue);
          ^
..\Tests\GCSpaceTest.cpp: In function 'ulong* mockArray()':
..\Tests\GCSpaceTest.cpp:102:1: warning: no return statement in function returning non-void [-Wreturn-type]
 }
 ^
..\Tests\GCSpaceTest.cpp: In function 'void growingTo()':
..\Tests\GCSpaceTest.cpp:107:74: warning: cast to pointer from integer of different size [-Wint-to-pointer-cast]
  ulong * copy = localSpace.shallowCopyGrowingTo((unsigned long *) array[8],
                                                                          ^
g++ -static-libgcc -static-libstdc++ -o beevmTests.exe "DataStructures\\GCSpace.o" "DataStructures\\GCSpaceInfo.o" "DataStructures\\Memory.o" "DataStructures\\ReferencedVMArray.o" "DataStructures\\VMArray.o" "DataStructures\\VMMemory.o" "Tests\\GCSpaceTest.o" "Tests\\GCSpaceTestInfo.o" "Tests\\MemoryTest.o" "Tests\\VMArrayTest.o" "Tests\\VMMemoryTest.o" "src\\Test.o" 
Info: Nothing to build for beevmTests
13:58:21 **** Incremental Build of configuration Debug for project beevmTests ****
Info: Internal Builder is used for build
g++ "-ID:\\CPPEnv\\beevmTests\\beevmTests\\cute" "-ID:\\CPPEnv\\beevmTests\\beevmTests\\boost" -O0 -g3 -Wall -c -fmessage-length=0 -o "Tests\\GCSpaceTest.o" "..\\Tests\\GCSpaceTest.cpp" 
In file included from D:\CPPEnv\beevmTests\beevmTests\boost/boost/bind/bind.hpp:29:0,
                 from D:\CPPEnv\beevmTests\beevmTests\boost/boost/bind.hpp:22,
                 from D:\CPPEnv\beevmTests\beevmTests\cute/cute_determine_library.h:37,
                 from D:\CPPEnv\beevmTests\beevmTests\cute/cute_test.h:23,
                 from D:\CPPEnv\beevmTests\beevmTests\cute/cute_suite.h:22,
                 from D:\CPPEnv\beevmTests\beevmTests\cute/cute.h:29,
                 from ..\Tests\GCSpaceTest.cpp:2:
D:\CPPEnv\beevmTests\beevmTests\boost/boost/bind/arg.hpp: In constructor 'boost::arg<I>::arg(const T&)':
D:\CPPEnv\beevmTests\beevmTests\boost/boost/bind/arg.hpp:37:22: warning: typedef 'T_must_be_placeholder' locally defined but not used [-Wunused-local-typedefs]
         typedef char T_must_be_placeholder[ I == is_placeholder<T>::value? 1: -1 ];
                      ^
..\Tests\GCSpaceTest.cpp: In function 'void extendedGrowingTo()':
..\Tests\GCSpaceTest.cpp:18:10: warning: unused variable 'object' [-Wunused-variable]
  ulong * object = localSpace.shallowCopy((ulong *) stTrue);
          ^
..\Tests\GCSpaceTest.cpp: In function 'ulong* mockArray()':
..\Tests\GCSpaceTest.cpp:102:1: warning: no return statement in function returning non-void [-Wreturn-type]
 }
 ^
..\Tests\GCSpaceTest.cpp: In function 'void growingTo()':
..\Tests\GCSpaceTest.cpp:107:74: warning: cast to pointer from integer of different size [-Wint-to-pointer-cast]
  ulong * copy = localSpace.shallowCopyGrowingTo((unsigned long *) array[8],
                                                                          ^
g++ -static-libgcc -static-libstdc++ -o beevmTests.exe "DataStructures\\GCSpace.o" "DataStructures\\GCSpaceInfo.o" "DataStructures\\Memory.o" "DataStructures\\ReferencedVMArray.o" "DataStructures\\VMArray.o" "DataStructures\\VMMemory.o" "Tests\\GCSpaceTest.o" "Tests\\GCSpaceTestInfo.o" "Tests\\MemoryTest.o" "Tests\\VMArrayTest.o" "Tests\\VMMemoryTest.o" "src\\Test.o" 
Info: Nothing to build for beevmTests
Info: Nothing to build for beevmTests
15:31:25 **** Incremental Build of configuration Debug for project beevmTests ****
Info: Internal Builder is used for build
g++ "-ID:\\CPPEnv\\beevmTests\\beevmTests\\cute" "-ID:\\CPPEnv\\beevmTests\\beevmTests\\boost" -O0 -g3 -Wall -c -fmessage-length=0 -o "Tests\\GCSpaceTest.o" "..\\Tests\\GCSpaceTest.cpp" 
In file included from D:\CPPEnv\beevmTests\beevmTests\boost/boost/bind/bind.hpp:29:0,
                 from D:\CPPEnv\beevmTests\beevmTests\boost/boost/bind.hpp:22,
                 from D:\CPPEnv\beevmTests\beevmTests\cute/cute_determine_library.h:37,
                 from D:\CPPEnv\beevmTests\beevmTests\cute/cute_test.h:23,
                 from D:\CPPEnv\beevmTests\beevmTests\cute/cute_suite.h:22,
                 from D:\CPPEnv\beevmTests\beevmTests\cute/cute.h:29,
                 from ..\Tests\GCSpaceTest.cpp:2:
D:\CPPEnv\beevmTests\beevmTests\boost/boost/bind/arg.hpp: In constructor 'boost::arg<I>::arg(const T&)':
D:\CPPEnv\beevmTests\beevmTests\boost/boost/bind/arg.hpp:37:22: warning: typedef 'T_must_be_placeholder' locally defined but not used [-Wunused-local-typedefs]
         typedef char T_must_be_placeholder[ I == is_placeholder<T>::value? 1: -1 ];
                      ^
..\Tests\GCSpaceTest.cpp: In function 'void extendedGrowingTo()':
..\Tests\GCSpaceTest.cpp:18:10: warning: unused variable 'object' [-Wunused-variable]
  ulong * object = localSpace.shallowCopy((ulong *) stTrue);
          ^
..\Tests\GCSpaceTest.cpp: In function 'ulong* mockArray()':
..\Tests\GCSpaceTest.cpp:102:1: warning: no return statement in function returning non-void [-Wreturn-type]
 }
 ^
..\Tests\GCSpaceTest.cpp: In function 'void growingTo()':
..\Tests\GCSpaceTest.cpp:107:74: warning: cast to pointer from integer of different size [-Wint-to-pointer-cast]
  ulong * copy = localSpace.shallowCopyGrowingTo((unsigned long *) array[8],
                                                                          ^
..\Tests\GCSpaceTest.cpp:109:10: warning: unused variable 'object' [-Wunused-variable]
  ulong * object = localSpace.shallowCopy(stFalse);
          ^
g++ -static-libgcc -static-libstdc++ -o beevmTests.exe "DataStructures\\GCSpace.o" "DataStructures\\GCSpaceInfo.o" "DataStructures\\Memory.o" "DataStructures\\ReferencedVMArray.o" "DataStructures\\VMArray.o" "DataStructures\\VMMemory.o" "Tests\\GCSpaceTest.o" "Tests\\GCSpaceTestInfo.o" "Tests\\MemoryTest.o" "Tests\\VMArrayTest.o" "Tests\\VMMemoryTest.o" "src\\Test.o" 
Info: Nothing to build for beevmTests
15:32:21 **** Incremental Build of configuration Debug for project beevmTests ****
Info: Internal Builder is used for build
g++ "-ID:\\CPPEnv\\beevmTests\\beevmTests\\cute" "-ID:\\CPPEnv\\beevmTests\\beevmTests\\boost" -O0 -g3 -Wall -c -fmessage-length=0 -o "Tests\\GCSpaceTest.o" "..\\Tests\\GCSpaceTest.cpp" 
In file included from D:\CPPEnv\beevmTests\beevmTests\boost/boost/bind/bind.hpp:29:0,
                 from D:\CPPEnv\beevmTests\beevmTests\boost/boost/bind.hpp:22,
                 from D:\CPPEnv\beevmTests\beevmTests\cute/cute_determine_library.h:37,
                 from D:\CPPEnv\beevmTests\beevmTests\cute/cute_test.h:23,
                 from D:\CPPEnv\beevmTests\beevmTests\cute/cute_suite.h:22,
                 from D:\CPPEnv\beevmTests\beevmTests\cute/cute.h:29,
                 from ..\Tests\GCSpaceTest.cpp:2:
D:\CPPEnv\beevmTests\beevmTests\boost/boost/bind/arg.hpp: In constructor 'boost::arg<I>::arg(const T&)':
D:\CPPEnv\beevmTests\beevmTests\boost/boost/bind/arg.hpp:37:22: warning: typedef 'T_must_be_placeholder' locally defined but not used [-Wunused-local-typedefs]
         typedef char T_must_be_placeholder[ I == is_placeholder<T>::value? 1: -1 ];
                      ^
..\Tests\GCSpaceTest.cpp: In function 'void extendedGrowingTo()':
..\Tests\GCSpaceTest.cpp:14:18: warning: unused variable 'array' [-Wunused-variable]
  unsigned char * array = mockArray1024();
                  ^
..\Tests\GCSpaceTest.cpp:18:10: warning: unused variable 'object' [-Wunused-variable]
  ulong * object = localSpace.shallowCopy((ulong *) stTrue);
          ^
..\Tests\GCSpaceTest.cpp: In function 'ulong* mockArray()':
..\Tests\GCSpaceTest.cpp:102:1: warning: no return statement in function returning non-void [-Wreturn-type]
 }
 ^
..\Tests\GCSpaceTest.cpp: In function 'void growingTo()':
..\Tests\GCSpaceTest.cpp:107:74: warning: cast to pointer from integer of different size [-Wint-to-pointer-cast]
  ulong * copy = localSpace.shallowCopyGrowingTo((unsigned long *) array[8],
                                                                          ^
..\Tests\GCSpaceTest.cpp:109:10: warning: unused variable 'object' [-Wunused-variable]
  ulong * object = localSpace.shallowCopy(stFalse);
          ^
g++ -static-libgcc -static-libstdc++ -o beevmTests.exe "DataStructures\\GCSpace.o" "DataStructures\\GCSpaceInfo.o" "DataStructures\\Memory.o" "DataStructures\\ReferencedVMArray.o" "DataStructures\\VMArray.o" "DataStructures\\VMMemory.o" "Tests\\GCSpaceTest.o" "Tests\\GCSpaceTestInfo.o" "Tests\\MemoryTest.o" "Tests\\VMArrayTest.o" "Tests\\VMMemoryTest.o" "src\\Test.o" 
Info: Nothing to build for beevmTests
15:32:44 **** Incremental Build of configuration Debug for project beevmTests ****
Info: Internal Builder is used for build
g++ "-ID:\\CPPEnv\\beevmTests\\beevmTests\\cute" "-ID:\\CPPEnv\\beevmTests\\beevmTests\\boost" -O0 -g3 -Wall -c -fmessage-length=0 -o "Tests\\GCSpaceTest.o" "..\\Tests\\GCSpaceTest.cpp" 
In file included from D:\CPPEnv\beevmTests\beevmTests\boost/boost/bind/bind.hpp:29:0,
                 from D:\CPPEnv\beevmTests\beevmTests\boost/boost/bind.hpp:22,
                 from D:\CPPEnv\beevmTests\beevmTests\cute/cute_determine_library.h:37,
                 from D:\CPPEnv\beevmTests\beevmTests\cute/cute_test.h:23,
                 from D:\CPPEnv\beevmTests\beevmTests\cute/cute_suite.h:22,
                 from D:\CPPEnv\beevmTests\beevmTests\cute/cute.h:29,
                 from ..\Tests\GCSpaceTest.cpp:2:
D:\CPPEnv\beevmTests\beevmTests\boost/boost/bind/arg.hpp: In constructor 'boost::arg<I>::arg(const T&)':
D:\CPPEnv\beevmTests\beevmTests\boost/boost/bind/arg.hpp:37:22: warning: typedef 'T_must_be_placeholder' locally defined but not used [-Wunused-local-typedefs]
         typedef char T_must_be_placeholder[ I == is_placeholder<T>::value? 1: -1 ];
                      ^
..\Tests\GCSpaceTest.cpp: In function 'void extendedGrowingTo()':
..\Tests\GCSpaceTest.cpp:14:18: warning: unused variable 'array' [-Wunused-variable]
  unsigned char * array = mockArray1024();
                  ^
..\Tests\GCSpaceTest.cpp:15:18: warning: unused variable 'stTrue' [-Wunused-variable]
  unsigned char * stTrue = mockTrue();
                  ^
..\Tests\GCSpaceTest.cpp:16:10: warning: variable 'localSpace' set but not used [-Wunused-but-set-variable]
  GCSpace localSpace = GCSpace::dynamicNew(1024 * 4 * 10);
          ^
..\Tests\GCSpaceTest.cpp: In function 'ulong* mockArray()':
..\Tests\GCSpaceTest.cpp:102:1: warning: no return statement in function returning non-void [-Wreturn-type]
 }
 ^
..\Tests\GCSpaceTest.cpp: In function 'void growingTo()':
..\Tests\GCSpaceTest.cpp:107:74: warning: cast to pointer from integer of different size [-Wint-to-pointer-cast]
  ulong * copy = localSpace.shallowCopyGrowingTo((unsigned long *) array[8],
                                                                          ^
..\Tests\GCSpaceTest.cpp:109:10: warning: unused variable 'object' [-Wunused-variable]
  ulong * object = localSpace.shallowCopy(stFalse);
          ^
g++ -static-libgcc -static-libstdc++ -o beevmTests.exe "DataStructures\\GCSpace.o" "DataStructures\\GCSpaceInfo.o" "DataStructures\\Memory.o" "DataStructures\\ReferencedVMArray.o" "DataStructures\\VMArray.o" "DataStructures\\VMMemory.o" "Tests\\GCSpaceTest.o" "Tests\\GCSpaceTestInfo.o" "Tests\\MemoryTest.o" "Tests\\VMArrayTest.o" "Tests\\VMMemoryTest.o" "src\\Test.o" 
Info: Nothing to build for beevmTests
15:33:01 **** Incremental Build of configuration Debug for project beevmTests ****
Info: Internal Builder is used for build
g++ "-ID:\\CPPEnv\\beevmTests\\beevmTests\\cute" "-ID:\\CPPEnv\\beevmTests\\beevmTests\\boost" -O0 -g3 -Wall -c -fmessage-length=0 -o "Tests\\GCSpaceTest.o" "..\\Tests\\GCSpaceTest.cpp" 
In file included from D:\CPPEnv\beevmTests\beevmTests\boost/boost/bind/bind.hpp:29:0,
                 from D:\CPPEnv\beevmTests\beevmTests\boost/boost/bind.hpp:22,
                 from D:\CPPEnv\beevmTests\beevmTests\cute/cute_determine_library.h:37,
                 from D:\CPPEnv\beevmTests\beevmTests\cute/cute_test.h:23,
                 from D:\CPPEnv\beevmTests\beevmTests\cute/cute_suite.h:22,
                 from D:\CPPEnv\beevmTests\beevmTests\cute/cute.h:29,
                 from ..\Tests\GCSpaceTest.cpp:2:
D:\CPPEnv\beevmTests\beevmTests\boost/boost/bind/arg.hpp: In constructor 'boost::arg<I>::arg(const T&)':
D:\CPPEnv\beevmTests\beevmTests\boost/boost/bind/arg.hpp:37:22: warning: typedef 'T_must_be_placeholder' locally defined but not used [-Wunused-local-typedefs]
         typedef char T_must_be_placeholder[ I == is_placeholder<T>::value? 1: -1 ];
                      ^
..\Tests\GCSpaceTest.cpp: In function 'void extendedGrowingTo()':
..\Tests\GCSpaceTest.cpp:15:18: warning: unused variable 'stTrue' [-Wunused-variable]
  unsigned char * stTrue = mockTrue();
                  ^
..\Tests\GCSpaceTest.cpp:17:10: warning: unused variable 'copy' [-Wunused-variable]
  ulong * copy = localSpace.shallowCopyGrowingTo((ulong *) array, 2048);
          ^
..\Tests\GCSpaceTest.cpp: In function 'ulong* mockArray()':
..\Tests\GCSpaceTest.cpp:102:1: warning: no return statement in function returning non-void [-Wreturn-type]
 }
 ^
..\Tests\GCSpaceTest.cpp: In function 'void growingTo()':
..\Tests\GCSpaceTest.cpp:107:74: warning: cast to pointer from integer of different size [-Wint-to-pointer-cast]
  ulong * copy = localSpace.shallowCopyGrowingTo((unsigned long *) array[8],
                                                                          ^
..\Tests\GCSpaceTest.cpp:109:10: warning: unused variable 'object' [-Wunused-variable]
  ulong * object = localSpace.shallowCopy(stFalse);
          ^
g++ -static-libgcc -static-libstdc++ -o beevmTests.exe "DataStructures\\GCSpace.o" "DataStructures\\GCSpaceInfo.o" "DataStructures\\Memory.o" "DataStructures\\ReferencedVMArray.o" "DataStructures\\VMArray.o" "DataStructures\\VMMemory.o" "Tests\\GCSpaceTest.o" "Tests\\GCSpaceTestInfo.o" "Tests\\MemoryTest.o" "Tests\\VMArrayTest.o" "Tests\\VMMemoryTest.o" "src\\Test.o" 
Info: Nothing to build for beevmTests
15:41:14 **** Incremental Build of configuration Debug for project beevmTests ****
Info: Internal Builder is used for build
g++ "-ID:\\CPPEnv\\beevmTests\\beevmTests\\cute" "-ID:\\CPPEnv\\beevmTests\\beevmTests\\boost" -O0 -g3 -Wall -c -fmessage-length=0 -o "DataStructures\\GCSpace.o" "..\\DataStructures\\GCSpace.cpp" 
..\DataStructures\GCSpace.cpp: In member function 'ulong* Bee::GCSpace::shallowCopyGrowingTo(ulong*, ulong)':
..\DataStructures\GCSpace.cpp:172:48: warning: comparison between signed and unsigned integer expressions [-Wsign-compare]
  for (int index = (_size(array) + 1); index <= newSize; index++) {
                                                ^
g++ -static-libgcc -static-libstdc++ -o beevmTests.exe "DataStructures\\GCSpace.o" "DataStructures\\GCSpaceInfo.o" "DataStructures\\Memory.o" "DataStructures\\ReferencedVMArray.o" "DataStructures\\VMArray.o" "DataStructures\\VMMemory.o" "Tests\\GCSpaceTest.o" "Tests\\GCSpaceTestInfo.o" "Tests\\MemoryTest.o" "Tests\\VMArrayTest.o" "Tests\\VMMemoryTest.o" "src\\Test.o" 
Info: Nothing to build for beevmTests
15:41:27 **** Incremental Build of configuration Debug for project beevmTests ****
Info: Internal Builder is used for build
g++ "-ID:\\CPPEnv\\beevmTests\\beevmTests\\cute" "-ID:\\CPPEnv\\beevmTests\\beevmTests\\boost" -O0 -g3 -Wall -c -fmessage-length=0 -o "Tests\\GCSpaceTest.o" "..\\Tests\\GCSpaceTest.cpp" 
In file included from D:\CPPEnv\beevmTests\beevmTests\boost/boost/bind/bind.hpp:29:0,
                 from D:\CPPEnv\beevmTests\beevmTests\boost/boost/bind.hpp:22,
                 from D:\CPPEnv\beevmTests\beevmTests\cute/cute_determine_library.h:37,
                 from D:\CPPEnv\beevmTests\beevmTests\cute/cute_test.h:23,
                 from D:\CPPEnv\beevmTests\beevmTests\cute/cute_suite.h:22,
                 from D:\CPPEnv\beevmTests\beevmTests\cute/cute.h:29,
                 from ..\Tests\GCSpaceTest.cpp:2:
D:\CPPEnv\beevmTests\beevmTests\boost/boost/bind/arg.hpp: In constructor 'boost::arg<I>::arg(const T&)':
D:\CPPEnv\beevmTests\beevmTests\boost/boost/bind/arg.hpp:37:22: warning: typedef 'T_must_be_placeholder' locally defined but not used [-Wunused-local-typedefs]
         typedef char T_must_be_placeholder[ I == is_placeholder<T>::value? 1: -1 ];
                      ^
..\Tests\GCSpaceTest.cpp: In function 'void extendedGrowingTo()':
..\Tests\GCSpaceTest.cpp:14:18: warning: unused variable 'array' [-Wunused-variable]
  unsigned char * array = mockArray1024();
                  ^
..\Tests\GCSpaceTest.cpp:15:18: warning: unused variable 'stTrue' [-Wunused-variable]
  unsigned char * stTrue = mockTrue();
                  ^
..\Tests\GCSpaceTest.cpp:16:10: warning: variable 'localSpace' set but not used [-Wunused-but-set-variable]
  GCSpace localSpace = GCSpace::dynamicNew(1024 * 4 * 10);
          ^
..\Tests\GCSpaceTest.cpp: In function 'ulong* mockArray()':
..\Tests\GCSpaceTest.cpp:102:1: warning: no return statement in function returning non-void [-Wreturn-type]
 }
 ^
..\Tests\GCSpaceTest.cpp: In function 'void growingTo()':
..\Tests\GCSpaceTest.cpp:107:74: warning: cast to pointer from integer of different size [-Wint-to-pointer-cast]
  ulong * copy = localSpace.shallowCopyGrowingTo((unsigned long *) array[8],
                                                                          ^
..\Tests\GCSpaceTest.cpp:109:10: warning: unused variable 'object' [-Wunused-variable]
  ulong * object = localSpace.shallowCopy(stFalse);
          ^
g++ -static-libgcc -static-libstdc++ -o beevmTests.exe "DataStructures\\GCSpace.o" "DataStructures\\GCSpaceInfo.o" "DataStructures\\Memory.o" "DataStructures\\ReferencedVMArray.o" "DataStructures\\VMArray.o" "DataStructures\\VMMemory.o" "Tests\\GCSpaceTest.o" "Tests\\GCSpaceTestInfo.o" "Tests\\MemoryTest.o" "Tests\\VMArrayTest.o" "Tests\\VMMemoryTest.o" "src\\Test.o" 
Info: Nothing to build for beevmTests
15:53:38 **** Incremental Build of configuration Debug for project beevmTests ****
Info: Internal Builder is used for build
g++ "-ID:\\CPPEnv\\beevmTests\\beevmTests\\cute" "-ID:\\CPPEnv\\beevmTests\\beevmTests\\boost" -O0 -g3 -Wall -c -fmessage-length=0 -o "DataStructures\\Memory.o" "..\\DataStructures\\Memory.cpp" 
..\DataStructures\Memory.cpp: In member function 'Bee::GCSpace* Bee::Memory::growIfNeeded(ulong)':
..\DataStructures\Memory.cpp:31:38: warning: comparison between signed and unsigned integer expressions [-Wsign-compare]
  if ((used / total) > 0.9 || (free < size))
                                      ^
..\DataStructures\Memory.cpp: In member function 'Bee::GCSpace* Bee::Memory::createNextSpace()':
..\DataStructures\Memory.cpp:88:1: warning: no return statement in function returning non-void [-Wreturn-type]
 }
 ^
g++ "-ID:\\CPPEnv\\beevmTests\\beevmTests\\cute" "-ID:\\CPPEnv\\beevmTests\\beevmTests\\boost" -O0 -g3 -Wall -c -fmessage-length=0 -o "Tests\\MemoryTest.o" "..\\Tests\\MemoryTest.cpp" 
In file included from D:\CPPEnv\beevmTests\beevmTests\boost/boost/bind/bind.hpp:29:0,
                 from D:\CPPEnv\beevmTests\beevmTests\boost/boost/bind.hpp:22,
                 from D:\CPPEnv\beevmTests\beevmTests\cute/cute_determine_library.h:37,
                 from D:\CPPEnv\beevmTests\beevmTests\cute/cute_test.h:23,
                 from D:\CPPEnv\beevmTests\beevmTests\cute/cute_suite.h:22,
                 from D:\CPPEnv\beevmTests\beevmTests\cute/cute.h:29,
                 from ..\Tests\MemoryTest.cpp:2:
D:\CPPEnv\beevmTests\beevmTests\boost/boost/bind/arg.hpp: In constructor 'boost::arg<I>::arg(const T&)':
D:\CPPEnv\beevmTests\beevmTests\boost/boost/bind/arg.hpp:37:22: warning: typedef 'T_must_be_placeholder' locally defined but not used [-Wunused-local-typedefs]
         typedef char T_must_be_placeholder[ I == is_placeholder<T>::value? 1: -1 ];
                      ^
g++ "-ID:\\CPPEnv\\beevmTests\\beevmTests\\cute" "-ID:\\CPPEnv\\beevmTests\\beevmTests\\boost" -O0 -g3 -Wall -c -fmessage-length=0 -o "DataStructures\\GCSpace.o" "..\\DataStructures\\GCSpace.cpp" 
..\DataStructures\GCSpace.cpp: In member function 'ulong* Bee::GCSpace::shallowCopyGrowingTo(ulong*, ulong)':
..\DataStructures\GCSpace.cpp:172:48: warning: comparison between signed and unsigned integer expressions [-Wsign-compare]
  for (int index = (_size(array) + 1); index <= newSize; index++) {
                                                ^
g++ -static-libgcc -static-libstdc++ -o beevmTests.exe "DataStructures\\GCSpace.o" "DataStructures\\GCSpaceInfo.o" "DataStructures\\Memory.o" "DataStructures\\ReferencedVMArray.o" "DataStructures\\VMArray.o" "DataStructures\\VMMemory.o" "Tests\\GCSpaceTest.o" "Tests\\GCSpaceTestInfo.o" "Tests\\MemoryTest.o" "Tests\\VMArrayTest.o" "Tests\\VMMemoryTest.o" "src\\Test.o" 
15:54:32 **** Incremental Build of configuration Debug for project beevmTests ****
Info: Internal Builder is used for build
g++ "-ID:\\CPPEnv\\beevmTests\\beevmTests\\cute" "-ID:\\CPPEnv\\beevmTests\\beevmTests\\boost" -O0 -g3 -Wall -c -fmessage-length=0 -o "DataStructures\\Memory.o" "..\\DataStructures\\Memory.cpp" 
..\DataStructures\Memory.cpp: In member function 'Bee::GCSpace* Bee::Memory::growIfNeeded(ulong)':
..\DataStructures\Memory.cpp:31:38: warning: comparison between signed and unsigned integer expressions [-Wsign-compare]
  if ((used / total) > 0.9 || (free < size))
                                      ^
..\DataStructures\Memory.cpp: In member function 'Bee::GCSpace* Bee::Memory::createNextSpace()':
..\DataStructures\Memory.cpp:89:1: warning: no return statement in function returning non-void [-Wreturn-type]
 }
 ^
g++ "-ID:\\CPPEnv\\beevmTests\\beevmTests\\cute" "-ID:\\CPPEnv\\beevmTests\\beevmTests\\boost" -O0 -g3 -Wall -c -fmessage-length=0 -o "src\\Test.o" "..\\src\\Test.cpp" 
In file included from D:\CPPEnv\beevmTests\beevmTests\boost/boost/bind/bind.hpp:29:0,
                 from D:\CPPEnv\beevmTests\beevmTests\boost/boost/bind.hpp:22,
                 from D:\CPPEnv\beevmTests\beevmTests\cute/cute_determine_library.h:37,
                 from D:\CPPEnv\beevmTests\beevmTests\cute/cute_test.h:23,
                 from D:\CPPEnv\beevmTests\beevmTests\cute/cute_suite.h:22,
                 from D:\CPPEnv\beevmTests\beevmTests\cute/cute.h:29,
                 from ..\src\Test.cpp:1:
D:\CPPEnv\beevmTests\beevmTests\boost/boost/bind/arg.hpp: In constructor 'boost::arg<I>::arg(const T&)':
D:\CPPEnv\beevmTests\beevmTests\boost/boost/bind/arg.hpp:37:22: warning: typedef 'T_must_be_placeholder' locally defined but not used [-Wunused-local-typedefs]
         typedef char T_must_be_placeholder[ I == is_placeholder<T>::value? 1: -1 ];
                      ^
g++ -static-libgcc -static-libstdc++ -o beevmTests.exe "DataStructures\\GCSpace.o" "DataStructures\\GCSpaceInfo.o" "DataStructures\\Memory.o" "DataStructures\\ReferencedVMArray.o" "DataStructures\\VMArray.o" "DataStructures\\VMMemory.o" "Tests\\GCSpaceTest.o" "Tests\\GCSpaceTestInfo.o" "Tests\\MemoryTest.o" "Tests\\VMArrayTest.o" "Tests\\VMMemoryTest.o" "src\\Test.o" 
Info: Nothing to build for beevmTests
15:55:09 **** Incremental Build of configuration Debug for project beevmTests ****
Info: Internal Builder is used for build
g++ "-ID:\\CPPEnv\\beevmTests\\beevmTests\\cute" "-ID:\\CPPEnv\\beevmTests\\beevmTests\\boost" -O0 -g3 -Wall -c -fmessage-length=0 -o "DataStructures\\Memory.o" "..\\DataStructures\\Memory.cpp" 
..\DataStructures\Memory.cpp: In member function 'Bee::GCSpace* Bee::Memory::growIfNeeded(ulong)':
..\DataStructures\Memory.cpp:31:38: warning: comparison between signed and unsigned integer expressions [-Wsign-compare]
  if ((used / total) > 0.9 || (free < size))
                                      ^
..\DataStructures\Memory.cpp: In member function 'Bee::GCSpace* Bee::Memory::createNextSpace()':
..\DataStructures\Memory.cpp:89:1: warning: no return statement in function returning non-void [-Wreturn-type]
 }
 ^
g++ -static-libgcc -static-libstdc++ -o beevmTests.exe "DataStructures\\GCSpace.o" "DataStructures\\GCSpaceInfo.o" "DataStructures\\Memory.o" "DataStructures\\ReferencedVMArray.o" "DataStructures\\VMArray.o" "DataStructures\\VMMemory.o" "Tests\\GCSpaceTest.o" "Tests\\GCSpaceTestInfo.o" "Tests\\MemoryTest.o" "Tests\\VMArrayTest.o" "Tests\\VMMemoryTest.o" "src\\Test.o" 
Info: Nothing to build for beevmTests
15:56:44 **** Incremental Build of configuration Debug for project beevmTests ****
Info: Internal Builder is used for build
g++ "-ID:\\CPPEnv\\beevmTests\\beevmTests\\cute" "-ID:\\CPPEnv\\beevmTests\\beevmTests\\boost" -O0 -g3 -Wall -c -fmessage-length=0 -o "DataStructures\\Memory.o" "..\\DataStructures\\Memory.cpp" 
..\DataStructures\Memory.cpp: In member function 'Bee::GCSpace* Bee::Memory::growIfNeeded(ulong)':
..\DataStructures\Memory.cpp:31:38: warning: comparison between signed and unsigned integer expressions [-Wsign-compare]
  if ((used / total) > 0.9 || (free < size))
                                      ^
..\DataStructures\Memory.cpp: In member function 'Bee::GCSpace* Bee::Memory::createNextSpace()':
..\DataStructures\Memory.cpp:89:1: warning: no return statement in function returning non-void [-Wreturn-type]
 }
 ^
g++ -static-libgcc -static-libstdc++ -o beevmTests.exe "DataStructures\\GCSpace.o" "DataStructures\\GCSpaceInfo.o" "DataStructures\\Memory.o" "DataStructures\\ReferencedVMArray.o" "DataStructures\\VMArray.o" "DataStructures\\VMMemory.o" "Tests\\GCSpaceTest.o" "Tests\\GCSpaceTestInfo.o" "Tests\\MemoryTest.o" "Tests\\VMArrayTest.o" "Tests\\VMMemoryTest.o" "src\\Test.o" 
Info: Nothing to build for beevmTests
15:56:56 **** Incremental Build of configuration Debug for project beevmTests ****
Info: Internal Builder is used for build
g++ "-ID:\\CPPEnv\\beevmTests\\beevmTests\\cute" "-ID:\\CPPEnv\\beevmTests\\beevmTests\\boost" -O0 -g3 -Wall -c -fmessage-length=0 -o "DataStructures\\Memory.o" "..\\DataStructures\\Memory.cpp" 
..\DataStructures\Memory.cpp: In member function 'Bee::GCSpace* Bee::Memory::growIfNeeded(ulong)':
..\DataStructures\Memory.cpp:31:38: warning: comparison between signed and unsigned integer expressions [-Wsign-compare]
  if ((used / total) > 0.9 || (free < size))
                                      ^
..\DataStructures\Memory.cpp: In member function 'Bee::GCSpace* Bee::Memory::createNextSpace()':
..\DataStructures\Memory.cpp:89:1: warning: no return statement in function returning non-void [-Wreturn-type]
 }
 ^
g++ -static-libgcc -static-libstdc++ -o beevmTests.exe "DataStructures\\GCSpace.o" "DataStructures\\GCSpaceInfo.o" "DataStructures\\Memory.o" "DataStructures\\ReferencedVMArray.o" "DataStructures\\VMArray.o" "DataStructures\\VMMemory.o" "Tests\\GCSpaceTest.o" "Tests\\GCSpaceTestInfo.o" "Tests\\MemoryTest.o" "Tests\\VMArrayTest.o" "Tests\\VMMemoryTest.o" "src\\Test.o" 
Info: Nothing to build for beevmTests
15:57:42 **** Incremental Build of configuration Debug for project beevmTests ****
Info: Internal Builder is used for build
g++ "-ID:\\CPPEnv\\beevmTests\\beevmTests\\cute" "-ID:\\CPPEnv\\beevmTests\\beevmTests\\boost" -O0 -g3 -Wall -c -fmessage-length=0 -o "DataStructures\\Memory.o" "..\\DataStructures\\Memory.cpp" 
..\DataStructures\Memory.cpp: In member function 'Bee::GCSpace* Bee::Memory::growIfNeeded(ulong)':
..\DataStructures\Memory.cpp:31:38: warning: comparison between signed and unsigned integer expressions [-Wsign-compare]
  if ((used / total) > 0.9 || (free < size))
                                      ^
..\DataStructures\Memory.cpp: In member function 'Bee::GCSpaceInfo Bee::Memory::allocateWithoutFinalization(ulong)':
..\DataStructures\Memory.cpp:74:9: error: 'info' was not declared in this scope
  return info;
         ^
..\DataStructures\Memory.cpp:69:10: warning: unused variable 'address' [-Wunused-variable]
  ulong * address = (ulong *) VirtualAlloc((void *) 0, size, PAGE_READWRITE, MEM_COMMIT | MEM_RESERVE);
          ^
..\DataStructures\Memory.cpp: In member function 'Bee::GCSpace* Bee::Memory::createNextSpace()':
..\DataStructures\Memory.cpp:89:1: warning: no return statement in function returning non-void [-Wreturn-type]
 }
 ^
..\DataStructures\Memory.cpp: In member function 'Bee::GCSpaceInfo Bee::Memory::allocateWithoutFinalization(ulong)':
..\DataStructures\Memory.cpp:75:1: warning: control reaches end of non-void function [-Wreturn-type]
 }
 ^
15:57:45 **** Incremental Build of configuration Debug for project beevmTests ****
Info: Internal Builder is used for build
g++ "-ID:\\CPPEnv\\beevmTests\\beevmTests\\cute" "-ID:\\CPPEnv\\beevmTests\\beevmTests\\boost" -O0 -g3 -Wall -c -fmessage-length=0 -o "DataStructures\\Memory.o" "..\\DataStructures\\Memory.cpp" 
..\DataStructures\Memory.cpp: In member function 'Bee::GCSpace* Bee::Memory::growIfNeeded(ulong)':
..\DataStructures\Memory.cpp:31:38: warning: comparison between signed and unsigned integer expressions [-Wsign-compare]
  if ((used / total) > 0.9 || (free < size))
                                      ^
..\DataStructures\Memory.cpp: In member function 'Bee::GCSpaceInfo Bee::Memory::allocateWithoutFinalization(ulong)':
..\DataStructures\Memory.cpp:74:9: error: 'info' was not declared in this scope
  return info;
         ^
..\DataStructures\Memory.cpp:69:10: warning: unused variable 'address' [-Wunused-variable]
  ulong * address = (ulong *) VirtualAlloc((void *) 0, size, PAGE_READWRITE, MEM_COMMIT | MEM_RESERVE);
          ^
..\DataStructures\Memory.cpp: In member function 'Bee::GCSpace* Bee::Memory::createNextSpace()':
..\DataStructures\Memory.cpp:89:1: warning: no return statement in function returning non-void [-Wreturn-type]
 }
 ^
..\DataStructures\Memory.cpp: In member function 'Bee::GCSpaceInfo Bee::Memory::allocateWithoutFinalization(ulong)':
..\DataStructures\Memory.cpp:75:1: warning: control reaches end of non-void function [-Wreturn-type]
 }
 ^
15:57:55 **** Incremental Build of configuration Debug for project beevmTests ****
Info: Internal Builder is used for build
g++ "-ID:\\CPPEnv\\beevmTests\\beevmTests\\cute" "-ID:\\CPPEnv\\beevmTests\\beevmTests\\boost" -O0 -g3 -Wall -c -fmessage-length=0 -o "DataStructures\\Memory.o" "..\\DataStructures\\Memory.cpp" 
..\DataStructures\Memory.cpp: In member function 'Bee::GCSpace* Bee::Memory::growIfNeeded(ulong)':
..\DataStructures\Memory.cpp:31:38: warning: comparison between signed and unsigned integer expressions [-Wsign-compare]
  if ((used / total) > 0.9 || (free < size))
                                      ^
..\DataStructures\Memory.cpp: In member function 'Bee::GCSpaceInfo Bee::Memory::allocateWithoutFinalization(ulong)':
..\DataStructures\Memory.cpp:69:10: warning: unused variable 'address' [-Wunused-variable]
  ulong * address = (ulong *) VirtualAlloc((void *) 0, size, PAGE_READWRITE, MEM_COMMIT | MEM_RESERVE);
          ^
..\DataStructures\Memory.cpp: In member function 'Bee::GCSpace* Bee::Memory::createNextSpace()':
..\DataStructures\Memory.cpp:89:1: warning: no return statement in function returning non-void [-Wreturn-type]
 }
 ^
g++ -static-libgcc -static-libstdc++ -o beevmTests.exe "DataStructures\\GCSpace.o" "DataStructures\\GCSpaceInfo.o" "DataStructures\\Memory.o" "DataStructures\\ReferencedVMArray.o" "DataStructures\\VMArray.o" "DataStructures\\VMMemory.o" "Tests\\GCSpaceTest.o" "Tests\\GCSpaceTestInfo.o" "Tests\\MemoryTest.o" "Tests\\VMArrayTest.o" "Tests\\VMMemoryTest.o" "src\\Test.o" 
Info: Nothing to build for beevmTests
15:58:08 **** Incremental Build of configuration Debug for project beevmTests ****
Info: Internal Builder is used for build
g++ "-ID:\\CPPEnv\\beevmTests\\beevmTests\\cute" "-ID:\\CPPEnv\\beevmTests\\beevmTests\\boost" -O0 -g3 -Wall -c -fmessage-length=0 -o "DataStructures\\Memory.o" "..\\DataStructures\\Memory.cpp" 
..\DataStructures\Memory.cpp: In member function 'Bee::GCSpace* Bee::Memory::growIfNeeded(ulong)':
..\DataStructures\Memory.cpp:31:38: warning: comparison between signed and unsigned integer expressions [-Wsign-compare]
  if ((used / total) > 0.9 || (free < size))
                                      ^
..\DataStructures\Memory.cpp: In member function 'Bee::GCSpace* Bee::Memory::createNextSpace()':
..\DataStructures\Memory.cpp:89:1: warning: no return statement in function returning non-void [-Wreturn-type]
 }
 ^
g++ -static-libgcc -static-libstdc++ -o beevmTests.exe "DataStructures\\GCSpace.o" "DataStructures\\GCSpaceInfo.o" "DataStructures\\Memory.o" "DataStructures\\ReferencedVMArray.o" "DataStructures\\VMArray.o" "DataStructures\\VMMemory.o" "Tests\\GCSpaceTest.o" "Tests\\GCSpaceTestInfo.o" "Tests\\MemoryTest.o" "Tests\\VMArrayTest.o" "Tests\\VMMemoryTest.o" "src\\Test.o" 
Info: Nothing to build for beevmTests
16:05:20 **** Incremental Build of configuration Debug for project beevmTests ****
Info: Internal Builder is used for build
g++ "-ID:\\CPPEnv\\beevmTests\\beevmTests\\cute" "-ID:\\CPPEnv\\beevmTests\\beevmTests\\boost" -O0 -g3 -Wall -c -fmessage-length=0 -o "DataStructures\\Memory.o" "..\\DataStructures\\Memory.cpp" 
..\DataStructures\Memory.cpp: In member function 'Bee::GCSpace* Bee::Memory::growIfNeeded(ulong)':
..\DataStructures\Memory.cpp:32:38: warning: comparison between signed and unsigned integer expressions [-Wsign-compare]
  if ((used / total) > 0.9 || (free < size))
                                      ^
..\DataStructures\Memory.cpp: In member function 'Bee::GCSpaceInfo Bee::Memory::allocateWithoutFinalization(ulong)':
..\DataStructures\Memory.cpp:72:2: error: 'ostringstream' was not declared in this scope
  ostringstream ostr;
  ^
..\DataStructures\Memory.cpp:72:16: error: expected ';' before 'ostr'
  ostringstream ostr;
                ^
..\DataStructures\Memory.cpp:73:4: error: 'ostr' was not declared in this scope
    ostr << "base v:";
    ^
..\DataStructures\Memory.cpp:75:18: error: 'FAILM' was not declared in this scope
  FAILM(ostr.str());
                  ^
..\DataStructures\Memory.cpp: In member function 'Bee::GCSpace* Bee::Memory::createNextSpace()':
..\DataStructures\Memory.cpp:97:1: warning: no return statement in function returning non-void [-Wreturn-type]
 }
 ^
16:05:37 **** Incremental Build of configuration Debug for project beevmTests ****
Info: Internal Builder is used for build
g++ "-ID:\\CPPEnv\\beevmTests\\beevmTests\\cute" "-ID:\\CPPEnv\\beevmTests\\beevmTests\\boost" -O0 -g3 -Wall -c -fmessage-length=0 -o "DataStructures\\Memory.o" "..\\DataStructures\\Memory.cpp" 
In file included from ..\DataStructures\GCSpace.h:11:0,
                 from ..\DataStructures\Memory.h:11,
                 from ..\DataStructures\Memory.cpp:14:
..\DataStructures\VMMemory.h:13:0: warning: "NULL" redefined [enabled by default]
 #define NULL 0
 ^
In file included from c:\mingw\include\string.h:24:0,
                 from c:\mingw\lib\gcc\mingw32\4.8.1\include\c++\cstring:42,
                 from D:\CPPEnv\beevmTests\beevmTests\boost/boost/function/function_base.hpp:62,
                 from D:\CPPEnv\beevmTests\beevmTests\boost/boost/function/detail/prologue.hpp:17,
                 from D:\CPPEnv\beevmTests\beevmTests\boost/boost/function.hpp:24,
                 from D:\CPPEnv\beevmTests\beevmTests\cute/cute_determine_library.h:38,
                 from D:\CPPEnv\beevmTests\beevmTests\cute/cute_test.h:23,
                 from D:\CPPEnv\beevmTests\beevmTests\cute/cute_suite.h:22,
                 from D:\CPPEnv\beevmTests\beevmTests\cute/cute.h:29,
                 from ..\DataStructures\Memory.cpp:9:
c:\mingw\lib\gcc\mingw32\4.8.1\include\stddef.h:399:0: note: this is the location of the previous definition
 #define NULL __null
 ^
In file included from D:\CPPEnv\beevmTests\beevmTests\boost/boost/bind/bind.hpp:29:0,
                 from D:\CPPEnv\beevmTests\beevmTests\boost/boost/bind.hpp:22,
                 from D:\CPPEnv\beevmTests\beevmTests\cute/cute_determine_library.h:37,
                 from D:\CPPEnv\beevmTests\beevmTests\cute/cute_test.h:23,
                 from D:\CPPEnv\beevmTests\beevmTests\cute/cute_suite.h:22,
                 from D:\CPPEnv\beevmTests\beevmTests\cute/cute.h:29,
                 from ..\DataStructures\Memory.cpp:9:
D:\CPPEnv\beevmTests\beevmTests\boost/boost/bind/arg.hpp: In constructor 'boost::arg<I>::arg(const T&)':
D:\CPPEnv\beevmTests\beevmTests\boost/boost/bind/arg.hpp:37:22: warning: typedef 'T_must_be_placeholder' locally defined but not used [-Wunused-local-typedefs]
         typedef char T_must_be_placeholder[ I == is_placeholder<T>::value? 1: -1 ];
                      ^
..\DataStructures\Memory.cpp: In member function 'Bee::GCSpace* Bee::Memory::growIfNeeded(ulong)':
..\DataStructures\Memory.cpp:34:38: warning: comparison between signed and unsigned integer expressions [-Wsign-compare]
  if ((used / total) > 0.9 || (free < size))
                                      ^
..\DataStructures\Memory.cpp: In member function 'Bee::GCSpace* Bee::Memory::createNextSpace()':
..\DataStructures\Memory.cpp:99:1: warning: no return statement in function returning non-void [-Wreturn-type]
 }
 ^
g++ -static-libgcc -static-libstdc++ -o beevmTests.exe "DataStructures\\GCSpace.o" "DataStructures\\GCSpaceInfo.o" "DataStructures\\Memory.o" "DataStructures\\ReferencedVMArray.o" "DataStructures\\VMArray.o" "DataStructures\\VMMemory.o" "Tests\\GCSpaceTest.o" "Tests\\GCSpaceTestInfo.o" "Tests\\MemoryTest.o" "Tests\\VMArrayTest.o" "Tests\\VMMemoryTest.o" "src\\Test.o" 
Info: Nothing to build for beevmTests
Info: Nothing to build for beevmTests
16:18:39 **** Incremental Build of configuration Debug for project beevmTests ****
Info: Internal Builder is used for build
g++ "-ID:\\CPPEnv\\beevmTests\\beevmTests\\cute" "-ID:\\CPPEnv\\beevmTests\\beevmTests\\boost" -O0 -g3 -Wall -c -fmessage-length=0 -o "DataStructures\\Memory.o" "..\\DataStructures\\Memory.cpp" 
In file included from ..\DataStructures\GCSpace.h:11:0,
                 from ..\DataStructures\Memory.h:11,
                 from ..\DataStructures\Memory.cpp:14:
..\DataStructures\VMMemory.h:13:0: warning: "NULL" redefined [enabled by default]
 #define NULL 0
 ^
In file included from c:\mingw\include\string.h:24:0,
                 from c:\mingw\lib\gcc\mingw32\4.8.1\include\c++\cstring:42,
                 from D:\CPPEnv\beevmTests\beevmTests\boost/boost/function/function_base.hpp:62,
                 from D:\CPPEnv\beevmTests\beevmTests\boost/boost/function/detail/prologue.hpp:17,
                 from D:\CPPEnv\beevmTests\beevmTests\boost/boost/function.hpp:24,
                 from D:\CPPEnv\beevmTests\beevmTests\cute/cute_determine_library.h:38,
                 from D:\CPPEnv\beevmTests\beevmTests\cute/cute_test.h:23,
                 from D:\CPPEnv\beevmTests\beevmTests\cute/cute_suite.h:22,
                 from D:\CPPEnv\beevmTests\beevmTests\cute/cute.h:29,
                 from ..\DataStructures\Memory.cpp:9:
c:\mingw\lib\gcc\mingw32\4.8.1\include\stddef.h:399:0: note: this is the location of the previous definition
 #define NULL __null
 ^
In file included from D:\CPPEnv\beevmTests\beevmTests\boost/boost/bind/bind.hpp:29:0,
                 from D:\CPPEnv\beevmTests\beevmTests\boost/boost/bind.hpp:22,
                 from D:\CPPEnv\beevmTests\beevmTests\cute/cute_determine_library.h:37,
                 from D:\CPPEnv\beevmTests\beevmTests\cute/cute_test.h:23,
                 from D:\CPPEnv\beevmTests\beevmTests\cute/cute_suite.h:22,
                 from D:\CPPEnv\beevmTests\beevmTests\cute/cute.h:29,
                 from ..\DataStructures\Memory.cpp:9:
D:\CPPEnv\beevmTests\beevmTests\boost/boost/bind/arg.hpp: In constructor 'boost::arg<I>::arg(const T&)':
D:\CPPEnv\beevmTests\beevmTests\boost/boost/bind/arg.hpp:37:22: warning: typedef 'T_must_be_placeholder' locally defined but not used [-Wunused-local-typedefs]
         typedef char T_must_be_placeholder[ I == is_placeholder<T>::value? 1: -1 ];
                      ^
..\DataStructures\Memory.cpp: In member function 'Bee::GCSpace* Bee::Memory::growIfNeeded(ulong)':
..\DataStructures\Memory.cpp:34:38: warning: comparison between signed and unsigned integer expressions [-Wsign-compare]
  if ((used / total) > 0.9 || (free < size))
                                      ^
..\DataStructures\Memory.cpp: In member function 'Bee::GCSpace* Bee::Memory::createNextSpace()':
..\DataStructures\Memory.cpp:99:1: warning: no return statement in function returning non-void [-Wreturn-type]
 }
 ^
g++ -static-libgcc -static-libstdc++ -o beevmTests.exe "DataStructures\\GCSpace.o" "DataStructures\\GCSpaceInfo.o" "DataStructures\\Memory.o" "DataStructures\\ReferencedVMArray.o" "DataStructures\\VMArray.o" "DataStructures\\VMMemory.o" "Tests\\GCSpaceTest.o" "Tests\\GCSpaceTestInfo.o" "Tests\\MemoryTest.o" "Tests\\VMArrayTest.o" "Tests\\VMMemoryTest.o" "src\\Test.o" 
Info: Nothing to build for beevmTests
16:19:54 **** Incremental Build of configuration Debug for project beevmTests ****
Info: Internal Builder is used for build
g++ "-ID:\\CPPEnv\\beevmTests\\beevmTests\\cute" "-ID:\\CPPEnv\\beevmTests\\beevmTests\\boost" -O0 -g3 -Wall -c -fmessage-length=0 -o "DataStructures\\Memory.o" "..\\DataStructures\\Memory.cpp" 
In file included from ..\DataStructures\GCSpace.h:11:0,
                 from ..\DataStructures\Memory.h:11,
                 from ..\DataStructures\Memory.cpp:14:
..\DataStructures\VMMemory.h:13:0: warning: "NULL" redefined [enabled by default]
 #define NULL 0
 ^
In file included from c:\mingw\include\string.h:24:0,
                 from c:\mingw\lib\gcc\mingw32\4.8.1\include\c++\cstring:42,
                 from D:\CPPEnv\beevmTests\beevmTests\boost/boost/function/function_base.hpp:62,
                 from D:\CPPEnv\beevmTests\beevmTests\boost/boost/function/detail/prologue.hpp:17,
                 from D:\CPPEnv\beevmTests\beevmTests\boost/boost/function.hpp:24,
                 from D:\CPPEnv\beevmTests\beevmTests\cute/cute_determine_library.h:38,
                 from D:\CPPEnv\beevmTests\beevmTests\cute/cute_test.h:23,
                 from D:\CPPEnv\beevmTests\beevmTests\cute/cute_suite.h:22,
                 from D:\CPPEnv\beevmTests\beevmTests\cute/cute.h:29,
                 from ..\DataStructures\Memory.cpp:9:
c:\mingw\lib\gcc\mingw32\4.8.1\include\stddef.h:399:0: note: this is the location of the previous definition
 #define NULL __null
 ^
In file included from D:\CPPEnv\beevmTests\beevmTests\boost/boost/bind/bind.hpp:29:0,
                 from D:\CPPEnv\beevmTests\beevmTests\boost/boost/bind.hpp:22,
                 from D:\CPPEnv\beevmTests\beevmTests\cute/cute_determine_library.h:37,
                 from D:\CPPEnv\beevmTests\beevmTests\cute/cute_test.h:23,
                 from D:\CPPEnv\beevmTests\beevmTests\cute/cute_suite.h:22,
                 from D:\CPPEnv\beevmTests\beevmTests\cute/cute.h:29,
                 from ..\DataStructures\Memory.cpp:9:
D:\CPPEnv\beevmTests\beevmTests\boost/boost/bind/arg.hpp: In constructor 'boost::arg<I>::arg(const T&)':
D:\CPPEnv\beevmTests\beevmTests\boost/boost/bind/arg.hpp:37:22: warning: typedef 'T_must_be_placeholder' locally defined but not used [-Wunused-local-typedefs]
         typedef char T_must_be_placeholder[ I == is_placeholder<T>::value? 1: -1 ];
                      ^
..\DataStructures\Memory.cpp: In member function 'Bee::GCSpace* Bee::Memory::growIfNeeded(ulong)':
..\DataStructures\Memory.cpp:34:38: warning: comparison between signed and unsigned integer expressions [-Wsign-compare]
  if ((used / total) > 0.9 || (free < size))
                                      ^
..\DataStructures\Memory.cpp: In member function 'Bee::GCSpace* Bee::Memory::createNextSpace()':
..\DataStructures\Memory.cpp:99:1: warning: no return statement in function returning non-void [-Wreturn-type]
 }
 ^
g++ -static-libgcc -static-libstdc++ -o beevmTests.exe "DataStructures\\GCSpace.o" "DataStructures\\GCSpaceInfo.o" "DataStructures\\Memory.o" "DataStructures\\ReferencedVMArray.o" "DataStructures\\VMArray.o" "DataStructures\\VMMemory.o" "Tests\\GCSpaceTest.o" "Tests\\GCSpaceTestInfo.o" "Tests\\MemoryTest.o" "Tests\\VMArrayTest.o" "Tests\\VMMemoryTest.o" "src\\Test.o" 
16:20:23 **** Incremental Build of configuration Debug for project beevmTests ****
Info: Internal Builder is used for build
g++ "-ID:\\CPPEnv\\beevmTests\\beevmTests\\cute" "-ID:\\CPPEnv\\beevmTests\\beevmTests\\boost" -O0 -g3 -Wall -c -fmessage-length=0 -o "DataStructures\\Memory.o" "..\\DataStructures\\Memory.cpp" 
In file included from ..\DataStructures\GCSpace.h:11:0,
                 from ..\DataStructures\Memory.h:11,
                 from ..\DataStructures\Memory.cpp:14:
..\DataStructures\VMMemory.h:13:0: warning: "NULL" redefined [enabled by default]
 #define NULL 0
 ^
In file included from c:\mingw\include\string.h:24:0,
                 from c:\mingw\lib\gcc\mingw32\4.8.1\include\c++\cstring:42,
                 from D:\CPPEnv\beevmTests\beevmTests\boost/boost/function/function_base.hpp:62,
                 from D:\CPPEnv\beevmTests\beevmTests\boost/boost/function/detail/prologue.hpp:17,
                 from D:\CPPEnv\beevmTests\beevmTests\boost/boost/function.hpp:24,
                 from D:\CPPEnv\beevmTests\beevmTests\cute/cute_determine_library.h:38,
                 from D:\CPPEnv\beevmTests\beevmTests\cute/cute_test.h:23,
                 from D:\CPPEnv\beevmTests\beevmTests\cute/cute_suite.h:22,
                 from D:\CPPEnv\beevmTests\beevmTests\cute/cute.h:29,
                 from ..\DataStructures\Memory.cpp:9:
c:\mingw\lib\gcc\mingw32\4.8.1\include\stddef.h:399:0: note: this is the location of the previous definition
 #define NULL __null
 ^
In file included from D:\CPPEnv\beevmTests\beevmTests\boost/boost/bind/bind.hpp:29:0,
                 from D:\CPPEnv\beevmTests\beevmTests\boost/boost/bind.hpp:22,
                 from D:\CPPEnv\beevmTests\beevmTests\cute/cute_determine_library.h:37,
                 from D:\CPPEnv\beevmTests\beevmTests\cute/cute_test.h:23,
                 from D:\CPPEnv\beevmTests\beevmTests\cute/cute_suite.h:22,
                 from D:\CPPEnv\beevmTests\beevmTests\cute/cute.h:29,
                 from ..\DataStructures\Memory.cpp:9:
D:\CPPEnv\beevmTests\beevmTests\boost/boost/bind/arg.hpp: In constructor 'boost::arg<I>::arg(const T&)':
D:\CPPEnv\beevmTests\beevmTests\boost/boost/bind/arg.hpp:37:22: warning: typedef 'T_must_be_placeholder' locally defined but not used [-Wunused-local-typedefs]
         typedef char T_must_be_placeholder[ I == is_placeholder<T>::value? 1: -1 ];
                      ^
..\DataStructures\Memory.cpp: In member function 'Bee::GCSpace* Bee::Memory::growIfNeeded(ulong)':
..\DataStructures\Memory.cpp:34:38: warning: comparison between signed and unsigned integer expressions [-Wsign-compare]
  if ((used / total) > 0.9 || (free < size))
                                      ^
..\DataStructures\Memory.cpp: In member function 'Bee::GCSpace* Bee::Memory::createNextSpace()':
..\DataStructures\Memory.cpp:99:1: warning: no return statement in function returning non-void [-Wreturn-type]
 }
 ^
g++ -static-libgcc -static-libstdc++ -o beevmTests.exe "DataStructures\\GCSpace.o" "DataStructures\\GCSpaceInfo.o" "DataStructures\\Memory.o" "DataStructures\\ReferencedVMArray.o" "DataStructures\\VMArray.o" "DataStructures\\VMMemory.o" "Tests\\GCSpaceTest.o" "Tests\\GCSpaceTestInfo.o" "Tests\\MemoryTest.o" "Tests\\VMArrayTest.o" "Tests\\VMMemoryTest.o" "src\\Test.o" 
Info: Nothing to build for beevmTests
16:21:13 **** Incremental Build of configuration Debug for project beevmTests ****
Info: Internal Builder is used for build
g++ "-ID:\\CPPEnv\\beevmTests\\beevmTests\\cute" "-ID:\\CPPEnv\\beevmTests\\beevmTests\\boost" -O0 -g3 -Wall -c -fmessage-length=0 -o "DataStructures\\VMMemory.o" "..\\DataStructures\\VMMemory.cpp" 
..\DataStructures\VMMemory.cpp:50:2: warning: multi-line comment [-Wcomment]
  // .data:10026058         ObjectFlag_reserved1 or ObjectFlag_zeroTermOrNamed or ObjectFlag_notIndexed,\
  ^
..\DataStructures\VMMemory.cpp: In function 'void _commit(ulong, ulong)':
..\DataStructures\VMMemory.cpp:234:75: error: expected primary-expression before ')' token
  (ulong *) VirtualAlloc((void *) limit, delta, MEM_COMMIT, PAGE_READWRITE,);
                                                                           ^
..\DataStructures\VMMemory.cpp: In function 'ulong _asOop(ulong*)':
..\DataStructures\VMMemory.cpp:324:1: warning: no return statement in function returning non-void [-Wreturn-type]
 }
 ^
..\DataStructures\VMMemory.cpp: In function 'ulong _oop(ulong*)':
..\DataStructures\VMMemory.cpp:327:1: warning: no return statement in function returning non-void [-Wreturn-type]
 }
 ^
..\DataStructures\VMMemory.cpp: In function 'long unsigned int memoryAt(long unsigned int)':
..\DataStructures\VMMemory.cpp:347:1: warning: no return statement in function returning non-void [-Wreturn-type]
 }
 ^
16:29:43 **** Incremental Build of configuration Debug for project beevmTests ****
Info: Internal Builder is used for build
g++ "-ID:\\CPPEnv\\beevmTests\\beevmTests\\cute" "-ID:\\CPPEnv\\beevmTests\\beevmTests\\boost" -O0 -g3 -Wall -c -fmessage-length=0 -o "DataStructures\\VMMemory.o" "..\\DataStructures\\VMMemory.cpp" 
..\DataStructures\VMMemory.cpp:50:2: warning: multi-line comment [-Wcomment]
  // .data:10026058         ObjectFlag_reserved1 or ObjectFlag_zeroTermOrNamed or ObjectFlag_notIndexed,\
  ^
..\DataStructures\VMMemory.cpp: In function 'ulong _asOop(ulong*)':
..\DataStructures\VMMemory.cpp:324:1: warning: no return statement in function returning non-void [-Wreturn-type]
 }
 ^
..\DataStructures\VMMemory.cpp: In function 'ulong _oop(ulong*)':
..\DataStructures\VMMemory.cpp:327:1: warning: no return statement in function returning non-void [-Wreturn-type]
 }
 ^
..\DataStructures\VMMemory.cpp: In function 'long unsigned int memoryAt(long unsigned int)':
..\DataStructures\VMMemory.cpp:347:1: warning: no return statement in function returning non-void [-Wreturn-type]
 }
 ^
g++ -static-libgcc -static-libstdc++ -o beevmTests.exe "DataStructures\\GCSpace.o" "DataStructures\\GCSpaceInfo.o" "DataStructures\\Memory.o" "DataStructures\\ReferencedVMArray.o" "DataStructures\\VMArray.o" "DataStructures\\VMMemory.o" "Tests\\GCSpaceTest.o" "Tests\\GCSpaceTestInfo.o" "Tests\\MemoryTest.o" "Tests\\VMArrayTest.o" "Tests\\VMMemoryTest.o" "src\\Test.o" 
16:29:58 **** Incremental Build of configuration Debug for project beevmTests ****
Info: Internal Builder is used for build
g++ "-ID:\\CPPEnv\\beevmTests\\beevmTests\\cute" "-ID:\\CPPEnv\\beevmTests\\beevmTests\\boost" -O0 -g3 -Wall -c -fmessage-length=0 -o "DataStructures\\Memory.o" "..\\DataStructures\\Memory.cpp" 
In file included from ..\DataStructures\GCSpace.h:11:0,
                 from ..\DataStructures\Memory.h:11,
                 from ..\DataStructures\Memory.cpp:14:
..\DataStructures\VMMemory.h:13:0: warning: "NULL" redefined [enabled by default]
 #define NULL 0
 ^
In file included from c:\mingw\include\string.h:24:0,
                 from c:\mingw\lib\gcc\mingw32\4.8.1\include\c++\cstring:42,
                 from D:\CPPEnv\beevmTests\beevmTests\boost/boost/function/function_base.hpp:62,
                 from D:\CPPEnv\beevmTests\beevmTests\boost/boost/function/detail/prologue.hpp:17,
                 from D:\CPPEnv\beevmTests\beevmTests\boost/boost/function.hpp:24,
                 from D:\CPPEnv\beevmTests\beevmTests\cute/cute_determine_library.h:38,
                 from D:\CPPEnv\beevmTests\beevmTests\cute/cute_test.h:23,
                 from D:\CPPEnv\beevmTests\beevmTests\cute/cute_suite.h:22,
                 from D:\CPPEnv\beevmTests\beevmTests\cute/cute.h:29,
                 from ..\DataStructures\Memory.cpp:9:
c:\mingw\lib\gcc\mingw32\4.8.1\include\stddef.h:399:0: note: this is the location of the previous definition
 #define NULL __null
 ^
In file included from D:\CPPEnv\beevmTests\beevmTests\boost/boost/bind/bind.hpp:29:0,
                 from D:\CPPEnv\beevmTests\beevmTests\boost/boost/bind.hpp:22,
                 from D:\CPPEnv\beevmTests\beevmTests\cute/cute_determine_library.h:37,
                 from D:\CPPEnv\beevmTests\beevmTests\cute/cute_test.h:23,
                 from D:\CPPEnv\beevmTests\beevmTests\cute/cute_suite.h:22,
                 from D:\CPPEnv\beevmTests\beevmTests\cute/cute.h:29,
                 from ..\DataStructures\Memory.cpp:9:
D:\CPPEnv\beevmTests\beevmTests\boost/boost/bind/arg.hpp: In constructor 'boost::arg<I>::arg(const T&)':
D:\CPPEnv\beevmTests\beevmTests\boost/boost/bind/arg.hpp:37:22: warning: typedef 'T_must_be_placeholder' locally defined but not used [-Wunused-local-typedefs]
         typedef char T_must_be_placeholder[ I == is_placeholder<T>::value? 1: -1 ];
                      ^
..\DataStructures\Memory.cpp: In member function 'Bee::GCSpace* Bee::Memory::growIfNeeded(ulong)':
..\DataStructures\Memory.cpp:34:38: warning: comparison between signed and unsigned integer expressions [-Wsign-compare]
  if ((used / total) > 0.9 || (free < size))
                                      ^
..\DataStructures\Memory.cpp: In member function 'Bee::GCSpace* Bee::Memory::createNextSpace()':
..\DataStructures\Memory.cpp:92:1: warning: no return statement in function returning non-void [-Wreturn-type]
 }
 ^
g++ -static-libgcc -static-libstdc++ -o beevmTests.exe "DataStructures\\GCSpace.o" "DataStructures\\GCSpaceInfo.o" "DataStructures\\Memory.o" "DataStructures\\ReferencedVMArray.o" "DataStructures\\VMArray.o" "DataStructures\\VMMemory.o" "Tests\\GCSpaceTest.o" "Tests\\GCSpaceTestInfo.o" "Tests\\MemoryTest.o" "Tests\\VMArrayTest.o" "Tests\\VMMemoryTest.o" "src\\Test.o" 
Info: Nothing to build for beevmTests
16:30:17 **** Incremental Build of configuration Debug for project beevmTests ****
Info: Internal Builder is used for build
g++ "-ID:\\CPPEnv\\beevmTests\\beevmTests\\cute" "-ID:\\CPPEnv\\beevmTests\\beevmTests\\boost" -O0 -g3 -Wall -c -fmessage-length=0 -o "DataStructures\\Memory.o" "..\\DataStructures\\Memory.cpp" 
In file included from ..\DataStructures\GCSpace.h:11:0,
                 from ..\DataStructures\Memory.h:11,
                 from ..\DataStructures\Memory.cpp:14:
..\DataStructures\VMMemory.h:13:0: warning: "NULL" redefined [enabled by default]
 #define NULL 0
 ^
In file included from c:\mingw\include\string.h:24:0,
                 from c:\mingw\lib\gcc\mingw32\4.8.1\include\c++\cstring:42,
                 from D:\CPPEnv\beevmTests\beevmTests\boost/boost/function/function_base.hpp:62,
                 from D:\CPPEnv\beevmTests\beevmTests\boost/boost/function/detail/prologue.hpp:17,
                 from D:\CPPEnv\beevmTests\beevmTests\boost/boost/function.hpp:24,
                 from D:\CPPEnv\beevmTests\beevmTests\cute/cute_determine_library.h:38,
                 from D:\CPPEnv\beevmTests\beevmTests\cute/cute_test.h:23,
                 from D:\CPPEnv\beevmTests\beevmTests\cute/cute_suite.h:22,
                 from D:\CPPEnv\beevmTests\beevmTests\cute/cute.h:29,
                 from ..\DataStructures\Memory.cpp:9:
c:\mingw\lib\gcc\mingw32\4.8.1\include\stddef.h:399:0: note: this is the location of the previous definition
 #define NULL __null
 ^
In file included from D:\CPPEnv\beevmTests\beevmTests\boost/boost/bind/bind.hpp:29:0,
                 from D:\CPPEnv\beevmTests\beevmTests\boost/boost/bind.hpp:22,
                 from D:\CPPEnv\beevmTests\beevmTests\cute/cute_determine_library.h:37,
                 from D:\CPPEnv\beevmTests\beevmTests\cute/cute_test.h:23,
                 from D:\CPPEnv\beevmTests\beevmTests\cute/cute_suite.h:22,
                 from D:\CPPEnv\beevmTests\beevmTests\cute/cute.h:29,
                 from ..\DataStructures\Memory.cpp:9:
D:\CPPEnv\beevmTests\beevmTests\boost/boost/bind/arg.hpp: In constructor 'boost::arg<I>::arg(const T&)':
D:\CPPEnv\beevmTests\beevmTests\boost/boost/bind/arg.hpp:37:22: warning: typedef 'T_must_be_placeholder' locally defined but not used [-Wunused-local-typedefs]
         typedef char T_must_be_placeholder[ I == is_placeholder<T>::value? 1: -1 ];
                      ^
..\DataStructures\Memory.cpp: In member function 'Bee::GCSpace* Bee::Memory::growIfNeeded(ulong)':
..\DataStructures\Memory.cpp:34:38: warning: comparison between signed and unsigned integer expressions [-Wsign-compare]
  if ((used / total) > 0.9 || (free < size))
                                      ^
..\DataStructures\Memory.cpp: In member function 'Bee::GCSpace* Bee::Memory::createNextSpace()':
..\DataStructures\Memory.cpp:99:1: warning: no return statement in function returning non-void [-Wreturn-type]
 }
 ^
g++ -static-libgcc -static-libstdc++ -o beevmTests.exe "DataStructures\\GCSpace.o" "DataStructures\\GCSpaceInfo.o" "DataStructures\\Memory.o" "DataStructures\\ReferencedVMArray.o" "DataStructures\\VMArray.o" "DataStructures\\VMMemory.o" "Tests\\GCSpaceTest.o" "Tests\\GCSpaceTestInfo.o" "Tests\\MemoryTest.o" "Tests\\VMArrayTest.o" "Tests\\VMMemoryTest.o" "src\\Test.o" 
Info: Nothing to build for beevmTests
Info: Nothing to build for beevmTests
Info: Nothing to build for beevmTests
Info: Nothing to build for beevmTests
Info: Nothing to build for beevmTests
16:31:37 **** Incremental Build of configuration Debug for project beevmTests ****
Info: Internal Builder is used for build
g++ "-ID:\\CPPEnv\\beevmTests\\beevmTests\\cute" "-ID:\\CPPEnv\\beevmTests\\beevmTests\\boost" -O0 -g3 -Wall -c -fmessage-length=0 -o "DataStructures\\Memory.o" "..\\DataStructures\\Memory.cpp" 
In file included from ..\DataStructures\GCSpace.h:11:0,
                 from ..\DataStructures\Memory.h:11,
                 from ..\DataStructures\Memory.cpp:14:
..\DataStructures\VMMemory.h:13:0: warning: "NULL" redefined [enabled by default]
 #define NULL 0
 ^
In file included from c:\mingw\include\string.h:24:0,
                 from c:\mingw\lib\gcc\mingw32\4.8.1\include\c++\cstring:42,
                 from D:\CPPEnv\beevmTests\beevmTests\boost/boost/function/function_base.hpp:62,
                 from D:\CPPEnv\beevmTests\beevmTests\boost/boost/function/detail/prologue.hpp:17,
                 from D:\CPPEnv\beevmTests\beevmTests\boost/boost/function.hpp:24,
                 from D:\CPPEnv\beevmTests\beevmTests\cute/cute_determine_library.h:38,
                 from D:\CPPEnv\beevmTests\beevmTests\cute/cute_test.h:23,
                 from D:\CPPEnv\beevmTests\beevmTests\cute/cute_suite.h:22,
                 from D:\CPPEnv\beevmTests\beevmTests\cute/cute.h:29,
                 from ..\DataStructures\Memory.cpp:9:
c:\mingw\lib\gcc\mingw32\4.8.1\include\stddef.h:399:0: note: this is the location of the previous definition
 #define NULL __null
 ^
In file included from D:\CPPEnv\beevmTests\beevmTests\boost/boost/bind/bind.hpp:29:0,
                 from D:\CPPEnv\beevmTests\beevmTests\boost/boost/bind.hpp:22,
                 from D:\CPPEnv\beevmTests\beevmTests\cute/cute_determine_library.h:37,
                 from D:\CPPEnv\beevmTests\beevmTests\cute/cute_test.h:23,
                 from D:\CPPEnv\beevmTests\beevmTests\cute/cute_suite.h:22,
                 from D:\CPPEnv\beevmTests\beevmTests\cute/cute.h:29,
                 from ..\DataStructures\Memory.cpp:9:
D:\CPPEnv\beevmTests\beevmTests\boost/boost/bind/arg.hpp: In constructor 'boost::arg<I>::arg(const T&)':
D:\CPPEnv\beevmTests\beevmTests\boost/boost/bind/arg.hpp:37:22: warning: typedef 'T_must_be_placeholder' locally defined but not used [-Wunused-local-typedefs]
         typedef char T_must_be_placeholder[ I == is_placeholder<T>::value? 1: -1 ];
                      ^
..\DataStructures\Memory.cpp: In member function 'Bee::GCSpace* Bee::Memory::growIfNeeded(ulong)':
..\DataStructures\Memory.cpp:34:38: warning: comparison between signed and unsigned integer expressions [-Wsign-compare]
  if ((used / total) > 0.9 || (free < size))
                                      ^
..\DataStructures\Memory.cpp: In member function 'Bee::GCSpaceInfo Bee::Memory::allocateWithoutFinalization(ulong)':
..\DataStructures\Memory.cpp:76:30: error: invalid operands of types 'ulong* {aka long unsigned int*}' and 'int' to binary 'operator/'
    ostr << (ulong)(address / 2)<<1;
                              ^
..\DataStructures\Memory.cpp: In member function 'Bee::GCSpace* Bee::Memory::createNextSpace()':
..\DataStructures\Memory.cpp:99:1: warning: no return statement in function returning non-void [-Wreturn-type]
 }
 ^
16:31:59 **** Incremental Build of configuration Debug for project beevmTests ****
Info: Internal Builder is used for build
g++ "-ID:\\CPPEnv\\beevmTests\\beevmTests\\cute" "-ID:\\CPPEnv\\beevmTests\\beevmTests\\boost" -O0 -g3 -Wall -c -fmessage-length=0 -o "DataStructures\\Memory.o" "..\\DataStructures\\Memory.cpp" 
In file included from ..\DataStructures\GCSpace.h:11:0,
                 from ..\DataStructures\Memory.h:11,
                 from ..\DataStructures\Memory.cpp:14:
..\DataStructures\VMMemory.h:13:0: warning: "NULL" redefined [enabled by default]
 #define NULL 0
 ^
In file included from c:\mingw\include\string.h:24:0,
                 from c:\mingw\lib\gcc\mingw32\4.8.1\include\c++\cstring:42,
                 from D:\CPPEnv\beevmTests\beevmTests\boost/boost/function/function_base.hpp:62,
                 from D:\CPPEnv\beevmTests\beevmTests\boost/boost/function/detail/prologue.hpp:17,
                 from D:\CPPEnv\beevmTests\beevmTests\boost/boost/function.hpp:24,
                 from D:\CPPEnv\beevmTests\beevmTests\cute/cute_determine_library.h:38,
                 from D:\CPPEnv\beevmTests\beevmTests\cute/cute_test.h:23,
                 from D:\CPPEnv\beevmTests\beevmTests\cute/cute_suite.h:22,
                 from D:\CPPEnv\beevmTests\beevmTests\cute/cute.h:29,
                 from ..\DataStructures\Memory.cpp:9:
c:\mingw\lib\gcc\mingw32\4.8.1\include\stddef.h:399:0: note: this is the location of the previous definition
 #define NULL __null
 ^
In file included from D:\CPPEnv\beevmTests\beevmTests\boost/boost/bind/bind.hpp:29:0,
                 from D:\CPPEnv\beevmTests\beevmTests\boost/boost/bind.hpp:22,
                 from D:\CPPEnv\beevmTests\beevmTests\cute/cute_determine_library.h:37,
                 from D:\CPPEnv\beevmTests\beevmTests\cute/cute_test.h:23,
                 from D:\CPPEnv\beevmTests\beevmTests\cute/cute_suite.h:22,
                 from D:\CPPEnv\beevmTests\beevmTests\cute/cute.h:29,
                 from ..\DataStructures\Memory.cpp:9:
D:\CPPEnv\beevmTests\beevmTests\boost/boost/bind/arg.hpp: In constructor 'boost::arg<I>::arg(const T&)':
D:\CPPEnv\beevmTests\beevmTests\boost/boost/bind/arg.hpp:37:22: warning: typedef 'T_must_be_placeholder' locally defined but not used [-Wunused-local-typedefs]
         typedef char T_must_be_placeholder[ I == is_placeholder<T>::value? 1: -1 ];
                      ^
..\DataStructures\Memory.cpp: In member function 'Bee::GCSpace* Bee::Memory::growIfNeeded(ulong)':
..\DataStructures\Memory.cpp:34:38: warning: comparison between signed and unsigned integer expressions [-Wsign-compare]
  if ((used / total) > 0.9 || (free < size))
                                      ^
..\DataStructures\Memory.cpp: In member function 'Bee::GCSpace* Bee::Memory::createNextSpace()':
..\DataStructures\Memory.cpp:99:1: warning: no return statement in function returning non-void [-Wreturn-type]
 }
 ^
g++ -static-libgcc -static-libstdc++ -o beevmTests.exe "DataStructures\\GCSpace.o" "DataStructures\\GCSpaceInfo.o" "DataStructures\\Memory.o" "DataStructures\\ReferencedVMArray.o" "DataStructures\\VMArray.o" "DataStructures\\VMMemory.o" "Tests\\GCSpaceTest.o" "Tests\\GCSpaceTestInfo.o" "Tests\\MemoryTest.o" "Tests\\VMArrayTest.o" "Tests\\VMMemoryTest.o" "src\\Test.o" 
Info: Nothing to build for beevmTests
16:32:30 **** Incremental Build of configuration Debug for project beevmTests ****
Info: Internal Builder is used for build
g++ "-ID:\\CPPEnv\\beevmTests\\beevmTests\\cute" "-ID:\\CPPEnv\\beevmTests\\beevmTests\\boost" -O0 -g3 -Wall -c -fmessage-length=0 -o "DataStructures\\Memory.o" "..\\DataStructures\\Memory.cpp" 
In file included from ..\DataStructures\GCSpace.h:11:0,
                 from ..\DataStructures\Memory.h:11,
                 from ..\DataStructures\Memory.cpp:14:
..\DataStructures\VMMemory.h:13:0: warning: "NULL" redefined [enabled by default]
 #define NULL 0
 ^
In file included from c:\mingw\include\string.h:24:0,
                 from c:\mingw\lib\gcc\mingw32\4.8.1\include\c++\cstring:42,
                 from D:\CPPEnv\beevmTests\beevmTests\boost/boost/function/function_base.hpp:62,
                 from D:\CPPEnv\beevmTests\beevmTests\boost/boost/function/detail/prologue.hpp:17,
                 from D:\CPPEnv\beevmTests\beevmTests\boost/boost/function.hpp:24,
                 from D:\CPPEnv\beevmTests\beevmTests\cute/cute_determine_library.h:38,
                 from D:\CPPEnv\beevmTests\beevmTests\cute/cute_test.h:23,
                 from D:\CPPEnv\beevmTests\beevmTests\cute/cute_suite.h:22,
                 from D:\CPPEnv\beevmTests\beevmTests\cute/cute.h:29,
                 from ..\DataStructures\Memory.cpp:9:
c:\mingw\lib\gcc\mingw32\4.8.1\include\stddef.h:399:0: note: this is the location of the previous definition
 #define NULL __null
 ^
In file included from D:\CPPEnv\beevmTests\beevmTests\boost/boost/bind/bind.hpp:29:0,
                 from D:\CPPEnv\beevmTests\beevmTests\boost/boost/bind.hpp:22,
                 from D:\CPPEnv\beevmTests\beevmTests\cute/cute_determine_library.h:37,
                 from D:\CPPEnv\beevmTests\beevmTests\cute/cute_test.h:23,
                 from D:\CPPEnv\beevmTests\beevmTests\cute/cute_suite.h:22,
                 from D:\CPPEnv\beevmTests\beevmTests\cute/cute.h:29,
                 from ..\DataStructures\Memory.cpp:9:
D:\CPPEnv\beevmTests\beevmTests\boost/boost/bind/arg.hpp: In constructor 'boost::arg<I>::arg(const T&)':
D:\CPPEnv\beevmTests\beevmTests\boost/boost/bind/arg.hpp:37:22: warning: typedef 'T_must_be_placeholder' locally defined but not used [-Wunused-local-typedefs]
         typedef char T_must_be_placeholder[ I == is_placeholder<T>::value? 1: -1 ];
                      ^
..\DataStructures\Memory.cpp: In member function 'Bee::GCSpace* Bee::Memory::growIfNeeded(ulong)':
..\DataStructures\Memory.cpp:34:38: warning: comparison between signed and unsigned integer expressions [-Wsign-compare]
  if ((used / total) > 0.9 || (free < size))
                                      ^
..\DataStructures\Memory.cpp: In member function 'Bee::GCSpace* Bee::Memory::createNextSpace()':
..\DataStructures\Memory.cpp:99:1: warning: no return statement in function returning non-void [-Wreturn-type]
 }
 ^
g++ -static-libgcc -static-libstdc++ -o beevmTests.exe "DataStructures\\GCSpace.o" "DataStructures\\GCSpaceInfo.o" "DataStructures\\Memory.o" "DataStructures\\ReferencedVMArray.o" "DataStructures\\VMArray.o" "DataStructures\\VMMemory.o" "Tests\\GCSpaceTest.o" "Tests\\GCSpaceTestInfo.o" "Tests\\MemoryTest.o" "Tests\\VMArrayTest.o" "Tests\\VMMemoryTest.o" "src\\Test.o" 
Info: Nothing to build for beevmTests
16:34:29 **** Incremental Build of configuration Debug for project beevmTests ****
Info: Internal Builder is used for build
g++ "-ID:\\CPPEnv\\beevmTests\\beevmTests\\cute" "-ID:\\CPPEnv\\beevmTests\\beevmTests\\boost" -O0 -g3 -Wall -c -fmessage-length=0 -o "DataStructures\\GCSpaceInfo.o" "..\\DataStructures\\GCSpaceInfo.cpp" 
g++ -static-libgcc -static-libstdc++ -o beevmTests.exe "DataStructures\\GCSpace.o" "DataStructures\\GCSpaceInfo.o" "DataStructures\\Memory.o" "DataStructures\\ReferencedVMArray.o" "DataStructures\\VMArray.o" "DataStructures\\VMMemory.o" "Tests\\GCSpaceTest.o" "Tests\\GCSpaceTestInfo.o" "Tests\\MemoryTest.o" "Tests\\VMArrayTest.o" "Tests\\VMMemoryTest.o" "src\\Test.o" 
Info: Nothing to build for beevmTests
16:34:43 **** Incremental Build of configuration Debug for project beevmTests ****
Info: Internal Builder is used for build
g++ "-ID:\\CPPEnv\\beevmTests\\beevmTests\\cute" "-ID:\\CPPEnv\\beevmTests\\beevmTests\\boost" -O0 -g3 -Wall -c -fmessage-length=0 -o "DataStructures\\Memory.o" "..\\DataStructures\\Memory.cpp" 
In file included from ..\DataStructures\GCSpace.h:11:0,
                 from ..\DataStructures\Memory.h:11,
                 from ..\DataStructures\Memory.cpp:14:
..\DataStructures\VMMemory.h:13:0: warning: "NULL" redefined [enabled by default]
 #define NULL 0
 ^
In file included from c:\mingw\include\string.h:24:0,
                 from c:\mingw\lib\gcc\mingw32\4.8.1\include\c++\cstring:42,
                 from D:\CPPEnv\beevmTests\beevmTests\boost/boost/function/function_base.hpp:62,
                 from D:\CPPEnv\beevmTests\beevmTests\boost/boost/function/detail/prologue.hpp:17,
                 from D:\CPPEnv\beevmTests\beevmTests\boost/boost/function.hpp:24,
                 from D:\CPPEnv\beevmTests\beevmTests\cute/cute_determine_library.h:38,
                 from D:\CPPEnv\beevmTests\beevmTests\cute/cute_test.h:23,
                 from D:\CPPEnv\beevmTests\beevmTests\cute/cute_suite.h:22,
                 from D:\CPPEnv\beevmTests\beevmTests\cute/cute.h:29,
                 from ..\DataStructures\Memory.cpp:9:
c:\mingw\lib\gcc\mingw32\4.8.1\include\stddef.h:399:0: note: this is the location of the previous definition
 #define NULL __null
 ^
In file included from D:\CPPEnv\beevmTests\beevmTests\boost/boost/bind/bind.hpp:29:0,
                 from D:\CPPEnv\beevmTests\beevmTests\boost/boost/bind.hpp:22,
                 from D:\CPPEnv\beevmTests\beevmTests\cute/cute_determine_library.h:37,
                 from D:\CPPEnv\beevmTests\beevmTests\cute/cute_test.h:23,
                 from D:\CPPEnv\beevmTests\beevmTests\cute/cute_suite.h:22,
                 from D:\CPPEnv\beevmTests\beevmTests\cute/cute.h:29,
                 from ..\DataStructures\Memory.cpp:9:
D:\CPPEnv\beevmTests\beevmTests\boost/boost/bind/arg.hpp: In constructor 'boost::arg<I>::arg(const T&)':
D:\CPPEnv\beevmTests\beevmTests\boost/boost/bind/arg.hpp:37:22: warning: typedef 'T_must_be_placeholder' locally defined but not used [-Wunused-local-typedefs]
         typedef char T_must_be_placeholder[ I == is_placeholder<T>::value? 1: -1 ];
                      ^
..\DataStructures\Memory.cpp: In member function 'Bee::GCSpace* Bee::Memory::growIfNeeded(ulong)':
..\DataStructures\Memory.cpp:34:38: warning: comparison between signed and unsigned integer expressions [-Wsign-compare]
  if ((used / total) > 0.9 || (free < size))
                                      ^
..\DataStructures\Memory.cpp: In member function 'Bee::GCSpace* Bee::Memory::createNextSpace()':
..\DataStructures\Memory.cpp:94:1: warning: no return statement in function returning non-void [-Wreturn-type]
 }
 ^
g++ -static-libgcc -static-libstdc++ -o beevmTests.exe "DataStructures\\GCSpace.o" "DataStructures\\GCSpaceInfo.o" "DataStructures\\Memory.o" "DataStructures\\ReferencedVMArray.o" "DataStructures\\VMArray.o" "DataStructures\\VMMemory.o" "Tests\\GCSpaceTest.o" "Tests\\GCSpaceTestInfo.o" "Tests\\MemoryTest.o" "Tests\\VMArrayTest.o" "Tests\\VMMemoryTest.o" "src\\Test.o" 
Info: Nothing to build for beevmTests
16:34:58 **** Incremental Build of configuration Debug for project beevmTests ****
Info: Internal Builder is used for build
g++ "-ID:\\CPPEnv\\beevmTests\\beevmTests\\cute" "-ID:\\CPPEnv\\beevmTests\\beevmTests\\boost" -O0 -g3 -Wall -c -fmessage-length=0 -o "DataStructures\\Memory.o" "..\\DataStructures\\Memory.cpp" 
In file included from ..\DataStructures\GCSpace.h:11:0,
                 from ..\DataStructures\Memory.h:11,
                 from ..\DataStructures\Memory.cpp:14:
..\DataStructures\VMMemory.h:13:0: warning: "NULL" redefined [enabled by default]
 #define NULL 0
 ^
In file included from c:\mingw\include\string.h:24:0,
                 from c:\mingw\lib\gcc\mingw32\4.8.1\include\c++\cstring:42,
                 from D:\CPPEnv\beevmTests\beevmTests\boost/boost/function/function_base.hpp:62,
                 from D:\CPPEnv\beevmTests\beevmTests\boost/boost/function/detail/prologue.hpp:17,
                 from D:\CPPEnv\beevmTests\beevmTests\boost/boost/function.hpp:24,
                 from D:\CPPEnv\beevmTests\beevmTests\cute/cute_determine_library.h:38,
                 from D:\CPPEnv\beevmTests\beevmTests\cute/cute_test.h:23,
                 from D:\CPPEnv\beevmTests\beevmTests\cute/cute_suite.h:22,
                 from D:\CPPEnv\beevmTests\beevmTests\cute/cute.h:29,
                 from ..\DataStructures\Memory.cpp:9:
c:\mingw\lib\gcc\mingw32\4.8.1\include\stddef.h:399:0: note: this is the location of the previous definition
 #define NULL __null
 ^
In file included from D:\CPPEnv\beevmTests\beevmTests\boost/boost/bind/bind.hpp:29:0,
                 from D:\CPPEnv\beevmTests\beevmTests\boost/boost/bind.hpp:22,
                 from D:\CPPEnv\beevmTests\beevmTests\cute/cute_determine_library.h:37,
                 from D:\CPPEnv\beevmTests\beevmTests\cute/cute_test.h:23,
                 from D:\CPPEnv\beevmTests\beevmTests\cute/cute_suite.h:22,
                 from D:\CPPEnv\beevmTests\beevmTests\cute/cute.h:29,
                 from ..\DataStructures\Memory.cpp:9:
D:\CPPEnv\beevmTests\beevmTests\boost/boost/bind/arg.hpp: In constructor 'boost::arg<I>::arg(const T&)':
D:\CPPEnv\beevmTests\beevmTests\boost/boost/bind/arg.hpp:37:22: warning: typedef 'T_must_be_placeholder' locally defined but not used [-Wunused-local-typedefs]
         typedef char T_must_be_placeholder[ I == is_placeholder<T>::value? 1: -1 ];
                      ^
..\DataStructures\Memory.cpp: In member function 'Bee::GCSpace* Bee::Memory::growIfNeeded(ulong)':
..\DataStructures\Memory.cpp:34:38: warning: comparison between signed and unsigned integer expressions [-Wsign-compare]
  if ((used / total) > 0.9 || (free < size))
                                      ^
..\DataStructures\Memory.cpp: In member function 'Bee::GCSpace* Bee::Memory::createNextSpace()':
..\DataStructures\Memory.cpp:92:1: warning: no return statement in function returning non-void [-Wreturn-type]
 }
 ^
g++ -static-libgcc -static-libstdc++ -o beevmTests.exe "DataStructures\\GCSpace.o" "DataStructures\\GCSpaceInfo.o" "DataStructures\\Memory.o" "DataStructures\\ReferencedVMArray.o" "DataStructures\\VMArray.o" "DataStructures\\VMMemory.o" "Tests\\GCSpaceTest.o" "Tests\\GCSpaceTestInfo.o" "Tests\\MemoryTest.o" "Tests\\VMArrayTest.o" "Tests\\VMMemoryTest.o" "src\\Test.o" 
Info: Nothing to build for beevmTests
16:35:43 **** Incremental Build of configuration Debug for project beevmTests ****
Info: Internal Builder is used for build
g++ "-ID:\\CPPEnv\\beevmTests\\beevmTests\\cute" "-ID:\\CPPEnv\\beevmTests\\beevmTests\\boost" -O0 -g3 -Wall -c -fmessage-length=0 -o "DataStructures\\Memory.o" "..\\DataStructures\\Memory.cpp" 
In file included from ..\DataStructures\GCSpace.h:11:0,
                 from ..\DataStructures\Memory.h:11,
                 from ..\DataStructures\Memory.cpp:14:
..\DataStructures\VMMemory.h:13:0: warning: "NULL" redefined [enabled by default]
 #define NULL 0
 ^
In file included from c:\mingw\include\string.h:24:0,
                 from c:\mingw\lib\gcc\mingw32\4.8.1\include\c++\cstring:42,
                 from D:\CPPEnv\beevmTests\beevmTests\boost/boost/function/function_base.hpp:62,
                 from D:\CPPEnv\beevmTests\beevmTests\boost/boost/function/detail/prologue.hpp:17,
                 from D:\CPPEnv\beevmTests\beevmTests\boost/boost/function.hpp:24,
                 from D:\CPPEnv\beevmTests\beevmTests\cute/cute_determine_library.h:38,
                 from D:\CPPEnv\beevmTests\beevmTests\cute/cute_test.h:23,
                 from D:\CPPEnv\beevmTests\beevmTests\cute/cute_suite.h:22,
                 from D:\CPPEnv\beevmTests\beevmTests\cute/cute.h:29,
                 from ..\DataStructures\Memory.cpp:9:
c:\mingw\lib\gcc\mingw32\4.8.1\include\stddef.h:399:0: note: this is the location of the previous definition
 #define NULL __null
 ^
In file included from D:\CPPEnv\beevmTests\beevmTests\boost/boost/bind/bind.hpp:29:0,
                 from D:\CPPEnv\beevmTests\beevmTests\boost/boost/bind.hpp:22,
                 from D:\CPPEnv\beevmTests\beevmTests\cute/cute_determine_library.h:37,
                 from D:\CPPEnv\beevmTests\beevmTests\cute/cute_test.h:23,
                 from D:\CPPEnv\beevmTests\beevmTests\cute/cute_suite.h:22,
                 from D:\CPPEnv\beevmTests\beevmTests\cute/cute.h:29,
                 from ..\DataStructures\Memory.cpp:9:
D:\CPPEnv\beevmTests\beevmTests\boost/boost/bind/arg.hpp: In constructor 'boost::arg<I>::arg(const T&)':
D:\CPPEnv\beevmTests\beevmTests\boost/boost/bind/arg.hpp:37:22: warning: typedef 'T_must_be_placeholder' locally defined but not used [-Wunused-local-typedefs]
         typedef char T_must_be_placeholder[ I == is_placeholder<T>::value? 1: -1 ];
                      ^
..\DataStructures\Memory.cpp: In member function 'Bee::GCSpace* Bee::Memory::growIfNeeded(ulong)':
..\DataStructures\Memory.cpp:34:38: warning: comparison between signed and unsigned integer expressions [-Wsign-compare]
  if ((used / total) > 0.9 || (free < size))
                                      ^
..\DataStructures\Memory.cpp: In member function 'Bee::GCSpace* Bee::Memory::createNextSpace()':
..\DataStructures\Memory.cpp:92:1: warning: no return statement in function returning non-void [-Wreturn-type]
 }
 ^
g++ -static-libgcc -static-libstdc++ -o beevmTests.exe "DataStructures\\GCSpace.o" "DataStructures\\GCSpaceInfo.o" "DataStructures\\Memory.o" "DataStructures\\ReferencedVMArray.o" "DataStructures\\VMArray.o" "DataStructures\\VMMemory.o" "Tests\\GCSpaceTest.o" "Tests\\GCSpaceTestInfo.o" "Tests\\MemoryTest.o" "Tests\\VMArrayTest.o" "Tests\\VMMemoryTest.o" "src\\Test.o" 
Info: Nothing to build for beevmTests
16:35:54 **** Incremental Build of configuration Debug for project beevmTests ****
Info: Internal Builder is used for build
g++ "-ID:\\CPPEnv\\beevmTests\\beevmTests\\cute" "-ID:\\CPPEnv\\beevmTests\\beevmTests\\boost" -O0 -g3 -Wall -c -fmessage-length=0 -o "DataStructures\\Memory.o" "..\\DataStructures\\Memory.cpp" 
In file included from ..\DataStructures\GCSpace.h:11:0,
                 from ..\DataStructures\Memory.h:11,
                 from ..\DataStructures\Memory.cpp:14:
..\DataStructures\VMMemory.h:13:0: warning: "NULL" redefined [enabled by default]
 #define NULL 0
 ^
In file included from c:\mingw\include\string.h:24:0,
                 from c:\mingw\lib\gcc\mingw32\4.8.1\include\c++\cstring:42,
                 from D:\CPPEnv\beevmTests\beevmTests\boost/boost/function/function_base.hpp:62,
                 from D:\CPPEnv\beevmTests\beevmTests\boost/boost/function/detail/prologue.hpp:17,
                 from D:\CPPEnv\beevmTests\beevmTests\boost/boost/function.hpp:24,
                 from D:\CPPEnv\beevmTests\beevmTests\cute/cute_determine_library.h:38,
                 from D:\CPPEnv\beevmTests\beevmTests\cute/cute_test.h:23,
                 from D:\CPPEnv\beevmTests\beevmTests\cute/cute_suite.h:22,
                 from D:\CPPEnv\beevmTests\beevmTests\cute/cute.h:29,
                 from ..\DataStructures\Memory.cpp:9:
c:\mingw\lib\gcc\mingw32\4.8.1\include\stddef.h:399:0: note: this is the location of the previous definition
 #define NULL __null
 ^
In file included from D:\CPPEnv\beevmTests\beevmTests\boost/boost/bind/bind.hpp:29:0,
                 from D:\CPPEnv\beevmTests\beevmTests\boost/boost/bind.hpp:22,
                 from D:\CPPEnv\beevmTests\beevmTests\cute/cute_determine_library.h:37,
                 from D:\CPPEnv\beevmTests\beevmTests\cute/cute_test.h:23,
                 from D:\CPPEnv\beevmTests\beevmTests\cute/cute_suite.h:22,
                 from D:\CPPEnv\beevmTests\beevmTests\cute/cute.h:29,
                 from ..\DataStructures\Memory.cpp:9:
D:\CPPEnv\beevmTests\beevmTests\boost/boost/bind/arg.hpp: In constructor 'boost::arg<I>::arg(const T&)':
D:\CPPEnv\beevmTests\beevmTests\boost/boost/bind/arg.hpp:37:22: warning: typedef 'T_must_be_placeholder' locally defined but not used [-Wunused-local-typedefs]
         typedef char T_must_be_placeholder[ I == is_placeholder<T>::value? 1: -1 ];
                      ^
..\DataStructures\Memory.cpp: In member function 'Bee::GCSpace* Bee::Memory::growIfNeeded(ulong)':
..\DataStructures\Memory.cpp:34:38: warning: comparison between signed and unsigned integer expressions [-Wsign-compare]
  if ((used / total) > 0.9 || (free < size))
                                      ^
..\DataStructures\Memory.cpp: In member function 'Bee::GCSpace* Bee::Memory::createNextSpace()':
..\DataStructures\Memory.cpp:92:1: warning: no return statement in function returning non-void [-Wreturn-type]
 }
 ^
g++ -static-libgcc -static-libstdc++ -o beevmTests.exe "DataStructures\\GCSpace.o" "DataStructures\\GCSpaceInfo.o" "DataStructures\\Memory.o" "DataStructures\\ReferencedVMArray.o" "DataStructures\\VMArray.o" "DataStructures\\VMMemory.o" "Tests\\GCSpaceTest.o" "Tests\\GCSpaceTestInfo.o" "Tests\\MemoryTest.o" "Tests\\VMArrayTest.o" "Tests\\VMMemoryTest.o" "src\\Test.o" 
Info: Nothing to build for beevmTests
16:37:06 **** Incremental Build of configuration Debug for project beevmTests ****
Info: Internal Builder is used for build
g++ "-ID:\\CPPEnv\\beevmTests\\beevmTests\\cute" "-ID:\\CPPEnv\\beevmTests\\beevmTests\\boost" -O0 -g3 -Wall -c -fmessage-length=0 -o "DataStructures\\GCSpace.o" "..\\DataStructures\\GCSpace.cpp" 
..\DataStructures\GCSpace.cpp: In member function 'ulong* Bee::GCSpace::shallowCopyGrowingTo(ulong*, ulong)':
..\DataStructures\GCSpace.cpp:172:48: warning: comparison between signed and unsigned integer expressions [-Wsign-compare]
  for (int index = (_size(array) + 1); index <= newSize; index++) {
                                                ^
g++ "-ID:\\CPPEnv\\beevmTests\\beevmTests\\cute" "-ID:\\CPPEnv\\beevmTests\\beevmTests\\boost" -O0 -g3 -Wall -c -fmessage-length=0 -o "Tests\\MemoryTest.o" "..\\Tests\\MemoryTest.cpp" 
In file included from D:\CPPEnv\beevmTests\beevmTests\boost/boost/bind/bind.hpp:29:0,
                 from D:\CPPEnv\beevmTests\beevmTests\boost/boost/bind.hpp:22,
                 from D:\CPPEnv\beevmTests\beevmTests\cute/cute_determine_library.h:37,
                 from D:\CPPEnv\beevmTests\beevmTests\cute/cute_test.h:23,
                 from D:\CPPEnv\beevmTests\beevmTests\cute/cute_suite.h:22,
                 from D:\CPPEnv\beevmTests\beevmTests\cute/cute.h:29,
                 from ..\Tests\MemoryTest.cpp:2:
D:\CPPEnv\beevmTests\beevmTests\boost/boost/bind/arg.hpp: In constructor 'boost::arg<I>::arg(const T&)':
D:\CPPEnv\beevmTests\beevmTests\boost/boost/bind/arg.hpp:37:22: warning: typedef 'T_must_be_placeholder' locally defined but not used [-Wunused-local-typedefs]
         typedef char T_must_be_placeholder[ I == is_placeholder<T>::value? 1: -1 ];
                      ^
g++ "-ID:\\CPPEnv\\beevmTests\\beevmTests\\cute" "-ID:\\CPPEnv\\beevmTests\\beevmTests\\boost" -O0 -g3 -Wall -c -fmessage-length=0 -o "DataStructures\\Memory.o" "..\\DataStructures\\Memory.cpp" 
In file included from ..\DataStructures\GCSpace.h:11:0,
                 from ..\DataStructures\Memory.h:11,
                 from ..\DataStructures\Memory.cpp:14:
..\DataStructures\VMMemory.h:13:0: warning: "NULL" redefined [enabled by default]
 #define NULL 0
 ^
In file included from c:\mingw\include\string.h:24:0,
                 from c:\mingw\lib\gcc\mingw32\4.8.1\include\c++\cstring:42,
                 from D:\CPPEnv\beevmTests\beevmTests\boost/boost/function/function_base.hpp:62,
                 from D:\CPPEnv\beevmTests\beevmTests\boost/boost/function/detail/prologue.hpp:17,
                 from D:\CPPEnv\beevmTests\beevmTests\boost/boost/function.hpp:24,
                 from D:\CPPEnv\beevmTests\beevmTests\cute/cute_determine_library.h:38,
                 from D:\CPPEnv\beevmTests\beevmTests\cute/cute_test.h:23,
                 from D:\CPPEnv\beevmTests\beevmTests\cute/cute_suite.h:22,
                 from D:\CPPEnv\beevmTests\beevmTests\cute/cute.h:29,
                 from ..\DataStructures\Memory.cpp:9:
c:\mingw\lib\gcc\mingw32\4.8.1\include\stddef.h:399:0: note: this is the location of the previous definition
 #define NULL __null
 ^
In file included from D:\CPPEnv\beevmTests\beevmTests\boost/boost/bind/bind.hpp:29:0,
                 from D:\CPPEnv\beevmTests\beevmTests\boost/boost/bind.hpp:22,
                 from D:\CPPEnv\beevmTests\beevmTests\cute/cute_determine_library.h:37,
                 from D:\CPPEnv\beevmTests\beevmTests\cute/cute_test.h:23,
                 from D:\CPPEnv\beevmTests\beevmTests\cute/cute_suite.h:22,
                 from D:\CPPEnv\beevmTests\beevmTests\cute/cute.h:29,
                 from ..\DataStructures\Memory.cpp:9:
D:\CPPEnv\beevmTests\beevmTests\boost/boost/bind/arg.hpp: In constructor 'boost::arg<I>::arg(const T&)':
D:\CPPEnv\beevmTests\beevmTests\boost/boost/bind/arg.hpp:37:22: warning: typedef 'T_must_be_placeholder' locally defined but not used [-Wunused-local-typedefs]
         typedef char T_must_be_placeholder[ I == is_placeholder<T>::value? 1: -1 ];
                      ^
..\DataStructures\Memory.cpp: In member function 'Bee::GCSpace* Bee::Memory::growIfNeeded(ulong)':
..\DataStructures\Memory.cpp:34:38: warning: comparison between signed and unsigned integer expressions [-Wsign-compare]
  if ((used / total) > 0.9 || (free < size))
                                      ^
g++ -static-libgcc -static-libstdc++ -o beevmTests.exe "DataStructures\\GCSpace.o" "DataStructures\\GCSpaceInfo.o" "DataStructures\\Memory.o" "DataStructures\\ReferencedVMArray.o" "DataStructures\\VMArray.o" "DataStructures\\VMMemory.o" "Tests\\GCSpaceTest.o" "Tests\\GCSpaceTestInfo.o" "Tests\\MemoryTest.o" "Tests\\VMArrayTest.o" "Tests\\VMMemoryTest.o" "src\\Test.o" 
Info: Nothing to build for beevmTests
